00:00:00|01-B_O_B-AIRPLANES_FEAT_HAYLEY_WILLIAMS_OF_PARA-ENEMY|C:\DATI\SONGS\Nuovo Archivio\01-b_o_b-airplanes_feat_hayley_williams_of_para-enemy.mp3
00:00:08|01-NE-YO-BEAUTIFUL_MONSTER_(CLEAN)|C:\DATI\SONGS\Nuovo Archivio\01-ne-yo-beautiful_monster_(clean).mp3
00:03:28|AEROPLANITALIANI - BELLA|C:\DATI\SONGS\Nuovo Archivio\Aeroplanitaliani - Bella.mp3
00:03:40|AEROPLANITALIANI - CANZONE D'AMORE|C:\DATI\SONGS\Nuovo Archivio\Aeroplanitaliani - Canzone D'amore.mp3
00:07:43|AL JARREAU - L IS FOR LOVER|C:\DATI\SONGS\Nuovo Archivio\Al Jarreau - L Is For Lover.mp3
00:07:51|ALEXANDER O'NEAL - IF YOU WERE HERE TONIGHT|C:\DATI\SONGS\Nuovo Archivio\Alexander O'Neal - If You Were Here Tonight.mp3
00:11:11|ASTRUD GILBERTO - THE GIRL FROM IPANEMA|C:\DATI\SONGS\Nuovo Archivio\Astrud Gilberto - The Girl From Ipanema.mp3
00:11:23|AZYMUTH - JAZZ CARNIVAL (RADIO EDIT)|C:\DATI\SONGS\Nuovo Archivio\Azymuth - Jazz Carnival (Radio Edit).mp3
00:15:26|BEATLES - HERE COMES THE SUN|C:\DATI\SONGS\Nuovo Archivio\Beatles - Here Comes The Sun.mp3
00:15:34|BECK - TROPICALIA|C:\DATI\SONGS\Nuovo Archivio\Beck - Tropicalia.mp3
00:18:54|BEGINNING OF THE END - FUNKY NASSAU|C:\DATI\SONGS\Nuovo Archivio\Beginning Of The End - Funky Nassau.mp3
00:19:06|BRENDAN BENSON - COLD HANDS (WARM HEART)|C:\DATI\SONGS\Nuovo Archivio\Brendan Benson - Cold Hands (Warm Heart).mp3
00:23:09|BRYAN ADAMS - HEAVEN|C:\DATI\SONGS\Nuovo Archivio\Bryan Adams - Heaven.mp3
00:23:17|BRYAN ADAMS & ROD STEWART & STING - ALL FOR LOVE|C:\DATI\SONGS\Nuovo Archivio\Bryan Adams & Rod Stewart & Sting - All For Love.mp3
00:26:37|BUENA VISTA SOCIAL CLUB - RAN KAN KAN|C:\DATI\SONGS\Nuovo Archivio\Buena vista social club - Ran kan kan.mp3
00:26:49|CELIA CRUZ - LA VIDA ES UN CARNAVAL|C:\DATI\SONGS\Nuovo Archivio\Celia Cruz - La Vida Es Un Carnaval.mp3
01:00:00|CHIC - MY FORBIDDEN LOVER|C:\DATI\SONGS\Nuovo Archivio\Chic - My Forbidden Lover.mp3
01:00:08|CHICAGO - STREET PLAYER|C:\DATI\SONGS\Nuovo Archivio\Chicago - Street Player.mp3
01:03:28|CHRIS BROWN FT. BENNY BENASSI - BEAUTIFUL PEOPLE|C:\DATI\SONGS\Nuovo Archivio\Chris Brown ft. Benny Benassi - Beautiful People.mp3
01:03:40|COOLIO - FANTASTIC VOYAGE|C:\DATI\SONGS\Nuovo Archivio\Coolio - Fantastic Voyage.mp3
01:07:43|CRUSADERS - STREET LIFE|C:\DATI\SONGS\Nuovo Archivio\Crusaders - Street Life.mp3
01:07:51|DONELL JONES - TELL ME WHAT'S|C:\DATI\SONGS\Nuovo Archivio\Donell Jones - Tell Me What's.mp3
01:11:11|DUBSTAR - STARS|C:\DATI\SONGS\Nuovo Archivio\Dubstar - Stars.mp3
01:11:23|ELIS REGINAJOBIN - AGUAS DE MARÇO|C:\DATI\SONGS\Nuovo Archivio\Elis ReginaJobin - Aguas De Março.mp3
01:15:26|ERIC CLAPTONDEREK & THE DOMINO - LAYLA (STUDIO VERSION)|C:\DATI\SONGS\Nuovo Archivio\Eric ClaptonDerek & The Domino - Layla (Studio Version).mp3
01:15:34|FILTER - TAKE A PICTURE|C:\DATI\SONGS\Nuovo Archivio\Filter - Take A Picture.mp3
01:18:54|FIORELLA MANNOIA - CRAVO E CANELA|C:\DATI\SONGS\Nuovo Archivio\Fiorella Mannoia - Cravo e Canela.mp3
01:19:06|FIORELLA MANNOIA - I TRENI A VAPORE|C:\DATI\SONGS\Nuovo Archivio\Fiorella Mannoia - I Treni A Vapore.mp3
01:23:09|FIORELLA MANNOIA - IL TEMPO NON TORNA PIU'|C:\DATI\SONGS\Nuovo Archivio\Fiorella Mannoia - Il Tempo Non Torna Piu'.mp3
01:23:17|FIORELLA MANNOIA - QUELLO CHE LE DONNE NON DICONO|C:\DATI\SONGS\Nuovo Archivio\Fiorella Mannoia - Quello Che Le Donne Non Dicono.mp3
01:26:37|FIORELLA MANNOIA - SALLY|C:\DATI\SONGS\Nuovo Archivio\Fiorella Mannoia - Sally.mp3
01:26:49|FIORELLA MANNOIA - SORVOLANDO EILAT|C:\DATI\SONGS\Nuovo Archivio\Fiorella Mannoia - Sorvolando Eilat.mp3
02:00:00|FOO FIGHTERS - NEXT YEAR|C:\DATI\SONGS\Nuovo Archivio\Foo Fighters - Next Year.mp3
02:00:08|FRANCESCO DE GREGORI - RIMMEL|C:\DATI\SONGS\Nuovo Archivio\Francesco De Gregori - Rimmel.mp3
02:03:28|FRANCESCO DE GREGORI - VIAGGI E MIRAGGI|C:\DATI\SONGS\Nuovo Archivio\Francesco De Gregori - Viaggi E Miraggi.mp3
02:03:40|GIORGIO GABER - L'ILLOGICA ALLEGRIA|C:\DATI\SONGS\Nuovo Archivio\Giorgio Gaber - L'illogica allegria.mp3
02:07:43|JOE COCKER - WHEN THE NIGHT COMES|C:\DATI\SONGS\Nuovo Archivio\Joe Cocker - When The Night Comes.mp3
02:07:51|JOHN MAYER - BIGGER THAN MY BODY|C:\DATI\SONGS\Nuovo Archivio\John Mayer - Bigger Than My Body.mp3
02:11:11|KATIE MELUA - JUST LIKE HEAVEN|C:\DATI\SONGS\Nuovo Archivio\Katie Melua - Just Like Heaven.mp3
02:11:23|KELIS FEAT. CEE - LIL' STAR|C:\DATI\SONGS\Nuovo Archivio\Kelis feat. Cee - Lil' Star.mp3
02:15:26|KING HARVEST - DANCING IN THE MOONLIGHT|C:\DATI\SONGS\Nuovo Archivio\King Harvest - Dancing In The Moonlight.mp3
02:15:34|KINGS OF CONVENIENCE - MISREAD|C:\DATI\SONGS\Nuovo Archivio\Kings Of Convenience - Misread.mp3
02:18:54|KOOKS - OOH LA|C:\DATI\SONGS\Nuovo Archivio\Kooks - Ooh La.mp3
02:19:06|KOOL & THE GANG FEAT.JAMIROQUAI - HOLLYWOOD SWINGIN|C:\DATI\SONGS\Nuovo Archivio\Kool & The Gang Feat.Jamiroquai - Hollywood Swingin.mp3
02:23:09|KOOP - SUMMER SUN|C:\DATI\SONGS\Nuovo Archivio\Koop - Summer Sun.mp3
02:23:17|KORGIS - EVERYBODY'S GOT TO LEARN SOMETIME|C:\DATI\SONGS\Nuovo Archivio\Korgis - Everybody's Got To Learn Sometime.mp3
02:26:37|LAYO & BUSHWACKA - LOVE STORY|C:\DATI\SONGS\Nuovo Archivio\Layo & Bushwacka - Love Story.mp3
02:26:49|LE ORME - CANZONE D'AMORE|C:\DATI\SONGS\Nuovo Archivio\Le Orme - Canzone D'amore.mp3
03:00:00|LE ORME - GIOCO DI BIMBA|C:\DATI\SONGS\Nuovo Archivio\Le Orme - Gioco Di Bimba.mp3
03:00:08|LED ZEPPELIN - BABE I'M GONNA LEAVE YOU|C:\DATI\SONGS\Nuovo Archivio\Led Zeppelin - Babe I'm Gonna Leave You.mp3
03:03:28|LED ZEPPELIN - BLACK DOG|C:\DATI\SONGS\Nuovo Archivio\Led Zeppelin - Black Dog.mp3
03:03:40|LED ZEPPELIN - FOOL IN THE RAIN|C:\DATI\SONGS\Nuovo Archivio\Led Zeppelin - Fool In The Rain.mp3
03:07:43|LED ZEPPELIN - KASHMIR|C:\DATI\SONGS\Nuovo Archivio\Led Zeppelin - Kashmir.mp3
03:07:51|LED ZEPPELIN - STAIRWAY TO HEAVEN|C:\DATI\SONGS\Nuovo Archivio\Led Zeppelin - Stairway To Heaven.mp3
03:11:11|LED ZEPPELIN - WHOLE LOTTA LOVE|C:\DATI\SONGS\Nuovo Archivio\Led Zeppelin - Whole Lotta Love.mp3
03:11:23|LEVEL 42 - RUNNING IN THE FAMILY|C:\DATI\SONGS\Nuovo Archivio\Level 42 - Running In The Family.mp3
03:15:26|LIGABUE - A CHE ORA E' LA FINE DEL MONDO|C:\DATI\SONGS\Nuovo Archivio\LIGABUE - A Che Ora E' La Fine Del Mondo.mp3
03:15:34|LIGABUE - BAMBOLINA E BARRACUDA|C:\DATI\SONGS\Nuovo Archivio\Ligabue - Bambolina E Barracuda.mp3
03:18:54|LIGABUE - LIBERA NOS A MALO|C:\DATI\SONGS\Nuovo Archivio\LIGABUE - Libera Nos A Malo.mp3
03:19:06|LIGABUE - PICCOLA STELLA SENZA CIELO|C:\DATI\SONGS\Nuovo Archivio\LIGABUE - Piccola Stella Senza Cielo.mp3
03:23:09|LIONEL RICHIE - TIME|C:\DATI\SONGS\Nuovo Archivio\Lionel Richie - Time.mp3
03:23:17|LITFIBA - EL DIABLO|C:\DATI\SONGS\Nuovo Archivio\Litfiba - El Diablo.mp3
03:26:37|LITFIBA - RITMO #2|C:\DATI\SONGS\Nuovo Archivio\LITFIBA - Ritmo #2.mp3
03:26:49|LITFIBA - SPIRITO|C:\DATI\SONGS\Nuovo Archivio\Litfiba - Spirito.mp3
04:00:00|LONG - MOVING ON UP|C:\DATI\SONGS\Nuovo Archivio\Long - Moving On Up.mp3
04:00:08|LOVE UNLIMITED - HIGH STEPPIN' HIP DRESSIN' FELLA|C:\DATI\SONGS\Nuovo Archivio\Love Unlimited - High Steppin' Hip Dressin' Fella.mp3
04:03:28|LOVE UNLIMITED ORCHESTRA - SATIN SOUL|C:\DATI\SONGS\Nuovo Archivio\Love Unlimited Orchestra - Satin Soul.mp3
04:03:40|LUCIO BATTISTI - 7 E 40|C:\DATI\SONGS\Nuovo Archivio\Lucio Battisti - 7 e 40.mp3
04:07:43|LUCIO BATTISTI - 29 SETTEMBRE|C:\DATI\SONGS\Nuovo Archivio\Lucio Battisti - 29 Settembre.mp3
04:07:51|LUCIO BATTISTI - ACQUA AZZURRA ACQUA CHIARA|C:\DATI\SONGS\Nuovo Archivio\Lucio Battisti - Acqua Azzurra Acqua Chiara.mp3
04:11:11|LUCIO BATTISTI - ANCORA TU|C:\DATI\SONGS\Nuovo Archivio\Lucio Battisti - Ancora Tu.mp3
04:11:23|LUCIO BATTISTI - ARRIVEDERCI A QUESTA SERA|C:\DATI\SONGS\Nuovo Archivio\Lucio Battisti - Arrivederci A Questa Sera.mp3
04:15:26|LUCIO BATTISTI - INNOCENTI EVASIONI|C:\DATI\SONGS\Nuovo Archivio\Lucio Battisti - Innocenti Evasioni.mp3
04:15:34|LUCIO BATTISTI - SI VIAGGIARE|C:\DATI\SONGS\Nuovo Archivio\Lucio Battisti - Si Viaggiare.mp3
04:18:54|LUCIO BATTISTI - UN'AVVENTURA|C:\DATI\SONGS\Nuovo Archivio\Lucio Battisti - Un'Avventura.mp3
04:19:06|LUCIO DALLA - FUTURA|C:\DATI\SONGS\Nuovo Archivio\Lucio Dalla - Futura.mp3
04:23:09|LUCIO DALLA - HENNA|C:\DATI\SONGS\Nuovo Archivio\Lucio Dalla - Henna.mp3
04:23:17|LUCIO DALLA - LIBERI|C:\DATI\SONGS\Nuovo Archivio\Lucio Dalla - Liberi.mp3
04:26:37|LUCIO DALLA - NUVOLARI|C:\DATI\SONGS\Nuovo Archivio\Lucio Dalla - Nuvolari.mp3
04:26:49|LYNYRD SKYNYRD - SWEET HOME ALABAMA|C:\DATI\SONGS\Nuovo Archivio\LYNYRD SKYNYRD - Sweet Home Alabama.mp3
05:00:00|LYTE FUNKY ONES - GIRL ON TV|C:\DATI\SONGS\Nuovo Archivio\Lyte Funky Ones - Girl On Tv.mp3
05:00:08|MADASUN - DON'T YOU WORRY|C:\DATI\SONGS\Nuovo Archivio\Madasun - Don't You Worry.mp3
05:03:28|MADONNA - CRAZY FOR YOU|C:\DATI\SONGS\Nuovo Archivio\Madonna - Crazy For You.mp3
05:03:40|MADONNA - LIKE A PRAYER|C:\DATI\SONGS\Nuovo Archivio\Madonna - Like A Prayer.mp3
05:07:43|MANGO - NELLA MIA CITTÀ|C:\DATI\SONGS\Nuovo Archivio\Mango - Nella Mia Città.mp3
05:07:51|MANGO - ORO|C:\DATI\SONGS\Nuovo Archivio\Mango - Oro.mp3
05:11:11|MANHATTAN TRANSFER - BIRDLAND|C:\DATI\SONGS\Nuovo Archivio\Manhattan Transfer - Birdland.mp3
05:11:23|MANHATTAN TRANSFER - SOUL FOOD TO GO|C:\DATI\SONGS\Nuovo Archivio\MANHATTAN TRANSFER - Soul Food To Go.mp3
05:15:26|MARCELLA DETROIT - I BELIEVE|C:\DATI\SONGS\Nuovo Archivio\Marcella Detroit - I Believe.mp3
05:15:34|MARILLION - KEYLEIGH|C:\DATI\SONGS\Nuovo Archivio\Marillion - Keyleigh.mp3
05:18:54|MARINA REI - INASPETTATAMENTE|C:\DATI\SONGS\Nuovo Archivio\Marina Rei - Inaspettatamente.mp3
05:19:06|MARINA REI - L' ALLUCINAZIONE|C:\DATI\SONGS\Nuovo Archivio\Marina rei - L' Allucinazione.mp3
05:23:09|MARINA REI - PRIMAVERA|C:\DATI\SONGS\Nuovo Archivio\Marina Rei - Primavera.mp3
05:23:17|MARINA REI - T 'INNAMORERÒ|C:\DATI\SONGS\Nuovo Archivio\Marina Rei - T 'Innamorerò.mp3
05:26:37|MARIO VENUTI - FORTUNA|C:\DATI\SONGS\Nuovo Archivio\Mario Venuti - Fortuna.mp3
05:26:49|MASSIVE ATTACK - UNFINISHED SIMPATHY|C:\DATI\SONGS\Nuovo Archivio\Massive Attack - Unfinished Simpathy.mp3
06:00:00|MATTAFIX - BIG CITY LIFE|C:\DATI\SONGS\Nuovo Archivio\Mattafix - Big City Life.mp3
06:00:08|MAXI PRIEST - CLOSE TO YOU|C:\DATI\SONGS\Nuovo Archivio\Maxi Priest - Close To You.mp3
06:03:28|MC FADDEN & WHINTEHEAD - AIN'T NO STOPPIN' US NOW|C:\DATI\SONGS\Nuovo Archivio\Mc Fadden & Whintehead - Ain't No Stoppin' Us Now.mp3
06:03:40|MEAT LOAF - I'D DO ANYTHING FOR LOVE  (EDIT)|C:\DATI\SONGS\Nuovo Archivio\Meat Loaf - I'd Do Anything For Love  (Edit).mp3
06:07:43|MICHAEL JACKSON - ANOTHER PART OF ME|C:\DATI\SONGS\Nuovo Archivio\Michael Jackson - Another Part Of Me.mp3
06:07:51|MICHAEL JACKSON - BEAT IT|C:\DATI\SONGS\Nuovo Archivio\Michael Jackson - Beat It.mp3
06:11:11|MICHAEL JACKSON - BILLIE JEAN|C:\DATI\SONGS\Nuovo Archivio\Michael Jackson - Billie Jean.mp3
06:11:23|MICHAEL JACKSON - HUMAN NATURE|C:\DATI\SONGS\Nuovo Archivio\Michael Jackson - Human Nature.mp3
06:15:26|MICHAEL JACKSON - LIBERIAN GIRL|C:\DATI\SONGS\Nuovo Archivio\Michael Jackson - Liberian Girl.mp3
06:15:34|MICHAEL JACKSON - MAN IN THE MIRROR|C:\DATI\SONGS\Nuovo Archivio\Michael Jackson - Man In The Mirror.mp3
06:18:54|MICHAEL JACKSON - SMOOTH CRIMINAL|C:\DATI\SONGS\Nuovo Archivio\Michael Jackson - Smooth Criminal.mp3
06:19:06|MICHAEL JACKSON - WANNA BE STARTIN' SOMETHIN'|C:\DATI\SONGS\Nuovo Archivio\Michael Jackson - Wanna Be Startin' Somethin'.mp3
06:23:09|MICHAEL LEARNS TO ROCK - SOMEDAY|C:\DATI\SONGS\Nuovo Archivio\Michael Learns To Rock - Someday.mp3
06:23:17|MICK JAGGER - VISION OF PARADISE|C:\DATI\SONGS\Nuovo Archivio\Mick Jagger - Vision Of Paradise.mp3
06:26:37|MIGUEL BOSE' - SE TU NON TORNI|C:\DATI\SONGS\Nuovo Archivio\Miguel Bose' - Se Tu Non Torni.mp3
06:26:49|NATALIE COLE - YOU GOTTA BE|C:\DATI\SONGS\Nuovo Archivio\Natalie Cole - You Gotta Be.mp3
07:00:00|NATALIE IMBRUGLIA - SHIVER|C:\DATI\SONGS\Nuovo Archivio\Natalie Imbruglia - Shiver.mp3
07:00:08|NATALIE IMBRUGLIA - WRONG IMPRESSION|C:\DATI\SONGS\Nuovo Archivio\Natalie Imbruglia - Wrong Impression.mp3
07:03:28|NEGRITA - MAGNOLIA|C:\DATI\SONGS\Nuovo Archivio\Negrita - Magnolia.mp3
07:03:40|NEGRITA - RADIO CONGA|C:\DATI\SONGS\Nuovo Archivio\NEGRITA - Radio Conga.mp3
07:07:43|NEGRITA - ROTOLANDO VERSO SUD|C:\DATI\SONGS\Nuovo Archivio\NEGRITA - Rotolando Verso Sud.mp3
07:07:51|NE-YO - BECAUSE OF YOU|C:\DATI\SONGS\Nuovo Archivio\Ne-YO - Because Of You.mp3
07:11:11|NE-YO-PITBULL-AFROJACK  NAYER - TONIGHT (GIVE ME EVERYTHING )|C:\DATI\SONGS\Nuovo Archivio\Ne-Yo-Pitbull-Afrojack  Nayer - Tonight (Give Me Everything ).mp3
07:11:23|ONEREPUBLIC - STOP AND STARE|C:\DATI\SONGS\Nuovo Archivio\ONEREPUBLIC - Stop And Stare.mp3
07:15:26|PATTI SMITH - PEOPLE HAVE THE POWER|C:\DATI\SONGS\Nuovo Archivio\Patti Smith - People Have The Power.mp3
07:15:34|PAUL WELLER - THINKING OF YOU|C:\DATI\SONGS\Nuovo Archivio\Paul Weller - Thinking Of You.mp3
07:18:54|PINO DANIELE - CHE DIO TI BENEDICA|C:\DATI\SONGS\Nuovo Archivio\Pino Daniele - Che Dio Ti Benedica.mp3
07:19:06|PINO DANIELE - NAPULE È|C:\DATI\SONGS\Nuovo Archivio\Pino Daniele - Napule è.mp3
07:23:09|PINO DANIELE - QUANDO|C:\DATI\SONGS\Nuovo Archivio\Pino Daniele - Quando.mp3
07:23:17|PINO DANIELE - QUANNO CHIOVE|C:\DATI\SONGS\Nuovo Archivio\Pino Daniele - Quanno Chiove.mp3
07:26:37|PINO DANIELE - YES I KNOW MY WAY|C:\DATI\SONGS\Nuovo Archivio\Pino Daniele - Yes I Know My Way.mp3
07:26:49|PIZZICATO FIVE - IT'S A BEAUTIFUL DAY|C:\DATI\SONGS\Nuovo Archivio\Pizzicato Five - It's A Beautiful Day.mp3
08:00:00|PRATT & MCCLAIN - HAPPY DAYS (SIGLA TV)|C:\DATI\SONGS\Nuovo Archivio\Pratt & McClain - Happy Days (Sigla TV).mp3
08:00:08|RACHID - PRIDE|C:\DATI\SONGS\Nuovo Archivio\Rachid - Pride.mp3
08:03:28|RAF - OGGI UN DIO NON HO|C:\DATI\SONGS\Nuovo Archivio\Raf - Oggi Un Dio Non Ho.mp3
08:03:40|RAF - SIAMO SOLI NELL'IMMENSO VUOTO CHE C'È|C:\DATI\SONGS\Nuovo Archivio\Raf - Siamo Soli Nell'Immenso Vuoto Che C'è.mp3
08:07:43|RAF - VITA, STORIE E PENSIERI DI UN ALIENO|C:\DATI\SONGS\Nuovo Archivio\Raf - Vita, Storie E Pensieri Di Un Alieno.mp3
08:07:51|RAIZ - SCEGLI ME|C:\DATI\SONGS\Nuovo Archivio\Raiz - Scegli Me.mp3
08:11:11|RANDY CRAWFORD - YOU MIGHT NEED SOMEBODY|C:\DATI\SONGS\Nuovo Archivio\Randy Crawford - You Might Need Somebody.mp3
08:11:23|RENATO ZERO - SPIAGGE|C:\DATI\SONGS\Nuovo Archivio\Renato Zero - Spiagge.mp3
08:15:26|RIHANNA - ONLY GIRL (IN THE WORLD)|C:\DATI\SONGS\Nuovo Archivio\Rihanna - Only Girl (In The World).mp3
08:15:34|RIHANNA FEAT. DRAKE - WHAT'S MY NAME|C:\DATI\SONGS\Nuovo Archivio\Rihanna feat. Drake - What's My Name.mp3
08:18:54|SAMUELE BERSANI - CATTIVA|C:\DATI\SONGS\Nuovo Archivio\Samuele Bersani - Cattiva.mp3
08:19:06|SAMUELE BERSANI - CHE VITA|C:\DATI\SONGS\Nuovo Archivio\Samuele Bersani - Che vita.mp3
08:23:09|SAMUELE BERSANI - CHICCO E SPILLO|C:\DATI\SONGS\Nuovo Archivio\Samuele Bersani - Chicco e Spillo.mp3
08:23:17|SAMUELE BERSANI - COSA VUOI DA ME|C:\DATI\SONGS\Nuovo Archivio\Samuele Bersani - Cosa Vuoi Da Me.mp3
08:26:37|SAMUELE BERSANI - FREAK|C:\DATI\SONGS\Nuovo Archivio\Samuele Bersani - Freak.mp3
08:26:49|SAMUELE BERSANI - GIUDIZI UNIVERSALI|C:\DATI\SONGS\Nuovo Archivio\Samuele Bersani - Giudizi Universali.mp3
09:00:00|SIMPLE MINDS - MANDELA DAY|C:\DATI\SONGS\Nuovo Archivio\Simple Minds - Mandela Day.mp3
09:00:08|SMITHS - SOON IS NOW|C:\DATI\SONGS\Nuovo Archivio\Smiths - Soon Is Now.mp3
09:03:28|SNEAKER PIMPS - 6 UNDERGROUND|C:\DATI\SONGS\Nuovo Archivio\Sneaker Pimps - 6 Underground.mp3
09:03:40|STING - IF I EVER LOSE MY FAITH IN YOU|C:\DATI\SONGS\Nuovo Archivio\Sting - If I Ever Lose My Faith In You.mp3
09:07:43|SUEDE - SHE'S IN FASHION|C:\DATI\SONGS\Nuovo Archivio\Suede - She's In Fashion.mp3
09:07:51|THREE DOORS DOWN - LET ME GO|C:\DATI\SONGS\Nuovo Archivio\Three Doors Down - Let Me Go.mp3
09:11:11|THRILLS - BIG SUR|C:\DATI\SONGS\Nuovo Archivio\Thrills - Big Sur.mp3
09:11:23|TI.PI.CAL. FEAT. JOSH - STARS (RADIO EDIT) (WWW.PRIMEMUSIC.RU)|C:\DATI\SONGS\Nuovo Archivio\TI.PI.CAL. feat. Josh - Stars (Radio Edit) (www.primemusic.ru).mp3
09:15:26|TOM PETTY - LEARNING TO FLY|C:\DATI\SONGS\Nuovo Archivio\Tom Petty - Learning To Fly.mp3
09:15:34|TUNDE - GREAT ROMANTIC|C:\DATI\SONGS\Nuovo Archivio\Tunde - Great Romantic.mp3
09:18:54|TURIN BRAKES - FISHING FOR A DREAM|C:\DATI\SONGS\Nuovo Archivio\Turin Brakes - Fishing For A Dream.mp3
09:19:06|VINICIO CAPOSSELA - ...E ALLORA MAMBO|C:\DATI\SONGS\Nuovo Archivio\Vinicio Capossela - ...E allora Mambo.mp3
09:23:09|VINICIO CAPOSSELA - CHE COS'È L'AMOR|C:\DATI\SONGS\Nuovo Archivio\Vinicio Capossela - Che Cos'è L'Amor.mp3
09:23:17|WEATHER REPORT - BIRDLAND (ALZATO INIZIO)|C:\DATI\SONGS\Nuovo Archivio\Weather Report - Birdland (Alzato Inizio).mp3
09:26:37|WENDY & LISA - WATERFALL|C:\DATI\SONGS\Nuovo Archivio\Wendy & Lisa - Waterfall.mp3
09:26:49|01-B_O_B-AIRPLANES_FEAT_HAYLEY_WILLIAMS_OF_PARA-ENEMY|C:\DATI\SONGS\Nuovo Archivio\01-b_o_b-airplanes_feat_hayley_williams_of_para-enemy.mp3
10:00:00|01-NE-YO-BEAUTIFUL_MONSTER_(CLEAN)|C:\DATI\SONGS\Nuovo Archivio\01-ne-yo-beautiful_monster_(clean).mp3
10:00:08|AEROPLANITALIANI - BELLA|C:\DATI\SONGS\Nuovo Archivio\Aeroplanitaliani - Bella.mp3
10:03:28|AEROPLANITALIANI - CANZONE D'AMORE|C:\DATI\SONGS\Nuovo Archivio\Aeroplanitaliani - Canzone D'amore.mp3
10:03:40|AL JARREAU - L IS FOR LOVER|C:\DATI\SONGS\Nuovo Archivio\Al Jarreau - L Is For Lover.mp3
10:07:43|ALEXANDER O'NEAL - IF YOU WERE HERE TONIGHT|C:\DATI\SONGS\Nuovo Archivio\Alexander O'Neal - If You Were Here Tonight.mp3
10:07:51|ASTRUD GILBERTO - THE GIRL FROM IPANEMA|C:\DATI\SONGS\Nuovo Archivio\Astrud Gilberto - The Girl From Ipanema.mp3
10:11:11|AZYMUTH - JAZZ CARNIVAL (RADIO EDIT)|C:\DATI\SONGS\Nuovo Archivio\Azymuth - Jazz Carnival (Radio Edit).mp3
10:11:23|BEATLES - HERE COMES THE SUN|C:\DATI\SONGS\Nuovo Archivio\Beatles - Here Comes The Sun.mp3
10:15:26|BECK - TROPICALIA|C:\DATI\SONGS\Nuovo Archivio\Beck - Tropicalia.mp3
10:15:34|BEGINNING OF THE END - FUNKY NASSAU|C:\DATI\SONGS\Nuovo Archivio\Beginning Of The End - Funky Nassau.mp3
10:18:54|BRENDAN BENSON - COLD HANDS (WARM HEART)|C:\DATI\SONGS\Nuovo Archivio\Brendan Benson - Cold Hands (Warm Heart).mp3
10:19:06|BRYAN ADAMS - HEAVEN|C:\DATI\SONGS\Nuovo Archivio\Bryan Adams - Heaven.mp3
10:23:09|BRYAN ADAMS & ROD STEWART & STING - ALL FOR LOVE|C:\DATI\SONGS\Nuovo Archivio\Bryan Adams & Rod Stewart & Sting - All For Love.mp3
10:23:17|BUENA VISTA SOCIAL CLUB - RAN KAN KAN|C:\DATI\SONGS\Nuovo Archivio\Buena vista social club - Ran kan kan.mp3
10:26:37|CELIA CRUZ - LA VIDA ES UN CARNAVAL|C:\DATI\SONGS\Nuovo Archivio\Celia Cruz - La Vida Es Un Carnaval.mp3
10:26:49|CHIC - MY FORBIDDEN LOVER|C:\DATI\SONGS\Nuovo Archivio\Chic - My Forbidden Lover.mp3
11:00:00|CHICAGO - STREET PLAYER|C:\DATI\SONGS\Nuovo Archivio\Chicago - Street Player.mp3
11:00:08|CHRIS BROWN FT. BENNY BENASSI - BEAUTIFUL PEOPLE|C:\DATI\SONGS\Nuovo Archivio\Chris Brown ft. Benny Benassi - Beautiful People.mp3
11:03:28|COOLIO - FANTASTIC VOYAGE|C:\DATI\SONGS\Nuovo Archivio\Coolio - Fantastic Voyage.mp3
11:03:40|CRUSADERS - STREET LIFE|C:\DATI\SONGS\Nuovo Archivio\Crusaders - Street Life.mp3
11:07:43|DONELL JONES - TELL ME WHAT'S|C:\DATI\SONGS\Nuovo Archivio\Donell Jones - Tell Me What's.mp3
11:07:51|DUBSTAR - STARS|C:\DATI\SONGS\Nuovo Archivio\Dubstar - Stars.mp3
11:11:11|ELIS REGINAJOBIN - AGUAS DE MARÇO|C:\DATI\SONGS\Nuovo Archivio\Elis ReginaJobin - Aguas De Março.mp3
11:11:23|ERIC CLAPTONDEREK & THE DOMINO - LAYLA (STUDIO VERSION)|C:\DATI\SONGS\Nuovo Archivio\Eric ClaptonDerek & The Domino - Layla (Studio Version).mp3
11:15:26|FILTER - TAKE A PICTURE|C:\DATI\SONGS\Nuovo Archivio\Filter - Take A Picture.mp3
11:15:34|FIORELLA MANNOIA - CRAVO E CANELA|C:\DATI\SONGS\Nuovo Archivio\Fiorella Mannoia - Cravo e Canela.mp3
11:18:54|FIORELLA MANNOIA - I TRENI A VAPORE|C:\DATI\SONGS\Nuovo Archivio\Fiorella Mannoia - I Treni A Vapore.mp3
11:19:06|FIORELLA MANNOIA - IL TEMPO NON TORNA PIU'|C:\DATI\SONGS\Nuovo Archivio\Fiorella Mannoia - Il Tempo Non Torna Piu'.mp3
11:23:09|FIORELLA MANNOIA - QUELLO CHE LE DONNE NON DICONO|C:\DATI\SONGS\Nuovo Archivio\Fiorella Mannoia - Quello Che Le Donne Non Dicono.mp3
11:23:17|FIORELLA MANNOIA - SALLY|C:\DATI\SONGS\Nuovo Archivio\Fiorella Mannoia - Sally.mp3
11:26:37|FIORELLA MANNOIA - SORVOLANDO EILAT|C:\DATI\SONGS\Nuovo Archivio\Fiorella Mannoia - Sorvolando Eilat.mp3
11:26:49|FOO FIGHTERS - NEXT YEAR|C:\DATI\SONGS\Nuovo Archivio\Foo Fighters - Next Year.mp3
12:00:00|FRANCESCO DE GREGORI - RIMMEL|C:\DATI\SONGS\Nuovo Archivio\Francesco De Gregori - Rimmel.mp3
12:00:08|FRANCESCO DE GREGORI - VIAGGI E MIRAGGI|C:\DATI\SONGS\Nuovo Archivio\Francesco De Gregori - Viaggi E Miraggi.mp3
12:03:28|GIORGIO GABER - L'ILLOGICA ALLEGRIA|C:\DATI\SONGS\Nuovo Archivio\Giorgio Gaber - L'illogica allegria.mp3
12:03:40|JOE COCKER - WHEN THE NIGHT COMES|C:\DATI\SONGS\Nuovo Archivio\Joe Cocker - When The Night Comes.mp3
12:07:43|JOHN MAYER - BIGGER THAN MY BODY|C:\DATI\SONGS\Nuovo Archivio\John Mayer - Bigger Than My Body.mp3
12:07:51|KATIE MELUA - JUST LIKE HEAVEN|C:\DATI\SONGS\Nuovo Archivio\Katie Melua - Just Like Heaven.mp3
12:11:11|KELIS FEAT. CEE - LIL' STAR|C:\DATI\SONGS\Nuovo Archivio\Kelis feat. Cee - Lil' Star.mp3
12:11:23|KING HARVEST - DANCING IN THE MOONLIGHT|C:\DATI\SONGS\Nuovo Archivio\King Harvest - Dancing In The Moonlight.mp3
12:15:26|KINGS OF CONVENIENCE - MISREAD|C:\DATI\SONGS\Nuovo Archivio\Kings Of Convenience - Misread.mp3
12:15:34|KOOKS - OOH LA|C:\DATI\SONGS\Nuovo Archivio\Kooks - Ooh La.mp3
12:18:54|KOOL & THE GANG FEAT.JAMIROQUAI - HOLLYWOOD SWINGIN|C:\DATI\SONGS\Nuovo Archivio\Kool & The Gang Feat.Jamiroquai - Hollywood Swingin.mp3
12:19:06|KOOP - SUMMER SUN|C:\DATI\SONGS\Nuovo Archivio\Koop - Summer Sun.mp3
12:23:09|KORGIS - EVERYBODY'S GOT TO LEARN SOMETIME|C:\DATI\SONGS\Nuovo Archivio\Korgis - Everybody's Got To Learn Sometime.mp3
12:23:17|LAYO & BUSHWACKA - LOVE STORY|C:\DATI\SONGS\Nuovo Archivio\Layo & Bushwacka - Love Story.mp3
12:26:37|LE ORME - CANZONE D'AMORE|C:\DATI\SONGS\Nuovo Archivio\Le Orme - Canzone D'amore.mp3
12:26:49|LE ORME - GIOCO DI BIMBA|C:\DATI\SONGS\Nuovo Archivio\Le Orme - Gioco Di Bimba.mp3
13:00:00|LIGABUE - PICCOLA STELLA SENZA CIELO|C:\DATI\SONGS\Nuovo Archivio\LIGABUE - Piccola Stella Senza Cielo.mp3
13:00:08|LIONEL RICHIE - TIME|C:\DATI\SONGS\Nuovo Archivio\Lionel Richie - Time.mp3
13:03:28|LITFIBA - EL DIABLO|C:\DATI\SONGS\Nuovo Archivio\Litfiba - El Diablo.mp3
13:03:40|LED ZEPPELIN - KASHMIR|C:\DATI\SONGS\Nuovo Archivio\Led Zeppelin - Kashmir.mp3
13:07:43|LED ZEPPELIN - STAIRWAY TO HEAVEN|C:\DATI\SONGS\Nuovo Archivio\Led Zeppelin - Stairway To Heaven.mp3
13:07:51|LED ZEPPELIN - WHOLE LOTTA LOVE|C:\DATI\SONGS\Nuovo Archivio\Led Zeppelin - Whole Lotta Love.mp3
13:11:11|LEVEL 42 - RUNNING IN THE FAMILY|C:\DATI\SONGS\Nuovo Archivio\Level 42 - Running In The Family.mp3
13:11:23|LIGABUE - A CHE ORA E' LA FINE DEL MONDO|C:\DATI\SONGS\Nuovo Archivio\LIGABUE - A Che Ora E' La Fine Del Mondo.mp3
13:15:26|LIGABUE - BAMBOLINA E BARRACUDA|C:\DATI\SONGS\Nuovo Archivio\Ligabue - Bambolina E Barracuda.mp3
13:15:34|LIGABUE - LIBERA NOS A MALO|C:\DATI\SONGS\Nuovo Archivio\LIGABUE - Libera Nos A Malo.mp3
13:18:54|LIGABUE - PICCOLA STELLA SENZA CIELO|C:\DATI\SONGS\Nuovo Archivio\LIGABUE - Piccola Stella Senza Cielo.mp3
13:19:06|LIONEL RICHIE - TIME|C:\DATI\SONGS\Nuovo Archivio\Lionel Richie - Time.mp3
13:23:09|LITFIBA - EL DIABLO|C:\DATI\SONGS\Nuovo Archivio\Litfiba - El Diablo.mp3
13:23:17|LITFIBA - RITMO #2|C:\DATI\SONGS\Nuovo Archivio\LITFIBA - Ritmo #2.mp3
13:26:37|LITFIBA - SPIRITO|C:\DATI\SONGS\Nuovo Archivio\Litfiba - Spirito.mp3
13:26:49|LONG - MOVING ON UP|C:\DATI\SONGS\Nuovo Archivio\Long - Moving On Up.mp3
14:00:00|LOVE UNLIMITED - HIGH STEPPIN' HIP DRESSIN' FELLA|C:\DATI\SONGS\Nuovo Archivio\Love Unlimited - High Steppin' Hip Dressin' Fella.mp3
14:00:08|LOVE UNLIMITED ORCHESTRA - SATIN SOUL|C:\DATI\SONGS\Nuovo Archivio\Love Unlimited Orchestra - Satin Soul.mp3
14:03:28|LUCIO BATTISTI - 7 E 40|C:\DATI\SONGS\Nuovo Archivio\Lucio Battisti - 7 e 40.mp3
14:03:40|LUCIO BATTISTI - 29 SETTEMBRE|C:\DATI\SONGS\Nuovo Archivio\Lucio Battisti - 29 Settembre.mp3
14:07:43|LUCIO BATTISTI - ACQUA AZZURRA ACQUA CHIARA|C:\DATI\SONGS\Nuovo Archivio\Lucio Battisti - Acqua Azzurra Acqua Chiara.mp3
14:07:51|LUCIO BATTISTI - ANCORA TU|C:\DATI\SONGS\Nuovo Archivio\Lucio Battisti - Ancora Tu.mp3
14:11:11|LUCIO BATTISTI - ARRIVEDERCI A QUESTA SERA|C:\DATI\SONGS\Nuovo Archivio\Lucio Battisti - Arrivederci A Questa Sera.mp3
14:11:23|LUCIO BATTISTI - INNOCENTI EVASIONI|C:\DATI\SONGS\Nuovo Archivio\Lucio Battisti - Innocenti Evasioni.mp3
14:15:26|LIGABUE - PICCOLA STELLA SENZA CIELO|C:\DATI\SONGS\Nuovo Archivio\LIGABUE - Piccola Stella Senza Cielo.mp3
14:15:34|LIONEL RICHIE - TIME|C:\DATI\SONGS\Nuovo Archivio\Lionel Richie - Time.mp3
14:18:54|LITFIBA - EL DIABLO|C:\DATI\SONGS\Nuovo Archivio\Litfiba - El Diablo.mp3
14:19:06|LUCIO DALLA - HENNA|C:\DATI\SONGS\Nuovo Archivio\Lucio Dalla - Henna.mp3
14:23:09|LUCIO DALLA - LIBERI|C:\DATI\SONGS\Nuovo Archivio\Lucio Dalla - Liberi.mp3
14:23:17|LUCIO DALLA - NUVOLARI|C:\DATI\SONGS\Nuovo Archivio\Lucio Dalla - Nuvolari.mp3
14:26:37|LYNYRD SKYNYRD - SWEET HOME ALABAMA|C:\DATI\SONGS\Nuovo Archivio\LYNYRD SKYNYRD - Sweet Home Alabama.mp3
14:26:49|LYTE FUNKY ONES - GIRL ON TV|C:\DATI\SONGS\Nuovo Archivio\Lyte Funky Ones - Girl On Tv.mp3
15:00:00|MADASUN - DON'T YOU WORRY|C:\DATI\SONGS\Nuovo Archivio\Madasun - Don't You Worry.mp3
15:00:08|MADONNA - CRAZY FOR YOU|C:\DATI\SONGS\Nuovo Archivio\Madonna - Crazy For You.mp3
15:03:28|MADONNA - LIKE A PRAYER|C:\DATI\SONGS\Nuovo Archivio\Madonna - Like A Prayer.mp3
15:03:40|MANGO - NELLA MIA CITTÀ|C:\DATI\SONGS\Nuovo Archivio\Mango - Nella Mia Città.mp3
15:07:43|MANGO - ORO|C:\DATI\SONGS\Nuovo Archivio\Mango - Oro.mp3
15:07:51|MANHATTAN TRANSFER - BIRDLAND|C:\DATI\SONGS\Nuovo Archivio\Manhattan Transfer - Birdland.mp3
15:11:11|MANHATTAN TRANSFER - SOUL FOOD TO GO|C:\DATI\SONGS\Nuovo Archivio\MANHATTAN TRANSFER - Soul Food To Go.mp3
15:11:23|MARCELLA DETROIT - I BELIEVE|C:\DATI\SONGS\Nuovo Archivio\Marcella Detroit - I Believe.mp3
15:15:26|MARILLION - KEYLEIGH|C:\DATI\SONGS\Nuovo Archivio\Marillion - Keyleigh.mp3
15:15:34|MARINA REI - INASPETTATAMENTE|C:\DATI\SONGS\Nuovo Archivio\Marina Rei - Inaspettatamente.mp3
15:18:54|MARINA REI - L' ALLUCINAZIONE|C:\DATI\SONGS\Nuovo Archivio\Marina rei - L' Allucinazione.mp3
15:19:06|MARINA REI - PRIMAVERA|C:\DATI\SONGS\Nuovo Archivio\Marina Rei - Primavera.mp3
15:23:09|MARINA REI - T 'INNAMORERÒ|C:\DATI\SONGS\Nuovo Archivio\Marina Rei - T 'Innamorerò.mp3
15:23:17|MARIO VENUTI - FORTUNA|C:\DATI\SONGS\Nuovo Archivio\Mario Venuti - Fortuna.mp3
15:26:37|MASSIVE ATTACK - UNFINISHED SIMPATHY|C:\DATI\SONGS\Nuovo Archivio\Massive Attack - Unfinished Simpathy.mp3
15:26:49|MATTAFIX - BIG CITY LIFE|C:\DATI\SONGS\Nuovo Archivio\Mattafix - Big City Life.mp3
16:00:00|MAXI PRIEST - CLOSE TO YOU|C:\DATI\SONGS\Nuovo Archivio\Maxi Priest - Close To You.mp3
16:00:08|MC FADDEN & WHINTEHEAD - AIN'T NO STOPPIN' US NOW|C:\DATI\SONGS\Nuovo Archivio\Mc Fadden & Whintehead - Ain't No Stoppin' Us Now.mp3
16:03:28|MEAT LOAF - I'D DO ANYTHING FOR LOVE  (EDIT)|C:\DATI\SONGS\Nuovo Archivio\Meat Loaf - I'd Do Anything For Love  (Edit).mp3
16:03:40|MICHAEL JACKSON - ANOTHER PART OF ME|C:\DATI\SONGS\Nuovo Archivio\Michael Jackson - Another Part Of Me.mp3
16:07:43|MICHAEL JACKSON - BEAT IT|C:\DATI\SONGS\Nuovo Archivio\Michael Jackson - Beat It.mp3
16:07:51|MICHAEL JACKSON - BILLIE JEAN|C:\DATI\SONGS\Nuovo Archivio\Michael Jackson - Billie Jean.mp3
16:11:11|MICHAEL JACKSON - HUMAN NATURE|C:\DATI\SONGS\Nuovo Archivio\Michael Jackson - Human Nature.mp3
16:11:23|MICHAEL JACKSON - LIBERIAN GIRL|C:\DATI\SONGS\Nuovo Archivio\Michael Jackson - Liberian Girl.mp3
16:15:26|MICHAEL JACKSON - MAN IN THE MIRROR|C:\DATI\SONGS\Nuovo Archivio\Michael Jackson - Man In The Mirror.mp3
16:15:34|MICHAEL JACKSON - SMOOTH CRIMINAL|C:\DATI\SONGS\Nuovo Archivio\Michael Jackson - Smooth Criminal.mp3
16:18:54|MICHAEL JACKSON - WANNA BE STARTIN' SOMETHIN'|C:\DATI\SONGS\Nuovo Archivio\Michael Jackson - Wanna Be Startin' Somethin'.mp3
16:19:06|MICHAEL LEARNS TO ROCK - SOMEDAY|C:\DATI\SONGS\Nuovo Archivio\Michael Learns To Rock - Someday.mp3
16:23:09|MICK JAGGER - VISION OF PARADISE|C:\DATI\SONGS\Nuovo Archivio\Mick Jagger - Vision Of Paradise.mp3
16:23:17|MIGUEL BOSE' - SE TU NON TORNI|C:\DATI\SONGS\Nuovo Archivio\Miguel Bose' - Se Tu Non Torni.mp3
16:26:37|NATALIE COLE - YOU GOTTA BE|C:\DATI\SONGS\Nuovo Archivio\Natalie Cole - You Gotta Be.mp3
16:26:49|NATALIE IMBRUGLIA - SHIVER|C:\DATI\SONGS\Nuovo Archivio\Natalie Imbruglia - Shiver.mp3
17:00:00|NATALIE IMBRUGLIA - WRONG IMPRESSION|C:\DATI\SONGS\Nuovo Archivio\Natalie Imbruglia - Wrong Impression.mp3
17:00:08|NEGRITA - MAGNOLIA|C:\DATI\SONGS\Nuovo Archivio\Negrita - Magnolia.mp3
17:03:28|NEGRITA - RADIO CONGA|C:\DATI\SONGS\Nuovo Archivio\NEGRITA - Radio Conga.mp3
17:03:40|NEGRITA - ROTOLANDO VERSO SUD|C:\DATI\SONGS\Nuovo Archivio\NEGRITA - Rotolando Verso Sud.mp3
17:07:43|NE-YO - BECAUSE OF YOU|C:\DATI\SONGS\Nuovo Archivio\Ne-YO - Because Of You.mp3
17:07:51|NE-YO-PITBULL-AFROJACK  NAYER - TONIGHT (GIVE ME EVERYTHING )|C:\DATI\SONGS\Nuovo Archivio\Ne-Yo-Pitbull-Afrojack  Nayer - Tonight (Give Me Everything ).mp3
17:11:11|ONEREPUBLIC - STOP AND STARE|C:\DATI\SONGS\Nuovo Archivio\ONEREPUBLIC - Stop And Stare.mp3
17:11:23|PATTI SMITH - PEOPLE HAVE THE POWER|C:\DATI\SONGS\Nuovo Archivio\Patti Smith - People Have The Power.mp3
17:15:26|PAUL WELLER - THINKING OF YOU|C:\DATI\SONGS\Nuovo Archivio\Paul Weller - Thinking Of You.mp3
17:15:34|PINO DANIELE - CHE DIO TI BENEDICA|C:\DATI\SONGS\Nuovo Archivio\Pino Daniele - Che Dio Ti Benedica.mp3
17:18:54|PINO DANIELE - NAPULE È|C:\DATI\SONGS\Nuovo Archivio\Pino Daniele - Napule è.mp3
17:19:06|PINO DANIELE - QUANDO|C:\DATI\SONGS\Nuovo Archivio\Pino Daniele - Quando.mp3
17:23:09|PINO DANIELE - QUANNO CHIOVE|C:\DATI\SONGS\Nuovo Archivio\Pino Daniele - Quanno Chiove.mp3
17:23:17|PINO DANIELE - YES I KNOW MY WAY|C:\DATI\SONGS\Nuovo Archivio\Pino Daniele - Yes I Know My Way.mp3
17:26:37|PIZZICATO FIVE - IT'S A BEAUTIFUL DAY|C:\DATI\SONGS\Nuovo Archivio\Pizzicato Five - It's A Beautiful Day.mp3
17:26:49|PRATT & MCCLAIN - HAPPY DAYS (SIGLA TV)|C:\DATI\SONGS\Nuovo Archivio\Pratt & McClain - Happy Days (Sigla TV).mp3
18:00:00|RACHID - PRIDE|C:\DATI\SONGS\Nuovo Archivio\Rachid - Pride.mp3
18:00:08|RAF - OGGI UN DIO NON HO|C:\DATI\SONGS\Nuovo Archivio\Raf - Oggi Un Dio Non Ho.mp3
18:03:28|RAF - SIAMO SOLI NELL'IMMENSO VUOTO CHE C'È|C:\DATI\SONGS\Nuovo Archivio\Raf - Siamo Soli Nell'Immenso Vuoto Che C'è.mp3
18:03:40|RAF - VITA, STORIE E PENSIERI DI UN ALIENO|C:\DATI\SONGS\Nuovo Archivio\Raf - Vita, Storie E Pensieri Di Un Alieno.mp3
18:07:43|RAIZ - SCEGLI ME|C:\DATI\SONGS\Nuovo Archivio\Raiz - Scegli Me.mp3
18:07:51|RANDY CRAWFORD - YOU MIGHT NEED SOMEBODY|C:\DATI\SONGS\Nuovo Archivio\Randy Crawford - You Might Need Somebody.mp3
18:11:11|RENATO ZERO - SPIAGGE|C:\DATI\SONGS\Nuovo Archivio\Renato Zero - Spiagge.mp3
18:11:23|RIHANNA - ONLY GIRL (IN THE WORLD)|C:\DATI\SONGS\Nuovo Archivio\Rihanna - Only Girl (In The World).mp3
18:15:26|RIHANNA FEAT. DRAKE - WHAT'S MY NAME|C:\DATI\SONGS\Nuovo Archivio\Rihanna feat. Drake - What's My Name.mp3
18:15:34|SAMUELE BERSANI - CATTIVA|C:\DATI\SONGS\Nuovo Archivio\Samuele Bersani - Cattiva.mp3
18:18:54|SAMUELE BERSANI - CHE VITA|C:\DATI\SONGS\Nuovo Archivio\Samuele Bersani - Che vita.mp3
18:19:06|SAMUELE BERSANI - CHICCO E SPILLO|C:\DATI\SONGS\Nuovo Archivio\Samuele Bersani - Chicco e Spillo.mp3
18:23:09|SAMUELE BERSANI - COSA VUOI DA ME|C:\DATI\SONGS\Nuovo Archivio\Samuele Bersani - Cosa Vuoi Da Me.mp3
18:23:17|SAMUELE BERSANI - FREAK|C:\DATI\SONGS\Nuovo Archivio\Samuele Bersani - Freak.mp3
18:26:37|SAMUELE BERSANI - GIUDIZI UNIVERSALI|C:\DATI\SONGS\Nuovo Archivio\Samuele Bersani - Giudizi Universali.mp3
18:26:49|SIMPLE MINDS - MANDELA DAY|C:\DATI\SONGS\Nuovo Archivio\Simple Minds - Mandela Day.mp3
19:00:00|SMITHS - SOON IS NOW|C:\DATI\SONGS\Nuovo Archivio\Smiths - Soon Is Now.mp3
19:00:08|SNEAKER PIMPS - 6 UNDERGROUND|C:\DATI\SONGS\Nuovo Archivio\Sneaker Pimps - 6 Underground.mp3
19:03:28|STING - IF I EVER LOSE MY FAITH IN YOU|C:\DATI\SONGS\Nuovo Archivio\Sting - If I Ever Lose My Faith In You.mp3
19:03:40|SUEDE - SHE'S IN FASHION|C:\DATI\SONGS\Nuovo Archivio\Suede - She's In Fashion.mp3
19:07:43|THREE DOORS DOWN - LET ME GO|C:\DATI\SONGS\Nuovo Archivio\Three Doors Down - Let Me Go.mp3
19:07:51|THRILLS - BIG SUR|C:\DATI\SONGS\Nuovo Archivio\Thrills - Big Sur.mp3
19:11:11|TI.PI.CAL. FEAT. JOSH - STARS (RADIO EDIT) (WWW.PRIMEMUSIC.RU)|C:\DATI\SONGS\Nuovo Archivio\TI.PI.CAL. feat. Josh - Stars (Radio Edit) (www.primemusic.ru).mp3
19:11:23|TOM PETTY - LEARNING TO FLY|C:\DATI\SONGS\Nuovo Archivio\Tom Petty - Learning To Fly.mp3
19:15:26|TUNDE - GREAT ROMANTIC|C:\DATI\SONGS\Nuovo Archivio\Tunde - Great Romantic.mp3
19:15:34|TURIN BRAKES - FISHING FOR A DREAM|C:\DATI\SONGS\Nuovo Archivio\Turin Brakes - Fishing For A Dream.mp3
19:18:54|VINICIO CAPOSSELA - ...E ALLORA MAMBO|C:\DATI\SONGS\Nuovo Archivio\Vinicio Capossela - ...E allora Mambo.mp3
19:19:06|VINICIO CAPOSSELA - CHE COS'È L'AMOR|C:\DATI\SONGS\Nuovo Archivio\Vinicio Capossela - Che Cos'è L'Amor.mp3
19:23:09|WEATHER REPORT - BIRDLAND (ALZATO INIZIO)|C:\DATI\SONGS\Nuovo Archivio\Weather Report - Birdland (Alzato Inizio).mp3
19:23:17|WENDY & LISA - WATERFALL|C:\DATI\SONGS\Nuovo Archivio\Wendy & Lisa - Waterfall.mp3
19:26:37|01-B_O_B-AIRPLANES_FEAT_HAYLEY_WILLIAMS_OF_PARA-ENEMY|C:\DATI\SONGS\Nuovo Archivio\01-b_o_b-airplanes_feat_hayley_williams_of_para-enemy.mp3
19:26:49|01-NE-YO-BEAUTIFUL_MONSTER_(CLEAN)|C:\DATI\SONGS\Nuovo Archivio\01-ne-yo-beautiful_monster_(clean).mp3
20:00:00|AEROPLANITALIANI - BELLA|C:\DATI\SONGS\Nuovo Archivio\Aeroplanitaliani - Bella.mp3
20:00:08|AEROPLANITALIANI - CANZONE D'AMORE|C:\DATI\SONGS\Nuovo Archivio\Aeroplanitaliani - Canzone D'amore.mp3
20:03:28|AL JARREAU - L IS FOR LOVER|C:\DATI\SONGS\Nuovo Archivio\Al Jarreau - L Is For Lover.mp3
20:03:40|ALEXANDER O'NEAL - IF YOU WERE HERE TONIGHT|C:\DATI\SONGS\Nuovo Archivio\Alexander O'Neal - If You Were Here Tonight.mp3
20:07:43|ASTRUD GILBERTO - THE GIRL FROM IPANEMA|C:\DATI\SONGS\Nuovo Archivio\Astrud Gilberto - The Girl From Ipanema.mp3
20:07:51|AZYMUTH - JAZZ CARNIVAL (RADIO EDIT)|C:\DATI\SONGS\Nuovo Archivio\Azymuth - Jazz Carnival (Radio Edit).mp3
20:11:11|BEATLES - HERE COMES THE SUN|C:\DATI\SONGS\Nuovo Archivio\Beatles - Here Comes The Sun.mp3
20:11:23|BECK - TROPICALIA|C:\DATI\SONGS\Nuovo Archivio\Beck - Tropicalia.mp3
20:15:26|BEGINNING OF THE END - FUNKY NASSAU|C:\DATI\SONGS\Nuovo Archivio\Beginning Of The End - Funky Nassau.mp3
20:15:34|BRENDAN BENSON - COLD HANDS (WARM HEART)|C:\DATI\SONGS\Nuovo Archivio\Brendan Benson - Cold Hands (Warm Heart).mp3
20:18:54|BRYAN ADAMS - HEAVEN|C:\DATI\SONGS\Nuovo Archivio\Bryan Adams - Heaven.mp3
20:19:06|BRYAN ADAMS & ROD STEWART & STING - ALL FOR LOVE|C:\DATI\SONGS\Nuovo Archivio\Bryan Adams & Rod Stewart & Sting - All For Love.mp3
20:23:09|BUENA VISTA SOCIAL CLUB - RAN KAN KAN|C:\DATI\SONGS\Nuovo Archivio\Buena vista social club - Ran kan kan.mp3
20:23:17|CELIA CRUZ - LA VIDA ES UN CARNAVAL|C:\DATI\SONGS\Nuovo Archivio\Celia Cruz - La Vida Es Un Carnaval.mp3
20:26:37|CHIC - MY FORBIDDEN LOVER|C:\DATI\SONGS\Nuovo Archivio\Chic - My Forbidden Lover.mp3
20:26:49|CHICAGO - STREET PLAYER|C:\DATI\SONGS\Nuovo Archivio\Chicago - Street Player.mp3
21:00:00|CHRIS BROWN FT. BENNY BENASSI - BEAUTIFUL PEOPLE|C:\DATI\SONGS\Nuovo Archivio\Chris Brown ft. Benny Benassi - Beautiful People.mp3
21:00:08|COOLIO - FANTASTIC VOYAGE|C:\DATI\SONGS\Nuovo Archivio\Coolio - Fantastic Voyage.mp3
21:03:28|CRUSADERS - STREET LIFE|C:\DATI\SONGS\Nuovo Archivio\Crusaders - Street Life.mp3
21:03:40|DONELL JONES - TELL ME WHAT'S|C:\DATI\SONGS\Nuovo Archivio\Donell Jones - Tell Me What's.mp3
21:07:43|DUBSTAR - STARS|C:\DATI\SONGS\Nuovo Archivio\Dubstar - Stars.mp3
21:07:51|ELIS REGINAJOBIN - AGUAS DE MARÇO|C:\DATI\SONGS\Nuovo Archivio\Elis ReginaJobin - Aguas De Março.mp3
21:11:11|ERIC CLAPTONDEREK & THE DOMINO - LAYLA (STUDIO VERSION)|C:\DATI\SONGS\Nuovo Archivio\Eric ClaptonDerek & The Domino - Layla (Studio Version).mp3
21:11:23|FILTER - TAKE A PICTURE|C:\DATI\SONGS\Nuovo Archivio\Filter - Take A Picture.mp3
21:15:26|FIORELLA MANNOIA - CRAVO E CANELA|C:\DATI\SONGS\Nuovo Archivio\Fiorella Mannoia - Cravo e Canela.mp3
21:15:34|FIORELLA MANNOIA - I TRENI A VAPORE|C:\DATI\SONGS\Nuovo Archivio\Fiorella Mannoia - I Treni A Vapore.mp3
21:18:54|FIORELLA MANNOIA - IL TEMPO NON TORNA PIU'|C:\DATI\SONGS\Nuovo Archivio\Fiorella Mannoia - Il Tempo Non Torna Piu'.mp3
21:19:06|FIORELLA MANNOIA - QUELLO CHE LE DONNE NON DICONO|C:\DATI\SONGS\Nuovo Archivio\Fiorella Mannoia - Quello Che Le Donne Non Dicono.mp3
21:23:09|FIORELLA MANNOIA - SALLY|C:\DATI\SONGS\Nuovo Archivio\Fiorella Mannoia - Sally.mp3
21:23:17|FIORELLA MANNOIA - SORVOLANDO EILAT|C:\DATI\SONGS\Nuovo Archivio\Fiorella Mannoia - Sorvolando Eilat.mp3
21:26:37|FOO FIGHTERS - NEXT YEAR|C:\DATI\SONGS\Nuovo Archivio\Foo Fighters - Next Year.mp3
21:26:49|FRANCESCO DE GREGORI - RIMMEL|C:\DATI\SONGS\Nuovo Archivio\Francesco De Gregori - Rimmel.mp3
22:00:00|FRANCESCO DE GREGORI - VIAGGI E MIRAGGI|C:\DATI\SONGS\Nuovo Archivio\Francesco De Gregori - Viaggi E Miraggi.mp3
22:00:08|GIORGIO GABER - L'ILLOGICA ALLEGRIA|C:\DATI\SONGS\Nuovo Archivio\Giorgio Gaber - L'illogica allegria.mp3
22:03:28|JOE COCKER - WHEN THE NIGHT COMES|C:\DATI\SONGS\Nuovo Archivio\Joe Cocker - When The Night Comes.mp3
22:03:40|JOHN MAYER - BIGGER THAN MY BODY|C:\DATI\SONGS\Nuovo Archivio\John Mayer - Bigger Than My Body.mp3
22:07:43|KATIE MELUA - JUST LIKE HEAVEN|C:\DATI\SONGS\Nuovo Archivio\Katie Melua - Just Like Heaven.mp3
22:07:51|KELIS FEAT. CEE - LIL' STAR|C:\DATI\SONGS\Nuovo Archivio\Kelis feat. Cee - Lil' Star.mp3
22:11:11|KING HARVEST - DANCING IN THE MOONLIGHT|C:\DATI\SONGS\Nuovo Archivio\King Harvest - Dancing In The Moonlight.mp3
22:11:23|KINGS OF CONVENIENCE - MISREAD|C:\DATI\SONGS\Nuovo Archivio\Kings Of Convenience - Misread.mp3
22:15:26|KOOKS - OOH LA|C:\DATI\SONGS\Nuovo Archivio\Kooks - Ooh La.mp3
22:15:34|KOOL & THE GANG FEAT.JAMIROQUAI - HOLLYWOOD SWINGIN|C:\DATI\SONGS\Nuovo Archivio\Kool & The Gang Feat.Jamiroquai - Hollywood Swingin.mp3
22:18:54|KOOP - SUMMER SUN|C:\DATI\SONGS\Nuovo Archivio\Koop - Summer Sun.mp3
22:19:06|KORGIS - EVERYBODY'S GOT TO LEARN SOMETIME|C:\DATI\SONGS\Nuovo Archivio\Korgis - Everybody's Got To Learn Sometime.mp3
22:23:09|LAYO & BUSHWACKA - LOVE STORY|C:\DATI\SONGS\Nuovo Archivio\Layo & Bushwacka - Love Story.mp3
22:23:17|LE ORME - CANZONE D'AMORE|C:\DATI\SONGS\Nuovo Archivio\Le Orme - Canzone D'amore.mp3
22:26:37|LE ORME - GIOCO DI BIMBA|C:\DATI\SONGS\Nuovo Archivio\Le Orme - Gioco Di Bimba.mp3
22:26:49|LED ZEPPELIN - BABE I'M GONNA LEAVE YOU|C:\DATI\SONGS\Nuovo Archivio\Led Zeppelin - Babe I'm Gonna Leave You.mp3
23:00:00|LED ZEPPELIN - BLACK DOG|C:\DATI\SONGS\Nuovo Archivio\Led Zeppelin - Black Dog.mp3
23:00:08|LED ZEPPELIN - FOOL IN THE RAIN|C:\DATI\SONGS\Nuovo Archivio\Led Zeppelin - Fool In The Rain.mp3
23:03:28|LED ZEPPELIN - KASHMIR|C:\DATI\SONGS\Nuovo Archivio\Led Zeppelin - Kashmir.mp3
23:03:40|LED ZEPPELIN - STAIRWAY TO HEAVEN|C:\DATI\SONGS\Nuovo Archivio\Led Zeppelin - Stairway To Heaven.mp3
23:07:43|LED ZEPPELIN - WHOLE LOTTA LOVE|C:\DATI\SONGS\Nuovo Archivio\Led Zeppelin - Whole Lotta Love.mp3
23:07:51|LEVEL 42 - RUNNING IN THE FAMILY|C:\DATI\SONGS\Nuovo Archivio\Level 42 - Running In The Family.mp3
23:11:11|LIGABUE - A CHE ORA E' LA FINE DEL MONDO|C:\DATI\SONGS\Nuovo Archivio\LIGABUE - A Che Ora E' La Fine Del Mondo.mp3
23:11:23|LIGABUE - BAMBOLINA E BARRACUDA|C:\DATI\SONGS\Nuovo Archivio\Ligabue - Bambolina E Barracuda.mp3
23:15:26|LIGABUE - LIBERA NOS A MALO|C:\DATI\SONGS\Nuovo Archivio\LIGABUE - Libera Nos A Malo.mp3
23:15:34|LIGABUE - PICCOLA STELLA SENZA CIELO|C:\DATI\SONGS\Nuovo Archivio\LIGABUE - Piccola Stella Senza Cielo.mp3
23:18:54|LIONEL RICHIE - TIME|C:\DATI\SONGS\Nuovo Archivio\Lionel Richie - Time.mp3
23:19:06|LITFIBA - EL DIABLO|C:\DATI\SONGS\Nuovo Archivio\Litfiba - El Diablo.mp3
23:23:09|LITFIBA - RITMO #2|C:\DATI\SONGS\Nuovo Archivio\LITFIBA - Ritmo #2.mp3
23:23:17|LITFIBA - SPIRITO|C:\DATI\SONGS\Nuovo Archivio\Litfiba - Spirito.mp3
23:26:37|LONG - MOVING ON UP|C:\DATI\SONGS\Nuovo Archivio\Long - Moving On Up.mp3
23:26:49|LOVE UNLIMITED - HIGH STEPPIN' HIP DRESSIN' FELLA|C:\DATI\SONGS\Nuovo Archivio\Love Unlimited - High Steppin' Hip Dressin' Fella.mp3
