00:00:00|AmphiBiox sogg.4|\\support02\Users\Public\ZettaFolder\Media\2\2188~AmphiBiox sogg.4.mp3
00:00:38|Onda Geox jingle 02|\\support02\Users\Public\ZettaFolder\Media\2\2192~Onda Geox jingle 02.mp3
00:00:49|I Wish I Wasn't|\\support02\Users\Public\ZettaFolder\Media\0\277~15 I Wish I Wasn't.mp3
00:04:59|Onda Geox jingle 07|\\support02\Users\Public\ZettaFolder\Media\2\2197~Onda Geox jingle 07.mp3
00:05:02|The Bottle|\\support02\Users\Public\ZettaFolder\Media\2\2111~The Bottle.mp3
00:09:07|Onda Geox jingle 06|\\support02\Users\Public\ZettaFolder\Media\2\2196~Onda Geox jingle 06.mp3
00:09:11|All Around The World|\\support02\Users\Public\ZettaFolder\Media\1\1579~All Around The World.mp3
00:13:28|Onda Geox jingle 07|\\support02\Users\Public\ZettaFolder\Media\2\2197~Onda Geox jingle 07.mp3
00:13:31|Something In Common|\\support02\Users\Public\ZettaFolder\Media\2\2093~Something In Common.mp3
00:17:49|Benefeet sogg.1|\\support02\Users\Public\ZettaFolder\Media\2\2189~Benefeet sogg.1.mp3
00:18:28|Onda Geox jingle 03|\\support02\Users\Public\ZettaFolder\Media\2\2193~Onda Geox jingle 03.mp3
00:18:39|If You Asked Me To|\\support02\Users\Public\ZettaFolder\Media\0\271~14 If You Asked Me To.mp3
00:22:15|Onda Geox jingle 07|\\support02\Users\Public\ZettaFolder\Media\2\2197~Onda Geox jingle 07.mp3
00:22:19|Ain't No Man|\\support02\Users\Public\ZettaFolder\Media\2\2143~Dina Carroll - Ain't no man.mp3
00:25:59|Onda Geox jingle 06|\\support02\Users\Public\ZettaFolder\Media\2\2196~Onda Geox jingle 06.mp3
00:26:03|Mo money mo problems|\\support02\Users\Public\ZettaFolder\Media\2\2216~AudioCD#2410f913-13.mp3
00:30:04|Onda Geox jingle 07|\\support02\Users\Public\ZettaFolder\Media\2\2197~Onda Geox jingle 07.mp3
00:30:07|MAD ABOUT YOU|\\support02\Users\Public\ZettaFolder\Media\2\2230~AudioCD#ed100312-18.mp3
00:33:47|AmphiBiox sogg.1|\\support02\Users\Public\ZettaFolder\Media\2\2185~AmphiBiox sogg.1.mp3
00:34:23|Onda Geox jingle 04|\\support02\Users\Public\ZettaFolder\Media\2\2194~Onda Geox jingle 04.mp3
00:34:34|Just For You|\\support02\Users\Public\ZettaFolder\Media\2\2169~M People - Just for you.mp3
00:40:18|Onda Geox jingle 07|\\support02\Users\Public\ZettaFolder\Media\2\2197~Onda Geox jingle 07.mp3
00:40:21|Love Is A House|\\support02\Users\Public\ZettaFolder\Media\2\2035~Love Is A House.mp3
00:44:35|Onda Geox jingle 06|\\support02\Users\Public\ZettaFolder\Media\2\2196~Onda Geox jingle 06.mp3
00:44:40|I Hear Your Name|\\support02\Users\Public\ZettaFolder\Media\0\248~09 I Hear Your Name.mp3
00:51:29|Onda Geox jingle 07|\\support02\Users\Public\ZettaFolder\Media\2\2197~Onda Geox jingle 07.mp3
00:51:32|Rise & Fall|\\support02\Users\Public\ZettaFolder\Media\2\2074~Rise & Fall.mp3
00:55:24|Benefeet sogg.2|\\support02\Users\Public\ZettaFolder\Media\2\2190~Benefeet sogg.2.mp3
00:55:58|Onda Geox jingle 05|\\support02\Users\Public\ZettaFolder\Media\2\2195~Onda Geox jingle 05.mp3
00:56:09|There'll Be Sad Song (To Make You Cry)|\\support02\Users\Public\ZettaFolder\Media\2\2115~There'll Be Sad Song (To Make You Cr.mp3
01:00:16|Onda Geox jingle 07|\\support02\Users\Public\ZettaFolder\Media\2\2197~Onda Geox jingle 07.mp3
01:00:19|Always on time|\\support02\Users\Public\ZettaFolder\Media\2\2184~AudioCD#d50d7c0f-08_2.mp3
01:04:18|Onda Geox jingle 06|\\support02\Users\Public\ZettaFolder\Media\2\2196~Onda Geox jingle 06.mp3
01:04:22|The Way You make Me Feel|\\support02\Users\Public\ZettaFolder\Media\1\1980~03 The Way You Make Me Feel.mp3
01:08:37|Onda Geox jingle 07|\\support02\Users\Public\ZettaFolder\Media\2\2197~Onda Geox jingle 07.mp3
01:08:40|Why Does My Heart Feel So Bad|\\support02\Users\Public\ZettaFolder\Media\2\2175~Moby - Why does my heart feel so bad.mp3
01:00:00|AmphiBiox sogg.2|\\support02\Users\Public\ZettaFolder\Media\2\2186~AmphiBiox sogg.2.mp3
01:00:33|Onda Geox jingle 01|\\support02\Users\Public\ZettaFolder\Media\2\2191~Onda Geox jingle 01.mp3
01:00:43|Not Gon' Cry|\\support02\Users\Public\ZettaFolder\Media\0\242~07 Not Gon' Cry.mp3
01:05:12|Onda Geox jingle 07|\\support02\Users\Public\ZettaFolder\Media\2\2197~Onda Geox jingle 07.mp3
01:05:15|Caught Up In The Rapture|\\support02\Users\Public\ZettaFolder\Media\1\1861~Caught Up In The Rapture.mp3
01:10:19|Onda Geox jingle 06|\\support02\Users\Public\ZettaFolder\Media\2\2196~Onda Geox jingle 06.mp3
01:10:24|Play|\\support02\Users\Public\ZettaFolder\Media\2\2205~AudioCD#fd0ff112-02.mp3
01:13:53|Onda Geox jingle 07|\\support02\Users\Public\ZettaFolder\Media\2\2197~Onda Geox jingle 07.mp3
01:13:56|Tell Me What We're Gonna Do Now (No Rap)|\\support02\Users\Public\ZettaFolder\Media\2\2108~Tell me What We're Gonna Do Now (No.mp3
01:17:35|Benefeet sogg.1|\\support02\Users\Public\ZettaFolder\Media\2\2189~Benefeet sogg.1.mp3
01:18:13|Onda Geox jingle 02|\\support02\Users\Public\ZettaFolder\Media\2\2192~Onda Geox jingle 02.mp3
01:18:24|Say You Love Me|\\support02\Users\Public\ZettaFolder\Media\2\2078~Say You Love Me.mp3
01:22:00|Onda Geox jingle 07|\\support02\Users\Public\ZettaFolder\Media\2\2197~Onda Geox jingle 07.mp3
01:22:03|Close To You|\\support02\Users\Public\ZettaFolder\Media\1\1863~Close To You.mp3
01:26:19|Onda Geox jingle 06|\\support02\Users\Public\ZettaFolder\Media\2\2196~Onda Geox jingle 06.mp3
01:26:23|Through The Storm|\\support02\Users\Public\ZettaFolder\Media\2\2117~Through The Storm.mp3
01:30:14|Onda Geox jingle 07|\\support02\Users\Public\ZettaFolder\Media\2\2197~Onda Geox jingle 07.mp3
01:30:18|I'll Make Love To You|\\support02\Users\Public\ZettaFolder\Media\0\260~11 I'll Make Love To You.mp3
01:34:00|AmphiBiox sogg.3|\\support02\Users\Public\ZettaFolder\Media\2\2187~AmphiBiox sogg.3.mp3
01:34:38|Onda Geox jingle 03|\\support02\Users\Public\ZettaFolder\Media\2\2193~Onda Geox jingle 03.mp3
01:34:48|Float On|\\support02\Users\Public\ZettaFolder\Media\1\1883~Float On.mp3
01:38:52|Onda Geox jingle 07|\\support02\Users\Public\ZettaFolder\Media\2\2197~Onda Geox jingle 07.mp3
01:38:55|Candy Rain|\\support02\Users\Public\ZettaFolder\Media\0\264~13 Candy Rain.mp3
01:42:17|Onda Geox jingle 06|\\support02\Users\Public\ZettaFolder\Media\2\2196~Onda Geox jingle 06.mp3
01:42:21|Surrender|\\support02\Users\Public\ZettaFolder\Media\2\2103~Surrender.mp3
01:46:03|Onda Geox jingle 07|\\support02\Users\Public\ZettaFolder\Media\2\2197~Onda Geox jingle 07.mp3
01:46:07|One Sweet Day|\\support02\Users\Public\ZettaFolder\Media\0\273~14 One Sweet Day.mp3
01:50:44|Benefeet sogg.2|\\support02\Users\Public\ZettaFolder\Media\2\2190~Benefeet sogg.2.mp3
01:51:18|Onda Geox jingle 04|\\support02\Users\Public\ZettaFolder\Media\2\2194~Onda Geox jingle 04.mp3
01:51:28|Foolish|\\support02\Users\Public\ZettaFolder\Media\2\2156~Ashanti - Foolish.mp3
01:54:51|Onda Geox jingle 07|\\support02\Users\Public\ZettaFolder\Media\2\2197~Onda Geox jingle 07.mp3
01:54:54|I Can't Tell You Why|\\support02\Users\Public\ZettaFolder\Media\0\234~06 I Can't Tell You Why.mp3
01:57:53|Onda Geox jingle 06|\\support02\Users\Public\ZettaFolder\Media\2\2196~Onda Geox jingle 06.mp3
01:57:58|The Boy Is Mine|\\support02\Users\Public\ZettaFolder\Media\2\2112~The Boy Is Mine.mp3
02:02:48|Onda Geox jingle 07|\\support02\Users\Public\ZettaFolder\Media\2\2197~Onda Geox jingle 07.mp3
02:02:51|Une Histoire D'Amoure|\\support02\Users\Public\ZettaFolder\Media\2\2121~Une Histoire D'Amoure.mp3
02:00:00|AmphiBiox sogg.4|\\support02\Users\Public\ZettaFolder\Media\2\2188~AmphiBiox sogg.4.mp3
02:00:38|Onda Geox jingle 05|\\support02\Users\Public\ZettaFolder\Media\2\2195~Onda Geox jingle 05.mp3
02:00:48|Someday|\\support02\Users\Public\ZettaFolder\Media\2\2091~Someday.mp3
02:04:44|Onda Geox jingle 07|\\support02\Users\Public\ZettaFolder\Media\2\2197~Onda Geox jingle 07.mp3
02:04:47|Everything|\\support02\Users\Public\ZettaFolder\Media\1\1879~Everything.mp3
02:08:45|Onda Geox jingle 06|\\support02\Users\Public\ZettaFolder\Media\2\2196~Onda Geox jingle 06.mp3
02:08:49|LET ME BLOW YA MIND|\\support02\Users\Public\ZettaFolder\Media\2\2222~AudioCD#3e10e115-05.mp3
02:12:25|Onda Geox jingle 07|\\support02\Users\Public\ZettaFolder\Media\2\2197~Onda Geox jingle 07.mp3
02:12:28|Crazy|\\support02\Users\Public\ZettaFolder\Media\1\1998~Crazy.mp3
02:15:22|Benefeet sogg.1|\\support02\Users\Public\ZettaFolder\Media\2\2189~Benefeet sogg.1.mp3
02:16:01|Onda Geox jingle 01|\\support02\Users\Public\ZettaFolder\Media\2\2191~Onda Geox jingle 01.mp3
02:16:11|One Fine Day|\\support02\Users\Public\ZettaFolder\Media\2\2057~One Fine Day.mp3
02:20:56|Onda Geox jingle 07|\\support02\Users\Public\ZettaFolder\Media\2\2197~Onda Geox jingle 07.mp3
02:20:59|Inside Love|\\support02\Users\Public\ZettaFolder\Media\2\2015~Inside Love.mp3
02:26:06|Onda Geox jingle 06|\\support02\Users\Public\ZettaFolder\Media\2\2196~Onda Geox jingle 06.mp3
02:26:10|3 Is Family|\\support02\Users\Public\ZettaFolder\Media\2\2160~Dana Dawson - 3 is family.mp3
02:29:33|Onda Geox jingle 07|\\support02\Users\Public\ZettaFolder\Media\2\2197~Onda Geox jingle 07.mp3
02:29:36|Into My Soul|\\support02\Users\Public\ZettaFolder\Media\2\2140~Into My Soul_2_1_1_1.mp3
02:34:05|AmphiBiox sogg.1|\\support02\Users\Public\ZettaFolder\Media\2\2185~AmphiBiox sogg.1.mp3
02:34:42|Onda Geox jingle 02|\\support02\Users\Public\ZettaFolder\Media\2\2192~Onda Geox jingle 02.mp3
02:34:52|WALKING AWAY|\\support02\Users\Public\ZettaFolder\Media\2\2126~Walking Away.mp3
02:38:04|Onda Geox jingle 07|\\support02\Users\Public\ZettaFolder\Media\2\2197~Onda Geox jingle 07.mp3
02:38:07|Got 'Til It's Gone|\\support02\Users\Public\ZettaFolder\Media\2\2004~Got 'Til It's Gone.mp3
02:41:38|Onda Geox jingle 06|\\support02\Users\Public\ZettaFolder\Media\2\2196~Onda Geox jingle 06.mp3
02:41:43|Dance And Shout|\\support02\Users\Public\ZettaFolder\Media\2\2179~Shaggy - Dance and shout.mp3
02:44:42|Onda Geox jingle 07|\\support02\Users\Public\ZettaFolder\Media\2\2197~Onda Geox jingle 07.mp3
02:44:45|7 Seconds|\\support02\Users\Public\ZettaFolder\Media\1\1572~7 Seconds.mp3
02:48:43|Benefeet sogg.2|\\support02\Users\Public\ZettaFolder\Media\2\2190~Benefeet sogg.2.mp3
02:49:17|Onda Geox jingle 03|\\support02\Users\Public\ZettaFolder\Media\2\2193~Onda Geox jingle 03.mp3
02:49:27|If You Were Here Tonight|\\support02\Users\Public\ZettaFolder\Media\2\2013~If You Were Here Tonight.mp3
02:53:02|Onda Geox jingle 07|\\support02\Users\Public\ZettaFolder\Media\2\2197~Onda Geox jingle 07.mp3
02:53:05|That Lady|\\support02\Users\Public\ZettaFolder\Media\2\2109~That Lady.mp3
02:58:30|Onda Geox jingle 06|\\support02\Users\Public\ZettaFolder\Media\2\2196~Onda Geox jingle 06.mp3
02:58:34|Cosmic Girl|\\support02\Users\Public\ZettaFolder\Media\1\1997~Cosmic Girl.mp3
03:02:30|Onda Geox jingle 07|\\support02\Users\Public\ZettaFolder\Media\2\2197~Onda Geox jingle 07.mp3
03:02:33|Feel So High|\\support02\Users\Public\ZettaFolder\Media\2\2002~Feel So High.mp3
03:00:00|AmphiBiox sogg.2|\\support02\Users\Public\ZettaFolder\Media\2\2186~AmphiBiox sogg.2.mp3
03:00:33|Onda Geox jingle 04|\\support02\Users\Public\ZettaFolder\Media\2\2194~Onda Geox jingle 04.mp3
03:00:43|Anything For You|\\support02\Users\Public\ZettaFolder\Media\1\1782~Anything For You.mp3
03:04:07|Onda Geox jingle 07|\\support02\Users\Public\ZettaFolder\Media\2\2197~Onda Geox jingle 07.mp3
03:04:10|Stole|\\support02\Users\Public\ZettaFolder\Media\2\2098~Stole.mp3
03:08:03|Onda Geox jingle 06|\\support02\Users\Public\ZettaFolder\Media\2\2196~Onda Geox jingle 06.mp3
03:08:08|Kiss|\\support02\Users\Public\ZettaFolder\Media\2\2025~Kiss.mp3
03:11:45|Onda Geox jingle 07|\\support02\Users\Public\ZettaFolder\Media\2\2197~Onda Geox jingle 07.mp3
03:11:48|Friends|\\support02\Users\Public\ZettaFolder\Media\1\1885~Friends.mp3
03:15:36|Benefeet sogg.1|\\support02\Users\Public\ZettaFolder\Media\2\2189~Benefeet sogg.1.mp3
03:16:15|Onda Geox jingle 05|\\support02\Users\Public\ZettaFolder\Media\2\2195~Onda Geox jingle 05.mp3
03:16:25|Fallin'|\\support02\Users\Public\ZettaFolder\Media\1\1880~Fallin'.mp3
03:19:35|Onda Geox jingle 07|\\support02\Users\Public\ZettaFolder\Media\2\2197~Onda Geox jingle 07.mp3
03:19:38|Come Fly With Me|\\support02\Users\Public\ZettaFolder\Media\1\1866~Come Fly With Me.mp3
03:22:54|Onda Geox jingle 06|\\support02\Users\Public\ZettaFolder\Media\2\2196~Onda Geox jingle 06.mp3
03:22:58|Return Of The Mack|\\support02\Users\Public\ZettaFolder\Media\2\2070~Return Of The Mack.mp3
03:27:19|Onda Geox jingle 07|\\support02\Users\Public\ZettaFolder\Media\2\2197~Onda Geox jingle 07.mp3
03:27:22|Better Be Good To Me|\\support02\Users\Public\ZettaFolder\Media\0\206~01 Tina Turner _ Better Be Good To M.mp3
03:30:49|AmphiBiox sogg.3|\\support02\Users\Public\ZettaFolder\Media\2\2187~AmphiBiox sogg.3.mp3
03:31:27|Onda Geox jingle 01|\\support02\Users\Public\ZettaFolder\Media\2\2191~Onda Geox jingle 01.mp3
03:31:37|Anything|\\support02\Users\Public\ZettaFolder\Media\2\2149~3T - Anything.mp3
03:36:11|Onda Geox jingle 07|\\support02\Users\Public\ZettaFolder\Media\2\2197~Onda Geox jingle 07.mp3
03:36:14|Another Sad Love Song|\\support02\Users\Public\ZettaFolder\Media\0\261~12 Another Sad Love Song.mp3
03:40:17|Onda Geox jingle 06|\\support02\Users\Public\ZettaFolder\Media\2\2196~Onda Geox jingle 06.mp3
03:40:22|Don't Stop The Music|\\support02\Users\Public\ZettaFolder\Media\1\1873~Don't Stop The Music.mp3
03:44:07|Onda Geox jingle 07|\\support02\Users\Public\ZettaFolder\Media\2\2197~Onda Geox jingle 07.mp3
03:44:10|That Girl|\\support02\Users\Public\ZettaFolder\Media\0\257~10-14 That Girl.mp3
03:46:22|Benefeet sogg.2|\\support02\Users\Public\ZettaFolder\Media\2\2190~Benefeet sogg.2.mp3
03:46:56|Onda Geox jingle 02|\\support02\Users\Public\ZettaFolder\Media\2\2192~Onda Geox jingle 02.mp3
03:47:06|Holding Back The Years|\\support02\Users\Public\ZettaFolder\Media\0\219~04 Holding Back The Years.mp3
03:51:10|Onda Geox jingle 07|\\support02\Users\Public\ZettaFolder\Media\2\2197~Onda Geox jingle 07.mp3
03:51:13|I Swear|\\support02\Users\Public\ZettaFolder\Media\0\220~04 I Swear.mp3
03:55:27|Onda Geox jingle 06|\\support02\Users\Public\ZettaFolder\Media\2\2196~Onda Geox jingle 06.mp3
03:55:31|Remember The Time|\\support02\Users\Public\ZettaFolder\Media\2\2069~Remember The Time.mp3
03:59:26|Onda Geox jingle 07|\\support02\Users\Public\ZettaFolder\Media\2\2197~Onda Geox jingle 07.mp3
03:59:29|Snow on the Sahara|\\support02\Users\Public\ZettaFolder\Media\2\2088~Snow on The Sahara.mp3
04:00:00|AmphiBiox sogg.4|\\support02\Users\Public\ZettaFolder\Media\2\2188~AmphiBiox sogg.4.mp3
04:00:38|Onda Geox jingle 03|\\support02\Users\Public\ZettaFolder\Media\2\2193~Onda Geox jingle 03.mp3
04:00:49|Rush Rush|\\support02\Users\Public\ZettaFolder\Media\2\2075~Rush rush.mp3
04:04:50|Onda Geox jingle 07|\\support02\Users\Public\ZettaFolder\Media\2\2197~Onda Geox jingle 07.mp3
04:04:53|JUST THE TWO OF US|\\support02\Users\Public\ZettaFolder\Media\2\2206~AudioCD#f810f913-14.mp3
04:08:55|Onda Geox jingle 06|\\support02\Users\Public\ZettaFolder\Media\2\2196~Onda Geox jingle 06.mp3
04:08:59|I'll Be Waiting|\\support02\Users\Public\ZettaFolder\Media\1\1899~I'll Be Waiting.mp3
04:12:47|Onda Geox jingle 07|\\support02\Users\Public\ZettaFolder\Media\2\2197~Onda Geox jingle 07.mp3
04:12:50|Human|\\support02\Users\Public\ZettaFolder\Media\0\247~09 Human.mp3
04:16:31|Benefeet sogg.1|\\support02\Users\Public\ZettaFolder\Media\2\2189~Benefeet sogg.1.mp3
04:17:10|Onda Geox jingle 04|\\support02\Users\Public\ZettaFolder\Media\2\2194~Onda Geox jingle 04.mp3
04:17:20|Body And Soul|\\support02\Users\Public\ZettaFolder\Media\1\1991~Body And Soul.mp3
04:21:43|Onda Geox jingle 07|\\support02\Users\Public\ZettaFolder\Media\2\2197~Onda Geox jingle 07.mp3
04:21:46|Happy People|\\support02\Users\Public\ZettaFolder\Media\1\1889~Happy People.mp3
04:26:01|Onda Geox jingle 06|\\support02\Users\Public\ZettaFolder\Media\2\2196~Onda Geox jingle 06.mp3
04:26:05|What Did I Do To You|\\support02\Users\Public\ZettaFolder\Media\2\2128~What Did I Do To You.mp3
04:30:41|Onda Geox jingle 07|\\support02\Users\Public\ZettaFolder\Media\2\2197~Onda Geox jingle 07.mp3
04:30:44|Everything is gonna be allright|\\support02\Users\Public\ZettaFolder\Media\2\2147~Sweetbox - Everything is gonna be allright.mp3
04:33:51|AmphiBiox sogg.1|\\support02\Users\Public\ZettaFolder\Media\2\2185~AmphiBiox sogg.1.mp3
04:34:27|Onda Geox jingle 05|\\support02\Users\Public\ZettaFolder\Media\2\2195~Onda Geox jingle 05.mp3
04:34:38|Show Me The Way|\\support02\Users\Public\ZettaFolder\Media\2\2083~Show Me The Way.mp3
04:38:33|Onda Geox jingle 07|\\support02\Users\Public\ZettaFolder\Media\2\2197~Onda Geox jingle 07.mp3
04:38:36|Try again|\\support02\Users\Public\ZettaFolder\Media\2\2150~Aaliyah - Try again.mp3
04:43:13|Onda Geox jingle 06|\\support02\Users\Public\ZettaFolder\Media\2\2196~Onda Geox jingle 06.mp3
04:43:18|If|\\support02\Users\Public\ZettaFolder\Media\2\2014~If.mp3
04:46:55|Onda Geox jingle 07|\\support02\Users\Public\ZettaFolder\Media\2\2197~Onda Geox jingle 07.mp3
04:46:58|Finally Made Me Happy|\\support02\Users\Public\ZettaFolder\Media\1\1881~Finally Made Me Happy.mp3
04:50:05|Benefeet sogg.2|\\support02\Users\Public\ZettaFolder\Media\2\2190~Benefeet sogg.2.mp3
04:50:39|Onda Geox jingle 01|\\support02\Users\Public\ZettaFolder\Media\2\2191~Onda Geox jingle 01.mp3
04:50:49|Beauty And The Beast|\\support02\Users\Public\ZettaFolder\Media\0\262~13 Beauty And The Beast.mp3
04:54:11|Onda Geox jingle 07|\\support02\Users\Public\ZettaFolder\Media\2\2197~Onda Geox jingle 07.mp3
04:54:14|7 Days|\\support02\Users\Public\ZettaFolder\Media\1\1571~7 Days.mp3
04:57:51|Onda Geox jingle 06|\\support02\Users\Public\ZettaFolder\Media\2\2196~Onda Geox jingle 06.mp3
04:57:55|Emotions|\\support02\Users\Public\ZettaFolder\Media\1\1877~Emotions.mp3
05:01:59|Onda Geox jingle 07|\\support02\Users\Public\ZettaFolder\Media\2\2197~Onda Geox jingle 07.mp3
05:02:02|Hit'em Up Style (Ooops)|\\support02\Users\Public\ZettaFolder\Media\1\1892~Hit'em Up Style (Ooops).mp3
06:00:00|AmphiBiox sogg.2|\\support02\Users\Public\ZettaFolder\Media\2\2186~AmphiBiox sogg.2.mp3
06:00:33|Onda Geox jingle 02|\\support02\Users\Public\ZettaFolder\Media\2\2192~Onda Geox jingle 02.mp3
06:00:43|Heaven Sent You [Album Version]|\\support02\Users\Public\ZettaFolder\Media\0\218~04 Heaven Sent You [Album Version].mp3
06:06:32|Onda Geox jingle 07|\\support02\Users\Public\ZettaFolder\Media\2\2197~Onda Geox jingle 07.mp3
06:06:36|ANOTHER DAY IN PARADISE|\\support02\Users\Public\ZettaFolder\Media\2\2225~AudioCD#fc0f6213-04.mp3
06:10:49|Onda Geox jingle 06|\\support02\Users\Public\ZettaFolder\Media\2\2196~Onda Geox jingle 06.mp3
06:10:53|Jump To My Love|\\support02\Users\Public\ZettaFolder\Media\2\2021~Jump To My Love.mp3
06:14:52|Onda Geox jingle 07|\\support02\Users\Public\ZettaFolder\Media\2\2197~Onda Geox jingle 07.mp3
06:14:55|Sway|\\support02\Users\Public\ZettaFolder\Media\2\2105~Sway.mp3
06:17:59|Benefeet sogg.1|\\support02\Users\Public\ZettaFolder\Media\2\2189~Benefeet sogg.1.mp3
06:18:38|Onda Geox jingle 03|\\support02\Users\Public\ZettaFolder\Media\2\2193~Onda Geox jingle 03.mp3
06:18:49|Love Is|\\support02\Users\Public\ZettaFolder\Media\0\280~15 Love Is.mp3
06:22:43|Onda Geox jingle 07|\\support02\Users\Public\ZettaFolder\Media\2\2197~Onda Geox jingle 07.mp3
06:22:46|He got game|\\support02\Users\Public\ZettaFolder\Media\2\2212~AudioCD#f310f813-12.mp3
06:25:59|Onda Geox jingle 06|\\support02\Users\Public\ZettaFolder\Media\2\2196~Onda Geox jingle 06.mp3
06:26:03|Never Knew Love Like This|\\support02\Users\Public\ZettaFolder\Media\2\2052~Never Knew Love Like This.mp3
06:29:20|Onda Geox jingle 07|\\support02\Users\Public\ZettaFolder\Media\2\2197~Onda Geox jingle 07.mp3
06:29:23|I Try|\\support02\Users\Public\ZettaFolder\Media\2\2010~I Try.mp3
06:33:00|AmphiBiox sogg.4|\\support02\Users\Public\ZettaFolder\Media\2\2188~AmphiBiox sogg.4.mp3
06:33:39|Onda Geox jingle 04|\\support02\Users\Public\ZettaFolder\Media\2\2194~Onda Geox jingle 04.mp3
06:33:49|You've Got It|\\support02\Users\Public\ZettaFolder\Media\2\2136~You've Got It.mp3
06:37:36|Onda Geox jingle 07|\\support02\Users\Public\ZettaFolder\Media\2\2197~Onda Geox jingle 07.mp3
06:37:39|Can We Talk|\\support02\Users\Public\ZettaFolder\Media\0\269~14 Can We Talk.mp3
06:41:51|Onda Geox jingle 06|\\support02\Users\Public\ZettaFolder\Media\2\2196~Onda Geox jingle 06.mp3
06:41:55|So Emotional|\\support02\Users\Public\ZettaFolder\Media\2\2089~So Emotional.mp3
06:46:16|Onda Geox jingle 07|\\support02\Users\Public\ZettaFolder\Media\2\2197~Onda Geox jingle 07.mp3
06:46:19|No Scrubs|\\support02\Users\Public\ZettaFolder\Media\2\2054~No Scrubs.mp3
06:49:43|Benefeet sogg.2|\\support02\Users\Public\ZettaFolder\Media\2\2190~Benefeet sogg.2.mp3
06:50:17|Onda Geox jingle 05|\\support02\Users\Public\ZettaFolder\Media\2\2195~Onda Geox jingle 05.mp3
06:50:28|Always|\\support02\Users\Public\ZettaFolder\Media\1\1780~Always.mp3
06:54:00|Onda Geox jingle 07|\\support02\Users\Public\ZettaFolder\Media\2\2197~Onda Geox jingle 07.mp3
06:54:03|Forget Me Nots|\\support02\Users\Public\ZettaFolder\Media\1\1884~Forget Me Nots.mp3
06:58:34|Onda Geox jingle 06|\\support02\Users\Public\ZettaFolder\Media\2\2196~Onda Geox jingle 06.mp3
06:58:38|Family affair|\\support02\Users\Public\ZettaFolder\Media\2\2170~Mary J Blige - Family affair.mp3
07:02:26|Onda Geox jingle 07|\\support02\Users\Public\ZettaFolder\Media\2\2197~Onda Geox jingle 07.mp3
07:02:29|Raincloud|\\support02\Users\Public\ZettaFolder\Media\2\2066~Raincloud.mp3
07:00:00|AmphiBiox sogg.3|\\support02\Users\Public\ZettaFolder\Media\2\2187~AmphiBiox sogg.3.mp3
07:00:37|Onda Geox jingle 01|\\support02\Users\Public\ZettaFolder\Media\2\2191~Onda Geox jingle 01.mp3
07:00:48|Let's Wait Awhile|\\support02\Users\Public\ZettaFolder\Media\2\2028~Let's Wait Awhile.mp3
07:05:18|Onda Geox jingle 07|\\support02\Users\Public\ZettaFolder\Media\2\2197~Onda Geox jingle 07.mp3
07:05:21|I SAY A LITTLE PRAYER|\\support02\Users\Public\ZettaFolder\Media\2\2217~AudioCD#ca0e1910-08.mp3
07:08:47|Onda Geox jingle 06|\\support02\Users\Public\ZettaFolder\Media\2\2196~Onda Geox jingle 06.mp3
07:08:51|If I Told You That|\\support02\Users\Public\ZettaFolder\Media\1\1901~If I Told You That.mp3
07:12:30|Onda Geox jingle 07|\\support02\Users\Public\ZettaFolder\Media\2\2197~Onda Geox jingle 07.mp3
07:12:33|Raspberry Beret|\\support02\Users\Public\ZettaFolder\Media\0\236~06 Prince _ Rasberry Beret.mp3
07:15:53|Benefeet sogg.1|\\support02\Users\Public\ZettaFolder\Media\2\2189~Benefeet sogg.1.mp3
07:16:32|Onda Geox jingle 02|\\support02\Users\Public\ZettaFolder\Media\2\2192~Onda Geox jingle 02.mp3
07:16:43|Against All Odds|\\support02\Users\Public\ZettaFolder\Media\1\1577~Against All Odds.mp3
07:19:56|Onda Geox jingle 07|\\support02\Users\Public\ZettaFolder\Media\2\2197~Onda Geox jingle 07.mp3
07:19:59|Love Is All We Need|\\support02\Users\Public\ZettaFolder\Media\2\2036~Love Is All We Need.mp3
07:24:07|Onda Geox jingle 06|\\support02\Users\Public\ZettaFolder\Media\2\2196~Onda Geox jingle 06.mp3
07:24:12|The Best Things In Life Are Free|\\support02\Users\Public\ZettaFolder\Media\2\2110~The Best Things In Life Are Free.mp3
07:28:09|Onda Geox jingle 07|\\support02\Users\Public\ZettaFolder\Media\2\2197~Onda Geox jingle 07.mp3
07:28:12|Pure Shores|\\support02\Users\Public\ZettaFolder\Media\2\2064~Pure Shores.mp3
07:32:19|AmphiBiox sogg.1|\\support02\Users\Public\ZettaFolder\Media\2\2185~AmphiBiox sogg.1.mp3
07:32:56|Onda Geox jingle 03|\\support02\Users\Public\ZettaFolder\Media\2\2193~Onda Geox jingle 03.mp3
07:33:07|Sunshine|\\support02\Users\Public\ZettaFolder\Media\2\2102~Sunshine.mp3
07:37:05|Onda Geox jingle 07|\\support02\Users\Public\ZettaFolder\Media\2\2197~Onda Geox jingle 07.mp3
07:37:08|Get It On Tonight|\\support02\Users\Public\ZettaFolder\Media\2\2176~Montell Jordan - Get it on tonight.mp3
07:40:30|Onda Geox jingle 06|\\support02\Users\Public\ZettaFolder\Media\2\2196~Onda Geox jingle 06.mp3
07:40:34|The Glamorous Life|\\support02\Users\Public\ZettaFolder\Media\1\1152~21-08 The Glamorous Life.mp3
07:44:08|Onda Geox jingle 07|\\support02\Users\Public\ZettaFolder\Media\2\2197~Onda Geox jingle 07.mp3
07:44:11|A Dreams A Dream|\\support02\Users\Public\ZettaFolder\Media\1\1574~A Dreams A Dream.mp3
07:48:06|Benefeet sogg.2|\\support02\Users\Public\ZettaFolder\Media\2\2190~Benefeet sogg.2.mp3
07:48:40|Onda Geox jingle 04|\\support02\Users\Public\ZettaFolder\Media\2\2194~Onda Geox jingle 04.mp3
07:48:50|Half On A Baby|\\support02\Users\Public\ZettaFolder\Media\1\1887~Half on a baby.mp3
07:53:23|Onda Geox jingle 07|\\support02\Users\Public\ZettaFolder\Media\2\2197~Onda Geox jingle 07.mp3
07:53:26|Turn Your Love Around|\\support02\Users\Public\ZettaFolder\Media\1\1986~15 George Benson-Turn Your Love Arou.mp3
07:57:02|Onda Geox jingle 06|\\support02\Users\Public\ZettaFolder\Media\2\2196~Onda Geox jingle 06.mp3
07:57:07|You Rock My World|\\support02\Users\Public\ZettaFolder\Media\2\2172~Michael Jackson - You rock my world.mp3
08:01:32|Onda Geox jingle 07|\\support02\Users\Public\ZettaFolder\Media\2\2197~Onda Geox jingle 07.mp3
08:01:35|Lovely Day|\\support02\Users\Public\ZettaFolder\Media\2\2039~Lovely Day.mp3
08:00:00|AmphiBiox sogg.2|\\support02\Users\Public\ZettaFolder\Media\2\2186~AmphiBiox sogg.2.mp3
08:00:33|Onda Geox jingle 05|\\support02\Users\Public\ZettaFolder\Media\2\2195~Onda Geox jingle 05.mp3
08:00:43|No Ordinary Love|\\support02\Users\Public\ZettaFolder\Media\0\241~07 No Ordinary Love.mp3
08:04:36|Onda Geox jingle 07|\\support02\Users\Public\ZettaFolder\Media\2\2197~Onda Geox jingle 07.mp3
08:04:39|All The Way|\\support02\Users\Public\ZettaFolder\Media\1\1639~All The Way.mp3
08:08:02|Onda Geox jingle 06|\\support02\Users\Public\ZettaFolder\Media\2\2196~Onda Geox jingle 06.mp3
08:08:06|Allright|\\support02\Users\Public\ZettaFolder\Media\2\2209~AudioCD#e80ee811-09.mp3
08:11:35|Onda Geox jingle 07|\\support02\Users\Public\ZettaFolder\Media\2\2197~Onda Geox jingle 07.mp3
08:11:38|I?M LIKE A BIRD|\\support02\Users\Public\ZettaFolder\Media\2\2232~AudioCD#070f5f13-12.mp3
08:15:31|Benefeet sogg.1|\\support02\Users\Public\ZettaFolder\Media\2\2189~Benefeet sogg.1.mp3
08:16:10|Onda Geox jingle 01|\\support02\Users\Public\ZettaFolder\Media\2\2191~Onda Geox jingle 01.mp3
08:16:21|On Bended Knee|\\support02\Users\Public\ZettaFolder\Media\0\250~09 On Bended Knee.mp3
08:20:34|Onda Geox jingle 07|\\support02\Users\Public\ZettaFolder\Media\2\2197~Onda Geox jingle 07.mp3
08:20:37|Sexy Love|\\support02\Users\Public\ZettaFolder\Media\2\2082~Sexy Love.mp3
08:24:10|Onda Geox jingle 06|\\support02\Users\Public\ZettaFolder\Media\2\2196~Onda Geox jingle 06.mp3
08:24:15|Forget About The World|\\support02\Users\Public\ZettaFolder\Media\0\201~01 Forget About The World.mp3
08:28:13|Onda Geox jingle 07|\\support02\Users\Public\ZettaFolder\Media\2\2197~Onda Geox jingle 07.mp3
08:28:16|I Wonder Why|\\support02\Users\Public\ZettaFolder\Media\2\2011~I Wonder Why.mp3
08:32:32|AmphiBiox sogg.4|\\support02\Users\Public\ZettaFolder\Media\2\2188~AmphiBiox sogg.4.mp3
08:33:11|Onda Geox jingle 02|\\support02\Users\Public\ZettaFolder\Media\2\2192~Onda Geox jingle 02.mp3
08:33:22|Stay With Me|\\support02\Users\Public\ZettaFolder\Media\0\282~17 One More Chance _ Stay With Me.mp3
08:37:24|Onda Geox jingle 07|\\support02\Users\Public\ZettaFolder\Media\2\2197~Onda Geox jingle 07.mp3
08:37:27|Never Die|\\support02\Users\Public\ZettaFolder\Media\2\2051~Never Die.mp3
08:41:50|Onda Geox jingle 06|\\support02\Users\Public\ZettaFolder\Media\2\2196~Onda Geox jingle 06.mp3
08:41:55|Love don't cost a thing (Remix)|\\support02\Users\Public\ZettaFolder\Media\2\2231~AudioCD#0f0fdf13-03.mp3
08:45:53|Onda Geox jingle 07|\\support02\Users\Public\ZettaFolder\Media\2\2197~Onda Geox jingle 07.mp3
08:45:56|Rehab|\\support02\Users\Public\ZettaFolder\Media\2\2068~Rehab.mp3
08:49:53|Benefeet sogg.2|\\support02\Users\Public\ZettaFolder\Media\2\2190~Benefeet sogg.2.mp3
08:50:27|Onda Geox jingle 03|\\support02\Users\Public\ZettaFolder\Media\2\2193~Onda Geox jingle 03.mp3
08:50:38|Without You|\\support02\Users\Public\ZettaFolder\Media\0\283~17 Without You.mp3
08:53:58|Onda Geox jingle 07|\\support02\Users\Public\ZettaFolder\Media\2\2197~Onda Geox jingle 07.mp3
08:54:02|You Used To Love Me|\\support02\Users\Public\ZettaFolder\Media\1\1987~18 You Used To Love Me.mp3
08:57:56|Onda Geox jingle 06|\\support02\Users\Public\ZettaFolder\Media\2\2196~Onda Geox jingle 06.mp3
08:58:01|Change|\\support02\Users\Public\ZettaFolder\Media\1\1995~Change.mp3
09:01:46|Onda Geox jingle 07|\\support02\Users\Public\ZettaFolder\Media\2\2197~Onda Geox jingle 07.mp3
09:01:49|Breakout|\\support02\Users\Public\ZettaFolder\Media\1\1992~Breakout.mp3
09:00:00|AmphiBiox sogg.3|\\support02\Users\Public\ZettaFolder\Media\2\2187~AmphiBiox sogg.3.mp3
09:00:37|Onda Geox jingle 04|\\support02\Users\Public\ZettaFolder\Media\2\2194~Onda Geox jingle 04.mp3
09:00:48|Take A Message|\\support02\Users\Public\ZettaFolder\Media\2\2178~Remy Shand - Take a message.mp3
09:04:35|Onda Geox jingle 07|\\support02\Users\Public\ZettaFolder\Media\2\2197~Onda Geox jingle 07.mp3
09:04:38|Rapper's delight|\\support02\Users\Public\ZettaFolder\Media\2\2221~AudioCD#e00e9610-15.mp3
09:08:58|Onda Geox jingle 06|\\support02\Users\Public\ZettaFolder\Media\2\2196~Onda Geox jingle 06.mp3
09:09:03|Love Can Move Mountains|\\support02\Users\Public\ZettaFolder\Media\0\279~15 Love Can Move Mountains.mp3
09:12:55|Onda Geox jingle 07|\\support02\Users\Public\ZettaFolder\Media\2\2197~Onda Geox jingle 07.mp3
09:12:58|Someone To Call My Lover|\\support02\Users\Public\ZettaFolder\Media\2\2092~Someone To Call My Lover.mp3
09:16:26|Benefeet sogg.1|\\support02\Users\Public\ZettaFolder\Media\2\2189~Benefeet sogg.1.mp3
09:17:05|Onda Geox jingle 05|\\support02\Users\Public\ZettaFolder\Media\2\2195~Onda Geox jingle 05.mp3
09:17:15|I Can Love You Like That|\\support02\Users\Public\ZettaFolder\Media\2\2155~All 4 One - I can love you like that.mp3
09:21:12|Onda Geox jingle 07|\\support02\Users\Public\ZettaFolder\Media\2\2197~Onda Geox jingle 07.mp3
09:21:15|U Remind Me|\\support02\Users\Public\ZettaFolder\Media\2\2120~U Remind Me.mp3
09:25:40|Onda Geox jingle 06|\\support02\Users\Public\ZettaFolder\Media\2\2196~Onda Geox jingle 06.mp3
09:25:45|Come Away With Me|\\support02\Users\Public\ZettaFolder\Media\1\1865~Come Away With Me.mp3
09:29:55|Onda Geox jingle 07|\\support02\Users\Public\ZettaFolder\Media\2\2197~Onda Geox jingle 07.mp3
09:29:58|Ain't Nobody|\\support02\Users\Public\ZettaFolder\Media\1\1578~Ain't Nobody.mp3
09:34:19|AmphiBiox sogg.1|\\support02\Users\Public\ZettaFolder\Media\2\2185~AmphiBiox sogg.1.mp3
09:34:55|Onda Geox jingle 01|\\support02\Users\Public\ZettaFolder\Media\2\2191~Onda Geox jingle 01.mp3
09:35:05|My Friend|\\support02\Users\Public\ZettaFolder\Media\2\2048~My Friend.mp3
09:39:20|Onda Geox jingle 07|\\support02\Users\Public\ZettaFolder\Media\2\2197~Onda Geox jingle 07.mp3
09:39:23|Strange Kind Of Love|\\support02\Users\Public\ZettaFolder\Media\2\2099~Strange Kind Of Love.mp3
09:43:38|Onda Geox jingle 06|\\support02\Users\Public\ZettaFolder\Media\2\2196~Onda Geox jingle 06.mp3
09:43:42|MEN IN BLACK|\\support02\Users\Public\ZettaFolder\Media\2\2042~Men In Black.mp3
09:47:10|Onda Geox jingle 07|\\support02\Users\Public\ZettaFolder\Media\2\2197~Onda Geox jingle 07.mp3
09:47:13|It's Only Love|\\support02\Users\Public\ZettaFolder\Media\2\2018~It's Only Love.mp3
09:50:54|Benefeet sogg.2|\\support02\Users\Public\ZettaFolder\Media\2\2190~Benefeet sogg.2.mp3
09:51:28|Onda Geox jingle 02|\\support02\Users\Public\ZettaFolder\Media\2\2192~Onda Geox jingle 02.mp3
09:51:39|Lost|\\support02\Users\Public\ZettaFolder\Media\2\2032~Lost.mp3
09:55:11|Onda Geox jingle 07|\\support02\Users\Public\ZettaFolder\Media\2\2197~Onda Geox jingle 07.mp3
09:55:14|The Finest|\\support02\Users\Public\ZettaFolder\Media\2\2113~The Finest.mp3
10:01:01|Onda Geox jingle 06|\\support02\Users\Public\ZettaFolder\Media\2\2196~Onda Geox jingle 06.mp3
10:01:05|Lose Yourself|\\support02\Users\Public\ZettaFolder\Media\0\221~04 Lose Yourself.mp3
10:05:21|Onda Geox jingle 07|\\support02\Users\Public\ZettaFolder\Media\2\2197~Onda Geox jingle 07.mp3
10:05:24|Nightshift|\\support02\Users\Public\ZettaFolder\Media\0\235~06 Nightshift.mp3
10:00:00|AmphiBiox sogg.2|\\support02\Users\Public\ZettaFolder\Media\2\2186~AmphiBiox sogg.2.mp3
10:00:33|Onda Geox jingle 03|\\support02\Users\Public\ZettaFolder\Media\2\2193~Onda Geox jingle 03.mp3
10:00:43|Beautiful|\\support02\Users\Public\ZettaFolder\Media\1\1989~Beautiful.mp3
10:04:38|Onda Geox jingle 07|\\support02\Users\Public\ZettaFolder\Media\2\2197~Onda Geox jingle 07.mp3
10:04:41|Love... Thy Will Be Done|\\support02\Users\Public\ZettaFolder\Media\2\2038~Love...Thy Will Be Done.mp3
10:08:46|Onda Geox jingle 06|\\support02\Users\Public\ZettaFolder\Media\2\2196~Onda Geox jingle 06.mp3
10:08:51|You Give Me Something|\\support02\Users\Public\ZettaFolder\Media\2\2134~You Give Me Something.mp3
10:11:48|Onda Geox jingle 07|\\support02\Users\Public\ZettaFolder\Media\2\2197~Onda Geox jingle 07.mp3
10:11:51|Life|\\support02\Users\Public\ZettaFolder\Media\2\2029~Life.mp3
10:15:05|Benefeet sogg.1|\\support02\Users\Public\ZettaFolder\Media\2\2189~Benefeet sogg.1.mp3
10:15:43|Onda Geox jingle 04|\\support02\Users\Public\ZettaFolder\Media\2\2194~Onda Geox jingle 04.mp3
10:15:53|We Belong Together|\\support02\Users\Public\ZettaFolder\Media\2\2127~We Belong Together.mp3
10:19:06|Onda Geox jingle 07|\\support02\Users\Public\ZettaFolder\Media\2\2197~Onda Geox jingle 07.mp3
10:19:09|Sensitivity|\\support02\Users\Public\ZettaFolder\Media\2\2080~Sensitivity.mp3
10:23:45|Onda Geox jingle 06|\\support02\Users\Public\ZettaFolder\Media\2\2196~Onda Geox jingle 06.mp3
10:23:49|LET'S DANCE|\\support02\Users\Public\ZettaFolder\Media\2\2223~AudioCD#08108b13-05.mp3
10:27:22|Onda Geox jingle 07|\\support02\Users\Public\ZettaFolder\Media\2\2197~Onda Geox jingle 07.mp3
10:27:25|Angel (New Version)|\\support02\Users\Public\ZettaFolder\Media\1\1781~Angel (New Version).mp3
10:32:07|AmphiBiox sogg.4|\\support02\Users\Public\ZettaFolder\Media\2\2188~AmphiBiox sogg.4.mp3
10:32:45|Onda Geox jingle 05|\\support02\Users\Public\ZettaFolder\Media\2\2195~Onda Geox jingle 05.mp3
10:32:55|Save The Best For Last|\\support02\Users\Public\ZettaFolder\Media\0\251~09 Save The Best For Last.mp3
10:36:31|Onda Geox jingle 07|\\support02\Users\Public\ZettaFolder\Media\2\2197~Onda Geox jingle 07.mp3
10:36:34|We just wanna party with you|\\support02\Users\Public\ZettaFolder\Media\2\2211~AudioCD#cd0ed110-12.mp3
10:40:29|Onda Geox jingle 06|\\support02\Users\Public\ZettaFolder\Media\2\2196~Onda Geox jingle 06.mp3
10:40:33|I Would Die 4 U|\\support02\Users\Public\ZettaFolder\Media\1\1897~I Would Die 4 U.mp3
10:43:22|Onda Geox jingle 07|\\support02\Users\Public\ZettaFolder\Media\2\2197~Onda Geox jingle 07.mp3
10:43:25|What's In A Word|\\support02\Users\Public\ZettaFolder\Media\2\2129~What's In A Word.mp3
10:47:49|Benefeet sogg.2|\\support02\Users\Public\ZettaFolder\Media\2\2190~Benefeet sogg.2.mp3
10:48:23|Onda Geox jingle 01|\\support02\Users\Public\ZettaFolder\Media\2\2191~Onda Geox jingle 01.mp3
10:48:33|A Whole New World|\\support02\Users\Public\ZettaFolder\Media\1\1576~A Whole New World.mp3
10:52:31|Onda Geox jingle 07|\\support02\Users\Public\ZettaFolder\Media\2\2197~Onda Geox jingle 07.mp3
10:52:34|You Remind Me Of Something|\\support02\Users\Public\ZettaFolder\Media\1\1983~05 You Remind Me Of Something.mp3
10:56:20|Onda Geox jingle 06|\\support02\Users\Public\ZettaFolder\Media\2\2196~Onda Geox jingle 06.mp3
10:56:24|I Love Your Smile|\\support02\Users\Public\ZettaFolder\Media\2\2144~Shanice - I love your smile.mp3
11:00:38|Onda Geox jingle 07|\\support02\Users\Public\ZettaFolder\Media\2\2197~Onda Geox jingle 07.mp3
11:00:41|O Divina|\\support02\Users\Public\ZettaFolder\Media\2\2226~AudioCD#f60f4412-11.mp3
11:00:00|AmphiBiox sogg.3|\\support02\Users\Public\ZettaFolder\Media\2\2187~AmphiBiox sogg.3.mp3
11:00:37|Onda Geox jingle 02|\\support02\Users\Public\ZettaFolder\Media\2\2192~Onda Geox jingle 02.mp3
11:00:48|Not Gon' Cry|\\support02\Users\Public\ZettaFolder\Media\0\242~07 Not Gon' Cry.mp3
11:05:17|Onda Geox jingle 07|\\support02\Users\Public\ZettaFolder\Media\2\2197~Onda Geox jingle 07.mp3
11:05:20|Summer Sun|\\support02\Users\Public\ZettaFolder\Media\2\2100~Summer Sun.mp3
11:09:03|Onda Geox jingle 06|\\support02\Users\Public\ZettaFolder\Media\2\2196~Onda Geox jingle 06.mp3
11:09:08|Alright|\\support02\Users\Public\ZettaFolder\Media\1\1775~Alright.mp3
11:13:41|Onda Geox jingle 07|\\support02\Users\Public\ZettaFolder\Media\2\2197~Onda Geox jingle 07.mp3
11:13:44|Don't Wanna Lose You|\\support02\Users\Public\ZettaFolder\Media\1\1874~Don't Wanna Lose You.mp3
11:17:37|Benefeet sogg.1|\\support02\Users\Public\ZettaFolder\Media\2\2189~Benefeet sogg.1.mp3
11:18:16|Onda Geox jingle 03|\\support02\Users\Public\ZettaFolder\Media\2\2193~Onda Geox jingle 03.mp3
11:18:27|He Is|\\support02\Users\Public\ZettaFolder\Media\0\266~13 He Is.mp3
11:22:42|Onda Geox jingle 07|\\support02\Users\Public\ZettaFolder\Media\2\2197~Onda Geox jingle 07.mp3
11:22:45|Spiritual Love|\\support02\Users\Public\ZettaFolder\Media\2\2095~Spiritual Love.mp3
11:25:29|Onda Geox jingle 06|\\support02\Users\Public\ZettaFolder\Media\2\2196~Onda Geox jingle 06.mp3
11:25:33|Survivor|\\support02\Users\Public\ZettaFolder\Media\2\2104~Survivor.mp3
11:29:32|Onda Geox jingle 07|\\support02\Users\Public\ZettaFolder\Media\2\2197~Onda Geox jingle 07.mp3
11:29:35|Will You Be There|\\support02\Users\Public\ZettaFolder\Media\0\246~08 Will You Be There.mp3
11:32:54|AmphiBiox sogg.1|\\support02\Users\Public\ZettaFolder\Media\2\2185~AmphiBiox sogg.1.mp3
11:33:30|Onda Geox jingle 04|\\support02\Users\Public\ZettaFolder\Media\2\2194~Onda Geox jingle 04.mp3
11:33:40|One Fine Day|\\support02\Users\Public\ZettaFolder\Media\2\2057~One Fine Day.mp3
11:38:25|Onda Geox jingle 07|\\support02\Users\Public\ZettaFolder\Media\2\2197~Onda Geox jingle 07.mp3
11:38:28|Love Ballad|\\support02\Users\Public\ZettaFolder\Media\2\2033~Love Ballad.mp3
11:42:37|Onda Geox jingle 06|\\support02\Users\Public\ZettaFolder\Media\2\2196~Onda Geox jingle 06.mp3
11:42:41|Criticize|\\support02\Users\Public\ZettaFolder\Media\1\1999~Criticize.mp3
11:46:40|Onda Geox jingle 07|\\support02\Users\Public\ZettaFolder\Media\2\2197~Onda Geox jingle 07.mp3
11:46:43|No One|\\support02\Users\Public\ZettaFolder\Media\0\222~04 No One.mp3
11:50:49|Benefeet sogg.2|\\support02\Users\Public\ZettaFolder\Media\2\2190~Benefeet sogg.2.mp3
11:51:23|Onda Geox jingle 05|\\support02\Users\Public\ZettaFolder\Media\2\2195~Onda Geox jingle 05.mp3
11:51:34|Because You Loved Me|\\support02\Users\Public\ZettaFolder\Media\1\1990~Because You Loved Me.mp3
11:56:01|Onda Geox jingle 07|\\support02\Users\Public\ZettaFolder\Media\2\2197~Onda Geox jingle 07.mp3
11:56:04|You Don't Miss Your Water ('Til The Well Runs Dry)|\\support02\Users\Public\ZettaFolder\Media\1\1984~06 You Don't Miss Your Water ('Til T.mp3
12:01:15|Onda Geox jingle 06|\\support02\Users\Public\ZettaFolder\Media\2\2196~Onda Geox jingle 06.mp3
12:01:20|Heartbreaker|\\support02\Users\Public\ZettaFolder\Media\2\2006~Heartbreaker.mp3
12:05:23|Onda Geox jingle 07|\\support02\Users\Public\ZettaFolder\Media\2\2197~Onda Geox jingle 07.mp3
12:05:26|Natural Blues|\\support02\Users\Public\ZettaFolder\Media\2\2173~Moby - Natural Blues.mp3
12:00:00|AmphiBiox sogg.2|\\support02\Users\Public\ZettaFolder\Media\2\2186~AmphiBiox sogg.2.mp3
12:00:33|Onda Geox jingle 01|\\support02\Users\Public\ZettaFolder\Media\2\2191~Onda Geox jingle 01.mp3
12:00:43|You Mean The World To Me|\\support02\Users\Public\ZettaFolder\Media\1\1985~13 You Mean The World To Me.mp3
12:04:32|Onda Geox jingle 07|\\support02\Users\Public\ZettaFolder\Media\2\2197~Onda Geox jingle 07.mp3
12:04:36|Never As Good As The First Time|\\support02\Users\Public\ZettaFolder\Media\2\2050~Never As Good As The First Time.mp3
12:08:25|Onda Geox jingle 06|\\support02\Users\Public\ZettaFolder\Media\2\2196~Onda Geox jingle 06.mp3
12:08:29|AM to PM|\\support02\Users\Public\ZettaFolder\Media\2\2158~Christina Milian - AM to PM.mp3
12:12:01|Onda Geox jingle 07|\\support02\Users\Public\ZettaFolder\Media\2\2197~Onda Geox jingle 07.mp3
12:12:04|Keep On Movin'|\\support02\Users\Public\ZettaFolder\Media\2\2024~Keep On Movin'.mp3
12:15:31|Benefeet sogg.1|\\support02\Users\Public\ZettaFolder\Media\2\2189~Benefeet sogg.1.mp3
12:16:09|Onda Geox jingle 02|\\support02\Users\Public\ZettaFolder\Media\2\2192~Onda Geox jingle 02.mp3
12:16:20|Say You Love Me|\\support02\Users\Public\ZettaFolder\Media\2\2078~Say You Love Me.mp3
12:19:56|Onda Geox jingle 07|\\support02\Users\Public\ZettaFolder\Media\2\2197~Onda Geox jingle 07.mp3
12:19:59|So Sick|\\support02\Users\Public\ZettaFolder\Media\2\2090~So Sick.mp3
12:23:24|Onda Geox jingle 06|\\support02\Users\Public\ZettaFolder\Media\2\2196~Onda Geox jingle 06.mp3
12:23:29|Little L|\\support02\Users\Public\ZettaFolder\Media\2\2165~Jamiroquai - Little L.mp3
12:27:13|Onda Geox jingle 07|\\support02\Users\Public\ZettaFolder\Media\2\2197~Onda Geox jingle 07.mp3
12:27:16|Moondance|\\support02\Users\Public\ZettaFolder\Media\2\2044~Moondance.mp3
12:31:23|AmphiBiox sogg.4|\\support02\Users\Public\ZettaFolder\Media\2\2188~AmphiBiox sogg.4.mp3
12:32:01|Onda Geox jingle 03|\\support02\Users\Public\ZettaFolder\Media\2\2193~Onda Geox jingle 03.mp3
12:32:12|One More Chance|\\support02\Users\Public\ZettaFolder\Media\2\2058~One More Chance.mp3
12:36:28|Onda Geox jingle 07|\\support02\Users\Public\ZettaFolder\Media\2\2197~Onda Geox jingle 07.mp3
12:36:31|Circle Of One|\\support02\Users\Public\ZettaFolder\Media\1\1862~Circle Of One.mp3
12:40:12|Onda Geox jingle 06|\\support02\Users\Public\ZettaFolder\Media\2\2196~Onda Geox jingle 06.mp3
12:40:16|Oh Sheilla|\\support02\Users\Public\ZettaFolder\Media\2\2055~Oh Sheilla.mp3
12:44:14|Onda Geox jingle 07|\\support02\Users\Public\ZettaFolder\Media\2\2197~Onda Geox jingle 07.mp3
12:44:17|Lifted|\\support02\Users\Public\ZettaFolder\Media\2\2030~Lifted.mp3
12:48:19|Benefeet sogg.2|\\support02\Users\Public\ZettaFolder\Media\2\2190~Benefeet sogg.2.mp3
12:48:53|Onda Geox jingle 04|\\support02\Users\Public\ZettaFolder\Media\2\2194~Onda Geox jingle 04.mp3
12:49:03|I Apologize|\\support02\Users\Public\ZettaFolder\Media\0\226~05 I Apologize.mp3
12:54:08|Onda Geox jingle 07|\\support02\Users\Public\ZettaFolder\Media\2\2197~Onda Geox jingle 07.mp3
12:54:11|Open your eyes|\\support02\Users\Public\ZettaFolder\Media\2\2151~Alice [+] Skye - Open your eyes.mp3
12:58:02|Onda Geox jingle 06|\\support02\Users\Public\ZettaFolder\Media\2\2196~Onda Geox jingle 06.mp3
12:58:06|What's That You're Doing|\\support02\Users\Public\ZettaFolder\Media\2\2130~What's That You're Doing.mp3
13:03:57|Onda Geox jingle 07|\\support02\Users\Public\ZettaFolder\Media\2\2197~Onda Geox jingle 07.mp3
13:04:00|All Nite (Don't Stop)|\\support02\Users\Public\ZettaFolder\Media\1\1581~All Nite (Don't Stop).mp3
13:00:00|AmphiBiox sogg.3|\\support02\Users\Public\ZettaFolder\Media\2\2187~AmphiBiox sogg.3.mp3
13:00:37|Onda Geox jingle 05|\\support02\Users\Public\ZettaFolder\Media\2\2195~Onda Geox jingle 05.mp3
13:00:48|Float On|\\support02\Users\Public\ZettaFolder\Media\1\1883~Float On.mp3
13:04:51|Onda Geox jingle 07|\\support02\Users\Public\ZettaFolder\Media\2\2197~Onda Geox jingle 07.mp3
13:04:54|Still A Friend Of Mine|\\support02\Users\Public\ZettaFolder\Media\2\2097~Still A Friend Of Mine.mp3
13:10:20|Onda Geox jingle 06|\\support02\Users\Public\ZettaFolder\Media\2\2196~Onda Geox jingle 06.mp3
13:10:24|Slave To The Rhythm|\\support02\Users\Public\ZettaFolder\Media\2\2087~Slave To The Rhythm.mp3
13:14:37|Onda Geox jingle 07|\\support02\Users\Public\ZettaFolder\Media\2\2197~Onda Geox jingle 07.mp3
13:14:40|Flashback|\\support02\Users\Public\ZettaFolder\Media\1\1882~Flashback.mp3
13:18:16|Benefeet sogg.1|\\support02\Users\Public\ZettaFolder\Media\2\2189~Benefeet sogg.1.mp3
13:18:55|Onda Geox jingle 01|\\support02\Users\Public\ZettaFolder\Media\2\2191~Onda Geox jingle 01.mp3
13:19:05|Anything|\\support02\Users\Public\ZettaFolder\Media\2\2149~3T - Anything.mp3
13:23:39|Onda Geox jingle 07|\\support02\Users\Public\ZettaFolder\Media\2\2197~Onda Geox jingle 07.mp3
13:23:42|Wait In Summer|\\support02\Users\Public\ZettaFolder\Media\2\2202~AudioCD#08108b13-13.mp3
13:27:01|Onda Geox jingle 06|\\support02\Users\Public\ZettaFolder\Media\2\2196~Onda Geox jingle 06.mp3
13:27:06|She Ain't Worth It|\\support02\Users\Public\ZettaFolder\Media\0\243~07 She Ain't Worth It _ Glenn Medeir.mp3
13:30:34|Onda Geox jingle 07|\\support02\Users\Public\ZettaFolder\Media\2\2197~Onda Geox jingle 07.mp3
13:30:37|Sweet Freedom|\\support02\Users\Public\ZettaFolder\Media\0\229~05 Sweet Freedom.mp3
13:34:28|AmphiBiox sogg.1|\\support02\Users\Public\ZettaFolder\Media\2\2185~AmphiBiox sogg.1.mp3
13:35:04|Onda Geox jingle 02|\\support02\Users\Public\ZettaFolder\Media\2\2192~Onda Geox jingle 02.mp3
13:35:15|Even After All|\\support02\Users\Public\ZettaFolder\Media\2\2148~Finley Quaye - Even after all.mp3
13:38:58|Onda Geox jingle 07|\\support02\Users\Public\ZettaFolder\Media\2\2197~Onda Geox jingle 07.mp3
13:39:01|One Of Those Days|\\support02\Users\Public\ZettaFolder\Media\2\2059~One Of Those Days.mp3
13:42:46|Onda Geox jingle 06|\\support02\Users\Public\ZettaFolder\Media\2\2196~Onda Geox jingle 06.mp3
13:42:50|Do I Do (Edit)|\\support02\Users\Public\ZettaFolder\Media\1\1870~Do I Do (Edit).mp3
13:47:24|Onda Geox jingle 07|\\support02\Users\Public\ZettaFolder\Media\2\2197~Onda Geox jingle 07.mp3
13:47:27|I Still haven't Found What I am Looking For|\\support02\Users\Public\ZettaFolder\Media\1\1896~I Still Haven't Found What I'm Looki.mp3
13:52:36|Benefeet sogg.2|\\support02\Users\Public\ZettaFolder\Media\2\2190~Benefeet sogg.2.mp3
13:53:10|Onda Geox jingle 03|\\support02\Users\Public\ZettaFolder\Media\2\2193~Onda Geox jingle 03.mp3
13:53:21|If You Were Here Tonight|\\support02\Users\Public\ZettaFolder\Media\2\2013~If You Were Here Tonight.mp3
13:56:56|Onda Geox jingle 07|\\support02\Users\Public\ZettaFolder\Media\2\2197~Onda Geox jingle 07.mp3
13:56:59|Ya Mo B There|\\support02\Users\Public\ZettaFolder\Media\2\2132~Ya Mo B There.mp3
14:01:05|Onda Geox jingle 06|\\support02\Users\Public\ZettaFolder\Media\2\2196~Onda Geox jingle 06.mp3
14:01:09|If You Had My Love|\\support02\Users\Public\ZettaFolder\Media\2\2012~If You Had My Love.mp3
14:04:49|Onda Geox jingle 07|\\support02\Users\Public\ZettaFolder\Media\2\2197~Onda Geox jingle 07.mp3
14:04:52|Dilemma|\\support02\Users\Public\ZettaFolder\Media\1\1869~Dilemma.mp3
14:00:00|AmphiBiox sogg.2|\\support02\Users\Public\ZettaFolder\Media\2\2186~AmphiBiox sogg.2.mp3
14:00:33|Onda Geox jingle 04|\\support02\Users\Public\ZettaFolder\Media\2\2194~Onda Geox jingle 04.mp3
14:00:43|Vision Of Love|\\support02\Users\Public\ZettaFolder\Media\2\2124~Vision Of Love.mp3
14:04:04|Onda Geox jingle 07|\\support02\Users\Public\ZettaFolder\Media\2\2197~Onda Geox jingle 07.mp3
14:04:07|IT WASN?T ME|\\support02\Users\Public\ZettaFolder\Media\2\2229~AudioCD#2e105d13-18.mp3
14:07:43|Onda Geox jingle 06|\\support02\Users\Public\ZettaFolder\Media\2\2196~Onda Geox jingle 06.mp3
14:07:48|Love Like This|\\support02\Users\Public\ZettaFolder\Media\2\2164~Faith Evans - Love like this.mp3
14:11:33|Onda Geox jingle 07|\\support02\Users\Public\ZettaFolder\Media\2\2197~Onda Geox jingle 07.mp3
14:11:36|Harvest For The World|\\support02\Users\Public\ZettaFolder\Media\1\1890~Harvest For The World.mp3
14:15:28|Benefeet sogg.1|\\support02\Users\Public\ZettaFolder\Media\2\2189~Benefeet sogg.1.mp3
14:16:06|Onda Geox jingle 05|\\support02\Users\Public\ZettaFolder\Media\2\2195~Onda Geox jingle 05.mp3
14:16:17|If You Don't Know Me By Now|\\support02\Users\Public\ZettaFolder\Media\1\1903~If You Don't Know Me By Now.mp3
14:19:34|Onda Geox jingle 07|\\support02\Users\Public\ZettaFolder\Media\2\2197~Onda Geox jingle 07.mp3
14:19:37|Hold You Tight|\\support02\Users\Public\ZettaFolder\Media\0\258~11 Hold You Tight.mp3
14:23:14|Onda Geox jingle 06|\\support02\Users\Public\ZettaFolder\Media\2\2196~Onda Geox jingle 06.mp3
14:23:19|Do You Want|\\support02\Users\Public\ZettaFolder\Media\2\2159~Co Co Lee - Do you want.mp3
14:26:56|Onda Geox jingle 07|\\support02\Users\Public\ZettaFolder\Media\2\2197~Onda Geox jingle 07.mp3
14:26:59|Unfinished Simpathy|\\support02\Users\Public\ZettaFolder\Media\2\2122~Unfinished Simpathy.mp3
14:31:59|AmphiBiox sogg.4|\\support02\Users\Public\ZettaFolder\Media\2\2188~AmphiBiox sogg.4.mp3
14:32:37|Onda Geox jingle 01|\\support02\Users\Public\ZettaFolder\Media\2\2191~Onda Geox jingle 01.mp3
14:32:48|I Wish I Wasn't|\\support02\Users\Public\ZettaFolder\Media\0\277~15 I Wish I Wasn't.mp3
14:36:58|Onda Geox jingle 07|\\support02\Users\Public\ZettaFolder\Media\2\2197~Onda Geox jingle 07.mp3
14:37:01|My One Temptation|\\support02\Users\Public\ZettaFolder\Media\2\2049~My One Temptation.mp3
14:40:16|Onda Geox jingle 06|\\support02\Users\Public\ZettaFolder\Media\2\2196~Onda Geox jingle 06.mp3
14:40:20|Virtual Insanity|\\support02\Users\Public\ZettaFolder\Media\2\2123~Virtual Insanity.mp3
14:43:54|Onda Geox jingle 07|\\support02\Users\Public\ZettaFolder\Media\2\2197~Onda Geox jingle 07.mp3
14:43:57|Mornin'|\\support02\Users\Public\ZettaFolder\Media\2\2045~Mornin'.mp3
14:48:00|Benefeet sogg.2|\\support02\Users\Public\ZettaFolder\Media\2\2190~Benefeet sogg.2.mp3
14:48:34|Onda Geox jingle 02|\\support02\Users\Public\ZettaFolder\Media\2\2192~Onda Geox jingle 02.mp3
14:48:45|Superwoman|\\support02\Users\Public\ZettaFolder\Media\0\212~02 Superwoman.mp3
14:53:08|Onda Geox jingle 07|\\support02\Users\Public\ZettaFolder\Media\2\2197~Onda Geox jingle 07.mp3
14:53:11|Livin' It Up|\\support02\Users\Public\ZettaFolder\Media\2\2031~Livin' It Up.mp3
14:57:01|Onda Geox jingle 06|\\support02\Users\Public\ZettaFolder\Media\2\2196~Onda Geox jingle 06.mp3
14:57:06|Home Alone|\\support02\Users\Public\ZettaFolder\Media\1\1893~Home Alone.mp3
15:01:08|Onda Geox jingle 07|\\support02\Users\Public\ZettaFolder\Media\2\2197~Onda Geox jingle 07.mp3
15:01:11|Spider Man 'Theme'|\\support02\Users\Public\ZettaFolder\Media\2\2094~Spider Man 'Theme'.mp3
15:00:00|AmphiBiox sogg.3|\\support02\Users\Public\ZettaFolder\Media\2\2187~AmphiBiox sogg.3.mp3
15:00:37|Onda Geox jingle 03|\\support02\Users\Public\ZettaFolder\Media\2\2193~Onda Geox jingle 03.mp3
15:00:48|Un-Break My Heart (Album)|\\support02\Users\Public\ZettaFolder\Media\0\223~04 Un-Break My Heart (Album).mp3
15:05:01|Onda Geox jingle 07|\\support02\Users\Public\ZettaFolder\Media\2\2197~Onda Geox jingle 07.mp3
15:05:04|Power Of Love|\\support02\Users\Public\ZettaFolder\Media\2\2063~Power Of Love.mp3
15:09:13|Onda Geox jingle 06|\\support02\Users\Public\ZettaFolder\Media\2\2196~Onda Geox jingle 06.mp3
15:09:17|Summer Jam|\\support02\Users\Public\ZettaFolder\Media\2\2228~AudioCD#10103813-19.mp3
15:12:45|Onda Geox jingle 07|\\support02\Users\Public\ZettaFolder\Media\2\2197~Onda Geox jingle 07.mp3
15:12:48|Most Beautiful Girl In The World|\\support02\Users\Public\ZettaFolder\Media\0\254~10 Most Beautiful Girl In The World.mp3
15:16:34|Benefeet sogg.1|\\support02\Users\Public\ZettaFolder\Media\2\2189~Benefeet sogg.1.mp3
15:17:12|Onda Geox jingle 04|\\support02\Users\Public\ZettaFolder\Media\2\2194~Onda Geox jingle 04.mp3
15:17:23|If You Asked Me To|\\support02\Users\Public\ZettaFolder\Media\0\271~14 If You Asked Me To.mp3
15:21:00|Onda Geox jingle 07|\\support02\Users\Public\ZettaFolder\Media\2\2197~Onda Geox jingle 07.mp3
15:21:03|I'm Ready|\\support02\Users\Public\ZettaFolder\Media\0\278~15 I'm Ready.mp3
15:25:35|Onda Geox jingle 06|\\support02\Users\Public\ZettaFolder\Media\2\2196~Onda Geox jingle 06.mp3
15:25:40|Move On Up|\\support02\Users\Public\ZettaFolder\Media\2\2047~Move On Up.mp3
15:29:33|Onda Geox jingle 07|\\support02\Users\Public\ZettaFolder\Media\2\2197~Onda Geox jingle 07.mp3
15:29:36|We Don't Need Another Hero|\\support02\Users\Public\ZettaFolder\Media\0\213~02 Tina Turner _ We Don't Need Anoth.mp3
15:33:36|AmphiBiox sogg.1|\\support02\Users\Public\ZettaFolder\Media\2\2185~AmphiBiox sogg.1.mp3
15:34:13|Onda Geox jingle 05|\\support02\Users\Public\ZettaFolder\Media\2\2195~Onda Geox jingle 05.mp3
15:34:23|Sweet Baby|\\support02\Users\Public\ZettaFolder\Media\2\2106~Sweet Baby.mp3
15:38:00|Onda Geox jingle 07|\\support02\Users\Public\ZettaFolder\Media\2\2197~Onda Geox jingle 07.mp3
15:38:03|Just Cruisin'|\\support02\Users\Public\ZettaFolder\Media\2\2213~AudioCD#e3109012-08.mp3
15:41:56|Onda Geox jingle 06|\\support02\Users\Public\ZettaFolder\Media\2\2196~Onda Geox jingle 06.mp3
15:42:01|Because Of Love|\\support02\Users\Public\ZettaFolder\Media\0\263~13 Because Of Love.mp3
15:45:28|Onda Geox jingle 07|\\support02\Users\Public\ZettaFolder\Media\2\2197~Onda Geox jingle 07.mp3
15:45:31|Could I Have This Kiss Forever|\\support02\Users\Public\ZettaFolder\Media\2\2181~Whitney Houston [+] Enrique Iglesias - Could I have this kiss forever.mp3
15:49:22|Benefeet sogg.2|\\support02\Users\Public\ZettaFolder\Media\2\2190~Benefeet sogg.2.mp3
15:49:56|Onda Geox jingle 01|\\support02\Users\Public\ZettaFolder\Media\2\2191~Onda Geox jingle 01.mp3
15:50:07|Givin' You The Best That I Got|\\support02\Users\Public\ZettaFolder\Media\1\1886~Givin' You The Best That I Got.mp3
15:54:05|Onda Geox jingle 07|\\support02\Users\Public\ZettaFolder\Media\2\2197~Onda Geox jingle 07.mp3
15:54:08|Sometimes|\\support02\Users\Public\ZettaFolder\Media\2\2214~AudioCD#fb0ff012-16.mp3
15:58:20|Onda Geox jingle 06|\\support02\Users\Public\ZettaFolder\Media\2\2196~Onda Geox jingle 06.mp3
15:58:24|Don't You Worry 'Bout A Thing|\\support02\Users\Public\ZettaFolder\Media\1\1875~Don't You Worry 'Bout A Thing.mp3
16:03:34|Onda Geox jingle 07|\\support02\Users\Public\ZettaFolder\Media\2\2197~Onda Geox jingle 07.mp3
16:03:37|Fantasy|\\support02\Users\Public\ZettaFolder\Media\0\265~13 Fantasy.mp3
16:00:00|AmphiBiox sogg.2|\\support02\Users\Public\ZettaFolder\Media\2\2186~AmphiBiox sogg.2.mp3
16:00:33|Onda Geox jingle 02|\\support02\Users\Public\ZettaFolder\Media\2\2192~Onda Geox jingle 02.mp3
16:00:43|Doesn't Mean Anything|\\support02\Users\Public\ZettaFolder\Media\2\2153~Alicia Keys - Doesn't Mean Anything.mp3
16:04:44|Onda Geox jingle 07|\\support02\Users\Public\ZettaFolder\Media\2\2197~Onda Geox jingle 07.mp3
16:04:47|You Remind Me|\\support02\Users\Public\ZettaFolder\Media\2\2135~You Remind Me.mp3
16:08:50|Onda Geox jingle 06|\\support02\Users\Public\ZettaFolder\Media\2\2196~Onda Geox jingle 06.mp3
16:08:55|Mo money mo problems|\\support02\Users\Public\ZettaFolder\Media\2\2216~AudioCD#2410f913-13.mp3
16:12:56|Onda Geox jingle 07|\\support02\Users\Public\ZettaFolder\Media\2\2197~Onda Geox jingle 07.mp3
16:12:59|You Gotta Be|\\support02\Users\Public\ZettaFolder\Media\1\1982~05 You Gotta Be.mp3
16:16:48|Benefeet sogg.1|\\support02\Users\Public\ZettaFolder\Media\2\2189~Benefeet sogg.1.mp3
16:17:27|Onda Geox jingle 03|\\support02\Users\Public\ZettaFolder\Media\2\2193~Onda Geox jingle 03.mp3
16:17:37|Holding Back The Years|\\support02\Users\Public\ZettaFolder\Media\0\219~04 Holding Back The Years.mp3
16:21:41|Onda Geox jingle 07|\\support02\Users\Public\ZettaFolder\Media\2\2197~Onda Geox jingle 07.mp3
16:21:44|Jump To It|\\support02\Users\Public\ZettaFolder\Media\2\2020~Jump To It.mp3
16:25:47|Onda Geox jingle 06|\\support02\Users\Public\ZettaFolder\Media\2\2196~Onda Geox jingle 06.mp3
16:25:52|I'll Be Missing You|\\support02\Users\Public\ZettaFolder\Media\1\1898~I'll Be Missing You.mp3
16:29:44|Onda Geox jingle 07|\\support02\Users\Public\ZettaFolder\Media\2\2197~Onda Geox jingle 07.mp3
16:29:47|Dreams|\\support02\Users\Public\ZettaFolder\Media\2\2000~Dreams.mp3
16:33:18|AmphiBiox sogg.4|\\support02\Users\Public\ZettaFolder\Media\2\2188~AmphiBiox sogg.4.mp3
16:33:57|Onda Geox jingle 04|\\support02\Users\Public\ZettaFolder\Media\2\2194~Onda Geox jingle 04.mp3
16:34:07|Wish I Didn't Miss You|\\support02\Users\Public\ZettaFolder\Media\2\2131~Wish I Didn't Miss You.mp3
16:38:14|Onda Geox jingle 07|\\support02\Users\Public\ZettaFolder\Media\2\2197~Onda Geox jingle 07.mp3
16:38:17|Freak Like Me|\\support02\Users\Public\ZettaFolder\Media\0\253~10 Freak Like Me.mp3
16:42:14|Onda Geox jingle 06|\\support02\Users\Public\ZettaFolder\Media\2\2196~Onda Geox jingle 06.mp3
16:42:18|I'm Every Woman|C:\Geox\MediaImport\ok\I'm Every Woman.mp3
16:47:01|Onda Geox jingle 07|\\support02\Users\Public\ZettaFolder\Media\2\2197~Onda Geox jingle 07.mp3
16:47:04|Right Here|\\support02\Users\Public\ZettaFolder\Media\0\256~10 Right Here.mp3
16:50:42|Benefeet sogg.2|\\support02\Users\Public\ZettaFolder\Media\2\2190~Benefeet sogg.2.mp3
16:51:16|Onda Geox jingle 05|\\support02\Users\Public\ZettaFolder\Media\2\2195~Onda Geox jingle 05.mp3
16:51:26|When Can I See You|\\support02\Users\Public\ZettaFolder\Media\0\238~06 When Can I See You.mp3
16:55:42|Onda Geox jingle 07|\\support02\Users\Public\ZettaFolder\Media\2\2197~Onda Geox jingle 07.mp3
16:55:45|Miss Independent|\\support02\Users\Public\ZettaFolder\Media\2\2043~Miss Independent.mp3
16:59:34|Onda Geox jingle 06|\\support02\Users\Public\ZettaFolder\Media\2\2196~Onda Geox jingle 06.mp3
16:59:38|Love Foolosophy|\\support02\Users\Public\ZettaFolder\Media\2\2034~Love Foolosophy.mp3
17:03:21|Onda Geox jingle 07|\\support02\Users\Public\ZettaFolder\Media\2\2197~Onda Geox jingle 07.mp3
17:03:24|As|\\support02\Users\Public\ZettaFolder\Media\1\1784~As.mp3
17:00:00|AmphiBiox sogg.3|\\support02\Users\Public\ZettaFolder\Media\2\2187~AmphiBiox sogg.3.mp3
17:00:37|Onda Geox jingle 01|\\support02\Users\Public\ZettaFolder\Media\2\2191~Onda Geox jingle 01.mp3
17:00:48|No Ordinary Love|\\support02\Users\Public\ZettaFolder\Media\0\241~07 No Ordinary Love.mp3
17:04:40|Onda Geox jingle 07|\\support02\Users\Public\ZettaFolder\Media\2\2197~Onda Geox jingle 07.mp3
17:04:43|Rock Wit' Cha|\\support02\Users\Public\ZettaFolder\Media\0\217~04 Bobby Brown _ Rock Wit' Cha.mp3
17:08:53|Onda Geox jingle 06|\\support02\Users\Public\ZettaFolder\Media\2\2196~Onda Geox jingle 06.mp3
17:08:58|Crazy In Love|\\support02\Users\Public\ZettaFolder\Media\0\198~01 Crazy In Love.mp3
17:12:25|Onda Geox jingle 07|\\support02\Users\Public\ZettaFolder\Media\2\2197~Onda Geox jingle 07.mp3
17:12:28|High|\\support02\Users\Public\ZettaFolder\Media\2\2008~High.mp3
17:16:33|Benefeet sogg.1|\\support02\Users\Public\ZettaFolder\Media\2\2189~Benefeet sogg.1.mp3
17:17:12|Onda Geox jingle 02|\\support02\Users\Public\ZettaFolder\Media\2\2192~Onda Geox jingle 02.mp3
17:17:23|Piano In The dark|\\support02\Users\Public\ZettaFolder\Media\2\2062~Piano In The Dark.mp3
17:22:35|Onda Geox jingle 07|\\support02\Users\Public\ZettaFolder\Media\2\2197~Onda Geox jingle 07.mp3
17:22:38|Saturday Love|\\support02\Users\Public\ZettaFolder\Media\2\2076~Saturday Love.mp3
17:26:53|Onda Geox jingle 06|\\support02\Users\Public\ZettaFolder\Media\2\2196~Onda Geox jingle 06.mp3
17:26:57|The Way You make Me Feel|\\support02\Users\Public\ZettaFolder\Media\1\1980~03 The Way You Make Me Feel.mp3
17:31:12|Onda Geox jingle 07|\\support02\Users\Public\ZettaFolder\Media\2\2197~Onda Geox jingle 07.mp3
17:31:15|Turn Off The Light|\\support02\Users\Public\ZettaFolder\Media\2\2177~Nelly Furtado - Turn off the light.mp3
17:35:32|AmphiBiox sogg.1|\\support02\Users\Public\ZettaFolder\Media\2\2185~AmphiBiox sogg.1.mp3
17:36:08|Onda Geox jingle 03|\\support02\Users\Public\ZettaFolder\Media\2\2193~Onda Geox jingle 03.mp3
17:36:19|I Can Love You Like That|\\support02\Users\Public\ZettaFolder\Media\0\215~03 I Can Love You Like That.mp3
17:40:29|Onda Geox jingle 07|\\support02\Users\Public\ZettaFolder\Media\2\2197~Onda Geox jingle 07.mp3
17:40:32|Girl On TV|\\support02\Users\Public\ZettaFolder\Media\2\2168~LFO - Girl On TV.mp3
17:44:38|Onda Geox jingle 06|\\support02\Users\Public\ZettaFolder\Media\2\2196~Onda Geox jingle 06.mp3
17:44:42|Control|\\support02\Users\Public\ZettaFolder\Media\0\203~01 Janet Jackson - Control.mp3
17:48:08|Onda Geox jingle 07|\\support02\Users\Public\ZettaFolder\Media\2\2197~Onda Geox jingle 07.mp3
17:48:11|I Believe|\\support02\Users\Public\ZettaFolder\Media\0\227~05 I Believe.mp3
17:51:53|Benefeet sogg.2|\\support02\Users\Public\ZettaFolder\Media\2\2190~Benefeet sogg.2.mp3
17:52:27|Onda Geox jingle 04|\\support02\Users\Public\ZettaFolder\Media\2\2194~Onda Geox jingle 04.mp3
17:52:37|Against All Odds|\\support02\Users\Public\ZettaFolder\Media\1\1577~Against All Odds.mp3
17:55:50|Onda Geox jingle 07|\\support02\Users\Public\ZettaFolder\Media\2\2197~Onda Geox jingle 07.mp3
17:55:53|Come Into My Life|\\support02\Users\Public\ZettaFolder\Media\1\1867~Come Into My Life.mp3
17:59:30|Onda Geox jingle 06|\\support02\Users\Public\ZettaFolder\Media\2\2196~Onda Geox jingle 06.mp3
17:59:34|What's Your Flava?|\\support02\Users\Public\ZettaFolder\Media\0\214~02 What's Your Flava_.mp3
18:03:06|Onda Geox jingle 07|\\support02\Users\Public\ZettaFolder\Media\2\2197~Onda Geox jingle 07.mp3
18:03:09|Friends|\\support02\Users\Public\ZettaFolder\Media\1\1885~Friends.mp3
19:00:00|AmphiBiox sogg.4|\\support02\Users\Public\ZettaFolder\Media\2\2188~AmphiBiox sogg.4.mp3
19:00:38|Onda Geox jingle 02|\\support02\Users\Public\ZettaFolder\Media\2\2192~Onda Geox jingle 02.mp3
19:00:49|Foolish|\\support02\Users\Public\ZettaFolder\Media\2\2156~Ashanti - Foolish.mp3
19:04:11|Onda Geox jingle 07|\\support02\Users\Public\ZettaFolder\Media\2\2197~Onda Geox jingle 07.mp3
19:04:15|2020|\\support02\Users\Public\ZettaFolder\Media\0\285~2020.mp3
19:08:12|Onda Geox jingle 06|\\support02\Users\Public\ZettaFolder\Media\2\2196~Onda Geox jingle 06.mp3
19:08:16|Play|\\support02\Users\Public\ZettaFolder\Media\2\2205~AudioCD#fd0ff112-02.mp3
19:11:46|Onda Geox jingle 07|\\support02\Users\Public\ZettaFolder\Media\2\2197~Onda Geox jingle 07.mp3
19:11:49|Joy|\\support02\Users\Public\ZettaFolder\Media\2\2019~Joy.mp3
19:15:48|Benefeet sogg.1|\\support02\Users\Public\ZettaFolder\Media\2\2189~Benefeet sogg.1.mp3
19:16:26|Onda Geox jingle 03|\\support02\Users\Public\ZettaFolder\Media\2\2193~Onda Geox jingle 03.mp3
19:16:37|You've Got It|\\support02\Users\Public\ZettaFolder\Media\2\2136~You've Got It.mp3
19:20:24|Onda Geox jingle 07|\\support02\Users\Public\ZettaFolder\Media\2\2197~Onda Geox jingle 07.mp3
19:20:27|Right To Be Wrong|\\support02\Users\Public\ZettaFolder\Media\2\2073~Right To Be Wrong.mp3
19:24:23|Onda Geox jingle 06|\\support02\Users\Public\ZettaFolder\Media\2\2196~Onda Geox jingle 06.mp3
19:24:27|Surrender|\\support02\Users\Public\ZettaFolder\Media\2\2103~Surrender.mp3
19:28:09|Onda Geox jingle 07|\\support02\Users\Public\ZettaFolder\Media\2\2197~Onda Geox jingle 07.mp3
19:28:12|Purple Rain|\\support02\Users\Public\ZettaFolder\Media\0\210~02 Prince _ Purple Rain.mp3
19:32:18|AmphiBiox sogg.2|\\support02\Users\Public\ZettaFolder\Media\2\2186~AmphiBiox sogg.2.mp3
19:32:51|Onda Geox jingle 04|\\support02\Users\Public\ZettaFolder\Media\2\2194~Onda Geox jingle 04.mp3
19:33:02|One Fine Day|\\support02\Users\Public\ZettaFolder\Media\2\2057~One Fine Day.mp3
19:37:47|Onda Geox jingle 07|\\support02\Users\Public\ZettaFolder\Media\2\2197~Onda Geox jingle 07.mp3
19:37:50|Creep|\\support02\Users\Public\ZettaFolder\Media\1\1868~Creep.mp3
19:42:07|Onda Geox jingle 06|\\support02\Users\Public\ZettaFolder\Media\2\2196~Onda Geox jingle 06.mp3
19:42:11|Everyday|\\support02\Users\Public\ZettaFolder\Media\2\2001~Everyday.mp3
19:46:51|Onda Geox jingle 07|\\support02\Users\Public\ZettaFolder\Media\2\2197~Onda Geox jingle 07.mp3
19:46:55|MAD ABOUT YOU|\\support02\Users\Public\ZettaFolder\Media\2\2230~AudioCD#ed100312-18.mp3
19:50:35|Benefeet sogg.2|\\support02\Users\Public\ZettaFolder\Media\2\2190~Benefeet sogg.2.mp3
19:51:09|Onda Geox jingle 05|\\support02\Users\Public\ZettaFolder\Media\2\2195~Onda Geox jingle 05.mp3
19:51:19|Not Gon' Cry|\\support02\Users\Public\ZettaFolder\Media\0\242~07 Not Gon' Cry.mp3
19:55:48|Onda Geox jingle 07|\\support02\Users\Public\ZettaFolder\Media\2\2197~Onda Geox jingle 07.mp3
19:55:51|Skeletons|\\support02\Users\Public\ZettaFolder\Media\2\2086~Skeletons.mp3
20:01:03|Onda Geox jingle 06|\\support02\Users\Public\ZettaFolder\Media\2\2196~Onda Geox jingle 06.mp3
20:01:07|All For You|\\support02\Users\Public\ZettaFolder\Media\1\1580~All For You.mp3
20:04:58|Onda Geox jingle 07|\\support02\Users\Public\ZettaFolder\Media\2\2197~Onda Geox jingle 07.mp3
20:05:01|I Don't Wanna Fight|\\support02\Users\Public\ZettaFolder\Media\0\259~11 I Don't Wanna Fight.mp3
20:00:00|AmphiBiox sogg.1|\\support02\Users\Public\ZettaFolder\Media\2\2185~AmphiBiox sogg.1.mp3
20:00:36|Onda Geox jingle 01|\\support02\Users\Public\ZettaFolder\Media\2\2191~Onda Geox jingle 01.mp3
20:00:46|Apple Tree|\\support02\Users\Public\ZettaFolder\Media\1\1783~Apple Tree.mp3
20:05:01|Onda Geox jingle 07|\\support02\Users\Public\ZettaFolder\Media\2\2197~Onda Geox jingle 07.mp3
20:05:04|A Foggy Day (In London Town)|\\support02\Users\Public\ZettaFolder\Media\1\1575~A Foggy Day (In London Town).mp3
20:07:33|Onda Geox jingle 06|\\support02\Users\Public\ZettaFolder\Media\2\2196~Onda Geox jingle 06.mp3
20:07:37|All Around The World|\\support02\Users\Public\ZettaFolder\Media\1\1579~All Around The World.mp3
20:11:54|Onda Geox jingle 07|\\support02\Users\Public\ZettaFolder\Media\2\2197~Onda Geox jingle 07.mp3
20:11:57|Rise & Fall|\\support02\Users\Public\ZettaFolder\Media\2\2074~Rise & Fall.mp3
20:15:50|Benefeet sogg.1|\\support02\Users\Public\ZettaFolder\Media\2\2189~Benefeet sogg.1.mp3
20:16:28|Onda Geox jingle 02|\\support02\Users\Public\ZettaFolder\Media\2\2192~Onda Geox jingle 02.mp3
20:16:39|Anything|\\support02\Users\Public\ZettaFolder\Media\2\2149~3T - Anything.mp3
20:21:13|Onda Geox jingle 07|\\support02\Users\Public\ZettaFolder\Media\2\2197~Onda Geox jingle 07.mp3
20:21:16|Outstanding|\\support02\Users\Public\ZettaFolder\Media\2\2061~Outstanding.mp3
20:26:21|Onda Geox jingle 06|\\support02\Users\Public\ZettaFolder\Media\2\2196~Onda Geox jingle 06.mp3
20:26:25|Work (Freemasons Radio Edit)|\\support02\Users\Public\ZettaFolder\Media\0\207~01 Work (Freemasons Radio Edit).mp3
20:29:29|Onda Geox jingle 07|\\support02\Users\Public\ZettaFolder\Media\2\2197~Onda Geox jingle 07.mp3
20:29:32|Porcelain|\\support02\Users\Public\ZettaFolder\Media\2\2174~Moby - Porcelain.mp3
20:33:29|AmphiBiox sogg.3|\\support02\Users\Public\ZettaFolder\Media\2\2187~AmphiBiox sogg.3.mp3
20:34:07|Onda Geox jingle 03|\\support02\Users\Public\ZettaFolder\Media\2\2193~Onda Geox jingle 03.mp3
20:34:18|Secret Lovers|\\support02\Users\Public\ZettaFolder\Media\2\2079~Secret Lovers.mp3
20:39:33|Onda Geox jingle 07|\\support02\Users\Public\ZettaFolder\Media\2\2197~Onda Geox jingle 07.mp3
20:39:36|Thank You|\\support02\Users\Public\ZettaFolder\Media\0\205~01 Thank You.mp3
20:44:00|Onda Geox jingle 06|\\support02\Users\Public\ZettaFolder\Media\2\2196~Onda Geox jingle 06.mp3
20:44:04|LET ME BLOW YA MIND|\\support02\Users\Public\ZettaFolder\Media\2\2222~AudioCD#3e10e115-05.mp3
20:47:39|Onda Geox jingle 07|\\support02\Users\Public\ZettaFolder\Media\2\2197~Onda Geox jingle 07.mp3
20:47:42|One Sweet Day|\\support02\Users\Public\ZettaFolder\Media\0\273~14 One Sweet Day.mp3
20:52:20|Benefeet sogg.2|\\support02\Users\Public\ZettaFolder\Media\2\2190~Benefeet sogg.2.mp3
20:52:54|Onda Geox jingle 04|\\support02\Users\Public\ZettaFolder\Media\2\2194~Onda Geox jingle 04.mp3
20:53:04|Beautiful|\\support02\Users\Public\ZettaFolder\Media\1\1989~Beautiful.mp3
20:56:59|Onda Geox jingle 07|\\support02\Users\Public\ZettaFolder\Media\2\2197~Onda Geox jingle 07.mp3
20:57:02|Turn On, Tune In, Cop Oout|\\support02\Users\Public\ZettaFolder\Media\2\2119~Turn On, Tune In, Cop Out.mp3
21:01:15|Onda Geox jingle 06|\\support02\Users\Public\ZettaFolder\Media\2\2196~Onda Geox jingle 06.mp3
21:01:19|Cosmic Girl|\\support02\Users\Public\ZettaFolder\Media\1\1997~Cosmic Girl.mp3
21:05:15|Onda Geox jingle 07|\\support02\Users\Public\ZettaFolder\Media\2\2197~Onda Geox jingle 07.mp3
21:05:18|Crazy|\\support02\Users\Public\ZettaFolder\Media\1\1998~Crazy.mp3
21:00:00|AmphiBiox sogg.4|\\support02\Users\Public\ZettaFolder\Media\2\2188~AmphiBiox sogg.4.mp3
21:00:38|Onda Geox jingle 05|\\support02\Users\Public\ZettaFolder\Media\2\2195~Onda Geox jingle 05.mp3
21:00:48|Sunshine|\\support02\Users\Public\ZettaFolder\Media\2\2102~Sunshine.mp3
21:04:47|Onda Geox jingle 07|\\support02\Users\Public\ZettaFolder\Media\2\2197~Onda Geox jingle 07.mp3
21:04:50|Show Me|\\support02\Users\Public\ZettaFolder\Media\2\2161~Dana Dawson - Show me.mp3
21:08:27|Onda Geox jingle 06|\\support02\Users\Public\ZettaFolder\Media\2\2196~Onda Geox jingle 06.mp3
21:08:32|Shy Guy|\\support02\Users\Public\ZettaFolder\Media\2\2084~Shy Guy.mp3
21:12:08|Onda Geox jingle 07|\\support02\Users\Public\ZettaFolder\Media\2\2197~Onda Geox jingle 07.mp3
21:12:11|Une Histoire D'Amoure|\\support02\Users\Public\ZettaFolder\Media\2\2121~Une Histoire D'Amoure.mp3
21:16:06|Benefeet sogg.1|\\support02\Users\Public\ZettaFolder\Media\2\2189~Benefeet sogg.1.mp3
21:16:44|Onda Geox jingle 01|\\support02\Users\Public\ZettaFolder\Media\2\2191~Onda Geox jingle 01.mp3
21:16:55|Human nature|\\support02\Users\Public\ZettaFolder\Media\0\249~09 Michael Jackson _ Human Nature.mp3
21:20:54|Onda Geox jingle 07|\\support02\Users\Public\ZettaFolder\Media\2\2197~Onda Geox jingle 07.mp3
21:20:57|Don't Love You No More (I'm Sorry)|\\support02\Users\Public\ZettaFolder\Media\1\1872~Don't Love You No More (I'm Sorry).mp3
21:24:42|Onda Geox jingle 06|\\support02\Users\Public\ZettaFolder\Media\2\2196~Onda Geox jingle 06.mp3
21:24:47|Riding On A Train|\\support02\Users\Public\ZettaFolder\Media\2\2072~Riding On A Train.mp3
21:30:03|Onda Geox jingle 07|\\support02\Users\Public\ZettaFolder\Media\2\2197~Onda Geox jingle 07.mp3
21:30:06|Snow on the Sahara|\\support02\Users\Public\ZettaFolder\Media\2\2088~Snow on The Sahara.mp3
21:34:03|AmphiBiox sogg.2|\\support02\Users\Public\ZettaFolder\Media\2\2186~AmphiBiox sogg.2.mp3
21:34:36|Onda Geox jingle 02|\\support02\Users\Public\ZettaFolder\Media\2\2192~Onda Geox jingle 02.mp3
21:34:47|A Woman's Worth|\\support02\Users\Public\ZettaFolder\Media\2\2152~Alicia Keys - A woman's worth.mp3
21:39:08|Onda Geox jingle 07|\\support02\Users\Public\ZettaFolder\Media\2\2197~Onda Geox jingle 07.mp3
21:39:11|Even When You Sleep|\\support02\Users\Public\ZettaFolder\Media\1\1878~Even When You Sleep.mp3
21:43:05|Onda Geox jingle 06|\\support02\Users\Public\ZettaFolder\Media\2\2196~Onda Geox jingle 06.mp3
21:43:09|I'll Be Waiting|\\support02\Users\Public\ZettaFolder\Media\1\1899~I'll Be Waiting.mp3
21:46:57|Onda Geox jingle 07|\\support02\Users\Public\ZettaFolder\Media\2\2197~Onda Geox jingle 07.mp3
21:47:00|Everything is gonna be allright|\\support02\Users\Public\ZettaFolder\Media\2\2147~Sweetbox - Everything is gonna be allright.mp3
21:50:07|Benefeet sogg.2|\\support02\Users\Public\ZettaFolder\Media\2\2190~Benefeet sogg.2.mp3
21:50:41|Onda Geox jingle 03|\\support02\Users\Public\ZettaFolder\Media\2\2193~Onda Geox jingle 03.mp3
21:50:52|Body And Soul|\\support02\Users\Public\ZettaFolder\Media\1\1991~Body And Soul.mp3
21:55:15|Onda Geox jingle 07|\\support02\Users\Public\ZettaFolder\Media\2\2197~Onda Geox jingle 07.mp3
21:55:18|Hangin' On A String (Contemplating)|\\support02\Users\Public\ZettaFolder\Media\1\1888~Hangin' On A String (Contemplating).mp3
22:01:01|Onda Geox jingle 06|\\support02\Users\Public\ZettaFolder\Media\2\2196~Onda Geox jingle 06.mp3
22:01:05|Emotions|\\support02\Users\Public\ZettaFolder\Media\1\1877~Emotions.mp3
22:05:09|Onda Geox jingle 07|\\support02\Users\Public\ZettaFolder\Media\2\2197~Onda Geox jingle 07.mp3
22:05:12|Stay|\\support02\Users\Public\ZettaFolder\Media\2\2096~Stay.mp3
22:00:00|AmphiBiox sogg.1|\\support02\Users\Public\ZettaFolder\Media\2\2185~AmphiBiox sogg.1.mp3
22:00:36|Onda Geox jingle 04|\\support02\Users\Public\ZettaFolder\Media\2\2194~Onda Geox jingle 04.mp3
22:00:46|If You Asked Me To|\\support02\Users\Public\ZettaFolder\Media\1\1902~If You Ask Me To.mp3
22:04:34|Onda Geox jingle 07|\\support02\Users\Public\ZettaFolder\Media\2\2197~Onda Geox jingle 07.mp3
22:04:37|Shackless|\\support02\Users\Public\ZettaFolder\Media\2\2171~Mary Mary - Shackless.mp3
22:07:33|Onda Geox jingle 06|\\support02\Users\Public\ZettaFolder\Media\2\2196~Onda Geox jingle 06.mp3
22:07:38|Through The Storm|\\support02\Users\Public\ZettaFolder\Media\2\2117~Through The Storm.mp3
22:11:29|Onda Geox jingle 07|\\support02\Users\Public\ZettaFolder\Media\2\2197~Onda Geox jingle 07.mp3
22:11:32|7 Seconds|\\support02\Users\Public\ZettaFolder\Media\1\1572~7 Seconds.mp3
22:15:29|Benefeet sogg.1|\\support02\Users\Public\ZettaFolder\Media\2\2189~Benefeet sogg.1.mp3
22:16:08|Onda Geox jingle 05|\\support02\Users\Public\ZettaFolder\Media\2\2195~Onda Geox jingle 05.mp3
22:16:18|Anything For You|\\support02\Users\Public\ZettaFolder\Media\1\1782~Anything For You.mp3
22:19:43|Onda Geox jingle 07|\\support02\Users\Public\ZettaFolder\Media\2\2197~Onda Geox jingle 07.mp3
22:19:46|Twentyfourseven|\\support02\Users\Public\ZettaFolder\Media\2\2204~AudioCD#f60f4412-06.mp3
22:23:28|Onda Geox jingle 06|\\support02\Users\Public\ZettaFolder\Media\2\2196~Onda Geox jingle 06.mp3
22:23:32|Kiss|\\support02\Users\Public\ZettaFolder\Media\2\2025~Kiss.mp3
22:27:10|Onda Geox jingle 07|\\support02\Users\Public\ZettaFolder\Media\2\2197~Onda Geox jingle 07.mp3
22:27:13|Hit'em Up Style (Ooops)|\\support02\Users\Public\ZettaFolder\Media\1\1892~Hit'em Up Style (Ooops).mp3
22:30:59|AmphiBiox sogg.3|\\support02\Users\Public\ZettaFolder\Media\2\2187~AmphiBiox sogg.3.mp3
22:31:37|Onda Geox jingle 01|\\support02\Users\Public\ZettaFolder\Media\2\2191~Onda Geox jingle 01.mp3
22:31:47|I Have Nothing|\\support02\Users\Public\ZettaFolder\Media\0\202~01 I Have Nothing.mp3
22:36:28|Onda Geox jingle 07|\\support02\Users\Public\ZettaFolder\Media\2\2197~Onda Geox jingle 07.mp3
22:36:31|Full Moon|\\support02\Users\Public\ZettaFolder\Media\0\209~02 Full Moon.mp3
22:40:40|Onda Geox jingle 06|\\support02\Users\Public\ZettaFolder\Media\2\2196~Onda Geox jingle 06.mp3
22:40:44|Hypnotize|\\support02\Users\Public\ZettaFolder\Media\2\2220~AudioCD#f30f6811-17.mp3
22:44:33|Onda Geox jingle 07|\\support02\Users\Public\ZettaFolder\Media\2\2197~Onda Geox jingle 07.mp3
22:44:36|Into My Soul|\\support02\Users\Public\ZettaFolder\Media\2\2140~Into My Soul_2_1_1_1.mp3
22:49:05|Benefeet sogg.2|\\support02\Users\Public\ZettaFolder\Media\2\2190~Benefeet sogg.2.mp3
22:49:39|Onda Geox jingle 02|\\support02\Users\Public\ZettaFolder\Media\2\2192~Onda Geox jingle 02.mp3
22:49:50|Beauty And The Beast|\\support02\Users\Public\ZettaFolder\Media\0\262~13 Beauty And The Beast.mp3
22:53:12|Onda Geox jingle 07|\\support02\Users\Public\ZettaFolder\Media\2\2197~Onda Geox jingle 07.mp3
22:53:15|Love x Love|\\support02\Users\Public\ZettaFolder\Media\2\2037~Love x Love.mp3
22:57:53|Onda Geox jingle 06|\\support02\Users\Public\ZettaFolder\Media\2\2196~Onda Geox jingle 06.mp3
22:57:58|Heaven|\\support02\Users\Public\ZettaFolder\Media\1\1891~Heaven.mp3
23:01:37|Onda Geox jingle 07|\\support02\Users\Public\ZettaFolder\Media\2\2197~Onda Geox jingle 07.mp3
23:01:41|Finally Made Me Happy|\\support02\Users\Public\ZettaFolder\Media\1\1881~Finally Made Me Happy.mp3
23:00:00|AmphiBiox sogg.4|\\support02\Users\Public\ZettaFolder\Media\2\2188~AmphiBiox sogg.4.mp3
23:00:38|Onda Geox jingle 03|\\support02\Users\Public\ZettaFolder\Media\2\2193~Onda Geox jingle 03.mp3
23:00:49|If You Were Here Tonight|\\support02\Users\Public\ZettaFolder\Media\2\2013~If You Were Here Tonight.mp3
23:04:23|Onda Geox jingle 07|\\support02\Users\Public\ZettaFolder\Media\2\2197~Onda Geox jingle 07.mp3
23:04:26|Save The Last Dance For Me|\\support02\Users\Public\ZettaFolder\Media\2\2077~Save The Last Dance For Me.mp3
23:08:01|Onda Geox jingle 06|\\support02\Users\Public\ZettaFolder\Media\2\2196~Onda Geox jingle 06.mp3
23:08:05|Romantic|\\support02\Users\Public\ZettaFolder\Media\0\204~01 Romantic.mp3
23:12:06|Onda Geox jingle 07|\\support02\Users\Public\ZettaFolder\Media\2\2197~Onda Geox jingle 07.mp3
23:12:09|I Try|\\support02\Users\Public\ZettaFolder\Media\2\2010~I Try.mp3
23:15:46|Benefeet sogg.1|\\support02\Users\Public\ZettaFolder\Media\2\2189~Benefeet sogg.1.mp3
23:16:24|Onda Geox jingle 04|\\support02\Users\Public\ZettaFolder\Media\2\2194~Onda Geox jingle 04.mp3
23:16:35|Save The Best For Last|\\support02\Users\Public\ZettaFolder\Media\0\251~09 Save The Best For Last.mp3
23:20:10|Onda Geox jingle 07|\\support02\Users\Public\ZettaFolder\Media\2\2197~Onda Geox jingle 07.mp3
23:20:13|Got 'Til It's Gone|\\support02\Users\Public\ZettaFolder\Media\2\2004~Got 'Til It's Gone.mp3
23:23:44|Onda Geox jingle 06|\\support02\Users\Public\ZettaFolder\Media\2\2196~Onda Geox jingle 06.mp3
23:23:48|Don't Stop The Music|\\support02\Users\Public\ZettaFolder\Media\1\1873~Don't Stop The Music.mp3
23:27:34|Onda Geox jingle 07|\\support02\Users\Public\ZettaFolder\Media\2\2197~Onda Geox jingle 07.mp3
23:27:37|Feel So High|\\support02\Users\Public\ZettaFolder\Media\2\2002~Feel So High.mp3
23:31:22|AmphiBiox sogg.2|\\support02\Users\Public\ZettaFolder\Media\2\2186~AmphiBiox sogg.2.mp3
23:31:56|Onda Geox jingle 05|\\support02\Users\Public\ZettaFolder\Media\2\2195~Onda Geox jingle 05.mp3
23:32:06|WALKING AWAY|\\support02\Users\Public\ZettaFolder\Media\2\2126~Walking Away.mp3
23:35:18|Onda Geox jingle 07|\\support02\Users\Public\ZettaFolder\Media\2\2197~Onda Geox jingle 07.mp3
23:35:21|Summertime 98|\\support02\Users\Public\ZettaFolder\Media\2\2210~AudioCD#dd0f0d11-15.mp3
23:39:27|Onda Geox jingle 06|\\support02\Users\Public\ZettaFolder\Media\2\2196~Onda Geox jingle 06.mp3
23:39:32|She's Got That Vibe|\\support02\Users\Public\ZettaFolder\Media\0\228~05 She's Got That Vibe.mp3
23:43:16|Onda Geox jingle 07|\\support02\Users\Public\ZettaFolder\Media\2\2197~Onda Geox jingle 07.mp3
23:43:19|One|\\support02\Users\Public\ZettaFolder\Media\2\2060~One.mp3
23:47:37|Benefeet sogg.2|\\support02\Users\Public\ZettaFolder\Media\2\2190~Benefeet sogg.2.mp3
23:48:11|Onda Geox jingle 01|\\support02\Users\Public\ZettaFolder\Media\2\2191~Onda Geox jingle 01.mp3
23:48:22|On My Own|\\support02\Users\Public\ZettaFolder\Media\2\2056~On My Own.mp3
23:53:04|Onda Geox jingle 07|\\support02\Users\Public\ZettaFolder\Media\2\2197~Onda Geox jingle 07.mp3
23:53:07|World Looking In|\\support02\Users\Public\ZettaFolder\Media\2\2182~Morcheeba -  World Looking In.mp3
23:56:27|Onda Geox jingle 06|\\support02\Users\Public\ZettaFolder\Media\2\2196~Onda Geox jingle 06.mp3
23:56:31|Return Of The Mack|\\support02\Users\Public\ZettaFolder\Media\2\2070~Return Of The Mack.mp3
00:00:52|Onda Geox jingle 07|\\support02\Users\Public\ZettaFolder\Media\2\2197~Onda Geox jingle 07.mp3
00:00:55|Human|\\support02\Users\Public\ZettaFolder\Media\0\247~09 Human.mp3
