00:00:00|AmphiBiox sogg.1|\\support02\Users\Public\ZettaFolder\Media\2\2185~AmphiBiox sogg.1.mp3
00:00:36|Onda Geox jingle 04|\\support02\Users\Public\ZettaFolder\Media\2\2194~Onda Geox jingle 04.mp3
00:00:46|Doesn't Mean Anything|\\support02\Users\Public\ZettaFolder\Media\2\2153~Alicia Keys - Doesn't Mean Anything.mp3
00:04:47|Onda Geox jingle 07|\\support02\Users\Public\ZettaFolder\Media\2\2197~Onda Geox jingle 07.mp3
00:04:50|I SAY A LITTLE PRAYER|\\support02\Users\Public\ZettaFolder\Media\2\2217~AudioCD#ca0e1910-08.mp3
00:08:15|Onda Geox jingle 06|\\support02\Users\Public\ZettaFolder\Media\2\2196~Onda Geox jingle 06.mp3
00:08:20|Oh Sheilla|\\support02\Users\Public\ZettaFolder\Media\2\2055~Oh Sheilla.mp3
00:12:18|Onda Geox jingle 07|\\support02\Users\Public\ZettaFolder\Media\2\2197~Onda Geox jingle 07.mp3
00:12:21|Rhthm Of Life|\\support02\Users\Public\ZettaFolder\Media\2\2071~Rhythm Of Life.mp3
00:16:22|Benefeet sogg.1|\\support02\Users\Public\ZettaFolder\Media\2\2189~Benefeet sogg.1.mp3
00:17:00|Onda Geox jingle 05|\\support02\Users\Public\ZettaFolder\Media\2\2195~Onda Geox jingle 05.mp3
00:17:11|Lost|\\support02\Users\Public\ZettaFolder\Media\2\2032~Lost.mp3
00:20:42|Onda Geox jingle 07|\\support02\Users\Public\ZettaFolder\Media\2\2197~Onda Geox jingle 07.mp3
00:20:45|Forget Me Nots|\\support02\Users\Public\ZettaFolder\Media\1\1884~Forget Me Nots.mp3
00:25:16|Onda Geox jingle 06|\\support02\Users\Public\ZettaFolder\Media\2\2196~Onda Geox jingle 06.mp3
00:25:21|Crazy In Love|\\support02\Users\Public\ZettaFolder\Media\0\198~01 Crazy In Love.mp3
00:28:48|Onda Geox jingle 07|\\support02\Users\Public\ZettaFolder\Media\2\2197~Onda Geox jingle 07.mp3
00:28:51|Unfinished Simpathy|\\support02\Users\Public\ZettaFolder\Media\2\2122~Unfinished Simpathy.mp3
00:33:50|AmphiBiox sogg.4|\\support02\Users\Public\ZettaFolder\Media\2\2188~AmphiBiox sogg.4.mp3
00:34:29|Onda Geox jingle 01|\\support02\Users\Public\ZettaFolder\Media\2\2191~Onda Geox jingle 01.mp3
00:34:39|Take A Message|\\support02\Users\Public\ZettaFolder\Media\2\2178~Remy Shand - Take a message.mp3
00:38:27|Onda Geox jingle 07|\\support02\Users\Public\ZettaFolder\Media\2\2197~Onda Geox jingle 07.mp3
00:38:30|Come Into My Life|\\support02\Users\Public\ZettaFolder\Media\1\1867~Come Into My Life.mp3
00:42:06|Onda Geox jingle 06|\\support02\Users\Public\ZettaFolder\Media\2\2196~Onda Geox jingle 06.mp3
00:42:10|Heartbreaker|\\support02\Users\Public\ZettaFolder\Media\2\2006~Heartbreaker.mp3
00:46:14|Onda Geox jingle 07|\\support02\Users\Public\ZettaFolder\Media\2\2197~Onda Geox jingle 07.mp3
00:46:17|Don't Wanna Lose You|\\support02\Users\Public\ZettaFolder\Media\1\1874~Don't Wanna Lose You.mp3
00:50:11|Benefeet sogg.2|\\support02\Users\Public\ZettaFolder\Media\2\2190~Benefeet sogg.2.mp3
00:50:45|Onda Geox jingle 02|\\support02\Users\Public\ZettaFolder\Media\2\2192~Onda Geox jingle 02.mp3
00:50:55|He Is|\\support02\Users\Public\ZettaFolder\Media\0\266~13 He Is.mp3
00:55:11|Onda Geox jingle 07|\\support02\Users\Public\ZettaFolder\Media\2\2197~Onda Geox jingle 07.mp3
00:55:14|Turn Your Love Around|\\support02\Users\Public\ZettaFolder\Media\1\1986~15 George Benson-Turn Your Love Arou.mp3
00:58:50|Onda Geox jingle 06|\\support02\Users\Public\ZettaFolder\Media\2\2196~Onda Geox jingle 06.mp3
00:58:55|Never Knew Love Like This|\\support02\Users\Public\ZettaFolder\Media\2\2052~Never Knew Love Like This.mp3
01:02:12|Onda Geox jingle 07|\\support02\Users\Public\ZettaFolder\Media\2\2197~Onda Geox jingle 07.mp3
01:02:15|I Try|\\support02\Users\Public\ZettaFolder\Media\2\2010~I Try.mp3
01:00:00|AmphiBiox sogg.2|\\support02\Users\Public\ZettaFolder\Media\2\2186~AmphiBiox sogg.2.mp3
01:00:33|Onda Geox jingle 03|\\support02\Users\Public\ZettaFolder\Media\2\2193~Onda Geox jingle 03.mp3
01:00:43|Beautiful|\\support02\Users\Public\ZettaFolder\Media\1\1989~Beautiful.mp3
01:04:38|Onda Geox jingle 07|\\support02\Users\Public\ZettaFolder\Media\2\2197~Onda Geox jingle 07.mp3
01:04:41|Saturday Love|\\support02\Users\Public\ZettaFolder\Media\2\2076~Saturday Love.mp3
01:08:56|Onda Geox jingle 06|\\support02\Users\Public\ZettaFolder\Media\2\2196~Onda Geox jingle 06.mp3
01:09:01|Do I Do (Edit)|\\support02\Users\Public\ZettaFolder\Media\1\1870~Do I Do (Edit).mp3
01:13:35|Onda Geox jingle 07|\\support02\Users\Public\ZettaFolder\Media\2\2197~Onda Geox jingle 07.mp3
01:13:38|Right Here|\\support02\Users\Public\ZettaFolder\Media\0\256~10 Right Here.mp3
01:17:15|Benefeet sogg.1|\\support02\Users\Public\ZettaFolder\Media\2\2189~Benefeet sogg.1.mp3
01:17:54|Onda Geox jingle 04|\\support02\Users\Public\ZettaFolder\Media\2\2194~Onda Geox jingle 04.mp3
01:18:04|A Whole New World|\\support02\Users\Public\ZettaFolder\Media\1\1576~A Whole New World.mp3
01:22:02|Onda Geox jingle 07|\\support02\Users\Public\ZettaFolder\Media\2\2197~Onda Geox jingle 07.mp3
01:22:05|You Used To Love Me|\\support02\Users\Public\ZettaFolder\Media\1\1987~18 You Used To Love Me.mp3
01:25:59|Onda Geox jingle 06|\\support02\Users\Public\ZettaFolder\Media\2\2196~Onda Geox jingle 06.mp3
01:26:04|AM to PM|\\support02\Users\Public\ZettaFolder\Media\2\2158~Christina Milian - AM to PM.mp3
01:29:36|Onda Geox jingle 07|\\support02\Users\Public\ZettaFolder\Media\2\2197~Onda Geox jingle 07.mp3
01:29:39|Ain't Nobody|\\support02\Users\Public\ZettaFolder\Media\1\1578~Ain't Nobody.mp3
01:34:00|AmphiBiox sogg.3|\\support02\Users\Public\ZettaFolder\Media\2\2187~AmphiBiox sogg.3.mp3
01:34:38|Onda Geox jingle 05|\\support02\Users\Public\ZettaFolder\Media\2\2195~Onda Geox jingle 05.mp3
01:34:48|Even After All|\\support02\Users\Public\ZettaFolder\Media\2\2148~Finley Quaye - Even after all.mp3
01:38:30|Onda Geox jingle 07|\\support02\Users\Public\ZettaFolder\Media\2\2197~Onda Geox jingle 07.mp3
01:38:33|Can We Talk|\\support02\Users\Public\ZettaFolder\Media\0\269~14 Can We Talk.mp3
01:42:46|Onda Geox jingle 06|\\support02\Users\Public\ZettaFolder\Media\2\2196~Onda Geox jingle 06.mp3
01:42:50|Jump To My Love|\\support02\Users\Public\ZettaFolder\Media\2\2021~Jump To My Love.mp3
01:46:49|Onda Geox jingle 07|\\support02\Users\Public\ZettaFolder\Media\2\2197~Onda Geox jingle 07.mp3
01:46:52|Someone To Call My Lover|\\support02\Users\Public\ZettaFolder\Media\2\2092~Someone To Call My Lover.mp3
01:50:20|Benefeet sogg.2|\\support02\Users\Public\ZettaFolder\Media\2\2190~Benefeet sogg.2.mp3
01:50:54|Onda Geox jingle 01|\\support02\Users\Public\ZettaFolder\Media\2\2191~Onda Geox jingle 01.mp3
01:51:05|Always|\\support02\Users\Public\ZettaFolder\Media\1\1780~Always.mp3
01:54:37|Onda Geox jingle 07|\\support02\Users\Public\ZettaFolder\Media\2\2197~Onda Geox jingle 07.mp3
01:54:40|Girl On TV|\\support02\Users\Public\ZettaFolder\Media\2\2168~LFO - Girl On TV.mp3
01:58:46|Onda Geox jingle 06|\\support02\Users\Public\ZettaFolder\Media\2\2196~Onda Geox jingle 06.mp3
01:58:50|She Ain't Worth It|\\support02\Users\Public\ZettaFolder\Media\0\243~07 She Ain't Worth It _ Glenn Medeir.mp3
02:02:18|Onda Geox jingle 07|\\support02\Users\Public\ZettaFolder\Media\2\2197~Onda Geox jingle 07.mp3
02:02:21|Stay|\\support02\Users\Public\ZettaFolder\Media\2\2096~Stay.mp3
02:00:00|AmphiBiox sogg.1|\\support02\Users\Public\ZettaFolder\Media\2\2185~AmphiBiox sogg.1.mp3
02:00:36|Onda Geox jingle 02|\\support02\Users\Public\ZettaFolder\Media\2\2192~Onda Geox jingle 02.mp3
02:00:47|Love Is|\\support02\Users\Public\ZettaFolder\Media\0\280~15 Love Is.mp3
02:04:41|Onda Geox jingle 07|\\support02\Users\Public\ZettaFolder\Media\2\2197~Onda Geox jingle 07.mp3
02:04:44|U Know What's Up|\\support02\Users\Public\ZettaFolder\Media\2\2163~Donell Jones - U know what's up.mp3
02:08:34|Onda Geox jingle 06|\\support02\Users\Public\ZettaFolder\Media\2\2196~Onda Geox jingle 06.mp3
02:08:39|What's That You're Doing|\\support02\Users\Public\ZettaFolder\Media\2\2130~What's That You're Doing.mp3
02:14:29|Onda Geox jingle 07|\\support02\Users\Public\ZettaFolder\Media\2\2197~Onda Geox jingle 07.mp3
02:14:32|No Scrubs|\\support02\Users\Public\ZettaFolder\Media\2\2054~No Scrubs.mp3
02:17:57|Benefeet sogg.1|\\support02\Users\Public\ZettaFolder\Media\2\2189~Benefeet sogg.1.mp3
02:18:36|Onda Geox jingle 03|\\support02\Users\Public\ZettaFolder\Media\2\2193~Onda Geox jingle 03.mp3
02:18:46|Against All Odds|\\support02\Users\Public\ZettaFolder\Media\1\1577~Against All Odds.mp3
02:21:59|Onda Geox jingle 07|\\support02\Users\Public\ZettaFolder\Media\2\2197~Onda Geox jingle 07.mp3
02:22:02|Dream On Dreamer|\\support02\Users\Public\ZettaFolder\Media\1\1876~Dream On Dreamer.mp3
02:25:19|Onda Geox jingle 06|\\support02\Users\Public\ZettaFolder\Media\2\2196~Onda Geox jingle 06.mp3
02:25:24|Canned Heat|\\support02\Users\Public\ZettaFolder\Media\1\1993~Canned Heat.mp3
02:28:35|Onda Geox jingle 07|\\support02\Users\Public\ZettaFolder\Media\2\2197~Onda Geox jingle 07.mp3
02:28:38|Will You Be There|\\support02\Users\Public\ZettaFolder\Media\0\246~08 Will You Be There.mp3
02:31:57|AmphiBiox sogg.4|\\support02\Users\Public\ZettaFolder\Media\2\2188~AmphiBiox sogg.4.mp3
02:32:35|Onda Geox jingle 04|\\support02\Users\Public\ZettaFolder\Media\2\2194~Onda Geox jingle 04.mp3
02:32:46|Because You Loved Me|\\support02\Users\Public\ZettaFolder\Media\1\1990~Because You Loved Me.mp3
02:37:13|Onda Geox jingle 07|\\support02\Users\Public\ZettaFolder\Media\2\2197~Onda Geox jingle 07.mp3
02:37:16|All The Way|\\support02\Users\Public\ZettaFolder\Media\1\1639~All The Way.mp3
02:40:39|Onda Geox jingle 06|\\support02\Users\Public\ZettaFolder\Media\2\2196~Onda Geox jingle 06.mp3
02:40:43|So Emotional|\\support02\Users\Public\ZettaFolder\Media\2\2089~So Emotional.mp3
02:45:04|Onda Geox jingle 07|\\support02\Users\Public\ZettaFolder\Media\2\2197~Onda Geox jingle 07.mp3
02:45:07|Spider Man 'Theme'|\\support02\Users\Public\ZettaFolder\Media\2\2094~Spider Man 'Theme'.mp3
02:48:03|Benefeet sogg.2|\\support02\Users\Public\ZettaFolder\Media\2\2190~Benefeet sogg.2.mp3
02:48:37|Onda Geox jingle 05|\\support02\Users\Public\ZettaFolder\Media\2\2195~Onda Geox jingle 05.mp3
02:48:48|Un-Break My Heart (Album)|\\support02\Users\Public\ZettaFolder\Media\0\223~04 Un-Break My Heart (Album).mp3
02:53:01|Onda Geox jingle 07|\\support02\Users\Public\ZettaFolder\Media\2\2197~Onda Geox jingle 07.mp3
02:53:04|caravan Of Love|\\support02\Users\Public\ZettaFolder\Media\1\1994~Caravan Of Love.mp3
02:57:19|Onda Geox jingle 06|\\support02\Users\Public\ZettaFolder\Media\2\2196~Onda Geox jingle 06.mp3
02:57:24|Because Of You|\\support02\Users\Public\ZettaFolder\Media\1\1904~Because Of You.mp3
03:01:06|Onda Geox jingle 07|\\support02\Users\Public\ZettaFolder\Media\2\2197~Onda Geox jingle 07.mp3
03:01:09|Raspberry Beret|\\support02\Users\Public\ZettaFolder\Media\0\236~06 Prince _ Rasberry Beret.mp3
04:00:00|AmphiBiox sogg.2|\\support02\Users\Public\ZettaFolder\Media\2\2186~AmphiBiox sogg.2.mp3
04:00:33|Onda Geox jingle 01|\\support02\Users\Public\ZettaFolder\Media\2\2191~Onda Geox jingle 01.mp3
04:00:43|Again|\\support02\Users\Public\ZettaFolder\Media\0\225~05 Again.mp3
04:04:27|Onda Geox jingle 07|\\support02\Users\Public\ZettaFolder\Media\2\2197~Onda Geox jingle 07.mp3
04:04:30|(Damn These) Hungry Times|\\support02\Users\Public\ZettaFolder\Media\0\199~(Damn These) Hungry Times.mp3
04:08:37|Onda Geox jingle 06|\\support02\Users\Public\ZettaFolder\Media\2\2196~Onda Geox jingle 06.mp3
04:08:41|Home Alone|\\support02\Users\Public\ZettaFolder\Media\1\1893~Home Alone.mp3
04:12:43|Onda Geox jingle 07|\\support02\Users\Public\ZettaFolder\Media\2\2197~Onda Geox jingle 07.mp3
04:12:46|Natural Blues|\\support02\Users\Public\ZettaFolder\Media\2\2173~Moby - Natural Blues.mp3
04:15:44|Benefeet sogg.1|\\support02\Users\Public\ZettaFolder\Media\2\2189~Benefeet sogg.1.mp3
04:16:22|Onda Geox jingle 02|\\support02\Users\Public\ZettaFolder\Media\2\2192~Onda Geox jingle 02.mp3
04:16:33|Vision Of Love|\\support02\Users\Public\ZettaFolder\Media\2\2124~Vision Of Love.mp3
04:19:54|Onda Geox jingle 07|\\support02\Users\Public\ZettaFolder\Media\2\2197~Onda Geox jingle 07.mp3
04:19:57|Question Of Faith|\\support02\Users\Public\ZettaFolder\Media\2\2065~Question Of Faith.mp3
04:23:33|Onda Geox jingle 06|\\support02\Users\Public\ZettaFolder\Media\2\2196~Onda Geox jingle 06.mp3
04:23:37|Summer Jam|\\support02\Users\Public\ZettaFolder\Media\2\2228~AudioCD#10103813-19.mp3
04:27:05|Onda Geox jingle 07|\\support02\Users\Public\ZettaFolder\Media\2\2197~Onda Geox jingle 07.mp3
04:27:08|A Dreams A Dream|\\support02\Users\Public\ZettaFolder\Media\1\1574~A Dreams A Dream.mp3
04:31:02|AmphiBiox sogg.3|\\support02\Users\Public\ZettaFolder\Media\2\2187~AmphiBiox sogg.3.mp3
04:31:40|Onda Geox jingle 03|\\support02\Users\Public\ZettaFolder\Media\2\2193~Onda Geox jingle 03.mp3
04:31:51|If You Don't Know Me By Now|\\support02\Users\Public\ZettaFolder\Media\1\1903~If You Don't Know Me By Now.mp3
04:35:08|Onda Geox jingle 07|\\support02\Users\Public\ZettaFolder\Media\2\2197~Onda Geox jingle 07.mp3
04:35:11|Love Is All We Need|\\support02\Users\Public\ZettaFolder\Media\2\2036~Love Is All We Need.mp3
04:39:19|Onda Geox jingle 06|\\support02\Users\Public\ZettaFolder\Media\2\2196~Onda Geox jingle 06.mp3
04:39:24|Slave To The Rhythm|\\support02\Users\Public\ZettaFolder\Media\2\2087~Slave To The Rhythm.mp3
04:43:37|Onda Geox jingle 07|\\support02\Users\Public\ZettaFolder\Media\2\2197~Onda Geox jingle 07.mp3
04:43:40|Angel (New Version)|\\support02\Users\Public\ZettaFolder\Media\1\1781~Angel (New Version).mp3
04:48:21|Benefeet sogg.2|\\support02\Users\Public\ZettaFolder\Media\2\2190~Benefeet sogg.2.mp3
04:48:55|Onda Geox jingle 04|\\support02\Users\Public\ZettaFolder\Media\2\2194~Onda Geox jingle 04.mp3
04:49:05|Save The Best For Last|\\support02\Users\Public\ZettaFolder\Media\0\251~09 Save The Best For Last.mp3
04:52:41|Onda Geox jingle 07|\\support02\Users\Public\ZettaFolder\Media\2\2197~Onda Geox jingle 07.mp3
04:52:44|Broken|\\support02\Users\Public\ZettaFolder\Media\0\233~06 Broken.mp3
04:56:01|Onda Geox jingle 06|\\support02\Users\Public\ZettaFolder\Media\2\2196~Onda Geox jingle 06.mp3
04:56:05|LET'S DANCE|\\support02\Users\Public\ZettaFolder\Media\2\2223~AudioCD#08108b13-05.mp3
04:59:38|Onda Geox jingle 07|\\support02\Users\Public\ZettaFolder\Media\2\2197~Onda Geox jingle 07.mp3
04:59:41|Mornin'|\\support02\Users\Public\ZettaFolder\Media\2\2045~Mornin'.mp3
05:00:00|AmphiBiox sogg.1|\\support02\Users\Public\ZettaFolder\Media\2\2185~AmphiBiox sogg.1.mp3
05:00:36|Onda Geox jingle 05|\\support02\Users\Public\ZettaFolder\Media\2\2195~Onda Geox jingle 05.mp3
05:00:46|Sunshine|\\support02\Users\Public\ZettaFolder\Media\2\2102~Sunshine.mp3
05:04:45|Onda Geox jingle 07|\\support02\Users\Public\ZettaFolder\Media\2\2197~Onda Geox jingle 07.mp3
05:04:48|Rapper's delight|\\support02\Users\Public\ZettaFolder\Media\2\2221~AudioCD#e00e9610-15.mp3
05:09:08|Onda Geox jingle 06|\\support02\Users\Public\ZettaFolder\Media\2\2196~Onda Geox jingle 06.mp3
05:09:13|Come Away With Me|\\support02\Users\Public\ZettaFolder\Media\1\1865~Come Away With Me.mp3
05:13:23|Onda Geox jingle 07|\\support02\Users\Public\ZettaFolder\Media\2\2197~Onda Geox jingle 07.mp3
05:13:26|Could I Have This Kiss Forever|\\support02\Users\Public\ZettaFolder\Media\2\2181~Whitney Houston [+] Enrique Iglesias - Could I have this kiss forever.mp3
05:17:17|Benefeet sogg.1|\\support02\Users\Public\ZettaFolder\Media\2\2189~Benefeet sogg.1.mp3
05:17:56|Onda Geox jingle 01|\\support02\Users\Public\ZettaFolder\Media\2\2191~Onda Geox jingle 01.mp3
05:18:06|Anything|\\support02\Users\Public\ZettaFolder\Media\2\2149~3T - Anything.mp3
05:22:40|Onda Geox jingle 07|\\support02\Users\Public\ZettaFolder\Media\2\2197~Onda Geox jingle 07.mp3
05:22:43|Summer Sun|\\support02\Users\Public\ZettaFolder\Media\2\2100~Summer Sun.mp3
05:26:27|Onda Geox jingle 06|\\support02\Users\Public\ZettaFolder\Media\2\2196~Onda Geox jingle 06.mp3
05:26:31|Cosmic Girl|\\support02\Users\Public\ZettaFolder\Media\1\1997~Cosmic Girl.mp3
05:30:27|Onda Geox jingle 07|\\support02\Users\Public\ZettaFolder\Media\2\2197~Onda Geox jingle 07.mp3
05:30:30|You Gotta Be|\\support02\Users\Public\ZettaFolder\Media\1\1982~05 You Gotta Be.mp3
05:34:19|AmphiBiox sogg.4|\\support02\Users\Public\ZettaFolder\Media\2\2188~AmphiBiox sogg.4.mp3
05:34:58|Onda Geox jingle 02|\\support02\Users\Public\ZettaFolder\Media\2\2192~Onda Geox jingle 02.mp3
05:35:08|WALKING AWAY|\\support02\Users\Public\ZettaFolder\Media\2\2126~Walking Away.mp3
05:38:20|Onda Geox jingle 07|\\support02\Users\Public\ZettaFolder\Media\2\2197~Onda Geox jingle 07.mp3
05:38:23|Spiritual Love|\\support02\Users\Public\ZettaFolder\Media\2\2095~Spiritual Love.mp3
05:41:07|Onda Geox jingle 06|\\support02\Users\Public\ZettaFolder\Media\2\2196~Onda Geox jingle 06.mp3
05:41:12|Play|\\support02\Users\Public\ZettaFolder\Media\2\2205~AudioCD#fd0ff112-02.mp3
05:44:41|Onda Geox jingle 07|\\support02\Users\Public\ZettaFolder\Media\2\2197~Onda Geox jingle 07.mp3
05:44:44|I Don't Wanna Lose You|\\support02\Users\Public\ZettaFolder\Media\1\1894~I Don't Wanna Lose You.mp3
05:48:52|Benefeet sogg.2|\\support02\Users\Public\ZettaFolder\Media\2\2190~Benefeet sogg.2.mp3
05:49:26|Onda Geox jingle 03|\\support02\Users\Public\ZettaFolder\Media\2\2193~Onda Geox jingle 03.mp3
05:49:37|End Of The Road|\\support02\Users\Public\ZettaFolder\Media\0\252~10 End Of The Road.mp3
05:53:10|Onda Geox jingle 07|\\support02\Users\Public\ZettaFolder\Media\2\2197~Onda Geox jingle 07.mp3
05:53:13|Strange Kind Of Love|\\support02\Users\Public\ZettaFolder\Media\2\2099~Strange Kind Of Love.mp3
05:57:28|Onda Geox jingle 06|\\support02\Users\Public\ZettaFolder\Media\2\2196~Onda Geox jingle 06.mp3
05:57:32|Move On Up|\\support02\Users\Public\ZettaFolder\Media\2\2047~Move On Up.mp3
06:01:25|Onda Geox jingle 07|\\support02\Users\Public\ZettaFolder\Media\2\2197~Onda Geox jingle 07.mp3
06:01:28|Dreams|\\support02\Users\Public\ZettaFolder\Media\2\2000~Dreams.mp3
06:00:00|AmphiBiox sogg.2|\\support02\Users\Public\ZettaFolder\Media\2\2186~AmphiBiox sogg.2.mp3
06:00:33|Onda Geox jingle 04|\\support02\Users\Public\ZettaFolder\Media\2\2194~Onda Geox jingle 04.mp3
06:00:43|My Friend|\\support02\Users\Public\ZettaFolder\Media\2\2048~My Friend.mp3
06:04:57|Onda Geox jingle 07|\\support02\Users\Public\ZettaFolder\Media\2\2197~Onda Geox jingle 07.mp3
06:05:01|The Finest|\\support02\Users\Public\ZettaFolder\Media\2\2113~The Finest.mp3
06:10:48|Onda Geox jingle 06|\\support02\Users\Public\ZettaFolder\Media\2\2196~Onda Geox jingle 06.mp3
06:10:52|Lose Yourself|\\support02\Users\Public\ZettaFolder\Media\0\221~04 Lose Yourself.mp3
06:15:08|Onda Geox jingle 07|\\support02\Users\Public\ZettaFolder\Media\2\2197~Onda Geox jingle 07.mp3
06:15:11|As|\\support02\Users\Public\ZettaFolder\Media\1\1784~As.mp3
06:19:16|Benefeet sogg.1|\\support02\Users\Public\ZettaFolder\Media\2\2189~Benefeet sogg.1.mp3
06:19:55|Onda Geox jingle 05|\\support02\Users\Public\ZettaFolder\Media\2\2195~Onda Geox jingle 05.mp3
06:20:05|Anything For You|\\support02\Users\Public\ZettaFolder\Media\1\1782~Anything For You.mp3
06:23:30|Onda Geox jingle 07|\\support02\Users\Public\ZettaFolder\Media\2\2197~Onda Geox jingle 07.mp3
06:23:33|Love... Thy Will Be Done|\\support02\Users\Public\ZettaFolder\Media\2\2038~Love...Thy Will Be Done.mp3
06:27:38|Onda Geox jingle 06|\\support02\Users\Public\ZettaFolder\Media\2\2196~Onda Geox jingle 06.mp3
06:27:42|Control|\\support02\Users\Public\ZettaFolder\Media\0\203~01 Janet Jackson - Control.mp3
06:31:08|Onda Geox jingle 07|\\support02\Users\Public\ZettaFolder\Media\2\2197~Onda Geox jingle 07.mp3
06:31:11|Turn Off The Light|\\support02\Users\Public\ZettaFolder\Media\2\2177~Nelly Furtado - Turn off the light.mp3
06:35:28|AmphiBiox sogg.3|\\support02\Users\Public\ZettaFolder\Media\2\2187~AmphiBiox sogg.3.mp3
06:36:06|Onda Geox jingle 01|\\support02\Users\Public\ZettaFolder\Media\2\2191~Onda Geox jingle 01.mp3
06:36:16|Not Gon' Cry|\\support02\Users\Public\ZettaFolder\Media\0\242~07 Not Gon' Cry.mp3
06:40:45|Onda Geox jingle 07|\\support02\Users\Public\ZettaFolder\Media\2\2197~Onda Geox jingle 07.mp3
06:40:48|Sensitivity|\\support02\Users\Public\ZettaFolder\Media\2\2080~Sensitivity.mp3
06:45:24|Onda Geox jingle 06|\\support02\Users\Public\ZettaFolder\Media\2\2196~Onda Geox jingle 06.mp3
06:45:28|LET ME BLOW YA MIND|\\support02\Users\Public\ZettaFolder\Media\2\2222~AudioCD#3e10e115-05.mp3
06:49:04|Onda Geox jingle 07|\\support02\Users\Public\ZettaFolder\Media\2\2197~Onda Geox jingle 07.mp3
06:49:07|I Believe|\\support02\Users\Public\ZettaFolder\Media\0\227~05 I Believe.mp3
06:52:49|Benefeet sogg.2|\\support02\Users\Public\ZettaFolder\Media\2\2190~Benefeet sogg.2.mp3
06:53:23|Onda Geox jingle 02|\\support02\Users\Public\ZettaFolder\Media\2\2192~Onda Geox jingle 02.mp3
06:53:34|Without You|\\support02\Users\Public\ZettaFolder\Media\0\283~17 Without You.mp3
06:56:54|Onda Geox jingle 07|\\support02\Users\Public\ZettaFolder\Media\2\2197~Onda Geox jingle 07.mp3
06:56:57|We just wanna party with you|\\support02\Users\Public\ZettaFolder\Media\2\2211~AudioCD#cd0ed110-12.mp3
07:00:52|Onda Geox jingle 06|\\support02\Users\Public\ZettaFolder\Media\2\2196~Onda Geox jingle 06.mp3
07:00:56|All Around The World|\\support02\Users\Public\ZettaFolder\Media\1\1579~All Around The World.mp3
07:05:13|Onda Geox jingle 07|\\support02\Users\Public\ZettaFolder\Media\2\2197~Onda Geox jingle 07.mp3
07:05:16|Rise & Fall|\\support02\Users\Public\ZettaFolder\Media\2\2074~Rise & Fall.mp3
07:00:00|AmphiBiox sogg.1|\\support02\Users\Public\ZettaFolder\Media\2\2185~AmphiBiox sogg.1.mp3
07:00:36|Onda Geox jingle 03|\\support02\Users\Public\ZettaFolder\Media\2\2193~Onda Geox jingle 03.mp3
07:00:47|Superwoman|\\support02\Users\Public\ZettaFolder\Media\0\212~02 Superwoman.mp3
07:05:10|Onda Geox jingle 07|\\support02\Users\Public\ZettaFolder\Media\2\2197~Onda Geox jingle 07.mp3
07:05:13|Love Ballad|\\support02\Users\Public\ZettaFolder\Media\2\2033~Love Ballad.mp3
07:09:21|Onda Geox jingle 06|\\support02\Users\Public\ZettaFolder\Media\2\2196~Onda Geox jingle 06.mp3
07:09:26|Mo money mo problems|\\support02\Users\Public\ZettaFolder\Media\2\2216~AudioCD#2410f913-13.mp3
07:13:26|Onda Geox jingle 07|\\support02\Users\Public\ZettaFolder\Media\2\2197~Onda Geox jingle 07.mp3
07:13:30|MAD ABOUT YOU|\\support02\Users\Public\ZettaFolder\Media\2\2230~AudioCD#ed100312-18.mp3
07:17:10|Benefeet sogg.1|\\support02\Users\Public\ZettaFolder\Media\2\2189~Benefeet sogg.1.mp3
07:17:48|Onda Geox jingle 04|\\support02\Users\Public\ZettaFolder\Media\2\2194~Onda Geox jingle 04.mp3
07:17:59|Rush Rush|\\support02\Users\Public\ZettaFolder\Media\2\2075~Rush rush.mp3
07:22:00|Onda Geox jingle 07|\\support02\Users\Public\ZettaFolder\Media\2\2197~Onda Geox jingle 07.mp3
07:22:03|You Remind Me Of Something|\\support02\Users\Public\ZettaFolder\Media\1\1983~05 You Remind Me Of Something.mp3
07:25:49|Onda Geox jingle 06|\\support02\Users\Public\ZettaFolder\Media\2\2196~Onda Geox jingle 06.mp3
07:25:53|The Way You make Me Feel|\\support02\Users\Public\ZettaFolder\Media\1\1980~03 The Way You Make Me Feel.mp3
07:30:08|Onda Geox jingle 07|\\support02\Users\Public\ZettaFolder\Media\2\2197~Onda Geox jingle 07.mp3
07:30:11|What's In A Word|\\support02\Users\Public\ZettaFolder\Media\2\2129~What's In A Word.mp3
07:34:35|AmphiBiox sogg.4|\\support02\Users\Public\ZettaFolder\Media\2\2188~AmphiBiox sogg.4.mp3
07:35:13|Onda Geox jingle 05|\\support02\Users\Public\ZettaFolder\Media\2\2195~Onda Geox jingle 05.mp3
07:35:24|Fallin'|\\support02\Users\Public\ZettaFolder\Media\1\1880~Fallin'.mp3
07:38:34|Onda Geox jingle 07|\\support02\Users\Public\ZettaFolder\Media\2\2197~Onda Geox jingle 07.mp3
07:38:37|So Sick|\\support02\Users\Public\ZettaFolder\Media\2\2090~So Sick.mp3
07:42:03|Onda Geox jingle 06|\\support02\Users\Public\ZettaFolder\Media\2\2196~Onda Geox jingle 06.mp3
07:42:07|Love Like This|\\support02\Users\Public\ZettaFolder\Media\2\2164~Faith Evans - Love like this.mp3
07:45:52|Onda Geox jingle 07|\\support02\Users\Public\ZettaFolder\Media\2\2197~Onda Geox jingle 07.mp3
07:45:55|Sunrise|\\support02\Users\Public\ZettaFolder\Media\2\2101~Sunrise.mp3
07:48:58|Benefeet sogg.2|\\support02\Users\Public\ZettaFolder\Media\2\2190~Benefeet sogg.2.mp3
07:49:32|Onda Geox jingle 01|\\support02\Users\Public\ZettaFolder\Media\2\2191~Onda Geox jingle 01.mp3
07:49:43|Beauty And The Beast|\\support02\Users\Public\ZettaFolder\Media\0\262~13 Beauty And The Beast.mp3
07:53:05|Onda Geox jingle 07|\\support02\Users\Public\ZettaFolder\Media\2\2197~Onda Geox jingle 07.mp3
07:53:08|I Swear|\\support02\Users\Public\ZettaFolder\Media\0\220~04 I Swear.mp3
07:57:21|Onda Geox jingle 06|\\support02\Users\Public\ZettaFolder\Media\2\2196~Onda Geox jingle 06.mp3
07:57:26|Love Foolosophy|\\support02\Users\Public\ZettaFolder\Media\2\2034~Love Foolosophy.mp3
08:01:09|Onda Geox jingle 07|\\support02\Users\Public\ZettaFolder\Media\2\2197~Onda Geox jingle 07.mp3
08:01:12|Crazy|\\support02\Users\Public\ZettaFolder\Media\1\1998~Crazy.mp3
08:00:00|AmphiBiox sogg.2|\\support02\Users\Public\ZettaFolder\Media\2\2186~AmphiBiox sogg.2.mp3
08:00:33|Onda Geox jingle 02|\\support02\Users\Public\ZettaFolder\Media\2\2192~Onda Geox jingle 02.mp3
08:00:43|No Ordinary Love|\\support02\Users\Public\ZettaFolder\Media\0\241~07 No Ordinary Love.mp3
08:04:36|Onda Geox jingle 07|\\support02\Users\Public\ZettaFolder\Media\2\2197~Onda Geox jingle 07.mp3
08:04:39|JUST THE TWO OF US|\\support02\Users\Public\ZettaFolder\Media\2\2206~AudioCD#f810f913-14.mp3
08:08:41|Onda Geox jingle 06|\\support02\Users\Public\ZettaFolder\Media\2\2196~Onda Geox jingle 06.mp3
08:08:45|Surrender|\\support02\Users\Public\ZettaFolder\Media\2\2103~Surrender.mp3
08:12:27|Onda Geox jingle 07|\\support02\Users\Public\ZettaFolder\Media\2\2197~Onda Geox jingle 07.mp3
08:12:30|One Sweet Day|\\support02\Users\Public\ZettaFolder\Media\0\273~14 One Sweet Day.mp3
08:17:08|Benefeet sogg.1|\\support02\Users\Public\ZettaFolder\Media\2\2189~Benefeet sogg.1.mp3
08:17:46|Onda Geox jingle 03|\\support02\Users\Public\ZettaFolder\Media\2\2193~Onda Geox jingle 03.mp3
08:17:57|Foolish|\\support02\Users\Public\ZettaFolder\Media\2\2156~Ashanti - Foolish.mp3
08:21:20|Onda Geox jingle 07|\\support02\Users\Public\ZettaFolder\Media\2\2197~Onda Geox jingle 07.mp3
08:21:23|Don't Love You No More (I'm Sorry)|\\support02\Users\Public\ZettaFolder\Media\1\1872~Don't Love You No More (I'm Sorry).mp3
08:25:08|Onda Geox jingle 06|\\support02\Users\Public\ZettaFolder\Media\2\2196~Onda Geox jingle 06.mp3
08:25:13|Because Of Love|\\support02\Users\Public\ZettaFolder\Media\0\263~13 Because Of Love.mp3
08:28:40|Onda Geox jingle 07|\\support02\Users\Public\ZettaFolder\Media\2\2197~Onda Geox jingle 07.mp3
08:28:43|Une Histoire D'Amoure|\\support02\Users\Public\ZettaFolder\Media\2\2121~Une Histoire D'Amoure.mp3
08:32:38|AmphiBiox sogg.3|\\support02\Users\Public\ZettaFolder\Media\2\2187~AmphiBiox sogg.3.mp3
08:33:15|Onda Geox jingle 04|\\support02\Users\Public\ZettaFolder\Media\2\2194~Onda Geox jingle 04.mp3
08:33:26|On My Own|\\support02\Users\Public\ZettaFolder\Media\2\2056~On My Own.mp3
08:38:08|Onda Geox jingle 07|\\support02\Users\Public\ZettaFolder\Media\2\2197~Onda Geox jingle 07.mp3
08:38:11|Save The Last Dance For Me|\\support02\Users\Public\ZettaFolder\Media\2\2077~Save The Last Dance For Me.mp3
08:41:45|Onda Geox jingle 06|\\support02\Users\Public\ZettaFolder\Media\2\2196~Onda Geox jingle 06.mp3
08:41:49|Survivor|\\support02\Users\Public\ZettaFolder\Media\2\2104~Survivor.mp3
08:45:48|Onda Geox jingle 07|\\support02\Users\Public\ZettaFolder\Media\2\2197~Onda Geox jingle 07.mp3
08:45:51|Fantasy|\\support02\Users\Public\ZettaFolder\Media\0\265~13 Fantasy.mp3
08:49:50|Benefeet sogg.2|\\support02\Users\Public\ZettaFolder\Media\2\2190~Benefeet sogg.2.mp3
08:50:24|Onda Geox jingle 05|\\support02\Users\Public\ZettaFolder\Media\2\2195~Onda Geox jingle 05.mp3
08:50:34|I Apologize|\\support02\Users\Public\ZettaFolder\Media\0\226~05 I Apologize.mp3
08:55:39|Onda Geox jingle 07|\\support02\Users\Public\ZettaFolder\Media\2\2197~Onda Geox jingle 07.mp3
08:55:42|Try again|\\support02\Users\Public\ZettaFolder\Media\2\2150~Aaliyah - Try again.mp3
09:00:19|Onda Geox jingle 06|\\support02\Users\Public\ZettaFolder\Media\2\2196~Onda Geox jingle 06.mp3
09:00:24|Criticize|\\support02\Users\Public\ZettaFolder\Media\1\1999~Criticize.mp3
09:04:23|Onda Geox jingle 07|\\support02\Users\Public\ZettaFolder\Media\2\2197~Onda Geox jingle 07.mp3
09:04:26|Friends|\\support02\Users\Public\ZettaFolder\Media\1\1885~Friends.mp3
09:00:00|AmphiBiox sogg.4|\\support02\Users\Public\ZettaFolder\Media\2\2188~AmphiBiox sogg.4.mp3
09:00:38|Onda Geox jingle 01|\\support02\Users\Public\ZettaFolder\Media\2\2191~Onda Geox jingle 01.mp3
09:00:48|Show Me The Way|\\support02\Users\Public\ZettaFolder\Media\2\2083~Show Me The Way.mp3
09:04:44|Onda Geox jingle 07|\\support02\Users\Public\ZettaFolder\Media\2\2197~Onda Geox jingle 07.mp3
09:04:47|Hold You Tight|\\support02\Users\Public\ZettaFolder\Media\0\258~11 Hold You Tight.mp3
09:08:24|Onda Geox jingle 06|\\support02\Users\Public\ZettaFolder\Media\2\2196~Onda Geox jingle 06.mp3
09:08:29|Kiss|\\support02\Users\Public\ZettaFolder\Media\2\2025~Kiss.mp3
09:12:06|Onda Geox jingle 07|\\support02\Users\Public\ZettaFolder\Media\2\2197~Onda Geox jingle 07.mp3
09:12:09|Porcelain|\\support02\Users\Public\ZettaFolder\Media\2\2174~Moby - Porcelain.mp3
09:16:07|Benefeet sogg.1|\\support02\Users\Public\ZettaFolder\Media\2\2189~Benefeet sogg.1.mp3
09:16:45|Onda Geox jingle 02|\\support02\Users\Public\ZettaFolder\Media\2\2192~Onda Geox jingle 02.mp3
09:16:56|When Can I See You|\\support02\Users\Public\ZettaFolder\Media\0\238~06 When Can I See You.mp3
09:21:12|Onda Geox jingle 07|\\support02\Users\Public\ZettaFolder\Media\2\2197~Onda Geox jingle 07.mp3
09:21:15|Rock Wit' Cha|\\support02\Users\Public\ZettaFolder\Media\0\217~04 Bobby Brown _ Rock Wit' Cha.mp3
09:25:25|Onda Geox jingle 06|\\support02\Users\Public\ZettaFolder\Media\2\2196~Onda Geox jingle 06.mp3
09:25:30|I'm Every Woman|C:\Geox\MediaImport\ok\I'm Every Woman.mp3
09:30:12|Onda Geox jingle 07|\\support02\Users\Public\ZettaFolder\Media\2\2197~Onda Geox jingle 07.mp3
09:30:15|Better Be Good To Me|\\support02\Users\Public\ZettaFolder\Media\0\206~01 Tina Turner _ Better Be Good To M.mp3
09:33:42|AmphiBiox sogg.1|\\support02\Users\Public\ZettaFolder\Media\2\2185~AmphiBiox sogg.1.mp3
09:34:19|Onda Geox jingle 03|\\support02\Users\Public\ZettaFolder\Media\2\2193~Onda Geox jingle 03.mp3
09:34:29|Let It Flow|\\support02\Users\Public\ZettaFolder\Media\0\244~08 Let It Flow.mp3
09:38:36|Onda Geox jingle 07|\\support02\Users\Public\ZettaFolder\Media\2\2197~Onda Geox jingle 07.mp3
09:38:39|IT WASN?T ME|\\support02\Users\Public\ZettaFolder\Media\2\2229~AudioCD#2e105d13-18.mp3
09:42:15|Onda Geox jingle 06|\\support02\Users\Public\ZettaFolder\Media\2\2196~Onda Geox jingle 06.mp3
09:42:20|I'll Be Waiting|\\support02\Users\Public\ZettaFolder\Media\1\1899~I'll Be Waiting.mp3
09:46:08|Onda Geox jingle 07|\\support02\Users\Public\ZettaFolder\Media\2\2197~Onda Geox jingle 07.mp3
09:46:11|Snow on the Sahara|\\support02\Users\Public\ZettaFolder\Media\2\2088~Snow on The Sahara.mp3
09:50:07|Benefeet sogg.2|\\support02\Users\Public\ZettaFolder\Media\2\2190~Benefeet sogg.2.mp3
09:50:41|Onda Geox jingle 04|\\support02\Users\Public\ZettaFolder\Media\2\2194~Onda Geox jingle 04.mp3
09:50:51|Sweet Baby|\\support02\Users\Public\ZettaFolder\Media\2\2106~Sweet Baby.mp3
09:54:28|Onda Geox jingle 07|\\support02\Users\Public\ZettaFolder\Media\2\2197~Onda Geox jingle 07.mp3
09:54:31|I'm Ready|\\support02\Users\Public\ZettaFolder\Media\0\278~15 I'm Ready.mp3
09:59:04|Onda Geox jingle 06|\\support02\Users\Public\ZettaFolder\Media\2\2196~Onda Geox jingle 06.mp3
09:59:08|What About Us|\\support02\Users\Public\ZettaFolder\Media\0\274~14 What About US.mp3
10:03:02|Onda Geox jingle 07|\\support02\Users\Public\ZettaFolder\Media\2\2197~Onda Geox jingle 07.mp3
10:03:05|That's The Way Love Goes|\\support02\Users\Public\ZettaFolder\Media\0\237~06 That's The Way Love Goes.mp3
10:00:00|AmphiBiox sogg.2|\\support02\Users\Public\ZettaFolder\Media\2\2186~AmphiBiox sogg.2.mp3
10:00:33|Onda Geox jingle 05|\\support02\Users\Public\ZettaFolder\Media\2\2195~Onda Geox jingle 05.mp3
10:00:43|Gotham City|\\support02\Users\Public\ZettaFolder\Media\2\2005~Gotham City.mp3
10:05:11|Onda Geox jingle 07|\\support02\Users\Public\ZettaFolder\Media\2\2197~Onda Geox jingle 07.mp3
10:05:14|Livin' It Up|\\support02\Users\Public\ZettaFolder\Media\2\2031~Livin' It Up.mp3
10:09:04|Onda Geox jingle 06|\\support02\Users\Public\ZettaFolder\Media\2\2196~Onda Geox jingle 06.mp3
10:09:09|Return Of The Mack|\\support02\Users\Public\ZettaFolder\Media\2\2070~Return Of The Mack.mp3
10:13:30|Onda Geox jingle 07|\\support02\Users\Public\ZettaFolder\Media\2\2197~Onda Geox jingle 07.mp3
10:13:33|Into My Soul|\\support02\Users\Public\ZettaFolder\Media\2\2140~Into My Soul_2_1_1_1.mp3
10:18:02|Benefeet sogg.1|\\support02\Users\Public\ZettaFolder\Media\2\2189~Benefeet sogg.1.mp3
10:18:41|Onda Geox jingle 01|\\support02\Users\Public\ZettaFolder\Media\2\2191~Onda Geox jingle 01.mp3
10:18:51|One More Chance|\\support02\Users\Public\ZettaFolder\Media\2\2058~One More Chance.mp3
10:23:07|Onda Geox jingle 07|\\support02\Users\Public\ZettaFolder\Media\2\2197~Onda Geox jingle 07.mp3
10:23:10|Power Of Love|\\support02\Users\Public\ZettaFolder\Media\2\2063~Power Of Love.mp3
10:27:19|Onda Geox jingle 06|\\support02\Users\Public\ZettaFolder\Media\2\2196~Onda Geox jingle 06.mp3
10:27:23|Virtual Insanity|\\support02\Users\Public\ZettaFolder\Media\2\2123~Virtual Insanity.mp3
10:30:57|Onda Geox jingle 07|\\support02\Users\Public\ZettaFolder\Media\2\2197~Onda Geox jingle 07.mp3
10:31:00|Harvest For The World|\\support02\Users\Public\ZettaFolder\Media\1\1890~Harvest For The World.mp3
10:34:51|AmphiBiox sogg.3|\\support02\Users\Public\ZettaFolder\Media\2\2187~AmphiBiox sogg.3.mp3
10:35:29|Onda Geox jingle 02|\\support02\Users\Public\ZettaFolder\Media\2\2192~Onda Geox jingle 02.mp3
10:35:40|Say You Love Me|\\support02\Users\Public\ZettaFolder\Media\2\2078~Say You Love Me.mp3
10:39:16|Onda Geox jingle 07|\\support02\Users\Public\ZettaFolder\Media\2\2197~Onda Geox jingle 07.mp3
10:39:19|My One Temptation|\\support02\Users\Public\ZettaFolder\Media\2\2049~My One Temptation.mp3
10:42:33|Onda Geox jingle 06|\\support02\Users\Public\ZettaFolder\Media\2\2196~Onda Geox jingle 06.mp3
10:42:38|Heaven|\\support02\Users\Public\ZettaFolder\Media\1\1891~Heaven.mp3
10:46:18|Onda Geox jingle 07|\\support02\Users\Public\ZettaFolder\Media\2\2197~Onda Geox jingle 07.mp3
10:46:21|7 Seconds|\\support02\Users\Public\ZettaFolder\Media\1\1572~7 Seconds.mp3
10:50:18|Benefeet sogg.2|\\support02\Users\Public\ZettaFolder\Media\2\2190~Benefeet sogg.2.mp3
10:50:52|Onda Geox jingle 03|\\support02\Users\Public\ZettaFolder\Media\2\2193~Onda Geox jingle 03.mp3
10:51:03|Float On|\\support02\Users\Public\ZettaFolder\Media\1\1883~Float On.mp3
10:55:07|Onda Geox jingle 07|\\support02\Users\Public\ZettaFolder\Media\2\2197~Onda Geox jingle 07.mp3
10:55:10|7 Days|\\support02\Users\Public\ZettaFolder\Media\1\1571~7 Days.mp3
10:58:46|Onda Geox jingle 06|\\support02\Users\Public\ZettaFolder\Media\2\2196~Onda Geox jingle 06.mp3
10:58:50|Everyday|\\support02\Users\Public\ZettaFolder\Media\2\2001~Everyday.mp3
11:03:31|Onda Geox jingle 07|\\support02\Users\Public\ZettaFolder\Media\2\2197~Onda Geox jingle 07.mp3
11:03:34|Sway|\\support02\Users\Public\ZettaFolder\Media\2\2105~Sway.mp3
11:00:00|AmphiBiox sogg.4|\\support02\Users\Public\ZettaFolder\Media\2\2188~AmphiBiox sogg.4.mp3
11:00:38|Onda Geox jingle 04|\\support02\Users\Public\ZettaFolder\Media\2\2194~Onda Geox jingle 04.mp3
11:00:48|Stay With Me|\\support02\Users\Public\ZettaFolder\Media\0\282~17 One More Chance _ Stay With Me.mp3
11:04:50|Onda Geox jingle 07|\\support02\Users\Public\ZettaFolder\Media\2\2197~Onda Geox jingle 07.mp3
11:04:53|Get It On Tonight|\\support02\Users\Public\ZettaFolder\Media\2\2176~Montell Jordan - Get it on tonight.mp3
11:08:15|Onda Geox jingle 06|\\support02\Users\Public\ZettaFolder\Media\2\2196~Onda Geox jingle 06.mp3
11:08:20|Remember The Time|\\support02\Users\Public\ZettaFolder\Media\2\2069~Remember The Time.mp3
11:12:15|Onda Geox jingle 07|\\support02\Users\Public\ZettaFolder\Media\2\2197~Onda Geox jingle 07.mp3
11:12:18|High|\\support02\Users\Public\ZettaFolder\Media\2\2008~High.mp3
11:16:23|Benefeet sogg.1|\\support02\Users\Public\ZettaFolder\Media\2\2189~Benefeet sogg.1.mp3
11:17:02|Onda Geox jingle 05|\\support02\Users\Public\ZettaFolder\Media\2\2195~Onda Geox jingle 05.mp3
11:17:12|A Woman's Worth|\\support02\Users\Public\ZettaFolder\Media\2\2152~Alicia Keys - A woman's worth.mp3
11:21:34|Onda Geox jingle 07|\\support02\Users\Public\ZettaFolder\Media\2\2197~Onda Geox jingle 07.mp3
11:21:37|Miss Independent|\\support02\Users\Public\ZettaFolder\Media\2\2043~Miss Independent.mp3
11:25:25|Onda Geox jingle 06|\\support02\Users\Public\ZettaFolder\Media\2\2196~Onda Geox jingle 06.mp3
11:25:30|Do You Want|\\support02\Users\Public\ZettaFolder\Media\2\2159~Co Co Lee - Do you want.mp3
11:29:07|Onda Geox jingle 07|\\support02\Users\Public\ZettaFolder\Media\2\2197~Onda Geox jingle 07.mp3
11:29:10|Human|\\support02\Users\Public\ZettaFolder\Media\0\247~09 Human.mp3
11:32:51|AmphiBiox sogg.1|\\support02\Users\Public\ZettaFolder\Media\2\2185~AmphiBiox sogg.1.mp3
11:33:28|Onda Geox jingle 01|\\support02\Users\Public\ZettaFolder\Media\2\2191~Onda Geox jingle 01.mp3
11:33:38|Come Back To Me|\\support02\Users\Public\ZettaFolder\Media\1\1996~Come Back To Me.mp3
11:38:12|Onda Geox jingle 07|\\support02\Users\Public\ZettaFolder\Media\2\2197~Onda Geox jingle 07.mp3
11:38:15|Jump To It|\\support02\Users\Public\ZettaFolder\Media\2\2020~Jump To It.mp3
11:42:18|Onda Geox jingle 06|\\support02\Users\Public\ZettaFolder\Media\2\2196~Onda Geox jingle 06.mp3
11:42:22|Family affair|\\support02\Users\Public\ZettaFolder\Media\2\2170~Mary J Blige - Family affair.mp3
11:46:09|Onda Geox jingle 07|\\support02\Users\Public\ZettaFolder\Media\2\2197~Onda Geox jingle 07.mp3
11:46:12|Feel So High|\\support02\Users\Public\ZettaFolder\Media\2\2002~Feel So High.mp3
11:49:58|Benefeet sogg.2|\\support02\Users\Public\ZettaFolder\Media\2\2190~Benefeet sogg.2.mp3
11:50:32|Onda Geox jingle 02|\\support02\Users\Public\ZettaFolder\Media\2\2192~Onda Geox jingle 02.mp3
11:50:43|I Wish I Wasn't|\\support02\Users\Public\ZettaFolder\Media\0\277~15 I Wish I Wasn't.mp3
11:54:53|Onda Geox jingle 07|\\support02\Users\Public\ZettaFolder\Media\2\2197~Onda Geox jingle 07.mp3
11:54:56|Just Cruisin'|\\support02\Users\Public\ZettaFolder\Media\2\2213~AudioCD#e3109012-08.mp3
11:58:50|Onda Geox jingle 06|\\support02\Users\Public\ZettaFolder\Media\2\2196~Onda Geox jingle 06.mp3
11:58:54|Emotions|\\support02\Users\Public\ZettaFolder\Media\1\1877~Emotions.mp3
12:02:58|Onda Geox jingle 07|\\support02\Users\Public\ZettaFolder\Media\2\2197~Onda Geox jingle 07.mp3
12:03:01|Hit'em Up Style (Ooops)|\\support02\Users\Public\ZettaFolder\Media\1\1892~Hit'em Up Style (Ooops).mp3
12:00:00|AmphiBiox sogg.2|\\support02\Users\Public\ZettaFolder\Media\2\2186~AmphiBiox sogg.2.mp3
12:00:33|Onda Geox jingle 03|\\support02\Users\Public\ZettaFolder\Media\2\2193~Onda Geox jingle 03.mp3
12:00:43|Givin' You The Best That I Got|\\support02\Users\Public\ZettaFolder\Media\1\1886~Givin' You The Best That I Got.mp3
12:04:42|Onda Geox jingle 07|\\support02\Users\Public\ZettaFolder\Media\2\2197~Onda Geox jingle 07.mp3
12:04:45|You Remind Me|\\support02\Users\Public\ZettaFolder\Media\2\2135~You Remind Me.mp3
12:08:48|Onda Geox jingle 06|\\support02\Users\Public\ZettaFolder\Media\2\2196~Onda Geox jingle 06.mp3
12:08:52|Riding On A Train|\\support02\Users\Public\ZettaFolder\Media\2\2072~Riding On A Train.mp3
12:14:09|Onda Geox jingle 07|\\support02\Users\Public\ZettaFolder\Media\2\2197~Onda Geox jingle 07.mp3
12:14:12|Everything is gonna be allright|\\support02\Users\Public\ZettaFolder\Media\2\2147~Sweetbox - Everything is gonna be allright.mp3
12:17:19|Benefeet sogg.1|\\support02\Users\Public\ZettaFolder\Media\2\2189~Benefeet sogg.1.mp3
12:17:58|Onda Geox jingle 04|\\support02\Users\Public\ZettaFolder\Media\2\2194~Onda Geox jingle 04.mp3
12:18:08|Wish I Didn't Miss You|\\support02\Users\Public\ZettaFolder\Media\2\2131~Wish I Didn't Miss You.mp3
12:22:16|Onda Geox jingle 07|\\support02\Users\Public\ZettaFolder\Media\2\2197~Onda Geox jingle 07.mp3
12:22:19|Sometimes|\\support02\Users\Public\ZettaFolder\Media\2\2214~AudioCD#fb0ff012-16.mp3
12:26:31|Onda Geox jingle 06|\\support02\Users\Public\ZettaFolder\Media\2\2196~Onda Geox jingle 06.mp3
12:26:35|The Best Things In Life Are Free|\\support02\Users\Public\ZettaFolder\Media\2\2110~The Best Things In Life Are Free.mp3
12:30:33|Onda Geox jingle 07|\\support02\Users\Public\ZettaFolder\Media\2\2197~Onda Geox jingle 07.mp3
12:30:36|Pure Shores|\\support02\Users\Public\ZettaFolder\Media\2\2064~Pure Shores.mp3
12:34:43|AmphiBiox sogg.3|\\support02\Users\Public\ZettaFolder\Media\2\2187~AmphiBiox sogg.3.mp3
12:35:21|Onda Geox jingle 05|\\support02\Users\Public\ZettaFolder\Media\2\2195~Onda Geox jingle 05.mp3
12:35:31|I Have Nothing|\\support02\Users\Public\ZettaFolder\Media\0\202~01 I Have Nothing.mp3
12:40:12|Onda Geox jingle 07|\\support02\Users\Public\ZettaFolder\Media\2\2197~Onda Geox jingle 07.mp3
12:40:15|Twentyfourseven|\\support02\Users\Public\ZettaFolder\Media\2\2204~AudioCD#f60f4412-06.mp3
12:43:57|Onda Geox jingle 06|\\support02\Users\Public\ZettaFolder\Media\2\2196~Onda Geox jingle 06.mp3
12:44:02|Allright|\\support02\Users\Public\ZettaFolder\Media\2\2209~AudioCD#e80ee811-09.mp3
12:47:30|Onda Geox jingle 07|\\support02\Users\Public\ZettaFolder\Media\2\2197~Onda Geox jingle 07.mp3
12:47:33|We Don't Need Another Hero|\\support02\Users\Public\ZettaFolder\Media\0\213~02 Tina Turner _ We Don't Need Anoth.mp3
12:51:34|Benefeet sogg.2|\\support02\Users\Public\ZettaFolder\Media\2\2190~Benefeet sogg.2.mp3
12:52:08|Onda Geox jingle 01|\\support02\Users\Public\ZettaFolder\Media\2\2191~Onda Geox jingle 01.mp3
12:52:18|Half On A Baby|\\support02\Users\Public\ZettaFolder\Media\1\1887~Half on a baby.mp3
12:56:51|Onda Geox jingle 07|\\support02\Users\Public\ZettaFolder\Media\2\2197~Onda Geox jingle 07.mp3
12:56:54|Never Die|\\support02\Users\Public\ZettaFolder\Media\2\2051~Never Die.mp3
13:01:18|Onda Geox jingle 06|\\support02\Users\Public\ZettaFolder\Media\2\2196~Onda Geox jingle 06.mp3
13:01:22|Love don't cost a thing (Remix)|\\support02\Users\Public\ZettaFolder\Media\2\2231~AudioCD#0f0fdf13-03.mp3
13:05:20|Onda Geox jingle 07|\\support02\Users\Public\ZettaFolder\Media\2\2197~Onda Geox jingle 07.mp3
13:05:23|Lovely Day|\\support02\Users\Public\ZettaFolder\Media\2\2039~Lovely Day.mp3
13:00:00|AmphiBiox sogg.4|\\support02\Users\Public\ZettaFolder\Media\2\2188~AmphiBiox sogg.4.mp3
13:00:38|Onda Geox jingle 02|\\support02\Users\Public\ZettaFolder\Media\2\2192~Onda Geox jingle 02.mp3
13:00:49|A Broken Heart Can Mend|\\support02\Users\Public\ZettaFolder\Media\1\1573~A Broken Heart Can Mend.mp3
13:04:17|Onda Geox jingle 07|\\support02\Users\Public\ZettaFolder\Media\2\2197~Onda Geox jingle 07.mp3
13:04:20|World Looking In|\\support02\Users\Public\ZettaFolder\Media\2\2182~Morcheeba -  World Looking In.mp3
13:07:40|Onda Geox jingle 06|\\support02\Users\Public\ZettaFolder\Media\2\2196~Onda Geox jingle 06.mp3
13:07:44|The Real Thing|\\support02\Users\Public\ZettaFolder\Media\2\2114~The Real Thing.mp3
13:11:49|Onda Geox jingle 07|\\support02\Users\Public\ZettaFolder\Media\2\2197~Onda Geox jingle 07.mp3
13:11:52|I?M LIKE A BIRD|\\support02\Users\Public\ZettaFolder\Media\2\2232~AudioCD#070f5f13-12.mp3
13:15:46|Benefeet sogg.1|\\support02\Users\Public\ZettaFolder\Media\2\2189~Benefeet sogg.1.mp3
13:16:24|Onda Geox jingle 03|\\support02\Users\Public\ZettaFolder\Media\2\2193~Onda Geox jingle 03.mp3
13:16:35|Un-Break My Heart (Album)|\\support02\Users\Public\ZettaFolder\Media\0\223~04 Un-Break My Heart (Album).mp3
13:20:48|Onda Geox jingle 07|\\support02\Users\Public\ZettaFolder\Media\2\2197~Onda Geox jingle 07.mp3
13:20:51|2020|\\support02\Users\Public\ZettaFolder\Media\0\285~2020.mp3
13:24:48|Onda Geox jingle 06|\\support02\Users\Public\ZettaFolder\Media\2\2196~Onda Geox jingle 06.mp3
13:24:53|I'll Be Missing You|\\support02\Users\Public\ZettaFolder\Media\1\1898~I'll Be Missing You.mp3
13:28:45|Onda Geox jingle 07|\\support02\Users\Public\ZettaFolder\Media\2\2197~Onda Geox jingle 07.mp3
13:28:48|I Wonder Why|\\support02\Users\Public\ZettaFolder\Media\2\2011~I Wonder Why.mp3
13:33:04|AmphiBiox sogg.1|\\support02\Users\Public\ZettaFolder\Media\2\2185~AmphiBiox sogg.1.mp3
13:33:40|Onda Geox jingle 04|\\support02\Users\Public\ZettaFolder\Media\2\2194~Onda Geox jingle 04.mp3
13:33:51|If You Asked Me To|\\support02\Users\Public\ZettaFolder\Media\0\271~14 If You Asked Me To.mp3
13:37:28|Onda Geox jingle 07|\\support02\Users\Public\ZettaFolder\Media\2\2197~Onda Geox jingle 07.mp3
13:37:31|Hangin' On A String (Contemplating)|\\support02\Users\Public\ZettaFolder\Media\1\1888~Hangin' On A String (Contemplating).mp3
13:43:13|Onda Geox jingle 06|\\support02\Users\Public\ZettaFolder\Media\2\2196~Onda Geox jingle 06.mp3
13:43:17|Don't Stop The Music|\\support02\Users\Public\ZettaFolder\Media\1\1873~Don't Stop The Music.mp3
13:47:03|Onda Geox jingle 07|\\support02\Users\Public\ZettaFolder\Media\2\2197~Onda Geox jingle 07.mp3
13:47:06|Honey|\\support02\Users\Public\ZettaFolder\Media\2\2208~AudioCD#d50f6511-14.mp3
13:52:25|Benefeet sogg.2|\\support02\Users\Public\ZettaFolder\Media\2\2190~Benefeet sogg.2.mp3
13:52:59|Onda Geox jingle 05|\\support02\Users\Public\ZettaFolder\Media\2\2195~Onda Geox jingle 05.mp3
13:53:09|Human nature|\\support02\Users\Public\ZettaFolder\Media\0\249~09 Michael Jackson _ Human Nature.mp3
13:57:08|Onda Geox jingle 07|\\support02\Users\Public\ZettaFolder\Media\2\2197~Onda Geox jingle 07.mp3
13:57:11|Shackless|\\support02\Users\Public\ZettaFolder\Media\2\2171~Mary Mary - Shackless.mp3
14:00:08|Onda Geox jingle 06|\\support02\Users\Public\ZettaFolder\Media\2\2196~Onda Geox jingle 06.mp3
14:00:12|Forget About The World|\\support02\Users\Public\ZettaFolder\Media\0\201~01 Forget About The World.mp3
14:04:11|Onda Geox jingle 07|\\support02\Users\Public\ZettaFolder\Media\2\2197~Onda Geox jingle 07.mp3
14:04:14|Finally Made Me Happy|\\support02\Users\Public\ZettaFolder\Media\1\1881~Finally Made Me Happy.mp3
14:00:00|AmphiBiox sogg.2|\\support02\Users\Public\ZettaFolder\Media\2\2186~AmphiBiox sogg.2.mp3
14:00:33|Onda Geox jingle 01|\\support02\Users\Public\ZettaFolder\Media\2\2191~Onda Geox jingle 01.mp3
14:00:43|One Fine Day|\\support02\Users\Public\ZettaFolder\Media\2\2057~One Fine Day.mp3
14:05:28|Onda Geox jingle 07|\\support02\Users\Public\ZettaFolder\Media\2\2197~Onda Geox jingle 07.mp3
14:05:31|Outstanding|\\support02\Users\Public\ZettaFolder\Media\2\2061~Outstanding.mp3
14:10:36|Onda Geox jingle 06|\\support02\Users\Public\ZettaFolder\Media\2\2196~Onda Geox jingle 06.mp3
14:10:40|All For You|\\support02\Users\Public\ZettaFolder\Media\1\1580~All For You.mp3
14:14:31|Onda Geox jingle 07|\\support02\Users\Public\ZettaFolder\Media\2\2197~Onda Geox jingle 07.mp3
14:14:34|No One|\\support02\Users\Public\ZettaFolder\Media\0\222~04 No One.mp3
14:18:41|Benefeet sogg.1|\\support02\Users\Public\ZettaFolder\Media\2\2189~Benefeet sogg.1.mp3
14:19:19|Onda Geox jingle 02|\\support02\Users\Public\ZettaFolder\Media\2\2192~Onda Geox jingle 02.mp3
14:19:30|Holding Back The Years|\\support02\Users\Public\ZettaFolder\Media\0\219~04 Holding Back The Years.mp3
14:23:34|Onda Geox jingle 07|\\support02\Users\Public\ZettaFolder\Media\2\2197~Onda Geox jingle 07.mp3
14:23:37|Creep|\\support02\Users\Public\ZettaFolder\Media\1\1868~Creep.mp3
14:27:54|Onda Geox jingle 06|\\support02\Users\Public\ZettaFolder\Media\2\2196~Onda Geox jingle 06.mp3
14:27:59|Hypnotize|\\support02\Users\Public\ZettaFolder\Media\2\2220~AudioCD#f30f6811-17.mp3
14:31:47|Onda Geox jingle 07|\\support02\Users\Public\ZettaFolder\Media\2\2197~Onda Geox jingle 07.mp3
14:31:50|Purple Rain|\\support02\Users\Public\ZettaFolder\Media\0\210~02 Prince _ Purple Rain.mp3
14:35:56|AmphiBiox sogg.3|\\support02\Users\Public\ZettaFolder\Media\2\2187~AmphiBiox sogg.3.mp3
14:36:34|Onda Geox jingle 03|\\support02\Users\Public\ZettaFolder\Media\2\2193~Onda Geox jingle 03.mp3
14:36:44|Anything|\\support02\Users\Public\ZettaFolder\Media\2\2149~3T - Anything.mp3
14:41:19|Onda Geox jingle 07|\\support02\Users\Public\ZettaFolder\Media\2\2197~Onda Geox jingle 07.mp3
14:41:22|A Foggy Day (In London Town)|\\support02\Users\Public\ZettaFolder\Media\1\1575~A Foggy Day (In London Town).mp3
14:43:51|Onda Geox jingle 06|\\support02\Users\Public\ZettaFolder\Media\2\2196~Onda Geox jingle 06.mp3
14:43:55|Hidden Agenda|\\support02\Users\Public\ZettaFolder\Media\2\2007~Hidden Agenda.mp3
14:47:21|Onda Geox jingle 07|\\support02\Users\Public\ZettaFolder\Media\2\2197~Onda Geox jingle 07.mp3
14:47:24|Rehab|\\support02\Users\Public\ZettaFolder\Media\2\2068~Rehab.mp3
14:51:21|Benefeet sogg.2|\\support02\Users\Public\ZettaFolder\Media\2\2190~Benefeet sogg.2.mp3
14:51:55|Onda Geox jingle 04|\\support02\Users\Public\ZettaFolder\Media\2\2194~Onda Geox jingle 04.mp3
14:52:06|Not Gon' Cry|\\support02\Users\Public\ZettaFolder\Media\0\242~07 Not Gon' Cry.mp3
14:56:35|Onda Geox jingle 07|\\support02\Users\Public\ZettaFolder\Media\2\2197~Onda Geox jingle 07.mp3
14:56:38|Turn On, Tune In, Cop Oout|\\support02\Users\Public\ZettaFolder\Media\2\2119~Turn On, Tune In, Cop Out.mp3
15:00:51|Onda Geox jingle 06|\\support02\Users\Public\ZettaFolder\Media\2\2196~Onda Geox jingle 06.mp3
15:00:55|Work (Freemasons Radio Edit)|\\support02\Users\Public\ZettaFolder\Media\0\207~01 Work (Freemasons Radio Edit).mp3
15:03:59|Onda Geox jingle 07|\\support02\Users\Public\ZettaFolder\Media\2\2197~Onda Geox jingle 07.mp3
15:04:02|Joy|\\support02\Users\Public\ZettaFolder\Media\2\2019~Joy.mp3
15:00:00|AmphiBiox sogg.4|\\support02\Users\Public\ZettaFolder\Media\2\2188~AmphiBiox sogg.4.mp3
15:00:38|Onda Geox jingle 05|\\support02\Users\Public\ZettaFolder\Media\2\2195~Onda Geox jingle 05.mp3
15:00:48|We Belong Together|\\support02\Users\Public\ZettaFolder\Media\2\2127~We Belong Together.mp3
15:04:01|Onda Geox jingle 07|\\support02\Users\Public\ZettaFolder\Media\2\2197~Onda Geox jingle 07.mp3
15:04:04|Never As Good As The First Time|\\support02\Users\Public\ZettaFolder\Media\2\2050~Never As Good As The First Time.mp3
15:07:53|Onda Geox jingle 06|\\support02\Users\Public\ZettaFolder\Media\2\2196~Onda Geox jingle 06.mp3
15:07:58|Romantic|\\support02\Users\Public\ZettaFolder\Media\0\204~01 Romantic.mp3
15:11:58|Onda Geox jingle 07|\\support02\Users\Public\ZettaFolder\Media\2\2197~Onda Geox jingle 07.mp3
15:12:01|O Divina|\\support02\Users\Public\ZettaFolder\Media\2\2226~AudioCD#f60f4412-11.mp3
15:15:49|Benefeet sogg.1|\\support02\Users\Public\ZettaFolder\Media\2\2189~Benefeet sogg.1.mp3
15:16:28|Onda Geox jingle 01|\\support02\Users\Public\ZettaFolder\Media\2\2191~Onda Geox jingle 01.mp3
15:16:38|If You Were Here Tonight|\\support02\Users\Public\ZettaFolder\Media\2\2013~If You Were Here Tonight.mp3
15:20:13|Onda Geox jingle 07|\\support02\Users\Public\ZettaFolder\Media\2\2197~Onda Geox jingle 07.mp3
15:20:16|Circle Of One|\\support02\Users\Public\ZettaFolder\Media\1\1862~Circle Of One.mp3
15:23:57|Onda Geox jingle 06|\\support02\Users\Public\ZettaFolder\Media\2\2196~Onda Geox jingle 06.mp3
15:24:01|You Give Me Something|\\support02\Users\Public\ZettaFolder\Media\2\2134~You Give Me Something.mp3
15:26:58|Onda Geox jingle 07|\\support02\Users\Public\ZettaFolder\Media\2\2197~Onda Geox jingle 07.mp3
15:27:01|Nightshift|\\support02\Users\Public\ZettaFolder\Media\0\235~06 Nightshift.mp3
15:31:14|AmphiBiox sogg.1|\\support02\Users\Public\ZettaFolder\Media\2\2185~AmphiBiox sogg.1.mp3
15:31:50|Onda Geox jingle 02|\\support02\Users\Public\ZettaFolder\Media\2\2192~Onda Geox jingle 02.mp3
15:32:01|Again|\\support02\Users\Public\ZettaFolder\Media\0\225~05 Again.mp3
15:35:45|Onda Geox jingle 07|\\support02\Users\Public\ZettaFolder\Media\2\2197~Onda Geox jingle 07.mp3
15:35:48|Right To Be Wrong|\\support02\Users\Public\ZettaFolder\Media\2\2073~Right To Be Wrong.mp3
15:39:44|Onda Geox jingle 06|\\support02\Users\Public\ZettaFolder\Media\2\2196~Onda Geox jingle 06.mp3
15:39:48|Don't Be Cruel|\\support02\Users\Public\ZettaFolder\Media\0\232~06 Bobby Brown _ Don't Be Cruel.mp3
15:43:50|Onda Geox jingle 07|\\support02\Users\Public\ZettaFolder\Media\2\2197~Onda Geox jingle 07.mp3
15:43:53|Lifted|\\support02\Users\Public\ZettaFolder\Media\2\2030~Lifted.mp3
15:47:55|Benefeet sogg.2|\\support02\Users\Public\ZettaFolder\Media\2\2190~Benefeet sogg.2.mp3
15:48:29|Onda Geox jingle 03|\\support02\Users\Public\ZettaFolder\Media\2\2193~Onda Geox jingle 03.mp3
15:48:39|One More Chance|\\support02\Users\Public\ZettaFolder\Media\2\2058~One More Chance.mp3
15:52:55|Onda Geox jingle 07|\\support02\Users\Public\ZettaFolder\Media\2\2197~Onda Geox jingle 07.mp3
15:52:58|Skeletons|\\support02\Users\Public\ZettaFolder\Media\2\2086~Skeletons.mp3
15:58:10|Onda Geox jingle 06|\\support02\Users\Public\ZettaFolder\Media\2\2196~Onda Geox jingle 06.mp3
15:58:14|Closer|\\support02\Users\Public\ZettaFolder\Media\1\1864~Closer.mp3
16:02:03|Onda Geox jingle 07|\\support02\Users\Public\ZettaFolder\Media\2\2197~Onda Geox jingle 07.mp3
16:02:06|Breakout|\\support02\Users\Public\ZettaFolder\Media\1\1992~Breakout.mp3
17:00:00|AmphiBiox sogg.2|\\support02\Users\Public\ZettaFolder\Media\2\2186~AmphiBiox sogg.2.mp3
17:00:33|Onda Geox jingle 04|\\support02\Users\Public\ZettaFolder\Media\2\2194~Onda Geox jingle 04.mp3
17:00:43|Apple Tree|\\support02\Users\Public\ZettaFolder\Media\1\1783~Apple Tree.mp3
17:04:58|Onda Geox jingle 07|\\support02\Users\Public\ZettaFolder\Media\2\2197~Onda Geox jingle 07.mp3
17:05:01|Thank You|\\support02\Users\Public\ZettaFolder\Media\0\205~01 Thank You.mp3
17:09:24|Onda Geox jingle 06|\\support02\Users\Public\ZettaFolder\Media\2\2196~Onda Geox jingle 06.mp3
17:09:28|Heartbreaker|\\support02\Users\Public\ZettaFolder\Media\2\2006~Heartbreaker.mp3
17:13:32|Onda Geox jingle 07|\\support02\Users\Public\ZettaFolder\Media\2\2197~Onda Geox jingle 07.mp3
17:13:35|I Don't Wanna Fight|\\support02\Users\Public\ZettaFolder\Media\0\259~11 I Don't Wanna Fight.mp3
17:17:49|Benefeet sogg.1|\\support02\Users\Public\ZettaFolder\Media\2\2189~Benefeet sogg.1.mp3
17:18:27|Onda Geox jingle 05|\\support02\Users\Public\ZettaFolder\Media\2\2195~Onda Geox jingle 05.mp3
17:18:38|Secret Lovers|\\support02\Users\Public\ZettaFolder\Media\2\2079~Secret Lovers.mp3
17:23:53|Onda Geox jingle 07|\\support02\Users\Public\ZettaFolder\Media\2\2197~Onda Geox jingle 07.mp3
17:23:56|Show Me|\\support02\Users\Public\ZettaFolder\Media\2\2161~Dana Dawson - Show me.mp3
17:27:34|Onda Geox jingle 06|\\support02\Users\Public\ZettaFolder\Media\2\2196~Onda Geox jingle 06.mp3
17:27:38|She's Got That Vibe|\\support02\Users\Public\ZettaFolder\Media\0\228~05 She's Got That Vibe.mp3
17:31:23|Onda Geox jingle 07|\\support02\Users\Public\ZettaFolder\Media\2\2197~Onda Geox jingle 07.mp3
17:31:26|Man In The Mirror|\\support02\Users\Public\ZettaFolder\Media\0\240~07 Michael Jackson _ Man In The Mirr.mp3
17:36:23|AmphiBiox sogg.3|\\support02\Users\Public\ZettaFolder\Media\2\2187~AmphiBiox sogg.3.mp3
17:37:01|Onda Geox jingle 01|\\support02\Users\Public\ZettaFolder\Media\2\2191~Onda Geox jingle 01.mp3
17:37:12|WALKING AWAY|\\support02\Users\Public\ZettaFolder\Media\2\2126~Walking Away.mp3
17:40:24|Onda Geox jingle 07|\\support02\Users\Public\ZettaFolder\Media\2\2197~Onda Geox jingle 07.mp3
17:40:27|Love x Love|\\support02\Users\Public\ZettaFolder\Media\2\2037~Love x Love.mp3
17:45:05|Onda Geox jingle 06|\\support02\Users\Public\ZettaFolder\Media\2\2196~Onda Geox jingle 06.mp3
17:45:09|Little L|\\support02\Users\Public\ZettaFolder\Media\2\2165~Jamiroquai - Little L.mp3
17:48:54|Onda Geox jingle 07|\\support02\Users\Public\ZettaFolder\Media\2\2197~Onda Geox jingle 07.mp3
17:48:57|Moondance|\\support02\Users\Public\ZettaFolder\Media\2\2044~Moondance.mp3
17:53:03|Benefeet sogg.2|\\support02\Users\Public\ZettaFolder\Media\2\2190~Benefeet sogg.2.mp3
17:53:37|Onda Geox jingle 02|\\support02\Users\Public\ZettaFolder\Media\2\2192~Onda Geox jingle 02.mp3
17:53:48|Sunshine|\\support02\Users\Public\ZettaFolder\Media\2\2102~Sunshine.mp3
17:57:46|Onda Geox jingle 07|\\support02\Users\Public\ZettaFolder\Media\2\2197~Onda Geox jingle 07.mp3
17:57:49|Open your eyes|\\support02\Users\Public\ZettaFolder\Media\2\2151~Alice [+] Skye - Open your eyes.mp3
18:01:40|Onda Geox jingle 06|\\support02\Users\Public\ZettaFolder\Media\2\2196~Onda Geox jingle 06.mp3
18:01:44|Shy Guy|\\support02\Users\Public\ZettaFolder\Media\2\2084~Shy Guy.mp3
18:05:21|Onda Geox jingle 07|\\support02\Users\Public\ZettaFolder\Media\2\2197~Onda Geox jingle 07.mp3
18:05:24|Stay|\\support02\Users\Public\ZettaFolder\Media\2\2096~Stay.mp3
18:00:00|AmphiBiox sogg.4|\\support02\Users\Public\ZettaFolder\Media\2\2188~AmphiBiox sogg.4.mp3
18:00:38|Onda Geox jingle 03|\\support02\Users\Public\ZettaFolder\Media\2\2193~Onda Geox jingle 03.mp3
18:00:49|I don't want to|\\support02\Users\Public\ZettaFolder\Media\2\2218~AudioCD#df0f8c11-12.mp3
18:04:57|Onda Geox jingle 07|\\support02\Users\Public\ZettaFolder\Media\2\2197~Onda Geox jingle 07.mp3
18:05:00|Even When You Sleep|\\support02\Users\Public\ZettaFolder\Media\1\1878~Even When You Sleep.mp3
18:08:54|Onda Geox jingle 06|\\support02\Users\Public\ZettaFolder\Media\2\2196~Onda Geox jingle 06.mp3
18:08:58|I Love Your Smile|\\support02\Users\Public\ZettaFolder\Media\2\2144~Shanice - I love your smile.mp3
18:13:12|Onda Geox jingle 07|\\support02\Users\Public\ZettaFolder\Media\2\2197~Onda Geox jingle 07.mp3
18:13:15|Life|\\support02\Users\Public\ZettaFolder\Media\2\2029~Life.mp3
18:16:29|Benefeet sogg.1|\\support02\Users\Public\ZettaFolder\Media\2\2189~Benefeet sogg.1.mp3
18:17:08|Onda Geox jingle 04|\\support02\Users\Public\ZettaFolder\Media\2\2194~Onda Geox jingle 04.mp3
18:17:18|Beauty And The Beast|\\support02\Users\Public\ZettaFolder\Media\0\262~13 Beauty And The Beast.mp3
18:20:40|Onda Geox jingle 07|\\support02\Users\Public\ZettaFolder\Media\2\2197~Onda Geox jingle 07.mp3
18:20:43|Summertime 98|\\support02\Users\Public\ZettaFolder\Media\2\2210~AudioCD#dd0f0d11-15.mp3
18:24:50|Onda Geox jingle 06|\\support02\Users\Public\ZettaFolder\Media\2\2196~Onda Geox jingle 06.mp3
18:24:54|I Would Die 4 U|\\support02\Users\Public\ZettaFolder\Media\1\1897~I Would Die 4 U.mp3
18:27:43|Onda Geox jingle 07|\\support02\Users\Public\ZettaFolder\Media\2\2197~Onda Geox jingle 07.mp3
18:27:46|Ain't Nobody|\\support02\Users\Public\ZettaFolder\Media\1\1578~Ain't Nobody.mp3
18:32:06|AmphiBiox sogg.1|\\support02\Users\Public\ZettaFolder\Media\2\2185~AmphiBiox sogg.1.mp3
18:32:43|Onda Geox jingle 05|\\support02\Users\Public\ZettaFolder\Media\2\2195~Onda Geox jingle 05.mp3
18:32:53|Just Because|\\support02\Users\Public\ZettaFolder\Media\2\2022~Just Because.mp3
18:37:46|Onda Geox jingle 07|\\support02\Users\Public\ZettaFolder\Media\2\2197~Onda Geox jingle 07.mp3
18:37:49|Full Moon|\\support02\Users\Public\ZettaFolder\Media\0\209~02 Full Moon.mp3
18:41:57|Onda Geox jingle 06|\\support02\Users\Public\ZettaFolder\Media\2\2196~Onda Geox jingle 06.mp3
18:42:02|Change|\\support02\Users\Public\ZettaFolder\Media\1\1995~Change.mp3
18:45:47|Onda Geox jingle 07|\\support02\Users\Public\ZettaFolder\Media\2\2197~Onda Geox jingle 07.mp3
18:45:50|Just For You|\\support02\Users\Public\ZettaFolder\Media\2\2023~Just For You.mp3
18:49:12|Benefeet sogg.2|\\support02\Users\Public\ZettaFolder\Media\2\2190~Benefeet sogg.2.mp3
18:49:46|Onda Geox jingle 01|\\support02\Users\Public\ZettaFolder\Media\2\2191~Onda Geox jingle 01.mp3
18:49:57|If You Asked Me To|\\support02\Users\Public\ZettaFolder\Media\1\1902~If You Ask Me To.mp3
18:53:44|Onda Geox jingle 07|\\support02\Users\Public\ZettaFolder\Media\2\2197~Onda Geox jingle 07.mp3
18:53:47|Wait In Summer|\\support02\Users\Public\ZettaFolder\Media\2\2202~AudioCD#08108b13-13.mp3
18:57:06|Onda Geox jingle 06|\\support02\Users\Public\ZettaFolder\Media\2\2196~Onda Geox jingle 06.mp3
18:57:11|Alright|\\support02\Users\Public\ZettaFolder\Media\1\1775~Alright.mp3
19:01:43|Onda Geox jingle 07|\\support02\Users\Public\ZettaFolder\Media\2\2197~Onda Geox jingle 07.mp3
19:01:46|Natural Blues|\\support02\Users\Public\ZettaFolder\Media\2\2173~Moby - Natural Blues.mp3
19:00:00|AmphiBiox sogg.2|\\support02\Users\Public\ZettaFolder\Media\2\2186~AmphiBiox sogg.2.mp3
19:00:33|Onda Geox jingle 02|\\support02\Users\Public\ZettaFolder\Media\2\2192~Onda Geox jingle 02.mp3
19:00:43|Superwoman|\\support02\Users\Public\ZettaFolder\Media\0\212~02 Superwoman.mp3
19:05:07|Onda Geox jingle 07|\\support02\Users\Public\ZettaFolder\Media\2\2197~Onda Geox jingle 07.mp3
19:05:10|Still A Friend Of Mine|\\support02\Users\Public\ZettaFolder\Media\2\2097~Still A Friend Of Mine.mp3
19:10:35|Onda Geox jingle 06|\\support02\Users\Public\ZettaFolder\Media\2\2196~Onda Geox jingle 06.mp3
19:10:40|YOU|\\support02\Users\Public\ZettaFolder\Media\2\2224~AudioCD#e40ec912-11.mp3
19:14:22|Onda Geox jingle 07|\\support02\Users\Public\ZettaFolder\Media\2\2197~Onda Geox jingle 07.mp3
19:14:25|Dreamlover|\\support02\Users\Public\ZettaFolder\Media\0\270~14 Dreamlover.mp3
19:18:17|Benefeet sogg.1|\\support02\Users\Public\ZettaFolder\Media\2\2189~Benefeet sogg.1.mp3
19:18:55|Onda Geox jingle 03|\\support02\Users\Public\ZettaFolder\Media\2\2193~Onda Geox jingle 03.mp3
19:19:06|Beautiful|\\support02\Users\Public\ZettaFolder\Media\1\1989~Beautiful.mp3
19:23:01|Onda Geox jingle 07|\\support02\Users\Public\ZettaFolder\Media\2\2197~Onda Geox jingle 07.mp3
19:23:04|Daylight|\\support02\Users\Public\ZettaFolder\Media\0\208~02 Daylight.mp3
19:26:24|Onda Geox jingle 06|\\support02\Users\Public\ZettaFolder\Media\2\2196~Onda Geox jingle 06.mp3
19:26:28|Get It Right|\\support02\Users\Public\ZettaFolder\Media\2\2003~Get it Right.mp3
19:30:31|Onda Geox jingle 07|\\support02\Users\Public\ZettaFolder\Media\2\2197~Onda Geox jingle 07.mp3
19:30:34|Dilemma|\\support02\Users\Public\ZettaFolder\Media\1\1869~Dilemma.mp3
19:35:10|AmphiBiox sogg.3|\\support02\Users\Public\ZettaFolder\Media\2\2187~AmphiBiox sogg.3.mp3
19:35:48|Onda Geox jingle 04|\\support02\Users\Public\ZettaFolder\Media\2\2194~Onda Geox jingle 04.mp3
19:35:58|Anything For You|\\support02\Users\Public\ZettaFolder\Media\1\1782~Anything For You.mp3
19:39:22|Onda Geox jingle 07|\\support02\Users\Public\ZettaFolder\Media\2\2197~Onda Geox jingle 07.mp3
19:39:25|Ya Mo B There|\\support02\Users\Public\ZettaFolder\Media\2\2132~Ya Mo B There.mp3
19:43:32|Onda Geox jingle 06|\\support02\Users\Public\ZettaFolder\Media\2\2196~Onda Geox jingle 06.mp3
19:43:36|Crazy In Love|\\support02\Users\Public\ZettaFolder\Media\0\198~01 Crazy In Love.mp3
19:47:03|Onda Geox jingle 07|\\support02\Users\Public\ZettaFolder\Media\2\2197~Onda Geox jingle 07.mp3
19:47:06|Flashback|\\support02\Users\Public\ZettaFolder\Media\1\1882~Flashback.mp3
19:50:42|Benefeet sogg.2|\\support02\Users\Public\ZettaFolder\Media\2\2190~Benefeet sogg.2.mp3
19:51:16|Onda Geox jingle 05|\\support02\Users\Public\ZettaFolder\Media\2\2195~Onda Geox jingle 05.mp3
19:51:26|Save The Best For Last|\\support02\Users\Public\ZettaFolder\Media\0\251~09 Save The Best For Last.mp3
19:55:02|Onda Geox jingle 07|\\support02\Users\Public\ZettaFolder\Media\2\2197~Onda Geox jingle 07.mp3
19:55:05|One Of Those Days|\\support02\Users\Public\ZettaFolder\Media\2\2059~One Of Those Days.mp3
19:58:50|Onda Geox jingle 06|\\support02\Users\Public\ZettaFolder\Media\2\2196~Onda Geox jingle 06.mp3
19:58:54|What's That You're Doing|\\support02\Users\Public\ZettaFolder\Media\2\2130~What's That You're Doing.mp3
20:04:45|Onda Geox jingle 07|\\support02\Users\Public\ZettaFolder\Media\2\2197~Onda Geox jingle 07.mp3
20:04:48|Sweet Freedom|\\support02\Users\Public\ZettaFolder\Media\0\229~05 Sweet Freedom.mp3
20:00:00|AmphiBiox sogg.4|\\support02\Users\Public\ZettaFolder\Media\2\2188~AmphiBiox sogg.4.mp3
20:00:38|Onda Geox jingle 01|\\support02\Users\Public\ZettaFolder\Media\2\2191~Onda Geox jingle 01.mp3
20:00:48|Half On A Baby|\\support02\Users\Public\ZettaFolder\Media\1\1887~Half on a baby.mp3
20:05:21|Onda Geox jingle 07|\\support02\Users\Public\ZettaFolder\Media\2\2197~Onda Geox jingle 07.mp3
20:05:24|Mated|\\support02\Users\Public\ZettaFolder\Media\2\2040~Mated.mp3
20:09:07|Onda Geox jingle 06|\\support02\Users\Public\ZettaFolder\Media\2\2196~Onda Geox jingle 06.mp3
20:09:12|AM to PM|\\support02\Users\Public\ZettaFolder\Media\2\2158~Christina Milian - AM to PM.mp3
20:12:44|Onda Geox jingle 07|\\support02\Users\Public\ZettaFolder\Media\2\2197~Onda Geox jingle 07.mp3
20:12:47|I Still haven't Found What I am Looking For|\\support02\Users\Public\ZettaFolder\Media\1\1896~I Still Haven't Found What I'm Looki.mp3
20:17:56|Benefeet sogg.1|\\support02\Users\Public\ZettaFolder\Media\2\2189~Benefeet sogg.1.mp3
20:18:35|Onda Geox jingle 02|\\support02\Users\Public\ZettaFolder\Media\2\2192~Onda Geox jingle 02.mp3
20:18:45|Miss You Like Crazy|\\support02\Users\Public\ZettaFolder\Media\0\272~14 Natalie Cole _ Miss You Like Craz.mp3
20:22:31|Onda Geox jingle 07|\\support02\Users\Public\ZettaFolder\Media\2\2197~Onda Geox jingle 07.mp3
20:22:34|Always In My heart|\\support02\Users\Public\ZettaFolder\Media\2\2180~Tevin Campbell - Always in my heart.mp3
20:27:45|Onda Geox jingle 06|\\support02\Users\Public\ZettaFolder\Media\2\2196~Onda Geox jingle 06.mp3
20:27:49|What's Your Flava?|\\support02\Users\Public\ZettaFolder\Media\0\214~02 What's Your Flava_.mp3
20:31:21|Onda Geox jingle 07|\\support02\Users\Public\ZettaFolder\Media\2\2197~Onda Geox jingle 07.mp3
20:31:24|Right Here|\\support02\Users\Public\ZettaFolder\Media\0\256~10 Right Here.mp3
20:35:01|AmphiBiox sogg.1|\\support02\Users\Public\ZettaFolder\Media\2\2185~AmphiBiox sogg.1.mp3
20:35:38|Onda Geox jingle 03|\\support02\Users\Public\ZettaFolder\Media\2\2193~Onda Geox jingle 03.mp3
20:35:48|You've Got It|\\support02\Users\Public\ZettaFolder\Media\2\2136~You've Got It.mp3
20:39:35|Onda Geox jingle 07|\\support02\Users\Public\ZettaFolder\Media\2\2197~Onda Geox jingle 07.mp3
20:39:38|Never New Love Like This Before|\\support02\Users\Public\ZettaFolder\Media\0\211~02 Stephanie Mills-Never New Love Li.mp3
20:42:59|Onda Geox jingle 06|\\support02\Users\Public\ZettaFolder\Media\2\2196~Onda Geox jingle 06.mp3
20:43:03|Oh Sheilla|\\support02\Users\Public\ZettaFolder\Media\2\2055~Oh Sheilla.mp3
20:47:02|Onda Geox jingle 07|\\support02\Users\Public\ZettaFolder\Media\2\2197~Onda Geox jingle 07.mp3
20:47:05|Ain't It Funny|\\support02\Users\Public\ZettaFolder\Media\2\2166~Jennifer Lopez - Ain't it funny.mp3
20:50:50|Benefeet sogg.2|\\support02\Users\Public\ZettaFolder\Media\2\2190~Benefeet sogg.2.mp3
20:51:24|Onda Geox jingle 04|\\support02\Users\Public\ZettaFolder\Media\2\2194~Onda Geox jingle 04.mp3
20:51:34|Come Back To Me|\\support02\Users\Public\ZettaFolder\Media\1\1996~Come Back To Me.mp3
20:56:08|Onda Geox jingle 07|\\support02\Users\Public\ZettaFolder\Media\2\2197~Onda Geox jingle 07.mp3
20:56:11|Rock Steady|\\support02\Users\Public\ZettaFolder\Media\0\245~08 Whispers - Rock Steady.mp3
21:00:02|Onda Geox jingle 06|\\support02\Users\Public\ZettaFolder\Media\2\2196~Onda Geox jingle 06.mp3
21:00:07|She Ain't Worth It|\\support02\Users\Public\ZettaFolder\Media\0\243~07 She Ain't Worth It _ Glenn Medeir.mp3
21:03:35|Onda Geox jingle 07|\\support02\Users\Public\ZettaFolder\Media\2\2197~Onda Geox jingle 07.mp3
21:03:38|Spider Man 'Theme'|\\support02\Users\Public\ZettaFolder\Media\2\2094~Spider Man 'Theme'.mp3
21:00:00|AmphiBiox sogg.2|\\support02\Users\Public\ZettaFolder\Media\2\2186~AmphiBiox sogg.2.mp3
21:00:33|Onda Geox jingle 05|\\support02\Users\Public\ZettaFolder\Media\2\2195~Onda Geox jingle 05.mp3
21:00:43|Piano In The dark|\\support02\Users\Public\ZettaFolder\Media\2\2062~Piano In The Dark.mp3
21:05:55|Onda Geox jingle 07|\\support02\Users\Public\ZettaFolder\Media\2\2197~Onda Geox jingle 07.mp3
21:05:58|Freak Like Me|\\support02\Users\Public\ZettaFolder\Media\0\253~10 Freak Like Me.mp3
21:09:54|Onda Geox jingle 06|\\support02\Users\Public\ZettaFolder\Media\2\2196~Onda Geox jingle 06.mp3
21:09:59|Seven Days In Sunny June|\\support02\Users\Public\ZettaFolder\Media\2\2081~Seven Days In Sunny June.mp3
21:13:53|Onda Geox jingle 07|\\support02\Users\Public\ZettaFolder\Media\2\2197~Onda Geox jingle 07.mp3
21:13:56|Back To Life|\\support02\Users\Public\ZettaFolder\Media\1\1988~Back To Life.mp3
21:17:27|Benefeet sogg.1|\\support02\Users\Public\ZettaFolder\Media\2\2189~Benefeet sogg.1.mp3
21:18:06|Onda Geox jingle 01|\\support02\Users\Public\ZettaFolder\Media\2\2191~Onda Geox jingle 01.mp3
21:18:17|Against All Odds|\\support02\Users\Public\ZettaFolder\Media\1\1577~Against All Odds.mp3
21:21:30|Onda Geox jingle 07|\\support02\Users\Public\ZettaFolder\Media\2\2197~Onda Geox jingle 07.mp3
21:21:33|Move Closer|\\support02\Users\Public\ZettaFolder\Media\2\2046~Move Closer.mp3
21:25:33|Onda Geox jingle 06|\\support02\Users\Public\ZettaFolder\Media\2\2196~Onda Geox jingle 06.mp3
21:25:37|Because Of You|\\support02\Users\Public\ZettaFolder\Media\1\1904~Because Of You.mp3
21:29:20|Onda Geox jingle 07|\\support02\Users\Public\ZettaFolder\Media\2\2197~Onda Geox jingle 07.mp3
21:29:23|Unfinished Simpathy|\\support02\Users\Public\ZettaFolder\Media\2\2122~Unfinished Simpathy.mp3
21:34:22|AmphiBiox sogg.3|\\support02\Users\Public\ZettaFolder\Media\2\2187~AmphiBiox sogg.3.mp3
21:35:00|Onda Geox jingle 02|\\support02\Users\Public\ZettaFolder\Media\2\2192~Onda Geox jingle 02.mp3
21:35:11|He Is|\\support02\Users\Public\ZettaFolder\Media\0\266~13 He Is.mp3
21:39:26|Onda Geox jingle 07|\\support02\Users\Public\ZettaFolder\Media\2\2197~Onda Geox jingle 07.mp3
21:39:29|Do Something|\\support02\Users\Public\ZettaFolder\Media\1\1871~Do Something.mp3
21:43:34|Onda Geox jingle 06|\\support02\Users\Public\ZettaFolder\Media\2\2196~Onda Geox jingle 06.mp3
21:43:38|Real Love|\\support02\Users\Public\ZettaFolder\Media\2\2067~Real Love_.mp3
21:48:04|Onda Geox jingle 07|\\support02\Users\Public\ZettaFolder\Media\2\2197~Onda Geox jingle 07.mp3
21:48:07|Sign 'O' The Times|\\support02\Users\Public\ZettaFolder\Media\2\2085~Sign 'O' The Times.mp3
21:51:40|Benefeet sogg.2|\\support02\Users\Public\ZettaFolder\Media\2\2190~Benefeet sogg.2.mp3
21:52:14|Onda Geox jingle 03|\\support02\Users\Public\ZettaFolder\Media\2\2193~Onda Geox jingle 03.mp3
21:52:25|Because You Loved Me|\\support02\Users\Public\ZettaFolder\Media\1\1990~Because You Loved Me.mp3
21:56:52|Onda Geox jingle 07|\\support02\Users\Public\ZettaFolder\Media\2\2197~Onda Geox jingle 07.mp3
21:56:55|Come Into My Life|\\support02\Users\Public\ZettaFolder\Media\1\1867~Come Into My Life.mp3
22:00:32|Onda Geox jingle 06|\\support02\Users\Public\ZettaFolder\Media\2\2196~Onda Geox jingle 06.mp3
22:00:36|Do I Do (Edit)|\\support02\Users\Public\ZettaFolder\Media\1\1870~Do I Do (Edit).mp3
22:05:10|Onda Geox jingle 07|\\support02\Users\Public\ZettaFolder\Media\2\2197~Onda Geox jingle 07.mp3
22:05:13|Could I Have This Kiss Forever|\\support02\Users\Public\ZettaFolder\Media\2\2181~Whitney Houston [+] Enrique Iglesias - Could I have this kiss forever.mp3
22:00:00|AmphiBiox sogg.4|\\support02\Users\Public\ZettaFolder\Media\2\2188~AmphiBiox sogg.4.mp3
22:00:38|Onda Geox jingle 04|\\support02\Users\Public\ZettaFolder\Media\2\2194~Onda Geox jingle 04.mp3
22:00:48|You Are Not Alone|\\support02\Users\Public\ZettaFolder\Media\1\1981~04 You Are Not Alone.mp3
22:05:11|Onda Geox jingle 07|\\support02\Users\Public\ZettaFolder\Media\2\2197~Onda Geox jingle 07.mp3
22:05:14|Girl On TV|\\support02\Users\Public\ZettaFolder\Media\2\2168~LFO - Girl On TV.mp3
22:09:20|Onda Geox jingle 06|\\support02\Users\Public\ZettaFolder\Media\2\2196~Onda Geox jingle 06.mp3
22:09:25|Don't You Worry 'Bout A Thing|\\support02\Users\Public\ZettaFolder\Media\1\1875~Don't You Worry 'Bout A Thing.mp3
22:14:35|Onda Geox jingle 07|\\support02\Users\Public\ZettaFolder\Media\2\2197~Onda Geox jingle 07.mp3
22:14:38|I Don't Wanna Lose You|\\support02\Users\Public\ZettaFolder\Media\1\1894~I Don't Wanna Lose You.mp3
22:18:46|Benefeet sogg.1|\\support02\Users\Public\ZettaFolder\Media\2\2189~Benefeet sogg.1.mp3
22:19:24|Onda Geox jingle 05|\\support02\Users\Public\ZettaFolder\Media\2\2195~Onda Geox jingle 05.mp3
22:19:35|You Don't Know My Name|\\support02\Users\Public\ZettaFolder\Media\2\2133~You Don't Know My Name.mp3
22:22:26|Onda Geox jingle 07|\\support02\Users\Public\ZettaFolder\Media\2\2197~Onda Geox jingle 07.mp3
22:22:29|Saturday Love|\\support02\Users\Public\ZettaFolder\Media\2\2076~Saturday Love.mp3
22:26:44|Onda Geox jingle 06|\\support02\Users\Public\ZettaFolder\Media\2\2196~Onda Geox jingle 06.mp3
22:26:49|Slave To The Rhythm|\\support02\Users\Public\ZettaFolder\Media\2\2087~Slave To The Rhythm.mp3
22:31:02|Onda Geox jingle 07|\\support02\Users\Public\ZettaFolder\Media\2\2197~Onda Geox jingle 07.mp3
22:31:05|This Is What You Are|\\support02\Users\Public\ZettaFolder\Media\2\2116~This Is What You Are.mp3
22:35:20|AmphiBiox sogg.1|\\support02\Users\Public\ZettaFolder\Media\2\2185~AmphiBiox sogg.1.mp3
22:35:56|Onda Geox jingle 01|\\support02\Users\Public\ZettaFolder\Media\2\2191~Onda Geox jingle 01.mp3
22:36:07|No Ordinary Love|\\support02\Users\Public\ZettaFolder\Media\0\241~07 No Ordinary Love.mp3
22:39:59|Onda Geox jingle 07|\\support02\Users\Public\ZettaFolder\Media\2\2197~Onda Geox jingle 07.mp3
22:40:02|U Know What's Up|\\support02\Users\Public\ZettaFolder\Media\2\2163~Donell Jones - U know what's up.mp3
22:43:53|Onda Geox jingle 06|\\support02\Users\Public\ZettaFolder\Media\2\2196~Onda Geox jingle 06.mp3
22:43:57|Gettin' jiggy with it|\\support02\Users\Public\ZettaFolder\Media\2\2215~AudioCD#17107712-11.mp3
22:47:41|Onda Geox jingle 07|\\support02\Users\Public\ZettaFolder\Media\2\2197~Onda Geox jingle 07.mp3
22:47:44|Mornin'|\\support02\Users\Public\ZettaFolder\Media\2\2045~Mornin'.mp3
22:51:48|Benefeet sogg.2|\\support02\Users\Public\ZettaFolder\Media\2\2190~Benefeet sogg.2.mp3
22:52:22|Onda Geox jingle 02|\\support02\Users\Public\ZettaFolder\Media\2\2192~Onda Geox jingle 02.mp3
22:52:32|If You Don't Know Me By Now|\\support02\Users\Public\ZettaFolder\Media\1\1903~If You Don't Know Me By Now.mp3
22:55:49|Onda Geox jingle 07|\\support02\Users\Public\ZettaFolder\Media\2\2197~Onda Geox jingle 07.mp3
22:55:52|Dream On Dreamer|\\support02\Users\Public\ZettaFolder\Media\1\1876~Dream On Dreamer.mp3
22:59:09|Onda Geox jingle 06|\\support02\Users\Public\ZettaFolder\Media\2\2196~Onda Geox jingle 06.mp3
22:59:14|Home Alone|\\support02\Users\Public\ZettaFolder\Media\1\1893~Home Alone.mp3
23:03:16|Onda Geox jingle 07|\\support02\Users\Public\ZettaFolder\Media\2\2197~Onda Geox jingle 07.mp3
23:03:19|Dreams|\\support02\Users\Public\ZettaFolder\Media\2\2000~Dreams.mp3
23:00:00|AmphiBiox sogg.2|\\support02\Users\Public\ZettaFolder\Media\2\2186~AmphiBiox sogg.2.mp3
23:00:33|Onda Geox jingle 03|\\support02\Users\Public\ZettaFolder\Media\2\2193~Onda Geox jingle 03.mp3
23:00:43|Un-Break My Heart (Album)|\\support02\Users\Public\ZettaFolder\Media\0\223~04 Un-Break My Heart (Album).mp3
23:04:56|Onda Geox jingle 07|\\support02\Users\Public\ZettaFolder\Media\2\2197~Onda Geox jingle 07.mp3
23:04:59|caravan Of Love|\\support02\Users\Public\ZettaFolder\Media\1\1994~Caravan Of Love.mp3
23:09:15|Onda Geox jingle 06|\\support02\Users\Public\ZettaFolder\Media\2\2196~Onda Geox jingle 06.mp3
23:09:19|Summer Jam|\\support02\Users\Public\ZettaFolder\Media\2\2228~AudioCD#10103813-19.mp3
23:12:47|Onda Geox jingle 07|\\support02\Users\Public\ZettaFolder\Media\2\2197~Onda Geox jingle 07.mp3
23:12:50|As|\\support02\Users\Public\ZettaFolder\Media\1\1784~As.mp3
23:16:55|Benefeet sogg.1|\\support02\Users\Public\ZettaFolder\Media\2\2189~Benefeet sogg.1.mp3
23:17:33|Onda Geox jingle 04|\\support02\Users\Public\ZettaFolder\Media\2\2194~Onda Geox jingle 04.mp3
23:17:44|A Broken Heart Can Mend|\\support02\Users\Public\ZettaFolder\Media\1\1573~A Broken Heart Can Mend.mp3
23:21:12|Onda Geox jingle 07|\\support02\Users\Public\ZettaFolder\Media\2\2197~Onda Geox jingle 07.mp3
23:21:15|(Damn These) Hungry Times|\\support02\Users\Public\ZettaFolder\Media\0\199~(Damn These) Hungry Times.mp3
23:25:22|Onda Geox jingle 06|\\support02\Users\Public\ZettaFolder\Media\2\2196~Onda Geox jingle 06.mp3
23:25:26|Move On Up|\\support02\Users\Public\ZettaFolder\Media\2\2047~Move On Up.mp3
23:29:19|Onda Geox jingle 07|\\support02\Users\Public\ZettaFolder\Media\2\2197~Onda Geox jingle 07.mp3
23:29:22|Turn Off The Light|\\support02\Users\Public\ZettaFolder\Media\2\2177~Nelly Furtado - Turn off the light.mp3
23:33:39|AmphiBiox sogg.3|\\support02\Users\Public\ZettaFolder\Media\2\2187~AmphiBiox sogg.3.mp3
23:34:17|Onda Geox jingle 05|\\support02\Users\Public\ZettaFolder\Media\2\2195~Onda Geox jingle 05.mp3
23:34:27|Hero|\\support02\Users\Public\ZettaFolder\Media\0\276~15 Hero.mp3
23:38:42|Onda Geox jingle 07|\\support02\Users\Public\ZettaFolder\Media\2\2197~Onda Geox jingle 07.mp3
23:38:45|Broken|\\support02\Users\Public\ZettaFolder\Media\0\233~06 Broken.mp3
23:42:02|Onda Geox jingle 06|\\support02\Users\Public\ZettaFolder\Media\2\2196~Onda Geox jingle 06.mp3
23:42:06|Canned Heat|\\support02\Users\Public\ZettaFolder\Media\1\1993~Canned Heat.mp3
23:45:18|Onda Geox jingle 07|\\support02\Users\Public\ZettaFolder\Media\2\2197~Onda Geox jingle 07.mp3
23:45:21|It's Not Right But It's Okay|\\support02\Users\Public\ZettaFolder\Media\2\2139~It's Not Right But It's Okay_1.mp3
23:49:49|Benefeet sogg.2|\\support02\Users\Public\ZettaFolder\Media\2\2190~Benefeet sogg.2.mp3
23:50:23|Onda Geox jingle 01|\\support02\Users\Public\ZettaFolder\Media\2\2191~Onda Geox jingle 01.mp3
23:50:33|One More Chance|\\support02\Users\Public\ZettaFolder\Media\2\2058~One More Chance.mp3
23:54:49|Onda Geox jingle 07|\\support02\Users\Public\ZettaFolder\Media\2\2197~Onda Geox jingle 07.mp3
23:54:52|Question Of Faith|\\support02\Users\Public\ZettaFolder\Media\2\2065~Question Of Faith.mp3
23:58:28|Onda Geox jingle 06|\\support02\Users\Public\ZettaFolder\Media\2\2196~Onda Geox jingle 06.mp3
23:58:32|Control|\\support02\Users\Public\ZettaFolder\Media\0\203~01 Janet Jackson - Control.mp3
00:01:58|Onda Geox jingle 07|\\support02\Users\Public\ZettaFolder\Media\2\2197~Onda Geox jingle 07.mp3
00:02:01|I Believe|\\support02\Users\Public\ZettaFolder\Media\0\227~05 I Believe.mp3
