00:00:00|AmphiBiox sogg.3|\\support02\Users\Public\ZettaFolder\Media\2\2187~AmphiBiox sogg.3.mp3
00:00:37|Onda Geox jingle 03|\\support02\Users\Public\ZettaFolder\Media\2\2193~Onda Geox jingle 03.mp3
00:00:48|Sweet Baby|\\support02\Users\Public\ZettaFolder\Media\2\2106~Sweet Baby.mp3
00:04:25|Onda Geox jingle 07|\\support02\Users\Public\ZettaFolder\Media\2\2197~Onda Geox jingle 07.mp3
00:04:28|Rapper's delight|\\support02\Users\Public\ZettaFolder\Media\2\2221~AudioCD#e00e9610-15.mp3
00:08:49|Onda Geox jingle 06|\\support02\Users\Public\ZettaFolder\Media\2\2196~Onda Geox jingle 06.mp3
00:08:53|The Glamorous Life|\\support02\Users\Public\ZettaFolder\Media\1\1152~21-08 The Glamorous Life.mp3
00:12:27|Onda Geox jingle 07|\\support02\Users\Public\ZettaFolder\Media\2\2197~Onda Geox jingle 07.mp3
00:12:30|Rehab|\\support02\Users\Public\ZettaFolder\Media\2\2068~Rehab.mp3
00:16:28|Benefeet sogg.1|\\support02\Users\Public\ZettaFolder\Media\2\2189~Benefeet sogg.1.mp3
00:17:06|Onda Geox jingle 04|\\support02\Users\Public\ZettaFolder\Media\2\2194~Onda Geox jingle 04.mp3
00:17:16|Because You Loved Me|\\support02\Users\Public\ZettaFolder\Media\1\1990~Because You Loved Me.mp3
00:21:44|Onda Geox jingle 07|\\support02\Users\Public\ZettaFolder\Media\2\2197~Onda Geox jingle 07.mp3
00:21:47|The Finest|\\support02\Users\Public\ZettaFolder\Media\2\2113~The Finest.mp3
00:27:34|Onda Geox jingle 06|\\support02\Users\Public\ZettaFolder\Media\2\2196~Onda Geox jingle 06.mp3
00:27:38|Lose Yourself|\\support02\Users\Public\ZettaFolder\Media\0\221~04 Lose Yourself.mp3
00:31:54|Onda Geox jingle 07|\\support02\Users\Public\ZettaFolder\Media\2\2197~Onda Geox jingle 07.mp3
00:31:57|I Wonder Why|\\support02\Users\Public\ZettaFolder\Media\2\2011~I Wonder Why.mp3
00:36:13|AmphiBiox sogg.1|\\support02\Users\Public\ZettaFolder\Media\2\2185~AmphiBiox sogg.1.mp3
00:36:49|Onda Geox jingle 05|\\support02\Users\Public\ZettaFolder\Media\2\2195~Onda Geox jingle 05.mp3
00:37:00|Un-Break My Heart (Album)|\\support02\Users\Public\ZettaFolder\Media\0\223~04 Un-Break My Heart (Album).mp3
00:41:13|Onda Geox jingle 07|\\support02\Users\Public\ZettaFolder\Media\2\2197~Onda Geox jingle 07.mp3
00:41:16|Strange Kind Of Love|\\support02\Users\Public\ZettaFolder\Media\2\2099~Strange Kind Of Love.mp3
00:45:31|Onda Geox jingle 06|\\support02\Users\Public\ZettaFolder\Media\2\2196~Onda Geox jingle 06.mp3
00:45:35|Family affair|\\support02\Users\Public\ZettaFolder\Media\2\2170~Mary J Blige - Family affair.mp3
00:49:23|Onda Geox jingle 07|\\support02\Users\Public\ZettaFolder\Media\2\2197~Onda Geox jingle 07.mp3
00:49:26|That's The Way Love Goes|\\support02\Users\Public\ZettaFolder\Media\0\237~06 That's The Way Love Goes.mp3
00:53:19|Benefeet sogg.2|\\support02\Users\Public\ZettaFolder\Media\2\2190~Benefeet sogg.2.mp3
00:53:53|Onda Geox jingle 01|\\support02\Users\Public\ZettaFolder\Media\2\2191~Onda Geox jingle 01.mp3
00:54:04|A Woman's Worth|\\support02\Users\Public\ZettaFolder\Media\2\2152~Alicia Keys - A woman's worth.mp3
00:58:25|Onda Geox jingle 07|\\support02\Users\Public\ZettaFolder\Media\2\2197~Onda Geox jingle 07.mp3
00:58:28|I SAY A LITTLE PRAYER|\\support02\Users\Public\ZettaFolder\Media\2\2217~AudioCD#ca0e1910-08.mp3
01:01:54|Onda Geox jingle 06|\\support02\Users\Public\ZettaFolder\Media\2\2196~Onda Geox jingle 06.mp3
01:01:58|Heaven|\\support02\Users\Public\ZettaFolder\Media\1\1891~Heaven.mp3
01:05:38|Onda Geox jingle 07|\\support02\Users\Public\ZettaFolder\Media\2\2197~Onda Geox jingle 07.mp3
01:05:41|Human|\\support02\Users\Public\ZettaFolder\Media\0\247~09 Human.mp3
02:00:00|AmphiBiox sogg.2|\\support02\Users\Public\ZettaFolder\Media\2\2186~AmphiBiox sogg.2.mp3
02:00:33|Onda Geox jingle 02|\\support02\Users\Public\ZettaFolder\Media\2\2192~Onda Geox jingle 02.mp3
02:00:43|Exhale (Shoop Shoop)|\\support02\Users\Public\ZettaFolder\Media\0\200~01 Exhale (Shoop Shoop).mp3
02:03:59|Onda Geox jingle 07|\\support02\Users\Public\ZettaFolder\Media\2\2197~Onda Geox jingle 07.mp3
02:04:02|ANOTHER DAY IN PARADISE|\\support02\Users\Public\ZettaFolder\Media\2\2225~AudioCD#fc0f6213-04.mp3
02:08:15|Onda Geox jingle 06|\\support02\Users\Public\ZettaFolder\Media\2\2196~Onda Geox jingle 06.mp3
02:08:20|If You Had My Love|\\support02\Users\Public\ZettaFolder\Media\2\2012~If You Had My Love.mp3
02:12:00|Onda Geox jingle 07|\\support02\Users\Public\ZettaFolder\Media\2\2197~Onda Geox jingle 07.mp3
02:12:03|Sunrise|\\support02\Users\Public\ZettaFolder\Media\2\2101~Sunrise.mp3
02:15:06|Benefeet sogg.1|\\support02\Users\Public\ZettaFolder\Media\2\2189~Benefeet sogg.1.mp3
02:15:45|Onda Geox jingle 03|\\support02\Users\Public\ZettaFolder\Media\2\2193~Onda Geox jingle 03.mp3
02:15:55|Anything For You|\\support02\Users\Public\ZettaFolder\Media\1\1782~Anything For You.mp3
02:19:20|Onda Geox jingle 07|\\support02\Users\Public\ZettaFolder\Media\2\2197~Onda Geox jingle 07.mp3
02:19:23|Sensitivity|\\support02\Users\Public\ZettaFolder\Media\2\2080~Sensitivity.mp3
02:23:59|Onda Geox jingle 06|\\support02\Users\Public\ZettaFolder\Media\2\2196~Onda Geox jingle 06.mp3
02:24:03|You Rock My World|\\support02\Users\Public\ZettaFolder\Media\2\2172~Michael Jackson - You rock my world.mp3
02:28:28|Onda Geox jingle 07|\\support02\Users\Public\ZettaFolder\Media\2\2197~Onda Geox jingle 07.mp3
02:28:31|Moondance|\\support02\Users\Public\ZettaFolder\Media\2\2044~Moondance.mp3
02:32:38|AmphiBiox sogg.4|\\support02\Users\Public\ZettaFolder\Media\2\2188~AmphiBiox sogg.4.mp3
02:33:17|Onda Geox jingle 04|\\support02\Users\Public\ZettaFolder\Media\2\2194~Onda Geox jingle 04.mp3
02:33:27|Against All Odds|\\support02\Users\Public\ZettaFolder\Media\1\1577~Against All Odds.mp3
02:36:40|Onda Geox jingle 07|\\support02\Users\Public\ZettaFolder\Media\2\2197~Onda Geox jingle 07.mp3
02:36:43|You Remind Me Of Something|\\support02\Users\Public\ZettaFolder\Media\1\1983~05 You Remind Me Of Something.mp3
02:40:29|Onda Geox jingle 06|\\support02\Users\Public\ZettaFolder\Media\2\2196~Onda Geox jingle 06.mp3
02:40:33|Little L|\\support02\Users\Public\ZettaFolder\Media\2\2165~Jamiroquai - Little L.mp3
02:44:18|Onda Geox jingle 07|\\support02\Users\Public\ZettaFolder\Media\2\2197~Onda Geox jingle 07.mp3
02:44:21|Nightshift|\\support02\Users\Public\ZettaFolder\Media\0\235~06 Nightshift.mp3
02:48:33|Benefeet sogg.2|\\support02\Users\Public\ZettaFolder\Media\2\2190~Benefeet sogg.2.mp3
02:49:07|Onda Geox jingle 05|\\support02\Users\Public\ZettaFolder\Media\2\2195~Onda Geox jingle 05.mp3
02:49:18|Sunshine|\\support02\Users\Public\ZettaFolder\Media\2\2102~Sunshine.mp3
02:53:16|Onda Geox jingle 07|\\support02\Users\Public\ZettaFolder\Media\2\2197~Onda Geox jingle 07.mp3
02:53:19|He got game|\\support02\Users\Public\ZettaFolder\Media\2\2212~AudioCD#f310f813-12.mp3
02:56:32|Onda Geox jingle 06|\\support02\Users\Public\ZettaFolder\Media\2\2196~Onda Geox jingle 06.mp3
02:56:36|Don't Stop The Music|\\support02\Users\Public\ZettaFolder\Media\1\1873~Don't Stop The Music.mp3
03:00:22|Onda Geox jingle 07|\\support02\Users\Public\ZettaFolder\Media\2\2197~Onda Geox jingle 07.mp3
03:00:25|Finally Made Me Happy|\\support02\Users\Public\ZettaFolder\Media\1\1881~Finally Made Me Happy.mp3
03:00:00|AmphiBiox sogg.3|\\support02\Users\Public\ZettaFolder\Media\2\2187~AmphiBiox sogg.3.mp3
03:00:37|Onda Geox jingle 01|\\support02\Users\Public\ZettaFolder\Media\2\2191~Onda Geox jingle 01.mp3
03:00:48|Save The Best For Last|\\support02\Users\Public\ZettaFolder\Media\0\251~09 Save The Best For Last.mp3
03:04:23|Onda Geox jingle 07|\\support02\Users\Public\ZettaFolder\Media\2\2197~Onda Geox jingle 07.mp3
03:04:26|U Remind Me|\\support02\Users\Public\ZettaFolder\Media\2\2120~U Remind Me.mp3
03:08:52|Onda Geox jingle 06|\\support02\Users\Public\ZettaFolder\Media\2\2196~Onda Geox jingle 06.mp3
03:08:56|I Love Your Smile|\\support02\Users\Public\ZettaFolder\Media\2\2144~Shanice - I love your smile.mp3
03:13:10|Onda Geox jingle 07|\\support02\Users\Public\ZettaFolder\Media\2\2197~Onda Geox jingle 07.mp3
03:13:13|Keep On Movin'|\\support02\Users\Public\ZettaFolder\Media\2\2024~Keep On Movin'.mp3
03:16:40|Benefeet sogg.1|\\support02\Users\Public\ZettaFolder\Media\2\2189~Benefeet sogg.1.mp3
03:17:18|Onda Geox jingle 02|\\support02\Users\Public\ZettaFolder\Media\2\2192~Onda Geox jingle 02.mp3
03:17:29|Float On|\\support02\Users\Public\ZettaFolder\Media\1\1883~Float On.mp3
03:21:33|Onda Geox jingle 07|\\support02\Users\Public\ZettaFolder\Media\2\2197~Onda Geox jingle 07.mp3
03:21:36|You Don't Miss Your Water ('Til The Well Runs Dry)|\\support02\Users\Public\ZettaFolder\Media\1\1984~06 You Don't Miss Your Water ('Til T.mp3
03:26:47|Onda Geox jingle 06|\\support02\Users\Public\ZettaFolder\Media\2\2196~Onda Geox jingle 06.mp3
03:26:52|Forget About The World|\\support02\Users\Public\ZettaFolder\Media\0\201~01 Forget About The World.mp3
03:30:50|Onda Geox jingle 07|\\support02\Users\Public\ZettaFolder\Media\2\2197~Onda Geox jingle 07.mp3
03:30:53|Dilemma|\\support02\Users\Public\ZettaFolder\Media\1\1869~Dilemma.mp3
03:35:29|AmphiBiox sogg.1|\\support02\Users\Public\ZettaFolder\Media\2\2185~AmphiBiox sogg.1.mp3
03:36:05|Onda Geox jingle 03|\\support02\Users\Public\ZettaFolder\Media\2\2193~Onda Geox jingle 03.mp3
03:36:16|I Apologize|\\support02\Users\Public\ZettaFolder\Media\0\226~05 I Apologize.mp3
03:41:21|Onda Geox jingle 07|\\support02\Users\Public\ZettaFolder\Media\2\2197~Onda Geox jingle 07.mp3
03:41:24|We just wanna party with you|\\support02\Users\Public\ZettaFolder\Media\2\2211~AudioCD#cd0ed110-12.mp3
03:45:19|Onda Geox jingle 06|\\support02\Users\Public\ZettaFolder\Media\2\2196~Onda Geox jingle 06.mp3
03:45:23|Love Can Move Mountains|\\support02\Users\Public\ZettaFolder\Media\0\279~15 Love Can Move Mountains.mp3
03:49:15|Onda Geox jingle 07|\\support02\Users\Public\ZettaFolder\Media\2\2197~Onda Geox jingle 07.mp3
03:49:19|Life|\\support02\Users\Public\ZettaFolder\Media\2\2029~Life.mp3
03:52:32|Benefeet sogg.2|\\support02\Users\Public\ZettaFolder\Media\2\2190~Benefeet sogg.2.mp3
03:53:06|Onda Geox jingle 04|\\support02\Users\Public\ZettaFolder\Media\2\2194~Onda Geox jingle 04.mp3
03:53:17|Superwoman|\\support02\Users\Public\ZettaFolder\Media\0\212~02 Superwoman.mp3
03:57:40|Onda Geox jingle 07|\\support02\Users\Public\ZettaFolder\Media\2\2197~Onda Geox jingle 07.mp3
03:57:43|Power Of Love|\\support02\Users\Public\ZettaFolder\Media\2\2063~Power Of Love.mp3
04:01:52|Onda Geox jingle 06|\\support02\Users\Public\ZettaFolder\Media\2\2196~Onda Geox jingle 06.mp3
04:01:56|Crazy In Love|\\support02\Users\Public\ZettaFolder\Media\0\198~01 Crazy In Love.mp3
04:05:23|Onda Geox jingle 07|\\support02\Users\Public\ZettaFolder\Media\2\2197~Onda Geox jingle 07.mp3
04:05:27|Lifted|\\support02\Users\Public\ZettaFolder\Media\2\2030~Lifted.mp3
04:00:00|AmphiBiox sogg.2|\\support02\Users\Public\ZettaFolder\Media\2\2186~AmphiBiox sogg.2.mp3
04:00:33|Onda Geox jingle 05|\\support02\Users\Public\ZettaFolder\Media\2\2195~Onda Geox jingle 05.mp3
04:00:43|We Belong Together|\\support02\Users\Public\ZettaFolder\Media\2\2127~We Belong Together.mp3
04:03:56|Onda Geox jingle 07|\\support02\Users\Public\ZettaFolder\Media\2\2197~Onda Geox jingle 07.mp3
04:03:59|Jump To It|\\support02\Users\Public\ZettaFolder\Media\2\2020~Jump To It.mp3
04:08:02|Onda Geox jingle 06|\\support02\Users\Public\ZettaFolder\Media\2\2196~Onda Geox jingle 06.mp3
04:08:06|I'll Be Missing You|\\support02\Users\Public\ZettaFolder\Media\1\1898~I'll Be Missing You.mp3
04:11:58|Onda Geox jingle 07|\\support02\Users\Public\ZettaFolder\Media\2\2197~Onda Geox jingle 07.mp3
04:12:01|What's In A Word|\\support02\Users\Public\ZettaFolder\Media\2\2129~What's In A Word.mp3
04:16:26|Benefeet sogg.1|\\support02\Users\Public\ZettaFolder\Media\2\2189~Benefeet sogg.1.mp3
04:17:04|Onda Geox jingle 01|\\support02\Users\Public\ZettaFolder\Media\2\2191~Onda Geox jingle 01.mp3
04:17:15|I Can Love You Like That|\\support02\Users\Public\ZettaFolder\Media\2\2155~All 4 One - I can love you like that.mp3
04:21:11|Onda Geox jingle 07|\\support02\Users\Public\ZettaFolder\Media\2\2197~Onda Geox jingle 07.mp3
04:21:14|(Damn These) Hungry Times|\\support02\Users\Public\ZettaFolder\Media\0\199~(Damn These) Hungry Times.mp3
04:25:21|Onda Geox jingle 06|\\support02\Users\Public\ZettaFolder\Media\2\2196~Onda Geox jingle 06.mp3
04:25:25|Alright|\\support02\Users\Public\ZettaFolder\Media\1\1775~Alright.mp3
04:29:58|Onda Geox jingle 07|\\support02\Users\Public\ZettaFolder\Media\2\2197~Onda Geox jingle 07.mp3
04:30:01|We Don't Need Another Hero|\\support02\Users\Public\ZettaFolder\Media\0\213~02 Tina Turner _ We Don't Need Anoth.mp3
04:34:02|AmphiBiox sogg.4|\\support02\Users\Public\ZettaFolder\Media\2\2188~AmphiBiox sogg.4.mp3
04:34:40|Onda Geox jingle 02|\\support02\Users\Public\ZettaFolder\Media\2\2192~Onda Geox jingle 02.mp3
04:34:51|When Can I See You|\\support02\Users\Public\ZettaFolder\Media\0\238~06 When Can I See You.mp3
04:39:07|Onda Geox jingle 07|\\support02\Users\Public\ZettaFolder\Media\2\2197~Onda Geox jingle 07.mp3
04:39:10|Never As Good As The First Time|\\support02\Users\Public\ZettaFolder\Media\2\2050~Never As Good As The First Time.mp3
04:42:59|Onda Geox jingle 06|\\support02\Users\Public\ZettaFolder\Media\2\2196~Onda Geox jingle 06.mp3
04:43:03|I Would Die 4 U|\\support02\Users\Public\ZettaFolder\Media\1\1897~I Would Die 4 U.mp3
04:45:52|Onda Geox jingle 07|\\support02\Users\Public\ZettaFolder\Media\2\2197~Onda Geox jingle 07.mp3
04:45:55|Pure Shores|\\support02\Users\Public\ZettaFolder\Media\2\2064~Pure Shores.mp3
04:50:02|Benefeet sogg.2|\\support02\Users\Public\ZettaFolder\Media\2\2190~Benefeet sogg.2.mp3
04:50:36|Onda Geox jingle 03|\\support02\Users\Public\ZettaFolder\Media\2\2193~Onda Geox jingle 03.mp3
04:50:47|On My Own|\\support02\Users\Public\ZettaFolder\Media\2\2056~On My Own.mp3
04:55:29|Onda Geox jingle 07|\\support02\Users\Public\ZettaFolder\Media\2\2197~Onda Geox jingle 07.mp3
04:55:32|So Sick|\\support02\Users\Public\ZettaFolder\Media\2\2090~So Sick.mp3
04:58:57|Onda Geox jingle 06|\\support02\Users\Public\ZettaFolder\Media\2\2196~Onda Geox jingle 06.mp3
04:59:02|You Give Me Something|\\support02\Users\Public\ZettaFolder\Media\2\2134~You Give Me Something.mp3
05:01:58|Onda Geox jingle 07|\\support02\Users\Public\ZettaFolder\Media\2\2197~Onda Geox jingle 07.mp3
05:02:01|Ain't Nobody|\\support02\Users\Public\ZettaFolder\Media\1\1578~Ain't Nobody.mp3
05:00:00|AmphiBiox sogg.3|\\support02\Users\Public\ZettaFolder\Media\2\2187~AmphiBiox sogg.3.mp3
05:00:37|Onda Geox jingle 04|\\support02\Users\Public\ZettaFolder\Media\2\2194~Onda Geox jingle 04.mp3
05:00:48|Even After All|\\support02\Users\Public\ZettaFolder\Media\2\2148~Finley Quaye - Even after all.mp3
05:04:30|Onda Geox jingle 07|\\support02\Users\Public\ZettaFolder\Media\2\2197~Onda Geox jingle 07.mp3
05:04:33|Hold You Tight|\\support02\Users\Public\ZettaFolder\Media\0\258~11 Hold You Tight.mp3
05:08:11|Onda Geox jingle 06|\\support02\Users\Public\ZettaFolder\Media\2\2196~Onda Geox jingle 06.mp3
05:08:15|AM to PM|\\support02\Users\Public\ZettaFolder\Media\2\2158~Christina Milian - AM to PM.mp3
05:11:48|Onda Geox jingle 07|\\support02\Users\Public\ZettaFolder\Media\2\2197~Onda Geox jingle 07.mp3
05:11:51|Stay|\\support02\Users\Public\ZettaFolder\Media\2\2096~Stay.mp3
05:14:45|Benefeet sogg.1|\\support02\Users\Public\ZettaFolder\Media\2\2189~Benefeet sogg.1.mp3
05:15:24|Onda Geox jingle 05|\\support02\Users\Public\ZettaFolder\Media\2\2195~Onda Geox jingle 05.mp3
05:15:34|A Whole New World|\\support02\Users\Public\ZettaFolder\Media\1\1576~A Whole New World.mp3
05:19:31|Onda Geox jingle 07|\\support02\Users\Public\ZettaFolder\Media\2\2197~Onda Geox jingle 07.mp3
05:19:34|Just Cruisin'|\\support02\Users\Public\ZettaFolder\Media\2\2213~AudioCD#e3109012-08.mp3
05:23:28|Onda Geox jingle 06|\\support02\Users\Public\ZettaFolder\Media\2\2196~Onda Geox jingle 06.mp3
05:23:32|She Ain't Worth It|\\support02\Users\Public\ZettaFolder\Media\0\243~07 She Ain't Worth It _ Glenn Medeir.mp3
05:27:00|Onda Geox jingle 07|\\support02\Users\Public\ZettaFolder\Media\2\2197~Onda Geox jingle 07.mp3
05:27:03|Spider Man 'Theme'|\\support02\Users\Public\ZettaFolder\Media\2\2094~Spider Man 'Theme'.mp3
05:29:59|AmphiBiox sogg.1|\\support02\Users\Public\ZettaFolder\Media\2\2185~AmphiBiox sogg.1.mp3
05:30:36|Onda Geox jingle 01|\\support02\Users\Public\ZettaFolder\Media\2\2191~Onda Geox jingle 01.mp3
05:30:46|You Are Not Alone|\\support02\Users\Public\ZettaFolder\Media\1\1981~04 You Are Not Alone.mp3
05:35:09|Onda Geox jingle 07|\\support02\Users\Public\ZettaFolder\Media\2\2197~Onda Geox jingle 07.mp3
05:35:12|Rock Wit' Cha|\\support02\Users\Public\ZettaFolder\Media\0\217~04 Bobby Brown _ Rock Wit' Cha.mp3
05:39:22|Onda Geox jingle 06|\\support02\Users\Public\ZettaFolder\Media\2\2196~Onda Geox jingle 06.mp3
05:39:26|Change|\\support02\Users\Public\ZettaFolder\Media\1\1995~Change.mp3
05:43:12|Onda Geox jingle 07|\\support02\Users\Public\ZettaFolder\Media\2\2197~Onda Geox jingle 07.mp3
05:43:15|Hit'em Up Style (Ooops)|\\support02\Users\Public\ZettaFolder\Media\1\1892~Hit'em Up Style (Ooops).mp3
05:47:01|Benefeet sogg.2|\\support02\Users\Public\ZettaFolder\Media\2\2190~Benefeet sogg.2.mp3
05:47:35|Onda Geox jingle 02|\\support02\Users\Public\ZettaFolder\Media\2\2192~Onda Geox jingle 02.mp3
05:47:46|Doesn't Mean Anything|\\support02\Users\Public\ZettaFolder\Media\2\2153~Alicia Keys - Doesn't Mean Anything.mp3
05:51:46|Onda Geox jingle 07|\\support02\Users\Public\ZettaFolder\Media\2\2197~Onda Geox jingle 07.mp3
05:51:49|I'm Ready|\\support02\Users\Public\ZettaFolder\Media\0\278~15 I'm Ready.mp3
05:56:22|Onda Geox jingle 06|\\support02\Users\Public\ZettaFolder\Media\2\2196~Onda Geox jingle 06.mp3
05:56:26|Do I Do (Edit)|\\support02\Users\Public\ZettaFolder\Media\1\1870~Do I Do (Edit).mp3
06:01:00|Onda Geox jingle 07|\\support02\Users\Public\ZettaFolder\Media\2\2197~Onda Geox jingle 07.mp3
06:01:03|Natural Blues|\\support02\Users\Public\ZettaFolder\Media\2\2173~Moby - Natural Blues.mp3
06:00:00|AmphiBiox sogg.2|\\support02\Users\Public\ZettaFolder\Media\2\2186~AmphiBiox sogg.2.mp3
06:00:33|Onda Geox jingle 03|\\support02\Users\Public\ZettaFolder\Media\2\2193~Onda Geox jingle 03.mp3
06:00:43|Anything|\\support02\Users\Public\ZettaFolder\Media\2\2149~3T - Anything.mp3
06:05:18|Onda Geox jingle 07|\\support02\Users\Public\ZettaFolder\Media\2\2197~Onda Geox jingle 07.mp3
06:05:21|2020|\\support02\Users\Public\ZettaFolder\Media\0\285~2020.mp3
06:09:18|Onda Geox jingle 06|\\support02\Users\Public\ZettaFolder\Media\2\2196~Onda Geox jingle 06.mp3
06:09:22|The Boy Is Mine|\\support02\Users\Public\ZettaFolder\Media\2\2112~The Boy Is Mine.mp3
06:14:12|Onda Geox jingle 07|\\support02\Users\Public\ZettaFolder\Media\2\2197~Onda Geox jingle 07.mp3
06:14:15|Dreamlover|\\support02\Users\Public\ZettaFolder\Media\0\270~14 Dreamlover.mp3
06:18:06|Benefeet sogg.1|\\support02\Users\Public\ZettaFolder\Media\2\2189~Benefeet sogg.1.mp3
06:18:45|Onda Geox jingle 04|\\support02\Users\Public\ZettaFolder\Media\2\2194~Onda Geox jingle 04.mp3
06:18:55|If You Asked Me To|\\support02\Users\Public\ZettaFolder\Media\0\271~14 If You Asked Me To.mp3
06:22:32|Onda Geox jingle 07|\\support02\Users\Public\ZettaFolder\Media\2\2197~Onda Geox jingle 07.mp3
06:22:35|IT WASN?T ME|\\support02\Users\Public\ZettaFolder\Media\2\2229~AudioCD#2e105d13-18.mp3
06:26:11|Onda Geox jingle 06|\\support02\Users\Public\ZettaFolder\Media\2\2196~Onda Geox jingle 06.mp3
06:26:16|What's That You're Doing|\\support02\Users\Public\ZettaFolder\Media\2\2130~What's That You're Doing.mp3
06:32:06|Onda Geox jingle 07|\\support02\Users\Public\ZettaFolder\Media\2\2197~Onda Geox jingle 07.mp3
06:32:09|Someone To Call My Lover|\\support02\Users\Public\ZettaFolder\Media\2\2092~Someone To Call My Lover.mp3
06:35:38|AmphiBiox sogg.4|\\support02\Users\Public\ZettaFolder\Media\2\2188~AmphiBiox sogg.4.mp3
06:36:16|Onda Geox jingle 05|\\support02\Users\Public\ZettaFolder\Media\2\2195~Onda Geox jingle 05.mp3
06:36:26|Gotham City|\\support02\Users\Public\ZettaFolder\Media\2\2005~Gotham City.mp3
06:40:55|Onda Geox jingle 07|\\support02\Users\Public\ZettaFolder\Media\2\2197~Onda Geox jingle 07.mp3
06:40:58|Livin' It Up|\\support02\Users\Public\ZettaFolder\Media\2\2031~Livin' It Up.mp3
06:44:48|Onda Geox jingle 06|\\support02\Users\Public\ZettaFolder\Media\2\2196~Onda Geox jingle 06.mp3
06:44:52|Everyday|\\support02\Users\Public\ZettaFolder\Media\2\2001~Everyday.mp3
06:49:32|Onda Geox jingle 07|\\support02\Users\Public\ZettaFolder\Media\2\2197~Onda Geox jingle 07.mp3
06:49:35|Unfinished Simpathy|\\support02\Users\Public\ZettaFolder\Media\2\2122~Unfinished Simpathy.mp3
06:54:35|Benefeet sogg.2|\\support02\Users\Public\ZettaFolder\Media\2\2190~Benefeet sogg.2.mp3
06:55:09|Onda Geox jingle 01|\\support02\Users\Public\ZettaFolder\Media\2\2191~Onda Geox jingle 01.mp3
06:55:19|One More Chance|\\support02\Users\Public\ZettaFolder\Media\2\2058~One More Chance.mp3
06:59:35|Onda Geox jingle 07|\\support02\Users\Public\ZettaFolder\Media\2\2197~Onda Geox jingle 07.mp3
06:59:38|Love... Thy Will Be Done|\\support02\Users\Public\ZettaFolder\Media\2\2038~Love...Thy Will Be Done.mp3
07:03:43|Onda Geox jingle 06|\\support02\Users\Public\ZettaFolder\Media\2\2196~Onda Geox jingle 06.mp3
07:03:47|LET ME BLOW YA MIND|\\support02\Users\Public\ZettaFolder\Media\2\2222~AudioCD#3e10e115-05.mp3
07:07:23|Onda Geox jingle 07|\\support02\Users\Public\ZettaFolder\Media\2\2197~Onda Geox jingle 07.mp3
07:07:26|I Try|\\support02\Users\Public\ZettaFolder\Media\2\2010~I Try.mp3
07:00:00|AmphiBiox sogg.3|\\support02\Users\Public\ZettaFolder\Media\2\2187~AmphiBiox sogg.3.mp3
07:00:37|Onda Geox jingle 02|\\support02\Users\Public\ZettaFolder\Media\2\2192~Onda Geox jingle 02.mp3
07:00:48|I Wish I Wasn't|\\support02\Users\Public\ZettaFolder\Media\0\277~15 I Wish I Wasn't.mp3
07:04:59|Onda Geox jingle 07|\\support02\Users\Public\ZettaFolder\Media\2\2197~Onda Geox jingle 07.mp3
07:05:02|My One Temptation|\\support02\Users\Public\ZettaFolder\Media\2\2049~My One Temptation.mp3
07:08:16|Onda Geox jingle 06|\\support02\Users\Public\ZettaFolder\Media\2\2196~Onda Geox jingle 06.mp3
07:08:21|Return Of The Mack|\\support02\Users\Public\ZettaFolder\Media\2\2070~Return Of The Mack.mp3
07:12:41|Onda Geox jingle 07|\\support02\Users\Public\ZettaFolder\Media\2\2197~Onda Geox jingle 07.mp3
07:12:44|This Is What You Are|\\support02\Users\Public\ZettaFolder\Media\2\2116~This Is What You Are.mp3
07:16:59|Benefeet sogg.1|\\support02\Users\Public\ZettaFolder\Media\2\2189~Benefeet sogg.1.mp3
07:17:38|Onda Geox jingle 03|\\support02\Users\Public\ZettaFolder\Media\2\2193~Onda Geox jingle 03.mp3
07:17:49|Beautiful|\\support02\Users\Public\ZettaFolder\Media\1\1989~Beautiful.mp3
07:21:44|Onda Geox jingle 07|\\support02\Users\Public\ZettaFolder\Media\2\2197~Onda Geox jingle 07.mp3
07:21:47|You Remind Me|\\support02\Users\Public\ZettaFolder\Media\2\2135~You Remind Me.mp3
07:25:50|Onda Geox jingle 06|\\support02\Users\Public\ZettaFolder\Media\2\2196~Onda Geox jingle 06.mp3
07:25:55|Virtual Insanity|\\support02\Users\Public\ZettaFolder\Media\2\2123~Virtual Insanity.mp3
07:29:28|Onda Geox jingle 07|\\support02\Users\Public\ZettaFolder\Media\2\2197~Onda Geox jingle 07.mp3
07:29:31|Purple Rain|\\support02\Users\Public\ZettaFolder\Media\0\210~02 Prince _ Purple Rain.mp3
07:33:37|AmphiBiox sogg.1|\\support02\Users\Public\ZettaFolder\Media\2\2185~AmphiBiox sogg.1.mp3
07:34:13|Onda Geox jingle 04|\\support02\Users\Public\ZettaFolder\Media\2\2194~Onda Geox jingle 04.mp3
07:34:24|One Fine Day|\\support02\Users\Public\ZettaFolder\Media\2\2057~One Fine Day.mp3
07:39:09|Onda Geox jingle 07|\\support02\Users\Public\ZettaFolder\Media\2\2197~Onda Geox jingle 07.mp3
07:39:12|Sometimes|\\support02\Users\Public\ZettaFolder\Media\2\2214~AudioCD#fb0ff012-16.mp3
07:43:24|Onda Geox jingle 06|\\support02\Users\Public\ZettaFolder\Media\2\2196~Onda Geox jingle 06.mp3
07:43:28|Do You Want|\\support02\Users\Public\ZettaFolder\Media\2\2159~Co Co Lee - Do you want.mp3
07:47:06|Onda Geox jingle 07|\\support02\Users\Public\ZettaFolder\Media\2\2197~Onda Geox jingle 07.mp3
07:47:09|Snow on the Sahara|\\support02\Users\Public\ZettaFolder\Media\2\2088~Snow on The Sahara.mp3
07:51:05|Benefeet sogg.2|\\support02\Users\Public\ZettaFolder\Media\2\2190~Benefeet sogg.2.mp3
07:51:39|Onda Geox jingle 05|\\support02\Users\Public\ZettaFolder\Media\2\2195~Onda Geox jingle 05.mp3
07:51:49|Givin' You The Best That I Got|\\support02\Users\Public\ZettaFolder\Media\1\1886~Givin' You The Best That I Got.mp3
07:55:47|Onda Geox jingle 07|\\support02\Users\Public\ZettaFolder\Media\2\2197~Onda Geox jingle 07.mp3
07:55:51|7 Days|\\support02\Users\Public\ZettaFolder\Media\1\1571~7 Days.mp3
07:59:27|Onda Geox jingle 06|\\support02\Users\Public\ZettaFolder\Media\2\2196~Onda Geox jingle 06.mp3
07:59:31|Love Like This|\\support02\Users\Public\ZettaFolder\Media\2\2164~Faith Evans - Love like this.mp3
08:03:17|Onda Geox jingle 07|\\support02\Users\Public\ZettaFolder\Media\2\2197~Onda Geox jingle 07.mp3
08:03:20|Could I Have This Kiss Forever|\\support02\Users\Public\ZettaFolder\Media\2\2181~Whitney Houston [+] Enrique Iglesias - Could I have this kiss forever.mp3
08:00:00|AmphiBiox sogg.2|\\support02\Users\Public\ZettaFolder\Media\2\2186~AmphiBiox sogg.2.mp3
08:00:33|Onda Geox jingle 01|\\support02\Users\Public\ZettaFolder\Media\2\2191~Onda Geox jingle 01.mp3
08:00:43|If You Were Here Tonight|\\support02\Users\Public\ZettaFolder\Media\2\2013~If You Were Here Tonight.mp3
08:04:18|Onda Geox jingle 07|\\support02\Users\Public\ZettaFolder\Media\2\2197~Onda Geox jingle 07.mp3
08:04:21|Ya Mo B There|\\support02\Users\Public\ZettaFolder\Media\2\2132~Ya Mo B There.mp3
08:08:27|Onda Geox jingle 06|\\support02\Users\Public\ZettaFolder\Media\2\2196~Onda Geox jingle 06.mp3
08:08:31|Summer Jam|\\support02\Users\Public\ZettaFolder\Media\2\2228~AudioCD#10103813-19.mp3
08:11:58|Onda Geox jingle 07|\\support02\Users\Public\ZettaFolder\Media\2\2197~Onda Geox jingle 07.mp3
08:12:01|Will You Be There|\\support02\Users\Public\ZettaFolder\Media\0\246~08 Will You Be There.mp3
08:15:20|Benefeet sogg.1|\\support02\Users\Public\ZettaFolder\Media\2\2189~Benefeet sogg.1.mp3
08:15:59|Onda Geox jingle 02|\\support02\Users\Public\ZettaFolder\Media\2\2192~Onda Geox jingle 02.mp3
08:16:10|You've Got It|\\support02\Users\Public\ZettaFolder\Media\2\2136~You've Got It.mp3
08:19:56|Onda Geox jingle 07|\\support02\Users\Public\ZettaFolder\Media\2\2197~Onda Geox jingle 07.mp3
08:19:59|Broken|\\support02\Users\Public\ZettaFolder\Media\0\233~06 Broken.mp3
08:23:16|Onda Geox jingle 06|\\support02\Users\Public\ZettaFolder\Media\2\2196~Onda Geox jingle 06.mp3
08:23:20|I'm Every Woman|C:\Geox\MediaImport\ok\I'm Every Woman.mp3
08:28:03|Onda Geox jingle 07|\\support02\Users\Public\ZettaFolder\Media\2\2197~Onda Geox jingle 07.mp3
08:28:06|High|\\support02\Users\Public\ZettaFolder\Media\2\2008~High.mp3
08:32:12|AmphiBiox sogg.4|\\support02\Users\Public\ZettaFolder\Media\2\2188~AmphiBiox sogg.4.mp3
08:32:50|Onda Geox jingle 03|\\support02\Users\Public\ZettaFolder\Media\2\2193~Onda Geox jingle 03.mp3
08:33:01|You Mean The World To Me|\\support02\Users\Public\ZettaFolder\Media\1\1985~13 You Mean The World To Me.mp3
08:36:50|Onda Geox jingle 07|\\support02\Users\Public\ZettaFolder\Media\2\2197~Onda Geox jingle 07.mp3
08:36:54|Miss Independent|\\support02\Users\Public\ZettaFolder\Media\2\2043~Miss Independent.mp3
08:40:42|Onda Geox jingle 06|\\support02\Users\Public\ZettaFolder\Media\2\2196~Onda Geox jingle 06.mp3
08:40:47|LET'S DANCE|\\support02\Users\Public\ZettaFolder\Media\2\2223~AudioCD#08108b13-05.mp3
08:44:19|Onda Geox jingle 07|\\support02\Users\Public\ZettaFolder\Media\2\2197~Onda Geox jingle 07.mp3
08:44:22|No One|\\support02\Users\Public\ZettaFolder\Media\0\222~04 No One.mp3
08:48:29|Benefeet sogg.2|\\support02\Users\Public\ZettaFolder\Media\2\2190~Benefeet sogg.2.mp3
08:49:03|Onda Geox jingle 04|\\support02\Users\Public\ZettaFolder\Media\2\2194~Onda Geox jingle 04.mp3
08:49:13|He Is|\\support02\Users\Public\ZettaFolder\Media\0\266~13 He Is.mp3
08:53:28|Onda Geox jingle 07|\\support02\Users\Public\ZettaFolder\Media\2\2197~Onda Geox jingle 07.mp3
08:53:31|Open your eyes|\\support02\Users\Public\ZettaFolder\Media\2\2151~Alice [+] Skye - Open your eyes.mp3
08:57:22|Onda Geox jingle 06|\\support02\Users\Public\ZettaFolder\Media\2\2196~Onda Geox jingle 06.mp3
08:57:26|Emotions|\\support02\Users\Public\ZettaFolder\Media\1\1877~Emotions.mp3
09:01:30|Onda Geox jingle 07|\\support02\Users\Public\ZettaFolder\Media\2\2197~Onda Geox jingle 07.mp3
09:01:33|Right Here|\\support02\Users\Public\ZettaFolder\Media\0\256~10 Right Here.mp3
09:00:00|AmphiBiox sogg.3|\\support02\Users\Public\ZettaFolder\Media\2\2187~AmphiBiox sogg.3.mp3
09:00:37|Onda Geox jingle 05|\\support02\Users\Public\ZettaFolder\Media\2\2195~Onda Geox jingle 05.mp3
09:00:48|If You Asked Me To|\\support02\Users\Public\ZettaFolder\Media\1\1902~If You Ask Me To.mp3
09:04:35|Onda Geox jingle 07|\\support02\Users\Public\ZettaFolder\Media\2\2197~Onda Geox jingle 07.mp3
09:04:38|Creep|\\support02\Users\Public\ZettaFolder\Media\1\1868~Creep.mp3
09:08:55|Onda Geox jingle 06|\\support02\Users\Public\ZettaFolder\Media\2\2196~Onda Geox jingle 06.mp3
09:09:00|Slave To The Rhythm|\\support02\Users\Public\ZettaFolder\Media\2\2087~Slave To The Rhythm.mp3
09:13:13|Onda Geox jingle 07|\\support02\Users\Public\ZettaFolder\Media\2\2197~Onda Geox jingle 07.mp3
09:13:16|As|\\support02\Users\Public\ZettaFolder\Media\1\1784~As.mp3
09:17:21|Benefeet sogg.1|\\support02\Users\Public\ZettaFolder\Media\2\2189~Benefeet sogg.1.mp3
09:18:00|Onda Geox jingle 01|\\support02\Users\Public\ZettaFolder\Media\2\2191~Onda Geox jingle 01.mp3
09:18:10|Anything For You|\\support02\Users\Public\ZettaFolder\Media\1\1782~Anything For You.mp3
09:21:35|Onda Geox jingle 07|\\support02\Users\Public\ZettaFolder\Media\2\2197~Onda Geox jingle 07.mp3
09:21:38|Circle Of One|\\support02\Users\Public\ZettaFolder\Media\1\1862~Circle Of One.mp3
09:25:18|Onda Geox jingle 06|\\support02\Users\Public\ZettaFolder\Media\2\2196~Onda Geox jingle 06.mp3
09:25:23|All For You|\\support02\Users\Public\ZettaFolder\Media\1\1580~All For You.mp3
09:29:14|Onda Geox jingle 07|\\support02\Users\Public\ZettaFolder\Media\2\2197~Onda Geox jingle 07.mp3
09:29:17|I Don't Wanna Lose You|\\support02\Users\Public\ZettaFolder\Media\1\1894~I Don't Wanna Lose You.mp3
09:33:25|AmphiBiox sogg.1|\\support02\Users\Public\ZettaFolder\Media\2\2185~AmphiBiox sogg.1.mp3
09:34:01|Onda Geox jingle 02|\\support02\Users\Public\ZettaFolder\Media\2\2192~Onda Geox jingle 02.mp3
09:34:12|Heaven Sent You [Album Version]|\\support02\Users\Public\ZettaFolder\Media\0\218~04 Heaven Sent You [Album Version].mp3
09:40:01|Onda Geox jingle 07|\\support02\Users\Public\ZettaFolder\Media\2\2197~Onda Geox jingle 07.mp3
09:40:04|Wait In Summer|\\support02\Users\Public\ZettaFolder\Media\2\2202~AudioCD#08108b13-13.mp3
09:43:23|Onda Geox jingle 06|\\support02\Users\Public\ZettaFolder\Media\2\2196~Onda Geox jingle 06.mp3
09:43:28|Romantic|\\support02\Users\Public\ZettaFolder\Media\0\204~01 Romantic.mp3
09:47:28|Onda Geox jingle 07|\\support02\Users\Public\ZettaFolder\Media\2\2197~Onda Geox jingle 07.mp3
09:47:31|Turn Off The Light|\\support02\Users\Public\ZettaFolder\Media\2\2177~Nelly Furtado - Turn off the light.mp3
09:51:48|Benefeet sogg.2|\\support02\Users\Public\ZettaFolder\Media\2\2190~Benefeet sogg.2.mp3
09:52:22|Onda Geox jingle 03|\\support02\Users\Public\ZettaFolder\Media\2\2193~Onda Geox jingle 03.mp3
09:52:33|Piano In The dark|\\support02\Users\Public\ZettaFolder\Media\2\2062~Piano In The Dark.mp3
09:57:45|Onda Geox jingle 07|\\support02\Users\Public\ZettaFolder\Media\2\2197~Onda Geox jingle 07.mp3
09:57:48|Summertime 98|\\support02\Users\Public\ZettaFolder\Media\2\2210~AudioCD#dd0f0d11-15.mp3
10:01:54|Onda Geox jingle 06|\\support02\Users\Public\ZettaFolder\Media\2\2196~Onda Geox jingle 06.mp3
10:01:59|Don't You Worry 'Bout A Thing|\\support02\Users\Public\ZettaFolder\Media\1\1875~Don't You Worry 'Bout A Thing.mp3
10:07:09|Onda Geox jingle 07|\\support02\Users\Public\ZettaFolder\Media\2\2197~Onda Geox jingle 07.mp3
10:07:12|Everything is gonna be allright|\\support02\Users\Public\ZettaFolder\Media\2\2147~Sweetbox - Everything is gonna be allright.mp3
10:00:00|AmphiBiox sogg.2|\\support02\Users\Public\ZettaFolder\Media\2\2186~AmphiBiox sogg.2.mp3
10:00:33|Onda Geox jingle 04|\\support02\Users\Public\ZettaFolder\Media\2\2194~Onda Geox jingle 04.mp3
10:00:43|Secret Lovers|\\support02\Users\Public\ZettaFolder\Media\2\2079~Secret Lovers.mp3
10:05:58|Onda Geox jingle 07|\\support02\Users\Public\ZettaFolder\Media\2\2197~Onda Geox jingle 07.mp3
10:06:01|Freak Like Me|\\support02\Users\Public\ZettaFolder\Media\0\253~10 Freak Like Me.mp3
10:09:58|Onda Geox jingle 06|\\support02\Users\Public\ZettaFolder\Media\2\2196~Onda Geox jingle 06.mp3
10:10:02|Get It Right|\\support02\Users\Public\ZettaFolder\Media\2\2003~Get it Right.mp3
10:14:05|Onda Geox jingle 07|\\support02\Users\Public\ZettaFolder\Media\2\2197~Onda Geox jingle 07.mp3
10:14:08|Rise & Fall|\\support02\Users\Public\ZettaFolder\Media\2\2074~Rise & Fall.mp3
10:18:01|Benefeet sogg.1|\\support02\Users\Public\ZettaFolder\Media\2\2189~Benefeet sogg.1.mp3
10:18:39|Onda Geox jingle 05|\\support02\Users\Public\ZettaFolder\Media\2\2195~Onda Geox jingle 05.mp3
10:18:50|A Broken Heart Can Mend|\\support02\Users\Public\ZettaFolder\Media\1\1573~A Broken Heart Can Mend.mp3
10:22:18|Onda Geox jingle 07|\\support02\Users\Public\ZettaFolder\Media\2\2197~Onda Geox jingle 07.mp3
10:22:21|Love x Love|\\support02\Users\Public\ZettaFolder\Media\2\2037~Love x Love.mp3
10:26:59|Onda Geox jingle 06|\\support02\Users\Public\ZettaFolder\Media\2\2196~Onda Geox jingle 06.mp3
10:27:04|Cosmic Girl|\\support02\Users\Public\ZettaFolder\Media\1\1997~Cosmic Girl.mp3
10:30:59|Onda Geox jingle 07|\\support02\Users\Public\ZettaFolder\Media\2\2197~Onda Geox jingle 07.mp3
10:31:02|You Gotta Be|\\support02\Users\Public\ZettaFolder\Media\1\1982~05 You Gotta Be.mp3
10:34:52|AmphiBiox sogg.4|\\support02\Users\Public\ZettaFolder\Media\2\2188~AmphiBiox sogg.4.mp3
10:35:30|Onda Geox jingle 01|\\support02\Users\Public\ZettaFolder\Media\2\2191~Onda Geox jingle 01.mp3
10:35:41|Holding Back The Years|\\support02\Users\Public\ZettaFolder\Media\0\219~04 Holding Back The Years.mp3
10:39:45|Onda Geox jingle 07|\\support02\Users\Public\ZettaFolder\Media\2\2197~Onda Geox jingle 07.mp3
10:39:48|Outstanding|\\support02\Users\Public\ZettaFolder\Media\2\2061~Outstanding.mp3
10:44:52|Onda Geox jingle 06|\\support02\Users\Public\ZettaFolder\Media\2\2196~Onda Geox jingle 06.mp3
10:44:57|Play|\\support02\Users\Public\ZettaFolder\Media\2\2205~AudioCD#fd0ff112-02.mp3
10:48:26|Onda Geox jingle 07|\\support02\Users\Public\ZettaFolder\Media\2\2197~Onda Geox jingle 07.mp3
10:48:29|Mornin'|\\support02\Users\Public\ZettaFolder\Media\2\2045~Mornin'.mp3
10:52:33|Benefeet sogg.2|\\support02\Users\Public\ZettaFolder\Media\2\2190~Benefeet sogg.2.mp3
10:53:07|Onda Geox jingle 02|\\support02\Users\Public\ZettaFolder\Media\2\2192~Onda Geox jingle 02.mp3
10:53:18|Beauty And The Beast|\\support02\Users\Public\ZettaFolder\Media\0\262~13 Beauty And The Beast.mp3
10:56:40|Onda Geox jingle 07|\\support02\Users\Public\ZettaFolder\Media\2\2197~Onda Geox jingle 07.mp3
10:56:43|Skeletons|\\support02\Users\Public\ZettaFolder\Media\2\2086~Skeletons.mp3
11:01:54|Onda Geox jingle 06|\\support02\Users\Public\ZettaFolder\Media\2\2196~Onda Geox jingle 06.mp3
11:01:58|Home Alone|\\support02\Users\Public\ZettaFolder\Media\1\1893~Home Alone.mp3
11:06:01|Onda Geox jingle 07|\\support02\Users\Public\ZettaFolder\Media\2\2197~Onda Geox jingle 07.mp3
11:06:04|It's Not Right But It's Okay|\\support02\Users\Public\ZettaFolder\Media\2\2139~It's Not Right But It's Okay_1.mp3
11:00:00|AmphiBiox sogg.3|\\support02\Users\Public\ZettaFolder\Media\2\2187~AmphiBiox sogg.3.mp3
11:00:37|Onda Geox jingle 03|\\support02\Users\Public\ZettaFolder\Media\2\2193~Onda Geox jingle 03.mp3
11:00:48|Un-Break My Heart (Album)|\\support02\Users\Public\ZettaFolder\Media\0\223~04 Un-Break My Heart (Album).mp3
11:05:01|Onda Geox jingle 07|\\support02\Users\Public\ZettaFolder\Media\2\2197~Onda Geox jingle 07.mp3
11:05:04|A Foggy Day (In London Town)|\\support02\Users\Public\ZettaFolder\Media\1\1575~A Foggy Day (In London Town).mp3
11:07:33|Onda Geox jingle 06|\\support02\Users\Public\ZettaFolder\Media\2\2196~Onda Geox jingle 06.mp3
11:07:37|Real Love|\\support02\Users\Public\ZettaFolder\Media\2\2067~Real Love_.mp3
11:12:04|Onda Geox jingle 07|\\support02\Users\Public\ZettaFolder\Media\2\2197~Onda Geox jingle 07.mp3
11:12:07|I Believe|\\support02\Users\Public\ZettaFolder\Media\0\227~05 I Believe.mp3
11:15:49|Benefeet sogg.1|\\support02\Users\Public\ZettaFolder\Media\2\2189~Benefeet sogg.1.mp3
11:16:28|Onda Geox jingle 04|\\support02\Users\Public\ZettaFolder\Media\2\2194~Onda Geox jingle 04.mp3
11:16:38|Against All Odds|\\support02\Users\Public\ZettaFolder\Media\1\1577~Against All Odds.mp3
11:19:51|Onda Geox jingle 07|\\support02\Users\Public\ZettaFolder\Media\2\2197~Onda Geox jingle 07.mp3
11:19:54|Turn On, Tune In, Cop Oout|\\support02\Users\Public\ZettaFolder\Media\2\2119~Turn On, Tune In, Cop Out.mp3
11:24:07|Onda Geox jingle 06|\\support02\Users\Public\ZettaFolder\Media\2\2196~Onda Geox jingle 06.mp3
11:24:11|Control|\\support02\Users\Public\ZettaFolder\Media\0\203~01 Janet Jackson - Control.mp3
11:27:37|Onda Geox jingle 07|\\support02\Users\Public\ZettaFolder\Media\2\2197~Onda Geox jingle 07.mp3
11:27:40|MAD ABOUT YOU|\\support02\Users\Public\ZettaFolder\Media\2\2230~AudioCD#ed100312-18.mp3
11:31:20|AmphiBiox sogg.1|\\support02\Users\Public\ZettaFolder\Media\2\2185~AmphiBiox sogg.1.mp3
11:31:56|Onda Geox jingle 05|\\support02\Users\Public\ZettaFolder\Media\2\2195~Onda Geox jingle 05.mp3
11:32:07|Apple Tree|\\support02\Users\Public\ZettaFolder\Media\1\1783~Apple Tree.mp3
11:36:21|Onda Geox jingle 07|\\support02\Users\Public\ZettaFolder\Media\2\2197~Onda Geox jingle 07.mp3
11:36:25|Even When You Sleep|\\support02\Users\Public\ZettaFolder\Media\1\1878~Even When You Sleep.mp3
11:40:18|Onda Geox jingle 06|\\support02\Users\Public\ZettaFolder\Media\2\2196~Onda Geox jingle 06.mp3
11:40:23|Move On Up|\\support02\Users\Public\ZettaFolder\Media\2\2047~Move On Up.mp3
11:44:16|Onda Geox jingle 07|\\support02\Users\Public\ZettaFolder\Media\2\2197~Onda Geox jingle 07.mp3
11:44:19|Dreams|\\support02\Users\Public\ZettaFolder\Media\2\2000~Dreams.mp3
11:47:50|Benefeet sogg.2|\\support02\Users\Public\ZettaFolder\Media\2\2190~Benefeet sogg.2.mp3
11:48:24|Onda Geox jingle 01|\\support02\Users\Public\ZettaFolder\Media\2\2191~Onda Geox jingle 01.mp3
11:48:34|There'll Be Sad Song (To Make You Cry)|\\support02\Users\Public\ZettaFolder\Media\2\2115~There'll Be Sad Song (To Make You Cr.mp3
11:52:42|Onda Geox jingle 07|\\support02\Users\Public\ZettaFolder\Media\2\2197~Onda Geox jingle 07.mp3
11:52:45|Full Moon|\\support02\Users\Public\ZettaFolder\Media\0\209~02 Full Moon.mp3
11:56:53|Onda Geox jingle 06|\\support02\Users\Public\ZettaFolder\Media\2\2196~Onda Geox jingle 06.mp3
11:56:58|All Around The World|\\support02\Users\Public\ZettaFolder\Media\1\1579~All Around The World.mp3
12:01:15|Onda Geox jingle 07|\\support02\Users\Public\ZettaFolder\Media\2\2197~Onda Geox jingle 07.mp3
12:01:18|Friends|\\support02\Users\Public\ZettaFolder\Media\1\1885~Friends.mp3
12:00:00|AmphiBiox sogg.2|\\support02\Users\Public\ZettaFolder\Media\2\2186~AmphiBiox sogg.2.mp3
12:00:33|Onda Geox jingle 02|\\support02\Users\Public\ZettaFolder\Media\2\2192~Onda Geox jingle 02.mp3
12:00:43|Sunshine|\\support02\Users\Public\ZettaFolder\Media\2\2102~Sunshine.mp3
12:04:42|Onda Geox jingle 07|\\support02\Users\Public\ZettaFolder\Media\2\2197~Onda Geox jingle 07.mp3
12:04:45|Right To Be Wrong|\\support02\Users\Public\ZettaFolder\Media\2\2073~Right To Be Wrong.mp3
12:08:41|Onda Geox jingle 06|\\support02\Users\Public\ZettaFolder\Media\2\2196~Onda Geox jingle 06.mp3
12:08:45|Work (Freemasons Radio Edit)|\\support02\Users\Public\ZettaFolder\Media\0\207~01 Work (Freemasons Radio Edit).mp3
12:11:49|Onda Geox jingle 07|\\support02\Users\Public\ZettaFolder\Media\2\2197~Onda Geox jingle 07.mp3
12:11:52|Sign 'O' The Times|\\support02\Users\Public\ZettaFolder\Media\2\2085~Sign 'O' The Times.mp3
12:15:25|Benefeet sogg.1|\\support02\Users\Public\ZettaFolder\Media\2\2189~Benefeet sogg.1.mp3
12:16:04|Onda Geox jingle 03|\\support02\Users\Public\ZettaFolder\Media\2\2193~Onda Geox jingle 03.mp3
12:16:15|No Ordinary Love|\\support02\Users\Public\ZettaFolder\Media\0\241~07 No Ordinary Love.mp3
12:20:07|Onda Geox jingle 07|\\support02\Users\Public\ZettaFolder\Media\2\2197~Onda Geox jingle 07.mp3
12:20:10|I Swear|\\support02\Users\Public\ZettaFolder\Media\0\220~04 I Swear.mp3
12:24:23|Onda Geox jingle 06|\\support02\Users\Public\ZettaFolder\Media\2\2196~Onda Geox jingle 06.mp3
12:24:28|Don't Be Cruel|\\support02\Users\Public\ZettaFolder\Media\0\232~06 Bobby Brown _ Don't Be Cruel.mp3
12:28:30|Onda Geox jingle 07|\\support02\Users\Public\ZettaFolder\Media\2\2197~Onda Geox jingle 07.mp3
12:28:33|Joy|\\support02\Users\Public\ZettaFolder\Media\2\2019~Joy.mp3
12:32:32|AmphiBiox sogg.4|\\support02\Users\Public\ZettaFolder\Media\2\2188~AmphiBiox sogg.4.mp3
12:33:10|Onda Geox jingle 04|\\support02\Users\Public\ZettaFolder\Media\2\2194~Onda Geox jingle 04.mp3
12:33:20|Foolish|\\support02\Users\Public\ZettaFolder\Media\2\2156~Ashanti - Foolish.mp3
12:36:43|Onda Geox jingle 07|\\support02\Users\Public\ZettaFolder\Media\2\2197~Onda Geox jingle 07.mp3
12:36:46|Show Me|\\support02\Users\Public\ZettaFolder\Media\2\2161~Dana Dawson - Show me.mp3
12:40:24|Onda Geox jingle 06|\\support02\Users\Public\ZettaFolder\Media\2\2196~Onda Geox jingle 06.mp3
12:40:28|Mo money mo problems|\\support02\Users\Public\ZettaFolder\Media\2\2216~AudioCD#2410f913-13.mp3
12:44:29|Onda Geox jingle 07|\\support02\Users\Public\ZettaFolder\Media\2\2197~Onda Geox jingle 07.mp3
12:44:32|Crazy|\\support02\Users\Public\ZettaFolder\Media\1\1998~Crazy.mp3
12:47:26|Benefeet sogg.2|\\support02\Users\Public\ZettaFolder\Media\2\2190~Benefeet sogg.2.mp3
12:48:00|Onda Geox jingle 05|\\support02\Users\Public\ZettaFolder\Media\2\2195~Onda Geox jingle 05.mp3
12:48:11|If You Don't Know Me By Now|\\support02\Users\Public\ZettaFolder\Media\1\1903~If You Don't Know Me By Now.mp3
12:51:27|Onda Geox jingle 07|\\support02\Users\Public\ZettaFolder\Media\2\2197~Onda Geox jingle 07.mp3
12:51:30|Thank You|\\support02\Users\Public\ZettaFolder\Media\0\205~01 Thank You.mp3
12:55:54|Onda Geox jingle 06|\\support02\Users\Public\ZettaFolder\Media\2\2196~Onda Geox jingle 06.mp3
12:55:58|Love Foolosophy|\\support02\Users\Public\ZettaFolder\Media\2\2034~Love Foolosophy.mp3
12:59:41|Onda Geox jingle 07|\\support02\Users\Public\ZettaFolder\Media\2\2197~Onda Geox jingle 07.mp3
12:59:44|One Sweet Day|\\support02\Users\Public\ZettaFolder\Media\0\273~14 One Sweet Day.mp3
13:00:00|AmphiBiox sogg.3|\\support02\Users\Public\ZettaFolder\Media\2\2187~AmphiBiox sogg.3.mp3
13:00:37|Onda Geox jingle 01|\\support02\Users\Public\ZettaFolder\Media\2\2191~Onda Geox jingle 01.mp3
13:00:48|Superwoman|\\support02\Users\Public\ZettaFolder\Media\0\212~02 Superwoman.mp3
13:05:11|Onda Geox jingle 07|\\support02\Users\Public\ZettaFolder\Media\2\2197~Onda Geox jingle 07.mp3
13:05:14|Don't Love You No More (I'm Sorry)|\\support02\Users\Public\ZettaFolder\Media\1\1872~Don't Love You No More (I'm Sorry).mp3
13:09:00|Onda Geox jingle 06|\\support02\Users\Public\ZettaFolder\Media\2\2196~Onda Geox jingle 06.mp3
13:09:04|The Way You make Me Feel|\\support02\Users\Public\ZettaFolder\Media\1\1980~03 The Way You Make Me Feel.mp3
13:13:18|Onda Geox jingle 07|\\support02\Users\Public\ZettaFolder\Media\2\2197~Onda Geox jingle 07.mp3
13:13:21|I Don't Wanna Fight|\\support02\Users\Public\ZettaFolder\Media\0\259~11 I Don't Wanna Fight.mp3
13:17:35|Benefeet sogg.1|\\support02\Users\Public\ZettaFolder\Media\2\2189~Benefeet sogg.1.mp3
13:18:14|Onda Geox jingle 02|\\support02\Users\Public\ZettaFolder\Media\2\2192~Onda Geox jingle 02.mp3
13:18:25|You Don't Know My Name|\\support02\Users\Public\ZettaFolder\Media\2\2133~You Don't Know My Name.mp3
13:21:16|Onda Geox jingle 07|\\support02\Users\Public\ZettaFolder\Media\2\2197~Onda Geox jingle 07.mp3
13:21:19|JUST THE TWO OF US|\\support02\Users\Public\ZettaFolder\Media\2\2206~AudioCD#f810f913-14.mp3
13:25:21|Onda Geox jingle 06|\\support02\Users\Public\ZettaFolder\Media\2\2196~Onda Geox jingle 06.mp3
13:25:25|Surrender|\\support02\Users\Public\ZettaFolder\Media\2\2103~Surrender.mp3
13:29:07|Onda Geox jingle 07|\\support02\Users\Public\ZettaFolder\Media\2\2197~Onda Geox jingle 07.mp3
13:29:10|Fantasy|\\support02\Users\Public\ZettaFolder\Media\0\265~13 Fantasy.mp3
13:33:09|AmphiBiox sogg.1|\\support02\Users\Public\ZettaFolder\Media\2\2185~AmphiBiox sogg.1.mp3
13:33:45|Onda Geox jingle 03|\\support02\Users\Public\ZettaFolder\Media\2\2193~Onda Geox jingle 03.mp3
13:33:56|Just Because|\\support02\Users\Public\ZettaFolder\Media\2\2022~Just Because.mp3
13:38:49|Onda Geox jingle 07|\\support02\Users\Public\ZettaFolder\Media\2\2197~Onda Geox jingle 07.mp3
13:38:52|Save The Last Dance For Me|\\support02\Users\Public\ZettaFolder\Media\2\2077~Save The Last Dance For Me.mp3
13:42:26|Onda Geox jingle 06|\\support02\Users\Public\ZettaFolder\Media\2\2196~Onda Geox jingle 06.mp3
13:42:30|She's Got That Vibe|\\support02\Users\Public\ZettaFolder\Media\0\228~05 She's Got That Vibe.mp3
13:46:15|Onda Geox jingle 07|\\support02\Users\Public\ZettaFolder\Media\2\2197~Onda Geox jingle 07.mp3
13:46:18|Une Histoire D'Amoure|\\support02\Users\Public\ZettaFolder\Media\2\2121~Une Histoire D'Amoure.mp3
13:50:13|Benefeet sogg.2|\\support02\Users\Public\ZettaFolder\Media\2\2190~Benefeet sogg.2.mp3
13:50:47|Onda Geox jingle 04|\\support02\Users\Public\ZettaFolder\Media\2\2194~Onda Geox jingle 04.mp3
13:50:57|Just For You|\\support02\Users\Public\ZettaFolder\Media\2\2169~M People - Just for you.mp3
13:56:41|Onda Geox jingle 07|\\support02\Users\Public\ZettaFolder\Media\2\2197~Onda Geox jingle 07.mp3
13:56:44|Try again|\\support02\Users\Public\ZettaFolder\Media\2\2150~Aaliyah - Try again.mp3
14:01:22|Onda Geox jingle 06|\\support02\Users\Public\ZettaFolder\Media\2\2196~Onda Geox jingle 06.mp3
14:01:26|Because Of Love|\\support02\Users\Public\ZettaFolder\Media\0\263~13 Because Of Love.mp3
14:04:53|Onda Geox jingle 07|\\support02\Users\Public\ZettaFolder\Media\2\2197~Onda Geox jingle 07.mp3
14:04:56|Ain't It Funny|\\support02\Users\Public\ZettaFolder\Media\2\2166~Jennifer Lopez - Ain't it funny.mp3
15:00:00|AmphiBiox sogg.2|\\support02\Users\Public\ZettaFolder\Media\2\2186~AmphiBiox sogg.2.mp3
15:00:33|Onda Geox jingle 03|\\support02\Users\Public\ZettaFolder\Media\2\2193~Onda Geox jingle 03.mp3
15:00:43|Miss You Like Crazy|\\support02\Users\Public\ZettaFolder\Media\0\272~14 Natalie Cole _ Miss You Like Craz.mp3
15:04:29|Onda Geox jingle 07|\\support02\Users\Public\ZettaFolder\Media\2\2197~Onda Geox jingle 07.mp3
15:04:32|Daylight|\\support02\Users\Public\ZettaFolder\Media\0\208~02 Daylight.mp3
15:07:52|Onda Geox jingle 06|\\support02\Users\Public\ZettaFolder\Media\2\2196~Onda Geox jingle 06.mp3
15:07:56|Allright|\\support02\Users\Public\ZettaFolder\Media\2\2209~AudioCD#e80ee811-09.mp3
15:11:25|Onda Geox jingle 07|\\support02\Users\Public\ZettaFolder\Media\2\2197~Onda Geox jingle 07.mp3
15:11:28|Porcelain|\\support02\Users\Public\ZettaFolder\Media\2\2174~Moby - Porcelain.mp3
15:15:25|Benefeet sogg.1|\\support02\Users\Public\ZettaFolder\Media\2\2189~Benefeet sogg.1.mp3
15:16:04|Onda Geox jingle 04|\\support02\Users\Public\ZettaFolder\Media\2\2194~Onda Geox jingle 04.mp3
15:16:14|Let's Wait Awhile|\\support02\Users\Public\ZettaFolder\Media\2\2028~Let's Wait Awhile.mp3
15:20:45|Onda Geox jingle 07|\\support02\Users\Public\ZettaFolder\Media\2\2197~Onda Geox jingle 07.mp3
15:20:48|Still A Friend Of Mine|\\support02\Users\Public\ZettaFolder\Media\2\2097~Still A Friend Of Mine.mp3
15:26:14|Onda Geox jingle 06|\\support02\Users\Public\ZettaFolder\Media\2\2196~Onda Geox jingle 06.mp3
15:26:18|Criticize|\\support02\Users\Public\ZettaFolder\Media\1\1999~Criticize.mp3
15:30:17|Onda Geox jingle 07|\\support02\Users\Public\ZettaFolder\Media\2\2197~Onda Geox jingle 07.mp3
15:30:20|7 Seconds|\\support02\Users\Public\ZettaFolder\Media\1\1572~7 Seconds.mp3
15:34:17|AmphiBiox sogg.3|\\support02\Users\Public\ZettaFolder\Media\2\2187~AmphiBiox sogg.3.mp3
15:34:55|Onda Geox jingle 05|\\support02\Users\Public\ZettaFolder\Media\2\2195~Onda Geox jingle 05.mp3
15:35:06|Float On|\\support02\Users\Public\ZettaFolder\Media\1\1883~Float On.mp3
15:39:09|Onda Geox jingle 07|\\support02\Users\Public\ZettaFolder\Media\2\2197~Onda Geox jingle 07.mp3
15:39:12|Never New Love Like This Before|\\support02\Users\Public\ZettaFolder\Media\0\211~02 Stephanie Mills-Never New Love Li.mp3
15:42:33|Onda Geox jingle 06|\\support02\Users\Public\ZettaFolder\Media\2\2196~Onda Geox jingle 06.mp3
15:42:38|What About Us|\\support02\Users\Public\ZettaFolder\Media\0\274~14 What About US.mp3
15:46:32|Onda Geox jingle 07|\\support02\Users\Public\ZettaFolder\Media\2\2197~Onda Geox jingle 07.mp3
15:46:35|It's Only Love|\\support02\Users\Public\ZettaFolder\Media\2\2018~It's Only Love.mp3
15:50:16|Benefeet sogg.2|\\support02\Users\Public\ZettaFolder\Media\2\2190~Benefeet sogg.2.mp3
15:50:50|Onda Geox jingle 01|\\support02\Users\Public\ZettaFolder\Media\2\2191~Onda Geox jingle 01.mp3
15:51:01|Because You Loved Me|\\support02\Users\Public\ZettaFolder\Media\1\1990~Because You Loved Me.mp3
15:55:28|Onda Geox jingle 07|\\support02\Users\Public\ZettaFolder\Media\2\2197~Onda Geox jingle 07.mp3
15:55:31|Rock Steady|\\support02\Users\Public\ZettaFolder\Media\0\245~08 Whispers - Rock Steady.mp3
15:59:23|Onda Geox jingle 06|\\support02\Users\Public\ZettaFolder\Media\2\2196~Onda Geox jingle 06.mp3
15:59:27|YOU|\\support02\Users\Public\ZettaFolder\Media\2\2224~AudioCD#e40ec912-11.mp3
16:03:10|Onda Geox jingle 07|\\support02\Users\Public\ZettaFolder\Media\2\2197~Onda Geox jingle 07.mp3
16:03:13|Lovely Day|\\support02\Users\Public\ZettaFolder\Media\2\2039~Lovely Day.mp3
16:00:00|AmphiBiox sogg.1|\\support02\Users\Public\ZettaFolder\Media\2\2185~AmphiBiox sogg.1.mp3
16:00:36|Onda Geox jingle 02|\\support02\Users\Public\ZettaFolder\Media\2\2192~Onda Geox jingle 02.mp3
16:00:47|Lost|\\support02\Users\Public\ZettaFolder\Media\2\2032~Lost.mp3
16:04:18|Onda Geox jingle 07|\\support02\Users\Public\ZettaFolder\Media\2\2197~Onda Geox jingle 07.mp3
16:04:21|Mated|\\support02\Users\Public\ZettaFolder\Media\2\2040~Mated.mp3
16:08:05|Onda Geox jingle 06|\\support02\Users\Public\ZettaFolder\Media\2\2196~Onda Geox jingle 06.mp3
16:08:09|What's Your Flava?|\\support02\Users\Public\ZettaFolder\Media\0\214~02 What's Your Flava_.mp3
16:11:41|Onda Geox jingle 07|\\support02\Users\Public\ZettaFolder\Media\2\2197~Onda Geox jingle 07.mp3
16:11:44|Into My Soul|\\support02\Users\Public\ZettaFolder\Media\2\2140~Into My Soul_2_1_1_1.mp3
16:16:13|Benefeet sogg.1|\\support02\Users\Public\ZettaFolder\Media\2\2189~Benefeet sogg.1.mp3
16:16:52|Onda Geox jingle 03|\\support02\Users\Public\ZettaFolder\Media\2\2193~Onda Geox jingle 03.mp3
16:17:03|Without You|\\support02\Users\Public\ZettaFolder\Media\0\283~17 Without You.mp3
16:20:23|Onda Geox jingle 07|\\support02\Users\Public\ZettaFolder\Media\2\2197~Onda Geox jingle 07.mp3
16:20:26|One Of Those Days|\\support02\Users\Public\ZettaFolder\Media\2\2059~One Of Those Days.mp3
16:24:11|Onda Geox jingle 06|\\support02\Users\Public\ZettaFolder\Media\2\2196~Onda Geox jingle 06.mp3
16:24:16|Through The Storm|\\support02\Users\Public\ZettaFolder\Media\2\2117~Through The Storm.mp3
16:28:07|Onda Geox jingle 07|\\support02\Users\Public\ZettaFolder\Media\2\2197~Onda Geox jingle 07.mp3
16:28:10|Flashback|\\support02\Users\Public\ZettaFolder\Media\1\1882~Flashback.mp3
16:31:46|AmphiBiox sogg.4|\\support02\Users\Public\ZettaFolder\Media\2\2188~AmphiBiox sogg.4.mp3
16:32:24|Onda Geox jingle 04|\\support02\Users\Public\ZettaFolder\Media\2\2194~Onda Geox jingle 04.mp3
16:32:34|Half On A Baby|\\support02\Users\Public\ZettaFolder\Media\1\1887~Half on a baby.mp3
16:37:07|Onda Geox jingle 07|\\support02\Users\Public\ZettaFolder\Media\2\2197~Onda Geox jingle 07.mp3
16:37:10|Move Closer|\\support02\Users\Public\ZettaFolder\Media\2\2046~Move Closer.mp3
16:41:10|Onda Geox jingle 06|\\support02\Users\Public\ZettaFolder\Media\2\2196~Onda Geox jingle 06.mp3
16:41:14|Remember The Time|\\support02\Users\Public\ZettaFolder\Media\2\2069~Remember The Time.mp3
16:45:10|Onda Geox jingle 07|\\support02\Users\Public\ZettaFolder\Media\2\2197~Onda Geox jingle 07.mp3
16:45:13|Sweet Freedom|\\support02\Users\Public\ZettaFolder\Media\0\229~05 Sweet Freedom.mp3
16:49:04|Benefeet sogg.2|\\support02\Users\Public\ZettaFolder\Media\2\2190~Benefeet sogg.2.mp3
16:49:38|Onda Geox jingle 05|\\support02\Users\Public\ZettaFolder\Media\2\2195~Onda Geox jingle 05.mp3
16:49:48|Body And Soul|\\support02\Users\Public\ZettaFolder\Media\1\1991~Body And Soul.mp3
16:54:11|Onda Geox jingle 07|\\support02\Users\Public\ZettaFolder\Media\2\2197~Onda Geox jingle 07.mp3
16:54:14|Twentyfourseven|\\support02\Users\Public\ZettaFolder\Media\2\2204~AudioCD#f60f4412-06.mp3
16:57:56|Onda Geox jingle 06|\\support02\Users\Public\ZettaFolder\Media\2\2196~Onda Geox jingle 06.mp3
16:58:01|Kiss|\\support02\Users\Public\ZettaFolder\Media\2\2025~Kiss.mp3
17:01:38|Onda Geox jingle 07|\\support02\Users\Public\ZettaFolder\Media\2\2197~Onda Geox jingle 07.mp3
17:01:42|All Nite (Don't Stop)|\\support02\Users\Public\ZettaFolder\Media\1\1581~All Nite (Don't Stop).mp3
17:00:00|AmphiBiox sogg.2|\\support02\Users\Public\ZettaFolder\Media\2\2186~AmphiBiox sogg.2.mp3
17:00:33|Onda Geox jingle 01|\\support02\Users\Public\ZettaFolder\Media\2\2191~Onda Geox jingle 01.mp3
17:00:43|Anything For You|\\support02\Users\Public\ZettaFolder\Media\1\1782~Anything For You.mp3
17:04:08|Onda Geox jingle 07|\\support02\Users\Public\ZettaFolder\Media\2\2197~Onda Geox jingle 07.mp3
17:04:11|Get It On Tonight|\\support02\Users\Public\ZettaFolder\Media\2\2176~Montell Jordan - Get it on tonight.mp3
17:07:32|Onda Geox jingle 06|\\support02\Users\Public\ZettaFolder\Media\2\2196~Onda Geox jingle 06.mp3
17:07:37|Gettin' jiggy with it|\\support02\Users\Public\ZettaFolder\Media\2\2215~AudioCD#17107712-11.mp3
17:11:20|Onda Geox jingle 07|\\support02\Users\Public\ZettaFolder\Media\2\2197~Onda Geox jingle 07.mp3
17:11:23|Feel So High|\\support02\Users\Public\ZettaFolder\Media\2\2002~Feel So High.mp3
17:15:09|Benefeet sogg.1|\\support02\Users\Public\ZettaFolder\Media\2\2189~Benefeet sogg.1.mp3
17:15:48|Onda Geox jingle 02|\\support02\Users\Public\ZettaFolder\Media\2\2192~Onda Geox jingle 02.mp3
17:15:58|Beautiful|\\support02\Users\Public\ZettaFolder\Media\1\1989~Beautiful.mp3
17:19:53|Onda Geox jingle 07|\\support02\Users\Public\ZettaFolder\Media\2\2197~Onda Geox jingle 07.mp3
17:19:56|Always In My heart|\\support02\Users\Public\ZettaFolder\Media\2\2180~Tevin Campbell - Always in my heart.mp3
17:25:07|Onda Geox jingle 06|\\support02\Users\Public\ZettaFolder\Media\2\2196~Onda Geox jingle 06.mp3
17:25:11|The Real Thing|\\support02\Users\Public\ZettaFolder\Media\2\2114~The Real Thing.mp3
17:29:16|Onda Geox jingle 07|\\support02\Users\Public\ZettaFolder\Media\2\2197~Onda Geox jingle 07.mp3
17:29:19|One|\\support02\Users\Public\ZettaFolder\Media\2\2060~One.mp3
17:33:37|AmphiBiox sogg.3|\\support02\Users\Public\ZettaFolder\Media\2\2187~AmphiBiox sogg.3.mp3
17:34:15|Onda Geox jingle 03|\\support02\Users\Public\ZettaFolder\Media\2\2193~Onda Geox jingle 03.mp3
17:34:25|Show Me The Way|\\support02\Users\Public\ZettaFolder\Media\2\2083~Show Me The Way.mp3
17:38:20|Onda Geox jingle 07|\\support02\Users\Public\ZettaFolder\Media\2\2197~Onda Geox jingle 07.mp3
17:38:24|World Looking In|\\support02\Users\Public\ZettaFolder\Media\2\2182~Morcheeba -  World Looking In.mp3
17:41:44|Onda Geox jingle 06|\\support02\Users\Public\ZettaFolder\Media\2\2196~Onda Geox jingle 06.mp3
17:41:48|I'll Be Waiting|\\support02\Users\Public\ZettaFolder\Media\1\1899~I'll Be Waiting.mp3
17:45:36|Onda Geox jingle 07|\\support02\Users\Public\ZettaFolder\Media\2\2197~Onda Geox jingle 07.mp3
17:45:39|Raincloud|\\support02\Users\Public\ZettaFolder\Media\2\2066~Raincloud.mp3
17:49:41|Benefeet sogg.2|\\support02\Users\Public\ZettaFolder\Media\2\2190~Benefeet sogg.2.mp3
17:50:15|Onda Geox jingle 04|\\support02\Users\Public\ZettaFolder\Media\2\2194~Onda Geox jingle 04.mp3
17:50:25|A Woman's Worth|\\support02\Users\Public\ZettaFolder\Media\2\2152~Alicia Keys - A woman's worth.mp3
17:54:46|Onda Geox jingle 07|\\support02\Users\Public\ZettaFolder\Media\2\2197~Onda Geox jingle 07.mp3
17:54:50|Sexy Love|\\support02\Users\Public\ZettaFolder\Media\2\2082~Sexy Love.mp3
17:58:23|Onda Geox jingle 06|\\support02\Users\Public\ZettaFolder\Media\2\2196~Onda Geox jingle 06.mp3
17:58:27|The Best Things In Life Are Free|\\support02\Users\Public\ZettaFolder\Media\2\2110~The Best Things In Life Are Free.mp3
18:02:25|Onda Geox jingle 07|\\support02\Users\Public\ZettaFolder\Media\2\2197~Onda Geox jingle 07.mp3
18:02:28|Honey|\\support02\Users\Public\ZettaFolder\Media\2\2208~AudioCD#d50f6511-14.mp3
18:00:00|AmphiBiox sogg.1|\\support02\Users\Public\ZettaFolder\Media\2\2185~AmphiBiox sogg.1.mp3
18:00:36|Onda Geox jingle 05|\\support02\Users\Public\ZettaFolder\Media\2\2195~Onda Geox jingle 05.mp3
18:00:46|You've Got It|\\support02\Users\Public\ZettaFolder\Media\2\2136~You've Got It.mp3
18:04:33|Onda Geox jingle 07|\\support02\Users\Public\ZettaFolder\Media\2\2197~Onda Geox jingle 07.mp3
18:04:36|Never Die|\\support02\Users\Public\ZettaFolder\Media\2\2051~Never Die.mp3
18:09:00|Onda Geox jingle 06|\\support02\Users\Public\ZettaFolder\Media\2\2196~Onda Geox jingle 06.mp3
18:09:04|Heaven|\\support02\Users\Public\ZettaFolder\Media\1\1891~Heaven.mp3
18:12:44|Onda Geox jingle 07|\\support02\Users\Public\ZettaFolder\Media\2\2197~Onda Geox jingle 07.mp3
18:12:47|That Girl|\\support02\Users\Public\ZettaFolder\Media\0\257~10-14 That Girl.mp3
18:14:58|Benefeet sogg.1|\\support02\Users\Public\ZettaFolder\Media\2\2189~Benefeet sogg.1.mp3
18:15:37|Onda Geox jingle 01|\\support02\Users\Public\ZettaFolder\Media\2\2191~Onda Geox jingle 01.mp3
18:15:47|Save The Best For Last|\\support02\Users\Public\ZettaFolder\Media\0\251~09 Save The Best For Last.mp3
18:19:23|Onda Geox jingle 07|\\support02\Users\Public\ZettaFolder\Media\2\2197~Onda Geox jingle 07.mp3
18:19:26|Hangin' On A String (Contemplating)|\\support02\Users\Public\ZettaFolder\Media\1\1888~Hangin' On A String (Contemplating).mp3
18:25:08|Onda Geox jingle 06|\\support02\Users\Public\ZettaFolder\Media\2\2196~Onda Geox jingle 06.mp3
18:25:13|Seven Days In Sunny June|\\support02\Users\Public\ZettaFolder\Media\2\2081~Seven Days In Sunny June.mp3
18:29:07|Onda Geox jingle 07|\\support02\Users\Public\ZettaFolder\Media\2\2197~Onda Geox jingle 07.mp3
18:29:10|Back To Life|\\support02\Users\Public\ZettaFolder\Media\1\1988~Back To Life.mp3
18:32:41|AmphiBiox sogg.4|\\support02\Users\Public\ZettaFolder\Media\2\2188~AmphiBiox sogg.4.mp3
18:33:20|Onda Geox jingle 02|\\support02\Users\Public\ZettaFolder\Media\2\2192~Onda Geox jingle 02.mp3
18:33:31|One More Chance|\\support02\Users\Public\ZettaFolder\Media\2\2058~One More Chance.mp3
18:37:46|Onda Geox jingle 07|\\support02\Users\Public\ZettaFolder\Media\2\2197~Onda Geox jingle 07.mp3
18:37:49|Do Something|\\support02\Users\Public\ZettaFolder\Media\1\1871~Do Something.mp3
18:41:54|Onda Geox jingle 06|\\support02\Users\Public\ZettaFolder\Media\2\2196~Onda Geox jingle 06.mp3
18:41:58|Love don't cost a thing (Remix)|\\support02\Users\Public\ZettaFolder\Media\2\2231~AudioCD#0f0fdf13-03.mp3
18:45:56|Onda Geox jingle 07|\\support02\Users\Public\ZettaFolder\Media\2\2197~Onda Geox jingle 07.mp3
18:45:59|Sway|\\support02\Users\Public\ZettaFolder\Media\2\2105~Sway.mp3
18:49:04|Benefeet sogg.2|\\support02\Users\Public\ZettaFolder\Media\2\2190~Benefeet sogg.2.mp3
18:49:38|Onda Geox jingle 03|\\support02\Users\Public\ZettaFolder\Media\2\2193~Onda Geox jingle 03.mp3
18:49:48|On Bended Knee|\\support02\Users\Public\ZettaFolder\Media\0\250~09 On Bended Knee.mp3
18:54:02|Onda Geox jingle 07|\\support02\Users\Public\ZettaFolder\Media\2\2197~Onda Geox jingle 07.mp3
18:54:05|Shackless|\\support02\Users\Public\ZettaFolder\Media\2\2171~Mary Mary - Shackless.mp3
18:57:01|Onda Geox jingle 06|\\support02\Users\Public\ZettaFolder\Media\2\2196~Onda Geox jingle 06.mp3
18:57:05|Riding On A Train|\\support02\Users\Public\ZettaFolder\Media\2\2072~Riding On A Train.mp3
19:02:22|Onda Geox jingle 07|\\support02\Users\Public\ZettaFolder\Media\2\2197~Onda Geox jingle 07.mp3
19:02:25|Hit'em Up Style (Ooops)|\\support02\Users\Public\ZettaFolder\Media\1\1892~Hit'em Up Style (Ooops).mp3
19:00:00|AmphiBiox sogg.2|\\support02\Users\Public\ZettaFolder\Media\2\2186~AmphiBiox sogg.2.mp3
19:00:33|Onda Geox jingle 04|\\support02\Users\Public\ZettaFolder\Media\2\2194~Onda Geox jingle 04.mp3
19:00:43|I Have Nothing|\\support02\Users\Public\ZettaFolder\Media\0\202~01 I Have Nothing.mp3
19:05:24|Onda Geox jingle 07|\\support02\Users\Public\ZettaFolder\Media\2\2197~Onda Geox jingle 07.mp3
19:05:27|Got 'Til It's Gone|\\support02\Users\Public\ZettaFolder\Media\2\2004~Got 'Til It's Gone.mp3
19:08:58|Onda Geox jingle 06|\\support02\Users\Public\ZettaFolder\Media\2\2196~Onda Geox jingle 06.mp3
19:09:02|Family affair|\\support02\Users\Public\ZettaFolder\Media\2\2170~Mary J Blige - Family affair.mp3
19:12:49|Onda Geox jingle 07|\\support02\Users\Public\ZettaFolder\Media\2\2197~Onda Geox jingle 07.mp3
19:12:52|Something In Common|\\support02\Users\Public\ZettaFolder\Media\2\2093~Something In Common.mp3
19:17:11|Benefeet sogg.1|\\support02\Users\Public\ZettaFolder\Media\2\2189~Benefeet sogg.1.mp3
19:17:49|Onda Geox jingle 05|\\support02\Users\Public\ZettaFolder\Media\2\2195~Onda Geox jingle 05.mp3
19:18:00|Wish I Didn't Miss You|\\support02\Users\Public\ZettaFolder\Media\2\2131~Wish I Didn't Miss You.mp3
19:22:07|Onda Geox jingle 07|\\support02\Users\Public\ZettaFolder\Media\2\2197~Onda Geox jingle 07.mp3
19:22:10|The Bottle|\\support02\Users\Public\ZettaFolder\Media\2\2111~The Bottle.mp3
19:26:14|Onda Geox jingle 06|\\support02\Users\Public\ZettaFolder\Media\2\2196~Onda Geox jingle 06.mp3
19:26:19|The Glamorous Life|\\support02\Users\Public\ZettaFolder\Media\1\1152~21-08 The Glamorous Life.mp3
19:29:53|Onda Geox jingle 07|\\support02\Users\Public\ZettaFolder\Media\2\2197~Onda Geox jingle 07.mp3
19:29:56|I Wonder Why|\\support02\Users\Public\ZettaFolder\Media\2\2011~I Wonder Why.mp3
19:34:12|AmphiBiox sogg.3|\\support02\Users\Public\ZettaFolder\Media\2\2187~AmphiBiox sogg.3.mp3
19:34:49|Onda Geox jingle 01|\\support02\Users\Public\ZettaFolder\Media\2\2191~Onda Geox jingle 01.mp3
19:35:00|If You Asked Me To|\\support02\Users\Public\ZettaFolder\Media\0\271~14 If You Asked Me To.mp3
19:38:37|Onda Geox jingle 07|\\support02\Users\Public\ZettaFolder\Media\2\2197~Onda Geox jingle 07.mp3
19:38:40|Love Is A House|\\support02\Users\Public\ZettaFolder\Media\2\2035~Love Is A House.mp3
19:42:54|Onda Geox jingle 06|\\support02\Users\Public\ZettaFolder\Media\2\2196~Onda Geox jingle 06.mp3
19:42:58|Hypnotize|\\support02\Users\Public\ZettaFolder\Media\2\2220~AudioCD#f30f6811-17.mp3
19:46:47|Onda Geox jingle 07|\\support02\Users\Public\ZettaFolder\Media\2\2197~Onda Geox jingle 07.mp3
19:46:50|Most Beautiful Girl In The World|\\support02\Users\Public\ZettaFolder\Media\0\254~10 Most Beautiful Girl In The World.mp3
19:50:35|Benefeet sogg.2|\\support02\Users\Public\ZettaFolder\Media\2\2190~Benefeet sogg.2.mp3
19:51:09|Onda Geox jingle 02|\\support02\Users\Public\ZettaFolder\Media\2\2192~Onda Geox jingle 02.mp3
19:51:20|We Belong Together|\\support02\Users\Public\ZettaFolder\Media\2\2127~We Belong Together.mp3
19:54:33|Onda Geox jingle 07|\\support02\Users\Public\ZettaFolder\Media\2\2197~Onda Geox jingle 07.mp3
19:54:36|Inside Love|\\support02\Users\Public\ZettaFolder\Media\2\2015~Inside Love.mp3
19:59:43|Onda Geox jingle 06|\\support02\Users\Public\ZettaFolder\Media\2\2196~Onda Geox jingle 06.mp3
19:59:47|Hidden Agenda|\\support02\Users\Public\ZettaFolder\Media\2\2007~Hidden Agenda.mp3
20:03:13|Onda Geox jingle 07|\\support02\Users\Public\ZettaFolder\Media\2\2197~Onda Geox jingle 07.mp3
20:03:16|Better Be Good To Me|\\support02\Users\Public\ZettaFolder\Media\0\206~01 Tina Turner _ Better Be Good To M.mp3
20:00:00|AmphiBiox sogg.1|\\support02\Users\Public\ZettaFolder\Media\2\2185~AmphiBiox sogg.1.mp3
20:00:36|Onda Geox jingle 03|\\support02\Users\Public\ZettaFolder\Media\2\2193~Onda Geox jingle 03.mp3
20:00:47|Anything|\\support02\Users\Public\ZettaFolder\Media\2\2149~3T - Anything.mp3
20:05:21|Onda Geox jingle 07|\\support02\Users\Public\ZettaFolder\Media\2\2197~Onda Geox jingle 07.mp3
20:05:24|Ain't No Man|\\support02\Users\Public\ZettaFolder\Media\2\2143~Dina Carroll - Ain't no man.mp3
20:09:04|Onda Geox jingle 06|\\support02\Users\Public\ZettaFolder\Media\2\2196~Onda Geox jingle 06.mp3
20:09:09|Dance And Shout|\\support02\Users\Public\ZettaFolder\Media\2\2179~Shaggy - Dance and shout.mp3
20:12:08|Onda Geox jingle 07|\\support02\Users\Public\ZettaFolder\Media\2\2197~Onda Geox jingle 07.mp3
20:12:11|Finally Made Me Happy|\\support02\Users\Public\ZettaFolder\Media\1\1881~Finally Made Me Happy.mp3
20:15:18|Benefeet sogg.1|\\support02\Users\Public\ZettaFolder\Media\2\2189~Benefeet sogg.1.mp3
20:15:56|Onda Geox jingle 04|\\support02\Users\Public\ZettaFolder\Media\2\2194~Onda Geox jingle 04.mp3
20:16:07|Say You Love Me|\\support02\Users\Public\ZettaFolder\Media\2\2078~Say You Love Me.mp3
20:19:43|Onda Geox jingle 07|\\support02\Users\Public\ZettaFolder\Media\2\2197~Onda Geox jingle 07.mp3
20:19:46|Close To You|\\support02\Users\Public\ZettaFolder\Media\1\1863~Close To You.mp3
20:24:01|Onda Geox jingle 06|\\support02\Users\Public\ZettaFolder\Media\2\2196~Onda Geox jingle 06.mp3
20:24:06|Don't Stop The Music|\\support02\Users\Public\ZettaFolder\Media\1\1873~Don't Stop The Music.mp3
20:27:51|Onda Geox jingle 07|\\support02\Users\Public\ZettaFolder\Media\2\2197~Onda Geox jingle 07.mp3
20:27:54|Nightshift|\\support02\Users\Public\ZettaFolder\Media\0\235~06 Nightshift.mp3
20:32:07|AmphiBiox sogg.4|\\support02\Users\Public\ZettaFolder\Media\2\2188~AmphiBiox sogg.4.mp3
20:32:45|Onda Geox jingle 05|\\support02\Users\Public\ZettaFolder\Media\2\2195~Onda Geox jingle 05.mp3
20:32:56|Not Gon' Cry|\\support02\Users\Public\ZettaFolder\Media\0\242~07 Not Gon' Cry.mp3
20:37:25|Onda Geox jingle 07|\\support02\Users\Public\ZettaFolder\Media\2\2197~Onda Geox jingle 07.mp3
20:37:28|Caught Up In The Rapture|\\support02\Users\Public\ZettaFolder\Media\1\1861~Caught Up In The Rapture.mp3
20:42:32|Onda Geox jingle 06|\\support02\Users\Public\ZettaFolder\Media\2\2196~Onda Geox jingle 06.mp3
20:42:36|You Rock My World|\\support02\Users\Public\ZettaFolder\Media\2\2172~Michael Jackson - You rock my world.mp3
20:47:02|Onda Geox jingle 07|\\support02\Users\Public\ZettaFolder\Media\2\2197~Onda Geox jingle 07.mp3
20:47:05|Rehab|\\support02\Users\Public\ZettaFolder\Media\2\2068~Rehab.mp3
20:51:02|Benefeet sogg.2|\\support02\Users\Public\ZettaFolder\Media\2\2190~Benefeet sogg.2.mp3
20:51:36|Onda Geox jingle 01|\\support02\Users\Public\ZettaFolder\Media\2\2191~Onda Geox jingle 01.mp3
20:51:47|No Ordinary Love|\\support02\Users\Public\ZettaFolder\Media\0\241~07 No Ordinary Love.mp3
20:55:39|Onda Geox jingle 07|\\support02\Users\Public\ZettaFolder\Media\2\2197~Onda Geox jingle 07.mp3
20:55:42|Always on time|\\support02\Users\Public\ZettaFolder\Media\2\2184~AudioCD#d50d7c0f-08_2.mp3
20:59:41|Onda Geox jingle 06|\\support02\Users\Public\ZettaFolder\Media\2\2196~Onda Geox jingle 06.mp3
20:59:45|I Hear Your Name|\\support02\Users\Public\ZettaFolder\Media\0\248~09 I Hear Your Name.mp3
21:06:34|Onda Geox jingle 07|\\support02\Users\Public\ZettaFolder\Media\2\2197~Onda Geox jingle 07.mp3
21:06:37|I?M LIKE A BIRD|\\support02\Users\Public\ZettaFolder\Media\2\2232~AudioCD#070f5f13-12.mp3
21:00:00|AmphiBiox sogg.2|\\support02\Users\Public\ZettaFolder\Media\2\2186~AmphiBiox sogg.2.mp3
21:00:33|Onda Geox jingle 02|\\support02\Users\Public\ZettaFolder\Media\2\2192~Onda Geox jingle 02.mp3
21:00:43|Empire State Of Mind (Part II)|\\support02\Users\Public\ZettaFolder\Media\2\2154~Alicia Keys - Empire State Of Mind (Part II).mp3
21:04:12|Onda Geox jingle 07|\\support02\Users\Public\ZettaFolder\Media\2\2197~Onda Geox jingle 07.mp3
21:04:15|Candy Rain|\\support02\Users\Public\ZettaFolder\Media\0\264~13 Candy Rain.mp3
21:07:37|Onda Geox jingle 06|\\support02\Users\Public\ZettaFolder\Media\2\2196~Onda Geox jingle 06.mp3
21:07:41|Little L|\\support02\Users\Public\ZettaFolder\Media\2\2165~Jamiroquai - Little L.mp3
21:11:25|Onda Geox jingle 07|\\support02\Users\Public\ZettaFolder\Media\2\2197~Onda Geox jingle 07.mp3
21:11:28|Tell Me What We're Gonna Do Now (No Rap)|\\support02\Users\Public\ZettaFolder\Media\2\2108~Tell me What We're Gonna Do Now (No.mp3
21:15:07|Benefeet sogg.1|\\support02\Users\Public\ZettaFolder\Media\2\2189~Benefeet sogg.1.mp3
21:15:45|Onda Geox jingle 03|\\support02\Users\Public\ZettaFolder\Media\2\2193~Onda Geox jingle 03.mp3
21:15:56|If You Were Here Tonight|\\support02\Users\Public\ZettaFolder\Media\2\2013~If You Were Here Tonight.mp3
21:19:31|Onda Geox jingle 07|\\support02\Users\Public\ZettaFolder\Media\2\2197~Onda Geox jingle 07.mp3
21:19:34|I Can't Tell You Why|\\support02\Users\Public\ZettaFolder\Media\0\234~06 I Can't Tell You Why.mp3
21:22:33|Onda Geox jingle 06|\\support02\Users\Public\ZettaFolder\Media\2\2196~Onda Geox jingle 06.mp3
21:22:38|If|\\support02\Users\Public\ZettaFolder\Media\2\2014~If.mp3
21:26:15|Onda Geox jingle 07|\\support02\Users\Public\ZettaFolder\Media\2\2197~Onda Geox jingle 07.mp3
21:26:18|Why Does My Heart Feel So Bad|\\support02\Users\Public\ZettaFolder\Media\2\2175~Moby - Why does my heart feel so bad.mp3
21:30:35|AmphiBiox sogg.3|\\support02\Users\Public\ZettaFolder\Media\2\2187~AmphiBiox sogg.3.mp3
21:31:13|Onda Geox jingle 04|\\support02\Users\Public\ZettaFolder\Media\2\2194~Onda Geox jingle 04.mp3
21:31:23|I Still Believe|\\support02\Users\Public\ZettaFolder\Media\1\1895~I Still Believe.mp3
21:35:00|Onda Geox jingle 07|\\support02\Users\Public\ZettaFolder\Media\2\2197~Onda Geox jingle 07.mp3
21:35:03|Happy People|\\support02\Users\Public\ZettaFolder\Media\1\1889~Happy People.mp3
21:39:17|Onda Geox jingle 06|\\support02\Users\Public\ZettaFolder\Media\2\2196~Onda Geox jingle 06.mp3
21:39:21|Forget About The World|\\support02\Users\Public\ZettaFolder\Media\0\201~01 Forget About The World.mp3
21:43:20|Onda Geox jingle 07|\\support02\Users\Public\ZettaFolder\Media\2\2197~Onda Geox jingle 07.mp3
21:43:23|O Divina|\\support02\Users\Public\ZettaFolder\Media\2\2226~AudioCD#f60f4412-11.mp3
21:47:11|Benefeet sogg.2|\\support02\Users\Public\ZettaFolder\Media\2\2190~Benefeet sogg.2.mp3
21:47:45|Onda Geox jingle 05|\\support02\Users\Public\ZettaFolder\Media\2\2195~Onda Geox jingle 05.mp3
21:47:55|Superwoman|\\support02\Users\Public\ZettaFolder\Media\0\212~02 Superwoman.mp3
21:52:19|Onda Geox jingle 07|\\support02\Users\Public\ZettaFolder\Media\2\2197~Onda Geox jingle 07.mp3
21:52:22|Come Fly With Me|\\support02\Users\Public\ZettaFolder\Media\1\1866~Come Fly With Me.mp3
21:55:37|Onda Geox jingle 06|\\support02\Users\Public\ZettaFolder\Media\2\2196~Onda Geox jingle 06.mp3
21:55:42|If I Told You That|\\support02\Users\Public\ZettaFolder\Media\1\1901~If I Told You That.mp3
21:59:21|Onda Geox jingle 07|\\support02\Users\Public\ZettaFolder\Media\2\2197~Onda Geox jingle 07.mp3
21:59:24|Human|\\support02\Users\Public\ZettaFolder\Media\0\247~09 Human.mp3
22:00:00|AmphiBiox sogg.1|\\support02\Users\Public\ZettaFolder\Media\2\2185~AmphiBiox sogg.1.mp3
22:00:36|Onda Geox jingle 01|\\support02\Users\Public\ZettaFolder\Media\2\2191~Onda Geox jingle 01.mp3
22:00:46|I Can Love You Like That|\\support02\Users\Public\ZettaFolder\Media\2\2155~All 4 One - I can love you like that.mp3
22:04:43|Onda Geox jingle 07|\\support02\Users\Public\ZettaFolder\Media\2\2197~Onda Geox jingle 07.mp3
22:04:46|Stole|\\support02\Users\Public\ZettaFolder\Media\2\2098~Stole.mp3
22:08:39|Onda Geox jingle 06|\\support02\Users\Public\ZettaFolder\Media\2\2196~Onda Geox jingle 06.mp3
22:08:43|What Did I Do To You|\\support02\Users\Public\ZettaFolder\Media\2\2128~What Did I Do To You.mp3
22:13:19|Onda Geox jingle 07|\\support02\Users\Public\ZettaFolder\Media\2\2197~Onda Geox jingle 07.mp3
22:13:22|Breakout|\\support02\Users\Public\ZettaFolder\Media\1\1992~Breakout.mp3
22:16:57|Benefeet sogg.1|\\support02\Users\Public\ZettaFolder\Media\2\2189~Benefeet sogg.1.mp3
22:17:36|Onda Geox jingle 02|\\support02\Users\Public\ZettaFolder\Media\2\2192~Onda Geox jingle 02.mp3
22:17:47|I Can Love You Like That|\\support02\Users\Public\ZettaFolder\Media\0\215~03 I Can Love You Like That.mp3
22:21:57|Onda Geox jingle 07|\\support02\Users\Public\ZettaFolder\Media\2\2197~Onda Geox jingle 07.mp3
22:22:00|Everything|\\support02\Users\Public\ZettaFolder\Media\1\1879~Everything.mp3
22:25:58|Onda Geox jingle 06|\\support02\Users\Public\ZettaFolder\Media\2\2196~Onda Geox jingle 06.mp3
22:26:02|I Love Your Smile|\\support02\Users\Public\ZettaFolder\Media\2\2144~Shanice - I love your smile.mp3
22:30:16|Onda Geox jingle 07|\\support02\Users\Public\ZettaFolder\Media\2\2197~Onda Geox jingle 07.mp3
22:30:19|Keep On Movin'|\\support02\Users\Public\ZettaFolder\Media\2\2024~Keep On Movin'.mp3
22:33:46|AmphiBiox sogg.4|\\support02\Users\Public\ZettaFolder\Media\2\2188~AmphiBiox sogg.4.mp3
22:34:24|Onda Geox jingle 03|\\support02\Users\Public\ZettaFolder\Media\2\2193~Onda Geox jingle 03.mp3
22:34:35|I Wish I Wasn't|\\support02\Users\Public\ZettaFolder\Media\0\277~15 I Wish I Wasn't.mp3
22:38:46|Onda Geox jingle 07|\\support02\Users\Public\ZettaFolder\Media\2\2197~Onda Geox jingle 07.mp3
22:38:49|Another Sad Love Song|\\support02\Users\Public\ZettaFolder\Media\0\261~12 Another Sad Love Song.mp3
22:42:52|Onda Geox jingle 06|\\support02\Users\Public\ZettaFolder\Media\2\2196~Onda Geox jingle 06.mp3
22:42:56|Closer|\\support02\Users\Public\ZettaFolder\Media\1\1864~Closer.mp3
22:46:45|Onda Geox jingle 07|\\support02\Users\Public\ZettaFolder\Media\2\2197~Onda Geox jingle 07.mp3
22:46:48|Lifted|\\support02\Users\Public\ZettaFolder\Media\2\2030~Lifted.mp3
22:50:50|Benefeet sogg.2|\\support02\Users\Public\ZettaFolder\Media\2\2190~Benefeet sogg.2.mp3
22:51:24|Onda Geox jingle 04|\\support02\Users\Public\ZettaFolder\Media\2\2194~Onda Geox jingle 04.mp3
22:51:34|Exhale (Shoop Shoop)|\\support02\Users\Public\ZettaFolder\Media\0\200~01 Exhale (Shoop Shoop).mp3
22:54:50|Onda Geox jingle 07|\\support02\Users\Public\ZettaFolder\Media\2\2197~Onda Geox jingle 07.mp3
22:54:53|ANOTHER DAY IN PARADISE|\\support02\Users\Public\ZettaFolder\Media\2\2225~AudioCD#fc0f6213-04.mp3
22:59:06|Onda Geox jingle 06|\\support02\Users\Public\ZettaFolder\Media\2\2196~Onda Geox jingle 06.mp3
22:59:11|3 Is Family|\\support02\Users\Public\ZettaFolder\Media\2\2160~Dana Dawson - 3 is family.mp3
23:02:33|Onda Geox jingle 07|\\support02\Users\Public\ZettaFolder\Media\2\2197~Onda Geox jingle 07.mp3
23:02:37|I'll Make Love To You|\\support02\Users\Public\ZettaFolder\Media\0\260~11 I'll Make Love To You.mp3
23:00:00|AmphiBiox sogg.2|\\support02\Users\Public\ZettaFolder\Media\2\2186~AmphiBiox sogg.2.mp3
23:00:33|Onda Geox jingle 05|\\support02\Users\Public\ZettaFolder\Media\2\2195~Onda Geox jingle 05.mp3
23:00:43|One Fine Day|\\support02\Users\Public\ZettaFolder\Media\2\2057~One Fine Day.mp3
23:05:28|Onda Geox jingle 07|\\support02\Users\Public\ZettaFolder\Media\2\2197~Onda Geox jingle 07.mp3
23:05:31|That Lady|\\support02\Users\Public\ZettaFolder\Media\2\2109~That Lady.mp3
23:10:56|Onda Geox jingle 06|\\support02\Users\Public\ZettaFolder\Media\2\2196~Onda Geox jingle 06.mp3
23:11:00|Love Can Move Mountains|\\support02\Users\Public\ZettaFolder\Media\0\279~15 Love Can Move Mountains.mp3
23:14:53|Onda Geox jingle 07|\\support02\Users\Public\ZettaFolder\Media\2\2197~Onda Geox jingle 07.mp3
23:14:56|Life|\\support02\Users\Public\ZettaFolder\Media\2\2029~Life.mp3
23:18:10|Benefeet sogg.1|\\support02\Users\Public\ZettaFolder\Media\2\2189~Benefeet sogg.1.mp3
23:18:48|Onda Geox jingle 01|\\support02\Users\Public\ZettaFolder\Media\2\2191~Onda Geox jingle 01.mp3
23:18:59|Holding Back The Years|\\support02\Users\Public\ZettaFolder\Media\0\219~04 Holding Back The Years.mp3
23:23:03|Onda Geox jingle 07|\\support02\Users\Public\ZettaFolder\Media\2\2197~Onda Geox jingle 07.mp3
23:23:06|You Don't Miss Your Water ('Til The Well Runs Dry)|\\support02\Users\Public\ZettaFolder\Media\1\1984~06 You Don't Miss Your Water ('Til T.mp3
23:28:17|Onda Geox jingle 06|\\support02\Users\Public\ZettaFolder\Media\2\2196~Onda Geox jingle 06.mp3
23:28:21|If You Had My Love|\\support02\Users\Public\ZettaFolder\Media\2\2012~If You Had My Love.mp3
23:32:02|Onda Geox jingle 07|\\support02\Users\Public\ZettaFolder\Media\2\2197~Onda Geox jingle 07.mp3
23:32:05|Man In The Mirror|\\support02\Users\Public\ZettaFolder\Media\0\240~07 Michael Jackson _ Man In The Mirr.mp3
23:37:02|AmphiBiox sogg.3|\\support02\Users\Public\ZettaFolder\Media\2\2187~AmphiBiox sogg.3.mp3
23:37:40|Onda Geox jingle 02|\\support02\Users\Public\ZettaFolder\Media\2\2192~Onda Geox jingle 02.mp3
23:37:51|Float On|\\support02\Users\Public\ZettaFolder\Media\1\1883~Float On.mp3
23:41:54|Onda Geox jingle 07|\\support02\Users\Public\ZettaFolder\Media\2\2197~Onda Geox jingle 07.mp3
23:41:58|U Remind Me|\\support02\Users\Public\ZettaFolder\Media\2\2120~U Remind Me.mp3
23:46:23|Onda Geox jingle 06|\\support02\Users\Public\ZettaFolder\Media\2\2196~Onda Geox jingle 06.mp3
23:46:27|I Would Die 4 U|\\support02\Users\Public\ZettaFolder\Media\1\1897~I Would Die 4 U.mp3
23:49:16|Onda Geox jingle 07|\\support02\Users\Public\ZettaFolder\Media\2\2197~Onda Geox jingle 07.mp3
23:49:19|Too Young To Die|\\support02\Users\Public\ZettaFolder\Media\2\2118~Too Young To Die.mp3
23:55:13|Benefeet sogg.2|\\support02\Users\Public\ZettaFolder\Media\2\2190~Benefeet sogg.2.mp3
23:55:47|Onda Geox jingle 03|\\support02\Users\Public\ZettaFolder\Media\2\2193~Onda Geox jingle 03.mp3
23:55:58|Sweet Love|\\support02\Users\Public\ZettaFolder\Media\2\2107~Sweet Love.mp3
00:00:05|Onda Geox jingle 07|\\support02\Users\Public\ZettaFolder\Media\2\2197~Onda Geox jingle 07.mp3
00:00:08|He got game|\\support02\Users\Public\ZettaFolder\Media\2\2212~AudioCD#f310f813-12.mp3
00:03:21|Onda Geox jingle 06|\\support02\Users\Public\ZettaFolder\Media\2\2196~Onda Geox jingle 06.mp3
00:03:26|Alright|\\support02\Users\Public\ZettaFolder\Media\1\1775~Alright.mp3
00:07:58|Onda Geox jingle 07|\\support02\Users\Public\ZettaFolder\Media\2\2197~Onda Geox jingle 07.mp3
00:08:01|Pure Shores|\\support02\Users\Public\ZettaFolder\Media\2\2064~Pure Shores.mp3
