09:00:00|AmphiBiox sogg.2|\\support02\Users\Public\ZettaFolder\Media\2\2186~AmphiBiox sogg.2.mp3
09:00:33|Onda Geox jingle 05|\\support02\Users\Public\ZettaFolder\Media\2\2195~Onda Geox jingle 05.mp3
09:00:43|Exhale (Shoop Shoop)|\\support02\Users\Public\ZettaFolder\Media\0\200~01 Exhale (Shoop Shoop).mp3
09:03:59|Onda Geox jingle 07|\\support02\Users\Public\ZettaFolder\Media\2\2197~Onda Geox jingle 07.mp3
09:04:02|Girl On TV|\\support02\Users\Public\ZettaFolder\Media\2\2168~LFO - Girl On TV.mp3
09:08:08|Onda Geox jingle 06|\\support02\Users\Public\ZettaFolder\Media\2\2196~Onda Geox jingle 06.mp3
09:08:12|YOU|\\support02\Users\Public\ZettaFolder\Media\2\2224~AudioCD#e40ec912-11.mp3
09:11:55|Onda Geox jingle 07|\\support02\Users\Public\ZettaFolder\Media\2\2197~Onda Geox jingle 07.mp3
09:11:58|Most Beautiful Girl In The World|\\support02\Users\Public\ZettaFolder\Media\0\254~10 Most Beautiful Girl In The World.mp3
09:15:44|Benefeet sogg.1|\\support02\Users\Public\ZettaFolder\Media\2\2189~Benefeet sogg.1.mp3
09:16:23|Onda Geox jingle 01|\\support02\Users\Public\ZettaFolder\Media\2\2191~Onda Geox jingle 01.mp3
09:16:33|If You Don't Know Me By Now|\\support02\Users\Public\ZettaFolder\Media\1\1903~If You Don't Know Me By Now.mp3
09:19:50|Onda Geox jingle 07|\\support02\Users\Public\ZettaFolder\Media\2\2197~Onda Geox jingle 07.mp3
09:19:53|Daylight|\\support02\Users\Public\ZettaFolder\Media\0\208~02 Daylight.mp3
09:23:13|Onda Geox jingle 06|\\support02\Users\Public\ZettaFolder\Media\2\2196~Onda Geox jingle 06.mp3
09:23:17|Dance And Shout|\\support02\Users\Public\ZettaFolder\Media\2\2179~Shaggy - Dance and shout.mp3
09:26:17|Onda Geox jingle 07|\\support02\Users\Public\ZettaFolder\Media\2\2197~Onda Geox jingle 07.mp3
09:26:20|Tell Me What We're Gonna Do Now (No Rap)|\\support02\Users\Public\ZettaFolder\Media\2\2108~Tell me What We're Gonna Do Now (No.mp3
09:29:58|AmphiBiox sogg.4|\\support02\Users\Public\ZettaFolder\Media\2\2188~AmphiBiox sogg.4.mp3
09:30:37|Onda Geox jingle 03|\\support02\Users\Public\ZettaFolder\Media\2\2193~Onda Geox jingle 03.mp3
09:30:47|Anything For You|\\support02\Users\Public\ZettaFolder\Media\1\1782~Anything For You.mp3
09:34:12|Onda Geox jingle 07|\\support02\Users\Public\ZettaFolder\Media\2\2197~Onda Geox jingle 07.mp3
09:34:15|U Know What's Up|\\support02\Users\Public\ZettaFolder\Media\2\2163~Donell Jones - U know what's up.mp3
09:38:06|Onda Geox jingle 06|\\support02\Users\Public\ZettaFolder\Media\2\2196~Onda Geox jingle 06.mp3
09:38:10|Hypnotize|\\support02\Users\Public\ZettaFolder\Media\2\2220~AudioCD#f30f6811-17.mp3
09:41:58|Onda Geox jingle 07|\\support02\Users\Public\ZettaFolder\Media\2\2197~Onda Geox jingle 07.mp3
09:42:01|That Girl|\\support02\Users\Public\ZettaFolder\Media\0\257~10-14 That Girl.mp3
09:44:13|Benefeet sogg.2|\\support02\Users\Public\ZettaFolder\Media\2\2190~Benefeet sogg.2.mp3
09:44:47|Onda Geox jingle 04|\\support02\Users\Public\ZettaFolder\Media\2\2194~Onda Geox jingle 04.mp3
09:44:57|Against All Odds|\\support02\Users\Public\ZettaFolder\Media\1\1577~Against All Odds.mp3
09:48:10|Onda Geox jingle 07|\\support02\Users\Public\ZettaFolder\Media\2\2197~Onda Geox jingle 07.mp3
09:48:13|Love Is A House|\\support02\Users\Public\ZettaFolder\Media\2\2035~Love Is A House.mp3
09:52:27|Onda Geox jingle 06|\\support02\Users\Public\ZettaFolder\Media\2\2196~Onda Geox jingle 06.mp3
09:52:31|Canned Heat|\\support02\Users\Public\ZettaFolder\Media\1\1993~Canned Heat.mp3
09:55:43|Onda Geox jingle 07|\\support02\Users\Public\ZettaFolder\Media\2\2197~Onda Geox jingle 07.mp3
09:55:46|Independent Woman|\\support02\Users\Public\ZettaFolder\Media\2\2162~Destiny's Child - Independent Woman.mp3
10:00:00|AmphiBiox sogg.3|\\support02\Users\Public\ZettaFolder\Media\2\2187~AmphiBiox sogg.3.mp3
10:00:37|Onda Geox jingle 02|\\support02\Users\Public\ZettaFolder\Media\2\2192~Onda Geox jingle 02.mp3
10:00:48|Anything|\\support02\Users\Public\ZettaFolder\Media\2\2149~3T - Anything.mp3
10:05:22|Onda Geox jingle 07|\\support02\Users\Public\ZettaFolder\Media\2\2197~Onda Geox jingle 07.mp3
10:05:25|Ain't No Man|\\support02\Users\Public\ZettaFolder\Media\2\2143~Dina Carroll - Ain't no man.mp3
10:09:06|Onda Geox jingle 06|\\support02\Users\Public\ZettaFolder\Media\2\2196~Onda Geox jingle 06.mp3
10:09:10|What's Your Flava?|\\support02\Users\Public\ZettaFolder\Media\0\214~02 What's Your Flava_.mp3
10:12:42|Onda Geox jingle 07|\\support02\Users\Public\ZettaFolder\Media\2\2197~Onda Geox jingle 07.mp3
10:12:45|Back To Life|\\support02\Users\Public\ZettaFolder\Media\1\1988~Back To Life.mp3
10:16:16|Benefeet sogg.1|\\support02\Users\Public\ZettaFolder\Media\2\2189~Benefeet sogg.1.mp3
10:16:55|Onda Geox jingle 05|\\support02\Users\Public\ZettaFolder\Media\2\2195~Onda Geox jingle 05.mp3
10:17:05|Half On A Baby|\\support02\Users\Public\ZettaFolder\Media\1\1887~Half on a baby.mp3
10:21:38|Onda Geox jingle 07|\\support02\Users\Public\ZettaFolder\Media\2\2197~Onda Geox jingle 07.mp3
10:21:41|Dream On Dreamer|\\support02\Users\Public\ZettaFolder\Media\1\1876~Dream On Dreamer.mp3
10:24:58|Onda Geox jingle 06|\\support02\Users\Public\ZettaFolder\Media\2\2196~Onda Geox jingle 06.mp3
10:25:03|If I Told You That|\\support02\Users\Public\ZettaFolder\Media\1\1901~If I Told You That.mp3
10:28:42|Onda Geox jingle 07|\\support02\Users\Public\ZettaFolder\Media\2\2197~Onda Geox jingle 07.mp3
10:28:45|I Don't Wanna Fight|\\support02\Users\Public\ZettaFolder\Media\0\259~11 I Don't Wanna Fight.mp3
10:32:58|AmphiBiox sogg.1|\\support02\Users\Public\ZettaFolder\Media\2\2185~AmphiBiox sogg.1.mp3
10:33:35|Onda Geox jingle 01|\\support02\Users\Public\ZettaFolder\Media\2\2191~Onda Geox jingle 01.mp3
10:33:45|I Wish I Wasn't|\\support02\Users\Public\ZettaFolder\Media\0\277~15 I Wish I Wasn't.mp3
10:37:56|Onda Geox jingle 07|\\support02\Users\Public\ZettaFolder\Media\2\2197~Onda Geox jingle 07.mp3
10:37:59|caravan Of Love|\\support02\Users\Public\ZettaFolder\Media\1\1994~Caravan Of Love.mp3
10:42:14|Onda Geox jingle 06|\\support02\Users\Public\ZettaFolder\Media\2\2196~Onda Geox jingle 06.mp3
10:42:19|The Glamorous Life|\\support02\Users\Public\ZettaFolder\Media\1\1152~21-08 The Glamorous Life.mp3
10:45:53|Onda Geox jingle 07|\\support02\Users\Public\ZettaFolder\Media\2\2197~Onda Geox jingle 07.mp3
10:45:56|Why Does My Heart Feel So Bad|\\support02\Users\Public\ZettaFolder\Media\2\2175~Moby - Why does my heart feel so bad.mp3
10:50:12|Benefeet sogg.2|\\support02\Users\Public\ZettaFolder\Media\2\2190~Benefeet sogg.2.mp3
10:50:46|Onda Geox jingle 03|\\support02\Users\Public\ZettaFolder\Media\2\2193~Onda Geox jingle 03.mp3
10:50:57|Doesn't Mean Anything|\\support02\Users\Public\ZettaFolder\Media\2\2153~Alicia Keys - Doesn't Mean Anything.mp3
10:54:58|Onda Geox jingle 07|\\support02\Users\Public\ZettaFolder\Media\2\2197~Onda Geox jingle 07.mp3
10:55:01|Always on time|\\support02\Users\Public\ZettaFolder\Media\2\2184~AudioCD#d50d7c0f-08_2.mp3
10:58:59|Onda Geox jingle 06|\\support02\Users\Public\ZettaFolder\Media\2\2196~Onda Geox jingle 06.mp3
10:59:04|Get It Right|\\support02\Users\Public\ZettaFolder\Media\2\2003~Get it Right.mp3
11:03:07|Onda Geox jingle 07|\\support02\Users\Public\ZettaFolder\Media\2\2197~Onda Geox jingle 07.mp3
11:03:10|Just For You|\\support02\Users\Public\ZettaFolder\Media\2\2023~Just For You.mp3
11:00:00|AmphiBiox sogg.2|\\support02\Users\Public\ZettaFolder\Media\2\2186~AmphiBiox sogg.2.mp3
11:00:33|Onda Geox jingle 04|\\support02\Users\Public\ZettaFolder\Media\2\2194~Onda Geox jingle 04.mp3
11:00:43|One More Chance|\\support02\Users\Public\ZettaFolder\Media\2\2058~One More Chance.mp3
11:04:59|Onda Geox jingle 07|\\support02\Users\Public\ZettaFolder\Media\2\2197~Onda Geox jingle 07.mp3
11:05:02|Mated|\\support02\Users\Public\ZettaFolder\Media\2\2040~Mated.mp3
11:08:45|Onda Geox jingle 06|\\support02\Users\Public\ZettaFolder\Media\2\2196~Onda Geox jingle 06.mp3
11:08:49|All For You|\\support02\Users\Public\ZettaFolder\Media\1\1580~All For You.mp3
11:12:41|Onda Geox jingle 07|\\support02\Users\Public\ZettaFolder\Media\2\2197~Onda Geox jingle 07.mp3
11:12:44|Snow on the Sahara|\\support02\Users\Public\ZettaFolder\Media\2\2088~Snow on The Sahara.mp3
11:16:40|Benefeet sogg.1|\\support02\Users\Public\ZettaFolder\Media\2\2189~Benefeet sogg.1.mp3
11:17:19|Onda Geox jingle 02|\\support02\Users\Public\ZettaFolder\Media\2\2192~Onda Geox jingle 02.mp3
11:17:29|We Belong Together|\\support02\Users\Public\ZettaFolder\Media\2\2127~We Belong Together.mp3
11:20:42|Onda Geox jingle 07|\\support02\Users\Public\ZettaFolder\Media\2\2197~Onda Geox jingle 07.mp3
11:20:45|Caught Up In The Rapture|\\support02\Users\Public\ZettaFolder\Media\1\1861~Caught Up In The Rapture.mp3
11:25:49|Onda Geox jingle 06|\\support02\Users\Public\ZettaFolder\Media\2\2196~Onda Geox jingle 06.mp3
11:25:54|Romantic|\\support02\Users\Public\ZettaFolder\Media\0\204~01 Romantic.mp3
11:29:54|Onda Geox jingle 07|\\support02\Users\Public\ZettaFolder\Media\2\2197~Onda Geox jingle 07.mp3
11:29:57|Rehab|\\support02\Users\Public\ZettaFolder\Media\2\2068~Rehab.mp3
11:33:55|AmphiBiox sogg.4|\\support02\Users\Public\ZettaFolder\Media\2\2188~AmphiBiox sogg.4.mp3
11:34:33|Onda Geox jingle 05|\\support02\Users\Public\ZettaFolder\Media\2\2195~Onda Geox jingle 05.mp3
11:34:44|Float On|\\support02\Users\Public\ZettaFolder\Media\1\1883~Float On.mp3
11:38:47|Onda Geox jingle 07|\\support02\Users\Public\ZettaFolder\Media\2\2197~Onda Geox jingle 07.mp3
11:38:50|Sexy Love|\\support02\Users\Public\ZettaFolder\Media\2\2082~Sexy Love.mp3
11:42:24|Onda Geox jingle 06|\\support02\Users\Public\ZettaFolder\Media\2\2196~Onda Geox jingle 06.mp3
11:42:28|Change|\\support02\Users\Public\ZettaFolder\Media\1\1995~Change.mp3
11:46:14|Onda Geox jingle 07|\\support02\Users\Public\ZettaFolder\Media\2\2197~Onda Geox jingle 07.mp3
11:46:17|Spider Man 'Theme'|\\support02\Users\Public\ZettaFolder\Media\2\2094~Spider Man 'Theme'.mp3
11:49:13|Benefeet sogg.2|\\support02\Users\Public\ZettaFolder\Media\2\2190~Benefeet sogg.2.mp3
11:49:47|Onda Geox jingle 01|\\support02\Users\Public\ZettaFolder\Media\2\2191~Onda Geox jingle 01.mp3
11:49:58|I Can Love You Like That|\\support02\Users\Public\ZettaFolder\Media\0\215~03 I Can Love You Like That.mp3
11:54:07|Onda Geox jingle 07|\\support02\Users\Public\ZettaFolder\Media\2\2197~Onda Geox jingle 07.mp3
11:54:11|I Can't Tell You Why|\\support02\Users\Public\ZettaFolder\Media\0\234~06 I Can't Tell You Why.mp3
11:57:10|Onda Geox jingle 06|\\support02\Users\Public\ZettaFolder\Media\2\2196~Onda Geox jingle 06.mp3
11:57:15|You Rock My World|\\support02\Users\Public\ZettaFolder\Media\2\2172~Michael Jackson - You rock my world.mp3
12:01:40|Onda Geox jingle 07|\\support02\Users\Public\ZettaFolder\Media\2\2197~Onda Geox jingle 07.mp3
12:01:43|Mornin'|\\support02\Users\Public\ZettaFolder\Media\2\2045~Mornin'.mp3
12:00:00|AmphiBiox sogg.3|\\support02\Users\Public\ZettaFolder\Media\2\2187~AmphiBiox sogg.3.mp3
12:00:37|Onda Geox jingle 03|\\support02\Users\Public\ZettaFolder\Media\2\2193~Onda Geox jingle 03.mp3
12:00:48|Un-Break My Heart (Album)|\\support02\Users\Public\ZettaFolder\Media\0\223~04 Un-Break My Heart (Album).mp3
12:05:01|Onda Geox jingle 07|\\support02\Users\Public\ZettaFolder\Media\2\2197~Onda Geox jingle 07.mp3
12:05:04|Rock Steady|\\support02\Users\Public\ZettaFolder\Media\0\245~08 Whispers - Rock Steady.mp3
12:08:56|Onda Geox jingle 06|\\support02\Users\Public\ZettaFolder\Media\2\2196~Onda Geox jingle 06.mp3
12:09:00|3 Is Family|\\support02\Users\Public\ZettaFolder\Media\2\2160~Dana Dawson - 3 is family.mp3
12:12:23|Onda Geox jingle 07|\\support02\Users\Public\ZettaFolder\Media\2\2197~Onda Geox jingle 07.mp3
12:12:26|Into My Soul|\\support02\Users\Public\ZettaFolder\Media\2\2140~Into My Soul_2_1_1_1.mp3
12:16:55|Benefeet sogg.1|\\support02\Users\Public\ZettaFolder\Media\2\2189~Benefeet sogg.1.mp3
12:17:34|Onda Geox jingle 04|\\support02\Users\Public\ZettaFolder\Media\2\2194~Onda Geox jingle 04.mp3
12:17:44|Holding Back The Years|\\support02\Users\Public\ZettaFolder\Media\0\219~04 Holding Back The Years.mp3
12:21:48|Onda Geox jingle 07|\\support02\Users\Public\ZettaFolder\Media\2\2197~Onda Geox jingle 07.mp3
12:21:51|Never New Love Like This Before|\\support02\Users\Public\ZettaFolder\Media\0\211~02 Stephanie Mills-Never New Love Li.mp3
12:25:12|Onda Geox jingle 06|\\support02\Users\Public\ZettaFolder\Media\2\2196~Onda Geox jingle 06.mp3
12:25:17|Seven Days In Sunny June|\\support02\Users\Public\ZettaFolder\Media\2\2081~Seven Days In Sunny June.mp3
12:29:11|Onda Geox jingle 07|\\support02\Users\Public\ZettaFolder\Media\2\2197~Onda Geox jingle 07.mp3
12:29:14|Purple Rain|\\support02\Users\Public\ZettaFolder\Media\0\210~02 Prince _ Purple Rain.mp3
12:33:20|AmphiBiox sogg.1|\\support02\Users\Public\ZettaFolder\Media\2\2185~AmphiBiox sogg.1.mp3
12:33:56|Onda Geox jingle 02|\\support02\Users\Public\ZettaFolder\Media\2\2192~Onda Geox jingle 02.mp3
12:34:07|WALKING AWAY|\\support02\Users\Public\ZettaFolder\Media\2\2126~Walking Away.mp3
12:37:19|Onda Geox jingle 07|\\support02\Users\Public\ZettaFolder\Media\2\2197~Onda Geox jingle 07.mp3
12:37:22|Do Something|\\support02\Users\Public\ZettaFolder\Media\1\1871~Do Something.mp3
12:41:26|Onda Geox jingle 06|\\support02\Users\Public\ZettaFolder\Media\2\2196~Onda Geox jingle 06.mp3
12:41:31|Don't Be Cruel|\\support02\Users\Public\ZettaFolder\Media\0\232~06 Bobby Brown _ Don't Be Cruel.mp3
12:45:33|Onda Geox jingle 07|\\support02\Users\Public\ZettaFolder\Media\2\2197~Onda Geox jingle 07.mp3
12:45:36|7 Seconds|\\support02\Users\Public\ZettaFolder\Media\1\1572~7 Seconds.mp3
12:49:33|Benefeet sogg.2|\\support02\Users\Public\ZettaFolder\Media\2\2190~Benefeet sogg.2.mp3
12:50:07|Onda Geox jingle 05|\\support02\Users\Public\ZettaFolder\Media\2\2195~Onda Geox jingle 05.mp3
12:50:18|Let's Wait Awhile|\\support02\Users\Public\ZettaFolder\Media\2\2028~Let's Wait Awhile.mp3
12:54:48|Onda Geox jingle 07|\\support02\Users\Public\ZettaFolder\Media\2\2197~Onda Geox jingle 07.mp3
12:54:51|Close To You|\\support02\Users\Public\ZettaFolder\Media\1\1863~Close To You.mp3
12:59:07|Onda Geox jingle 06|\\support02\Users\Public\ZettaFolder\Media\2\2196~Onda Geox jingle 06.mp3
12:59:11|Play|\\support02\Users\Public\ZettaFolder\Media\2\2205~AudioCD#fd0ff112-02.mp3
13:02:41|Onda Geox jingle 07|\\support02\Users\Public\ZettaFolder\Media\2\2197~Onda Geox jingle 07.mp3
13:02:44|Dreamlover|\\support02\Users\Public\ZettaFolder\Media\0\270~14 Dreamlover.mp3
13:00:00|AmphiBiox sogg.2|\\support02\Users\Public\ZettaFolder\Media\2\2186~AmphiBiox sogg.2.mp3
13:00:33|Onda Geox jingle 01|\\support02\Users\Public\ZettaFolder\Media\2\2191~Onda Geox jingle 01.mp3
13:00:43|Not Gon' Cry|\\support02\Users\Public\ZettaFolder\Media\0\242~07 Not Gon' Cry.mp3
13:05:12|Onda Geox jingle 07|\\support02\Users\Public\ZettaFolder\Media\2\2197~Onda Geox jingle 07.mp3
13:05:15|Move Closer|\\support02\Users\Public\ZettaFolder\Media\2\2046~Move Closer.mp3
13:09:15|Onda Geox jingle 06|\\support02\Users\Public\ZettaFolder\Media\2\2196~Onda Geox jingle 06.mp3
13:09:20|She's Got That Vibe|\\support02\Users\Public\ZettaFolder\Media\0\228~05 She's Got That Vibe.mp3
13:13:04|Onda Geox jingle 07|\\support02\Users\Public\ZettaFolder\Media\2\2197~Onda Geox jingle 07.mp3
13:13:07|Human|\\support02\Users\Public\ZettaFolder\Media\0\247~09 Human.mp3
13:16:49|Benefeet sogg.1|\\support02\Users\Public\ZettaFolder\Media\2\2189~Benefeet sogg.1.mp3
13:17:27|Onda Geox jingle 03|\\support02\Users\Public\ZettaFolder\Media\2\2193~Onda Geox jingle 03.mp3
13:17:38|Walk On By|\\support02\Users\Public\ZettaFolder\Media\2\2125~Walk On By.mp3
13:20:27|Onda Geox jingle 07|\\support02\Users\Public\ZettaFolder\Media\2\2197~Onda Geox jingle 07.mp3
13:20:30|Summertime 98|\\support02\Users\Public\ZettaFolder\Media\2\2210~AudioCD#dd0f0d11-15.mp3
13:24:36|Onda Geox jingle 06|\\support02\Users\Public\ZettaFolder\Media\2\2196~Onda Geox jingle 06.mp3
13:24:41|I Hear Your Name|\\support02\Users\Public\ZettaFolder\Media\0\248~09 I Hear Your Name.mp3
13:31:30|Onda Geox jingle 07|\\support02\Users\Public\ZettaFolder\Media\2\2197~Onda Geox jingle 07.mp3
13:31:33|Pure Shores|\\support02\Users\Public\ZettaFolder\Media\2\2064~Pure Shores.mp3
13:35:40|AmphiBiox sogg.4|\\support02\Users\Public\ZettaFolder\Media\2\2188~AmphiBiox sogg.4.mp3
13:36:18|Onda Geox jingle 04|\\support02\Users\Public\ZettaFolder\Media\2\2194~Onda Geox jingle 04.mp3
13:36:29|If You Asked Me To|\\support02\Users\Public\ZettaFolder\Media\1\1902~If You Ask Me To.mp3
13:40:16|Onda Geox jingle 07|\\support02\Users\Public\ZettaFolder\Media\2\2197~Onda Geox jingle 07.mp3
13:40:19|Always In My heart|\\support02\Users\Public\ZettaFolder\Media\2\2180~Tevin Campbell - Always in my heart.mp3
13:45:30|Onda Geox jingle 06|\\support02\Users\Public\ZettaFolder\Media\2\2196~Onda Geox jingle 06.mp3
13:45:34|Family affair|\\support02\Users\Public\ZettaFolder\Media\2\2170~Mary J Blige - Family affair.mp3
13:49:21|Onda Geox jingle 07|\\support02\Users\Public\ZettaFolder\Media\2\2197~Onda Geox jingle 07.mp3
13:49:24|Feel So High|\\support02\Users\Public\ZettaFolder\Media\2\2002~Feel So High.mp3
13:53:10|Benefeet sogg.2|\\support02\Users\Public\ZettaFolder\Media\2\2190~Benefeet sogg.2.mp3
13:53:44|Onda Geox jingle 02|\\support02\Users\Public\ZettaFolder\Media\2\2192~Onda Geox jingle 02.mp3
13:53:55|If You Asked Me To|\\support02\Users\Public\ZettaFolder\Media\0\271~14 If You Asked Me To.mp3
13:57:32|Onda Geox jingle 07|\\support02\Users\Public\ZettaFolder\Media\2\2197~Onda Geox jingle 07.mp3
13:57:35|Stole|\\support02\Users\Public\ZettaFolder\Media\2\2098~Stole.mp3
14:01:27|Onda Geox jingle 06|\\support02\Users\Public\ZettaFolder\Media\2\2196~Onda Geox jingle 06.mp3
14:01:32|Riding On A Train|\\support02\Users\Public\ZettaFolder\Media\2\2072~Riding On A Train.mp3
14:06:49|Onda Geox jingle 07|\\support02\Users\Public\ZettaFolder\Media\2\2197~Onda Geox jingle 07.mp3
14:06:52|Hit'em Up Style (Ooops)|\\support02\Users\Public\ZettaFolder\Media\1\1892~Hit'em Up Style (Ooops).mp3
14:00:00|AmphiBiox sogg.3|\\support02\Users\Public\ZettaFolder\Media\2\2187~AmphiBiox sogg.3.mp3
14:00:37|Onda Geox jingle 05|\\support02\Users\Public\ZettaFolder\Media\2\2195~Onda Geox jingle 05.mp3
14:00:48|Always|\\support02\Users\Public\ZettaFolder\Media\1\1780~Always.mp3
14:04:20|Onda Geox jingle 07|\\support02\Users\Public\ZettaFolder\Media\2\2197~Onda Geox jingle 07.mp3
14:04:23|Rapper's delight|\\support02\Users\Public\ZettaFolder\Media\2\2221~AudioCD#e00e9610-15.mp3
14:08:43|Onda Geox jingle 06|\\support02\Users\Public\ZettaFolder\Media\2\2196~Onda Geox jingle 06.mp3
14:08:48|So Emotional|\\support02\Users\Public\ZettaFolder\Media\2\2089~So Emotional.mp3
14:13:08|Onda Geox jingle 07|\\support02\Users\Public\ZettaFolder\Media\2\2197~Onda Geox jingle 07.mp3
14:13:11|No Scrubs|\\support02\Users\Public\ZettaFolder\Media\2\2054~No Scrubs.mp3
14:16:36|Benefeet sogg.1|\\support02\Users\Public\ZettaFolder\Media\2\2189~Benefeet sogg.1.mp3
14:17:14|Onda Geox jingle 01|\\support02\Users\Public\ZettaFolder\Media\2\2191~Onda Geox jingle 01.mp3
14:17:25|Love Is|\\support02\Users\Public\ZettaFolder\Media\0\280~15 Love Is.mp3
14:21:19|Onda Geox jingle 07|\\support02\Users\Public\ZettaFolder\Media\2\2197~Onda Geox jingle 07.mp3
14:21:22|He got game|\\support02\Users\Public\ZettaFolder\Media\2\2212~AudioCD#f310f813-12.mp3
14:24:35|Onda Geox jingle 06|\\support02\Users\Public\ZettaFolder\Media\2\2196~Onda Geox jingle 06.mp3
14:24:39|Never Knew Love Like This|\\support02\Users\Public\ZettaFolder\Media\2\2052~Never Knew Love Like This.mp3
14:27:56|Onda Geox jingle 07|\\support02\Users\Public\ZettaFolder\Media\2\2197~Onda Geox jingle 07.mp3
14:27:59|I'll Make Love To You|\\support02\Users\Public\ZettaFolder\Media\0\260~11 I'll Make Love To You.mp3
14:31:42|AmphiBiox sogg.1|\\support02\Users\Public\ZettaFolder\Media\2\2185~AmphiBiox sogg.1.mp3
14:32:18|Onda Geox jingle 03|\\support02\Users\Public\ZettaFolder\Media\2\2193~Onda Geox jingle 03.mp3
14:32:29|Lost|\\support02\Users\Public\ZettaFolder\Media\2\2032~Lost.mp3
14:36:00|Onda Geox jingle 07|\\support02\Users\Public\ZettaFolder\Media\2\2197~Onda Geox jingle 07.mp3
14:36:03|Love... Thy Will Be Done|\\support02\Users\Public\ZettaFolder\Media\2\2038~Love...Thy Will Be Done.mp3
14:40:09|Onda Geox jingle 06|\\support02\Users\Public\ZettaFolder\Media\2\2196~Onda Geox jingle 06.mp3
14:40:13|Criticize|\\support02\Users\Public\ZettaFolder\Media\1\1999~Criticize.mp3
14:44:12|Onda Geox jingle 07|\\support02\Users\Public\ZettaFolder\Media\2\2197~Onda Geox jingle 07.mp3
14:44:15|I Wonder Why|\\support02\Users\Public\ZettaFolder\Media\2\2011~I Wonder Why.mp3
14:48:31|Benefeet sogg.2|\\support02\Users\Public\ZettaFolder\Media\2\2190~Benefeet sogg.2.mp3
14:49:05|Onda Geox jingle 04|\\support02\Users\Public\ZettaFolder\Media\2\2194~Onda Geox jingle 04.mp3
14:49:15|Stay With Me|\\support02\Users\Public\ZettaFolder\Media\0\282~17 One More Chance _ Stay With Me.mp3
14:53:17|Onda Geox jingle 07|\\support02\Users\Public\ZettaFolder\Media\2\2197~Onda Geox jingle 07.mp3
14:53:20|(Damn These) Hungry Times|\\support02\Users\Public\ZettaFolder\Media\0\199~(Damn These) Hungry Times.mp3
14:57:27|Onda Geox jingle 06|\\support02\Users\Public\ZettaFolder\Media\2\2196~Onda Geox jingle 06.mp3
14:57:31|If|\\support02\Users\Public\ZettaFolder\Media\2\2014~If.mp3
15:01:09|Onda Geox jingle 07|\\support02\Users\Public\ZettaFolder\Media\2\2197~Onda Geox jingle 07.mp3
15:01:12|MAD ABOUT YOU|\\support02\Users\Public\ZettaFolder\Media\2\2230~AudioCD#ed100312-18.mp3
15:00:00|AmphiBiox sogg.2|\\support02\Users\Public\ZettaFolder\Media\2\2186~AmphiBiox sogg.2.mp3
15:00:33|Onda Geox jingle 02|\\support02\Users\Public\ZettaFolder\Media\2\2192~Onda Geox jingle 02.mp3
15:00:43|Rush Rush|\\support02\Users\Public\ZettaFolder\Media\2\2075~Rush rush.mp3
15:04:45|Onda Geox jingle 07|\\support02\Users\Public\ZettaFolder\Media\2\2197~Onda Geox jingle 07.mp3
15:04:48|Strange Kind Of Love|\\support02\Users\Public\ZettaFolder\Media\2\2099~Strange Kind Of Love.mp3
15:09:03|Onda Geox jingle 06|\\support02\Users\Public\ZettaFolder\Media\2\2196~Onda Geox jingle 06.mp3
15:09:07|Remember The Time|\\support02\Users\Public\ZettaFolder\Media\2\2069~Remember The Time.mp3
15:13:02|Onda Geox jingle 07|\\support02\Users\Public\ZettaFolder\Media\2\2197~Onda Geox jingle 07.mp3
15:13:06|This Is What You Are|\\support02\Users\Public\ZettaFolder\Media\2\2116~This Is What You Are.mp3
15:17:21|Benefeet sogg.1|\\support02\Users\Public\ZettaFolder\Media\2\2189~Benefeet sogg.1.mp3
15:17:59|Onda Geox jingle 05|\\support02\Users\Public\ZettaFolder\Media\2\2195~Onda Geox jingle 05.mp3
15:18:10|You've Got It|\\support02\Users\Public\ZettaFolder\Media\2\2136~You've Got It.mp3
15:21:56|Onda Geox jingle 07|\\support02\Users\Public\ZettaFolder\Media\2\2197~Onda Geox jingle 07.mp3
15:21:59|Inside Love|\\support02\Users\Public\ZettaFolder\Media\2\2015~Inside Love.mp3
15:27:06|Onda Geox jingle 06|\\support02\Users\Public\ZettaFolder\Media\2\2196~Onda Geox jingle 06.mp3
15:27:10|Oh Sheilla|\\support02\Users\Public\ZettaFolder\Media\2\2055~Oh Sheilla.mp3
15:31:09|Onda Geox jingle 07|\\support02\Users\Public\ZettaFolder\Media\2\2197~Onda Geox jingle 07.mp3
15:31:12|Rise & Fall|\\support02\Users\Public\ZettaFolder\Media\2\2074~Rise & Fall.mp3
15:35:04|AmphiBiox sogg.4|\\support02\Users\Public\ZettaFolder\Media\2\2188~AmphiBiox sogg.4.mp3
15:35:43|Onda Geox jingle 01|\\support02\Users\Public\ZettaFolder\Media\2\2191~Onda Geox jingle 01.mp3
15:35:53|No One In The World|\\support02\Users\Public\ZettaFolder\Media\2\2053~No One In The World.mp3
15:39:47|Onda Geox jingle 07|\\support02\Users\Public\ZettaFolder\Media\2\2197~Onda Geox jingle 07.mp3
15:39:50|Forget Me Nots|\\support02\Users\Public\ZettaFolder\Media\1\1884~Forget Me Nots.mp3
15:44:21|Onda Geox jingle 06|\\support02\Users\Public\ZettaFolder\Media\2\2196~Onda Geox jingle 06.mp3
15:44:25|I'll Be Waiting|\\support02\Users\Public\ZettaFolder\Media\1\1899~I'll Be Waiting.mp3
15:48:13|Onda Geox jingle 07|\\support02\Users\Public\ZettaFolder\Media\2\2197~Onda Geox jingle 07.mp3
15:48:16|Better Be Good To Me|\\support02\Users\Public\ZettaFolder\Media\0\206~01 Tina Turner _ Better Be Good To M.mp3
15:51:43|Benefeet sogg.2|\\support02\Users\Public\ZettaFolder\Media\2\2190~Benefeet sogg.2.mp3
15:52:17|Onda Geox jingle 03|\\support02\Users\Public\ZettaFolder\Media\2\2193~Onda Geox jingle 03.mp3
15:52:27|Fallin'|\\support02\Users\Public\ZettaFolder\Media\1\1880~Fallin'.mp3
15:55:38|Onda Geox jingle 07|\\support02\Users\Public\ZettaFolder\Media\2\2197~Onda Geox jingle 07.mp3
15:55:41|Question Of Faith|\\support02\Users\Public\ZettaFolder\Media\2\2065~Question Of Faith.mp3
15:59:17|Onda Geox jingle 06|\\support02\Users\Public\ZettaFolder\Media\2\2196~Onda Geox jingle 06.mp3
15:59:21|Because Of You|\\support02\Users\Public\ZettaFolder\Media\1\1904~Because Of You.mp3
16:03:04|Onda Geox jingle 07|\\support02\Users\Public\ZettaFolder\Media\2\2197~Onda Geox jingle 07.mp3
16:03:07|Keep On Movin'|\\support02\Users\Public\ZettaFolder\Media\2\2024~Keep On Movin'.mp3
16:00:00|AmphiBiox sogg.3|\\support02\Users\Public\ZettaFolder\Media\2\2187~AmphiBiox sogg.3.mp3
16:00:37|Onda Geox jingle 04|\\support02\Users\Public\ZettaFolder\Media\2\2194~Onda Geox jingle 04.mp3
16:00:48|Beautiful|\\support02\Users\Public\ZettaFolder\Media\1\1989~Beautiful.mp3
16:04:43|Onda Geox jingle 07|\\support02\Users\Public\ZettaFolder\Media\2\2197~Onda Geox jingle 07.mp3
16:04:46|Love Is All We Need|\\support02\Users\Public\ZettaFolder\Media\2\2036~Love Is All We Need.mp3
16:08:54|Onda Geox jingle 06|\\support02\Users\Public\ZettaFolder\Media\2\2196~Onda Geox jingle 06.mp3
16:08:58|Surrender|\\support02\Users\Public\ZettaFolder\Media\2\2103~Surrender.mp3
16:12:40|Onda Geox jingle 07|\\support02\Users\Public\ZettaFolder\Media\2\2197~Onda Geox jingle 07.mp3
16:12:43|Crazy|\\support02\Users\Public\ZettaFolder\Media\1\1998~Crazy.mp3
16:15:38|Benefeet sogg.1|\\support02\Users\Public\ZettaFolder\Media\2\2189~Benefeet sogg.1.mp3
16:16:17|Onda Geox jingle 02|\\support02\Users\Public\ZettaFolder\Media\2\2192~Onda Geox jingle 02.mp3
16:16:27|Beauty And The Beast|\\support02\Users\Public\ZettaFolder\Media\0\262~13 Beauty And The Beast.mp3
16:19:49|Onda Geox jingle 07|\\support02\Users\Public\ZettaFolder\Media\2\2197~Onda Geox jingle 07.mp3
16:19:52|ANOTHER DAY IN PARADISE|\\support02\Users\Public\ZettaFolder\Media\2\2225~AudioCD#fc0f6213-04.mp3
16:24:05|Onda Geox jingle 06|\\support02\Users\Public\ZettaFolder\Media\2\2196~Onda Geox jingle 06.mp3
16:24:10|Emotions|\\support02\Users\Public\ZettaFolder\Media\1\1877~Emotions.mp3
16:28:14|Onda Geox jingle 07|\\support02\Users\Public\ZettaFolder\Media\2\2197~Onda Geox jingle 07.mp3
16:28:17|I?M LIKE A BIRD|\\support02\Users\Public\ZettaFolder\Media\2\2232~AudioCD#070f5f13-12.mp3
16:32:11|AmphiBiox sogg.1|\\support02\Users\Public\ZettaFolder\Media\2\2185~AmphiBiox sogg.1.mp3
16:32:47|Onda Geox jingle 05|\\support02\Users\Public\ZettaFolder\Media\2\2195~Onda Geox jingle 05.mp3
16:32:58|There'll Be Sad Song (To Make You Cry)|\\support02\Users\Public\ZettaFolder\Media\2\2115~There'll Be Sad Song (To Make You Cr.mp3
16:37:05|Onda Geox jingle 07|\\support02\Users\Public\ZettaFolder\Media\2\2197~Onda Geox jingle 07.mp3
16:37:08|You Used To Love Me|\\support02\Users\Public\ZettaFolder\Media\1\1987~18 You Used To Love Me.mp3
16:41:03|Onda Geox jingle 06|\\support02\Users\Public\ZettaFolder\Media\2\2196~Onda Geox jingle 06.mp3
16:41:07|What Did I Do To You|\\support02\Users\Public\ZettaFolder\Media\2\2128~What Did I Do To You.mp3
16:45:43|Onda Geox jingle 07|\\support02\Users\Public\ZettaFolder\Media\2\2197~Onda Geox jingle 07.mp3
16:45:46|Porcelain|\\support02\Users\Public\ZettaFolder\Media\2\2174~Moby - Porcelain.mp3
16:49:44|Benefeet sogg.2|\\support02\Users\Public\ZettaFolder\Media\2\2190~Benefeet sogg.2.mp3
16:50:18|Onda Geox jingle 01|\\support02\Users\Public\ZettaFolder\Media\2\2191~Onda Geox jingle 01.mp3
16:50:28|Just For You|\\support02\Users\Public\ZettaFolder\Media\2\2169~M People - Just for you.mp3
16:56:12|Onda Geox jingle 07|\\support02\Users\Public\ZettaFolder\Media\2\2197~Onda Geox jingle 07.mp3
16:56:15|Come Fly With Me|\\support02\Users\Public\ZettaFolder\Media\1\1866~Come Fly With Me.mp3
16:59:31|Onda Geox jingle 06|\\support02\Users\Public\ZettaFolder\Media\2\2196~Onda Geox jingle 06.mp3
16:59:35|Jump To My Love|\\support02\Users\Public\ZettaFolder\Media\2\2021~Jump To My Love.mp3
17:03:34|Onda Geox jingle 07|\\support02\Users\Public\ZettaFolder\Media\2\2197~Onda Geox jingle 07.mp3
17:03:37|I Still haven't Found What I am Looking For|\\support02\Users\Public\ZettaFolder\Media\1\1896~I Still Haven't Found What I'm Looki.mp3
17:00:00|AmphiBiox sogg.2|\\support02\Users\Public\ZettaFolder\Media\2\2186~AmphiBiox sogg.2.mp3
17:00:33|Onda Geox jingle 03|\\support02\Users\Public\ZettaFolder\Media\2\2193~Onda Geox jingle 03.mp3
17:00:43|My Friend|\\support02\Users\Public\ZettaFolder\Media\2\2048~My Friend.mp3
17:04:58|Onda Geox jingle 07|\\support02\Users\Public\ZettaFolder\Media\2\2197~Onda Geox jingle 07.mp3
17:05:01|All The Way|\\support02\Users\Public\ZettaFolder\Media\1\1639~All The Way.mp3
17:08:24|Onda Geox jingle 06|\\support02\Users\Public\ZettaFolder\Media\2\2196~Onda Geox jingle 06.mp3
17:08:28|Cosmic Girl|\\support02\Users\Public\ZettaFolder\Media\1\1997~Cosmic Girl.mp3
17:12:24|Onda Geox jingle 07|\\support02\Users\Public\ZettaFolder\Media\2\2197~Onda Geox jingle 07.mp3
17:12:27|Flashback|\\support02\Users\Public\ZettaFolder\Media\1\1882~Flashback.mp3
17:16:02|Benefeet sogg.1|\\support02\Users\Public\ZettaFolder\Media\2\2189~Benefeet sogg.1.mp3
17:16:41|Onda Geox jingle 04|\\support02\Users\Public\ZettaFolder\Media\2\2194~Onda Geox jingle 04.mp3
17:16:51|Superwoman|\\support02\Users\Public\ZettaFolder\Media\0\212~02 Superwoman.mp3
17:21:15|Onda Geox jingle 07|\\support02\Users\Public\ZettaFolder\Media\2\2197~Onda Geox jingle 07.mp3
17:21:18|The Bottle|\\support02\Users\Public\ZettaFolder\Media\2\2111~The Bottle.mp3
17:25:22|Onda Geox jingle 06|\\support02\Users\Public\ZettaFolder\Media\2\2196~Onda Geox jingle 06.mp3
17:25:26|Lose Yourself|\\support02\Users\Public\ZettaFolder\Media\0\221~04 Lose Yourself.mp3
17:29:42|Onda Geox jingle 07|\\support02\Users\Public\ZettaFolder\Media\2\2197~Onda Geox jingle 07.mp3
17:29:45|One Sweet Day|\\support02\Users\Public\ZettaFolder\Media\0\273~14 One Sweet Day.mp3
17:34:22|AmphiBiox sogg.4|\\support02\Users\Public\ZettaFolder\Media\2\2188~AmphiBiox sogg.4.mp3
17:35:01|Onda Geox jingle 02|\\support02\Users\Public\ZettaFolder\Media\2\2192~Onda Geox jingle 02.mp3
17:35:11|One Fine Day|\\support02\Users\Public\ZettaFolder\Media\2\2057~One Fine Day.mp3
17:39:56|Onda Geox jingle 07|\\support02\Users\Public\ZettaFolder\Media\2\2197~Onda Geox jingle 07.mp3
17:39:59|Candy Rain|\\support02\Users\Public\ZettaFolder\Media\0\264~13 Candy Rain.mp3
17:43:21|Onda Geox jingle 06|\\support02\Users\Public\ZettaFolder\Media\2\2196~Onda Geox jingle 06.mp3
17:43:26|Kiss|\\support02\Users\Public\ZettaFolder\Media\2\2025~Kiss.mp3
17:47:03|Onda Geox jingle 07|\\support02\Users\Public\ZettaFolder\Media\2\2197~Onda Geox jingle 07.mp3
17:47:06|Ain't Nobody|\\support02\Users\Public\ZettaFolder\Media\1\1578~Ain't Nobody.mp3
17:51:27|Benefeet sogg.2|\\support02\Users\Public\ZettaFolder\Media\2\2190~Benefeet sogg.2.mp3
17:52:01|Onda Geox jingle 05|\\support02\Users\Public\ZettaFolder\Media\2\2195~Onda Geox jingle 05.mp3
17:52:11|Heaven Sent You [Album Version]|\\support02\Users\Public\ZettaFolder\Media\0\218~04 Heaven Sent You [Album Version].mp3
17:58:00|Onda Geox jingle 07|\\support02\Users\Public\ZettaFolder\Media\2\2197~Onda Geox jingle 07.mp3
17:58:03|Everything|\\support02\Users\Public\ZettaFolder\Media\1\1879~Everything.mp3
18:02:02|Onda Geox jingle 06|\\support02\Users\Public\ZettaFolder\Media\2\2196~Onda Geox jingle 06.mp3
18:02:06|If You Had My Love|\\support02\Users\Public\ZettaFolder\Media\2\2012~If You Had My Love.mp3
18:05:46|Onda Geox jingle 07|\\support02\Users\Public\ZettaFolder\Media\2\2197~Onda Geox jingle 07.mp3
18:05:49|It's Not Right But It's Okay|\\support02\Users\Public\ZettaFolder\Media\2\2139~It's Not Right But It's Okay_1.mp3
18:00:00|AmphiBiox sogg.3|\\support02\Users\Public\ZettaFolder\Media\2\2187~AmphiBiox sogg.3.mp3
18:00:37|Onda Geox jingle 01|\\support02\Users\Public\ZettaFolder\Media\2\2191~Onda Geox jingle 01.mp3
18:00:48|Say You Love Me|\\support02\Users\Public\ZettaFolder\Media\2\2078~Say You Love Me.mp3
18:04:24|Onda Geox jingle 07|\\support02\Users\Public\ZettaFolder\Media\2\2197~Onda Geox jingle 07.mp3
18:04:27|Summer Sun|\\support02\Users\Public\ZettaFolder\Media\2\2100~Summer Sun.mp3
18:08:10|Onda Geox jingle 06|\\support02\Users\Public\ZettaFolder\Media\2\2196~Onda Geox jingle 06.mp3
18:08:15|Alright|\\support02\Users\Public\ZettaFolder\Media\1\1775~Alright.mp3
18:12:47|Onda Geox jingle 07|\\support02\Users\Public\ZettaFolder\Media\2\2197~Onda Geox jingle 07.mp3
18:12:50|Angel (New Version)|\\support02\Users\Public\ZettaFolder\Media\1\1781~Angel (New Version).mp3
18:17:32|Benefeet sogg.1|\\support02\Users\Public\ZettaFolder\Media\2\2189~Benefeet sogg.1.mp3
18:18:10|Onda Geox jingle 03|\\support02\Users\Public\ZettaFolder\Media\2\2193~Onda Geox jingle 03.mp3
18:18:21|Anything For You|\\support02\Users\Public\ZettaFolder\Media\1\1782~Anything For You.mp3
18:21:45|Onda Geox jingle 07|\\support02\Users\Public\ZettaFolder\Media\2\2197~Onda Geox jingle 07.mp3
18:21:48|Broken|\\support02\Users\Public\ZettaFolder\Media\0\233~06 Broken.mp3
18:25:05|Onda Geox jingle 06|\\support02\Users\Public\ZettaFolder\Media\2\2196~Onda Geox jingle 06.mp3
18:25:10|Heartbreaker|\\support02\Users\Public\ZettaFolder\Media\2\2006~Heartbreaker.mp3
18:29:13|Onda Geox jingle 07|\\support02\Users\Public\ZettaFolder\Media\2\2197~Onda Geox jingle 07.mp3
18:29:16|Unfinished Simpathy|\\support02\Users\Public\ZettaFolder\Media\2\2122~Unfinished Simpathy.mp3
18:34:16|AmphiBiox sogg.1|\\support02\Users\Public\ZettaFolder\Media\2\2185~AmphiBiox sogg.1.mp3
18:34:52|Onda Geox jingle 04|\\support02\Users\Public\ZettaFolder\Media\2\2194~Onda Geox jingle 04.mp3
18:35:02|Sweet Love|\\support02\Users\Public\ZettaFolder\Media\2\2107~Sweet Love.mp3
18:39:10|Onda Geox jingle 07|\\support02\Users\Public\ZettaFolder\Media\2\2197~Onda Geox jingle 07.mp3
18:39:13|I SAY A LITTLE PRAYER|\\support02\Users\Public\ZettaFolder\Media\2\2217~AudioCD#ca0e1910-08.mp3
18:42:38|Onda Geox jingle 06|\\support02\Users\Public\ZettaFolder\Media\2\2196~Onda Geox jingle 06.mp3
18:42:43|Summer Jam|\\support02\Users\Public\ZettaFolder\Media\2\2228~AudioCD#10103813-19.mp3
18:46:10|Onda Geox jingle 07|\\support02\Users\Public\ZettaFolder\Media\2\2197~Onda Geox jingle 07.mp3
18:46:13|Nightshift|\\support02\Users\Public\ZettaFolder\Media\0\235~06 Nightshift.mp3
18:50:26|Benefeet sogg.2|\\support02\Users\Public\ZettaFolder\Media\2\2190~Benefeet sogg.2.mp3
18:51:00|Onda Geox jingle 02|\\support02\Users\Public\ZettaFolder\Media\2\2192~Onda Geox jingle 02.mp3
18:51:10|He Is|\\support02\Users\Public\ZettaFolder\Media\0\266~13 He Is.mp3
18:55:26|Onda Geox jingle 07|\\support02\Users\Public\ZettaFolder\Media\2\2197~Onda Geox jingle 07.mp3
18:55:29|Another Sad Love Song|\\support02\Users\Public\ZettaFolder\Media\0\261~12 Another Sad Love Song.mp3
18:59:32|Onda Geox jingle 06|\\support02\Users\Public\ZettaFolder\Media\2\2196~Onda Geox jingle 06.mp3
18:59:36|Home Alone|\\support02\Users\Public\ZettaFolder\Media\1\1893~Home Alone.mp3
19:03:38|Onda Geox jingle 07|\\support02\Users\Public\ZettaFolder\Media\2\2197~Onda Geox jingle 07.mp3
19:03:41|Could I Have This Kiss Forever|\\support02\Users\Public\ZettaFolder\Media\2\2181~Whitney Houston [+] Enrique Iglesias - Could I have this kiss forever.mp3
19:00:00|AmphiBiox sogg.2|\\support02\Users\Public\ZettaFolder\Media\2\2186~AmphiBiox sogg.2.mp3
19:00:33|Onda Geox jingle 05|\\support02\Users\Public\ZettaFolder\Media\2\2195~Onda Geox jingle 05.mp3
19:00:43|Empire State Of Mind (Part II)|\\support02\Users\Public\ZettaFolder\Media\2\2154~Alicia Keys - Empire State Of Mind (Part II).mp3
19:04:11|Onda Geox jingle 07|\\support02\Users\Public\ZettaFolder\Media\2\2197~Onda Geox jingle 07.mp3
19:04:14|Never As Good As The First Time|\\support02\Users\Public\ZettaFolder\Media\2\2050~Never As Good As The First Time.mp3
19:08:03|Onda Geox jingle 06|\\support02\Users\Public\ZettaFolder\Media\2\2196~Onda Geox jingle 06.mp3
19:08:08|Mo money mo problems|\\support02\Users\Public\ZettaFolder\Media\2\2216~AudioCD#2410f913-13.mp3
19:12:08|Onda Geox jingle 07|\\support02\Users\Public\ZettaFolder\Media\2\2197~Onda Geox jingle 07.mp3
19:12:12|Harvest For The World|\\support02\Users\Public\ZettaFolder\Media\1\1890~Harvest For The World.mp3
19:16:03|Benefeet sogg.1|\\support02\Users\Public\ZettaFolder\Media\2\2189~Benefeet sogg.1.mp3
19:16:42|Onda Geox jingle 01|\\support02\Users\Public\ZettaFolder\Media\2\2191~Onda Geox jingle 01.mp3
19:16:52|A Broken Heart Can Mend|\\support02\Users\Public\ZettaFolder\Media\1\1573~A Broken Heart Can Mend.mp3
19:20:20|Onda Geox jingle 07|\\support02\Users\Public\ZettaFolder\Media\2\2197~Onda Geox jingle 07.mp3
19:20:23|Just Cruisin'|\\support02\Users\Public\ZettaFolder\Media\2\2213~AudioCD#e3109012-08.mp3
19:24:16|Onda Geox jingle 06|\\support02\Users\Public\ZettaFolder\Media\2\2196~Onda Geox jingle 06.mp3
19:24:21|I Love Your Smile|\\support02\Users\Public\ZettaFolder\Media\2\2144~Shanice - I love your smile.mp3
19:28:35|Onda Geox jingle 07|\\support02\Users\Public\ZettaFolder\Media\2\2197~Onda Geox jingle 07.mp3
19:28:38|O Divina|\\support02\Users\Public\ZettaFolder\Media\2\2226~AudioCD#f60f4412-11.mp3
19:32:26|AmphiBiox sogg.4|\\support02\Users\Public\ZettaFolder\Media\2\2188~AmphiBiox sogg.4.mp3
19:33:05|Onda Geox jingle 03|\\support02\Users\Public\ZettaFolder\Media\2\2193~Onda Geox jingle 03.mp3
19:33:15|Again|\\support02\Users\Public\ZettaFolder\Media\0\225~05 Again.mp3
19:36:59|Onda Geox jingle 07|\\support02\Users\Public\ZettaFolder\Media\2\2197~Onda Geox jingle 07.mp3
19:37:02|We just wanna party with you|\\support02\Users\Public\ZettaFolder\Media\2\2211~AudioCD#cd0ed110-12.mp3
19:40:57|Onda Geox jingle 06|\\support02\Users\Public\ZettaFolder\Media\2\2196~Onda Geox jingle 06.mp3
19:41:01|You Give Me Something|\\support02\Users\Public\ZettaFolder\Media\2\2134~You Give Me Something.mp3
19:43:58|Onda Geox jingle 07|\\support02\Users\Public\ZettaFolder\Media\2\2197~Onda Geox jingle 07.mp3
19:44:01|Moondance|\\support02\Users\Public\ZettaFolder\Media\2\2044~Moondance.mp3
19:48:08|Benefeet sogg.2|\\support02\Users\Public\ZettaFolder\Media\2\2190~Benefeet sogg.2.mp3
19:48:42|Onda Geox jingle 04|\\support02\Users\Public\ZettaFolder\Media\2\2194~Onda Geox jingle 04.mp3
19:48:52|Against All Odds|\\support02\Users\Public\ZettaFolder\Media\1\1577~Against All Odds.mp3
19:52:05|Onda Geox jingle 07|\\support02\Users\Public\ZettaFolder\Media\2\2197~Onda Geox jingle 07.mp3
19:52:08|Spiritual Love|\\support02\Users\Public\ZettaFolder\Media\2\2095~Spiritual Love.mp3
19:54:52|Onda Geox jingle 06|\\support02\Users\Public\ZettaFolder\Media\2\2196~Onda Geox jingle 06.mp3
19:54:56|LET'S DANCE|\\support02\Users\Public\ZettaFolder\Media\2\2223~AudioCD#08108b13-05.mp3
19:58:29|Onda Geox jingle 07|\\support02\Users\Public\ZettaFolder\Media\2\2197~Onda Geox jingle 07.mp3
19:58:32|You Gotta Be|\\support02\Users\Public\ZettaFolder\Media\1\1982~05 You Gotta Be.mp3
20:00:00|AmphiBiox sogg.3|\\support02\Users\Public\ZettaFolder\Media\2\2187~AmphiBiox sogg.3.mp3
20:00:37|Onda Geox jingle 02|\\support02\Users\Public\ZettaFolder\Media\2\2192~Onda Geox jingle 02.mp3
20:00:48|Anything|\\support02\Users\Public\ZettaFolder\Media\2\2149~3T - Anything.mp3
20:05:22|Onda Geox jingle 07|\\support02\Users\Public\ZettaFolder\Media\2\2197~Onda Geox jingle 07.mp3
20:05:25|Jump To It|\\support02\Users\Public\ZettaFolder\Media\2\2020~Jump To It.mp3
20:09:28|Onda Geox jingle 06|\\support02\Users\Public\ZettaFolder\Media\2\2196~Onda Geox jingle 06.mp3
20:09:33|Love Can Move Mountains|\\support02\Users\Public\ZettaFolder\Media\0\279~15 Love Can Move Mountains.mp3
20:13:25|Onda Geox jingle 07|\\support02\Users\Public\ZettaFolder\Media\2\2197~Onda Geox jingle 07.mp3
20:13:28|Right Here|\\support02\Users\Public\ZettaFolder\Media\0\256~10 Right Here.mp3
20:17:06|Benefeet sogg.1|\\support02\Users\Public\ZettaFolder\Media\2\2189~Benefeet sogg.1.mp3
20:17:44|Onda Geox jingle 05|\\support02\Users\Public\ZettaFolder\Media\2\2195~Onda Geox jingle 05.mp3
20:17:55|If You Don't Know Me By Now|\\support02\Users\Public\ZettaFolder\Media\1\1903~If You Don't Know Me By Now.mp3
20:21:12|Onda Geox jingle 07|\\support02\Users\Public\ZettaFolder\Media\2\2197~Onda Geox jingle 07.mp3
20:21:15|Love Ballad|\\support02\Users\Public\ZettaFolder\Media\2\2033~Love Ballad.mp3
20:25:23|Onda Geox jingle 06|\\support02\Users\Public\ZettaFolder\Media\2\2196~Onda Geox jingle 06.mp3
20:25:27|Hidden Agenda|\\support02\Users\Public\ZettaFolder\Media\2\2007~Hidden Agenda.mp3
20:28:53|Onda Geox jingle 07|\\support02\Users\Public\ZettaFolder\Media\2\2197~Onda Geox jingle 07.mp3
20:28:56|Friends|\\support02\Users\Public\ZettaFolder\Media\1\1885~Friends.mp3
20:32:44|AmphiBiox sogg.1|\\support02\Users\Public\ZettaFolder\Media\2\2185~AmphiBiox sogg.1.mp3
20:33:20|Onda Geox jingle 01|\\support02\Users\Public\ZettaFolder\Media\2\2191~Onda Geox jingle 01.mp3
20:33:31|Foolish|\\support02\Users\Public\ZettaFolder\Media\2\2156~Ashanti - Foolish.mp3
20:36:53|Onda Geox jingle 07|\\support02\Users\Public\ZettaFolder\Media\2\2197~Onda Geox jingle 07.mp3
20:36:56|Circle Of One|\\support02\Users\Public\ZettaFolder\Media\1\1862~Circle Of One.mp3
20:40:37|Onda Geox jingle 06|\\support02\Users\Public\ZettaFolder\Media\2\2196~Onda Geox jingle 06.mp3
20:40:41|AM to PM|\\support02\Users\Public\ZettaFolder\Media\2\2158~Christina Milian - AM to PM.mp3
20:44:14|Onda Geox jingle 07|\\support02\Users\Public\ZettaFolder\Media\2\2197~Onda Geox jingle 07.mp3
20:44:17|We Don't Need Another Hero|\\support02\Users\Public\ZettaFolder\Media\0\213~02 Tina Turner _ We Don't Need Anoth.mp3
20:48:17|Benefeet sogg.2|\\support02\Users\Public\ZettaFolder\Media\2\2190~Benefeet sogg.2.mp3
20:48:51|Onda Geox jingle 03|\\support02\Users\Public\ZettaFolder\Media\2\2193~Onda Geox jingle 03.mp3
20:49:02|Sweet Baby|\\support02\Users\Public\ZettaFolder\Media\2\2106~Sweet Baby.mp3
20:52:39|Onda Geox jingle 07|\\support02\Users\Public\ZettaFolder\Media\2\2197~Onda Geox jingle 07.mp3
20:52:42|Rock Wit' Cha|\\support02\Users\Public\ZettaFolder\Media\0\217~04 Bobby Brown _ Rock Wit' Cha.mp3
20:56:52|Onda Geox jingle 06|\\support02\Users\Public\ZettaFolder\Media\2\2196~Onda Geox jingle 06.mp3
20:56:56|Come Away With Me|\\support02\Users\Public\ZettaFolder\Media\1\1865~Come Away With Me.mp3
21:01:07|Onda Geox jingle 07|\\support02\Users\Public\ZettaFolder\Media\2\2197~Onda Geox jingle 07.mp3
21:01:10|High|\\support02\Users\Public\ZettaFolder\Media\2\2008~High.mp3
22:00:00|AmphiBiox sogg.2|\\support02\Users\Public\ZettaFolder\Media\2\2186~AmphiBiox sogg.2.mp3
22:00:33|Onda Geox jingle 04|\\support02\Users\Public\ZettaFolder\Media\2\2194~Onda Geox jingle 04.mp3
22:00:43|Just Because|\\support02\Users\Public\ZettaFolder\Media\2\2022~Just Because.mp3
22:05:36|Onda Geox jingle 07|\\support02\Users\Public\ZettaFolder\Media\2\2197~Onda Geox jingle 07.mp3
22:05:39|You Remind Me|\\support02\Users\Public\ZettaFolder\Media\2\2135~You Remind Me.mp3
22:09:42|Onda Geox jingle 06|\\support02\Users\Public\ZettaFolder\Media\2\2196~Onda Geox jingle 06.mp3
22:09:47|The Way You make Me Feel|\\support02\Users\Public\ZettaFolder\Media\1\1980~03 The Way You Make Me Feel.mp3
22:14:01|Onda Geox jingle 07|\\support02\Users\Public\ZettaFolder\Media\2\2197~Onda Geox jingle 07.mp3
22:14:04|Honey|\\support02\Users\Public\ZettaFolder\Media\2\2208~AudioCD#d50f6511-14.mp3
22:19:23|Benefeet sogg.1|\\support02\Users\Public\ZettaFolder\Media\2\2189~Benefeet sogg.1.mp3
22:20:02|Onda Geox jingle 02|\\support02\Users\Public\ZettaFolder\Media\2\2192~Onda Geox jingle 02.mp3
22:20:13|Float On|\\support02\Users\Public\ZettaFolder\Media\1\1883~Float On.mp3
22:24:16|Onda Geox jingle 07|\\support02\Users\Public\ZettaFolder\Media\2\2197~Onda Geox jingle 07.mp3
22:24:19|My One Temptation|\\support02\Users\Public\ZettaFolder\Media\2\2049~My One Temptation.mp3
22:27:34|Onda Geox jingle 06|\\support02\Users\Public\ZettaFolder\Media\2\2196~Onda Geox jingle 06.mp3
22:27:38|Love Foolosophy|\\support02\Users\Public\ZettaFolder\Media\2\2034~Love Foolosophy.mp3
22:31:21|Onda Geox jingle 07|\\support02\Users\Public\ZettaFolder\Media\2\2197~Onda Geox jingle 07.mp3
22:31:24|That's The Way Love Goes|\\support02\Users\Public\ZettaFolder\Media\0\237~06 That's The Way Love Goes.mp3
22:35:18|AmphiBiox sogg.4|\\support02\Users\Public\ZettaFolder\Media\2\2188~AmphiBiox sogg.4.mp3
22:35:56|Onda Geox jingle 05|\\support02\Users\Public\ZettaFolder\Media\2\2195~Onda Geox jingle 05.mp3
22:36:07|A Whole New World|\\support02\Users\Public\ZettaFolder\Media\1\1576~A Whole New World.mp3
22:40:04|Onda Geox jingle 07|\\support02\Users\Public\ZettaFolder\Media\2\2197~Onda Geox jingle 07.mp3
22:40:07|So Sick|\\support02\Users\Public\ZettaFolder\Media\2\2090~So Sick.mp3
22:43:32|Onda Geox jingle 06|\\support02\Users\Public\ZettaFolder\Media\2\2196~Onda Geox jingle 06.mp3
22:43:36|I'm Every Woman|C:\Geox\MediaImport\ok\I'm Every Woman.mp3
22:48:19|Onda Geox jingle 07|\\support02\Users\Public\ZettaFolder\Media\2\2197~Onda Geox jingle 07.mp3
22:48:22|Sway|\\support02\Users\Public\ZettaFolder\Media\2\2105~Sway.mp3
22:51:27|Benefeet sogg.2|\\support02\Users\Public\ZettaFolder\Media\2\2190~Benefeet sogg.2.mp3
22:52:01|Onda Geox jingle 01|\\support02\Users\Public\ZettaFolder\Media\2\2191~Onda Geox jingle 01.mp3
22:52:11|On Bended Knee|\\support02\Users\Public\ZettaFolder\Media\0\250~09 On Bended Knee.mp3
22:56:24|Onda Geox jingle 07|\\support02\Users\Public\ZettaFolder\Media\2\2197~Onda Geox jingle 07.mp3
22:56:27|Open your eyes|\\support02\Users\Public\ZettaFolder\Media\2\2151~Alice [+] Skye - Open your eyes.mp3
23:00:18|Onda Geox jingle 06|\\support02\Users\Public\ZettaFolder\Media\2\2196~Onda Geox jingle 06.mp3
23:00:22|Survivor|\\support02\Users\Public\ZettaFolder\Media\2\2104~Survivor.mp3
23:04:20|Onda Geox jingle 07|\\support02\Users\Public\ZettaFolder\Media\2\2197~Onda Geox jingle 07.mp3
23:04:24|A Dreams A Dream|\\support02\Users\Public\ZettaFolder\Media\1\1574~A Dreams A Dream.mp3
23:00:00|AmphiBiox sogg.3|\\support02\Users\Public\ZettaFolder\Media\2\2187~AmphiBiox sogg.3.mp3
23:00:37|Onda Geox jingle 03|\\support02\Users\Public\ZettaFolder\Media\2\2193~Onda Geox jingle 03.mp3
23:00:48|Holding Back The Years|\\support02\Users\Public\ZettaFolder\Media\0\219~04 Holding Back The Years.mp3
23:04:52|Onda Geox jingle 07|\\support02\Users\Public\ZettaFolder\Media\2\2197~Onda Geox jingle 07.mp3
23:04:55|You Remind Me Of Something|\\support02\Users\Public\ZettaFolder\Media\1\1983~05 You Remind Me Of Something.mp3
23:08:41|Onda Geox jingle 06|\\support02\Users\Public\ZettaFolder\Media\2\2196~Onda Geox jingle 06.mp3
23:08:46|The Best Things In Life Are Free|\\support02\Users\Public\ZettaFolder\Media\2\2110~The Best Things In Life Are Free.mp3
23:12:43|Onda Geox jingle 07|\\support02\Users\Public\ZettaFolder\Media\2\2197~Onda Geox jingle 07.mp3
23:12:46|Natural Blues|\\support02\Users\Public\ZettaFolder\Media\2\2173~Moby - Natural Blues.mp3
23:15:44|Benefeet sogg.1|\\support02\Users\Public\ZettaFolder\Media\2\2189~Benefeet sogg.1.mp3
23:16:23|Onda Geox jingle 04|\\support02\Users\Public\ZettaFolder\Media\2\2194~Onda Geox jingle 04.mp3
23:16:33|Even After All|\\support02\Users\Public\ZettaFolder\Media\2\2148~Finley Quaye - Even after all.mp3
23:20:15|Onda Geox jingle 07|\\support02\Users\Public\ZettaFolder\Media\2\2197~Onda Geox jingle 07.mp3
23:20:18|I'm Ready|\\support02\Users\Public\ZettaFolder\Media\0\278~15 I'm Ready.mp3
23:24:51|Onda Geox jingle 06|\\support02\Users\Public\ZettaFolder\Media\2\2196~Onda Geox jingle 06.mp3
23:24:56|I Would Die 4 U|\\support02\Users\Public\ZettaFolder\Media\1\1897~I Would Die 4 U.mp3
23:27:44|Onda Geox jingle 07|\\support02\Users\Public\ZettaFolder\Media\2\2197~Onda Geox jingle 07.mp3
23:27:47|Dreams|\\support02\Users\Public\ZettaFolder\Media\2\2000~Dreams.mp3
23:31:18|AmphiBiox sogg.1|\\support02\Users\Public\ZettaFolder\Media\2\2185~AmphiBiox sogg.1.mp3
23:31:55|Onda Geox jingle 02|\\support02\Users\Public\ZettaFolder\Media\2\2192~Onda Geox jingle 02.mp3
23:32:06|Sunshine|\\support02\Users\Public\ZettaFolder\Media\2\2102~Sunshine.mp3
23:36:04|Onda Geox jingle 07|\\support02\Users\Public\ZettaFolder\Media\2\2197~Onda Geox jingle 07.mp3
23:36:07|Sensitivity|\\support02\Users\Public\ZettaFolder\Media\2\2080~Sensitivity.mp3
23:40:43|Onda Geox jingle 06|\\support02\Users\Public\ZettaFolder\Media\2\2196~Onda Geox jingle 06.mp3
23:40:47|Love don't cost a thing (Remix)|\\support02\Users\Public\ZettaFolder\Media\2\2231~AudioCD#0f0fdf13-03.mp3
23:44:45|Onda Geox jingle 07|\\support02\Users\Public\ZettaFolder\Media\2\2197~Onda Geox jingle 07.mp3
23:44:48|No One|\\support02\Users\Public\ZettaFolder\Media\0\222~04 No One.mp3
23:48:55|Benefeet sogg.2|\\support02\Users\Public\ZettaFolder\Media\2\2190~Benefeet sogg.2.mp3
23:49:29|Onda Geox jingle 05|\\support02\Users\Public\ZettaFolder\Media\2\2195~Onda Geox jingle 05.mp3
23:49:39|Without You|\\support02\Users\Public\ZettaFolder\Media\0\283~17 Without You.mp3
23:53:00|Onda Geox jingle 07|\\support02\Users\Public\ZettaFolder\Media\2\2197~Onda Geox jingle 07.mp3
23:53:03|I Swear|\\support02\Users\Public\ZettaFolder\Media\0\220~04 I Swear.mp3
23:57:16|Onda Geox jingle 06|\\support02\Users\Public\ZettaFolder\Media\2\2196~Onda Geox jingle 06.mp3
23:57:20|What About Us|\\support02\Users\Public\ZettaFolder\Media\0\274~14 What About US.mp3
00:01:14|Onda Geox jingle 07|\\support02\Users\Public\ZettaFolder\Media\2\2197~Onda Geox jingle 07.mp3
00:01:17|Sweet Freedom|\\support02\Users\Public\ZettaFolder\Media\0\229~05 Sweet Freedom.mp3
