2012-01-08 23:07:52.6179|DEBUG|OpenStation.MainForm.Form_Load|************************Starting OpenPlayout ************************
2012-01-08 23:07:52.6709|DEBUG|OpenStation.MainForm.Form_Load|Initializing BASS
2012-01-08 23:07:52.7769|DEBUG|OpenStation.MainForm.Form_Load|Bass SetConfig, buffer = 200
2012-01-08 23:07:52.7769|DEBUG|OpenStation.MainForm.Form_Load|Bass SetConfig, updateperiod = 20
2012-01-08 23:07:52.7769|DEBUG|OpenStation.MainForm.Form_Load|Bass StreamCreate: Sample rate 44100, 2 channels, 32bit floating point output
2012-01-08 23:07:52.8029|DEBUG|OpenStation.MainForm.Form_Load|Bass ChannelSetSync (setting a synchronizer): default mixer, Sync on stall, default user instance
2012-01-08 23:07:52.8029|DEBUG|OpenStation.MainForm.Form_Load|timerUpdate started
2012-01-08 23:07:52.8029|DEBUG|OpenStation.MainForm.Form_Load|EditorTimer started
2012-01-08 23:07:52.8029|DEBUG|OpenStation.MainForm.Form_Load|Bass ChannelPlay started, don't restart playback from beginning
2012-01-08 23:07:52.8029|DEBUG|OpenStation.MainForm.Form_Load|Load song library from songs.xml
2012-01-08 23:07:52.8389|DEBUG|OpenStation.MainForm.LoadTodaySchedule|Today Schedule (\Schedules\20120108.log) not found, do nothing
2012-01-08 23:07:52.8499|DEBUG|OpenStation.MainForm.InitializeCrons|Creating trigger for AddNextDaySchedule
2012-01-08 23:07:52.8499|DEBUG|OpenStation.MainForm.InitializeCrons|Created trigger: ComLib.Scheduling.Trigger
2012-01-08 23:07:52.8499|DEBUG|OpenStation.MainForm.InitializeCrons|Task summary: ComLib.Scheduling.TaskSummary
2012-01-08 23:07:52.8499|DEBUG|OpenStation.MainForm.InitializeCrons|Check if scheduler is started: True
2012-01-08 23:07:52.8659|DEBUG|OpenStation.MainForm+<>c__DisplayClass1.<OnMixerStall>b__0|Mixer stalled
2012-01-08 23:07:52.8659|DEBUG|OpenStation.MainForm+<>c__DisplayClass1.<OnMixerStall>b__0|Stopping timerUpdate
2012-01-08 23:07:52.8659|DEBUG|OpenStation.MainForm+<>c__DisplayClass1.<OnMixerStall>b__0|Stopping EditorTimer
2012-01-08 23:07:52.8659|DEBUG|OpenStation.MainForm+<>c__DisplayClass1.<OnMixerStall>b__0|Setting progress Bars to 0
2012-01-08 23:08:08.9858|DEBUG|OpenStation.MainForm.Simple_Closing|Closing Bass
2012-01-08 23:08:08.9988|DEBUG|OpenStation.MainForm.MainForm_FormClosing|Quitting OpenPlayout
2012-01-08 23:08:29.1129|DEBUG|OpenStation.MainForm.Form_Load|************************Starting OpenPlayout ************************
2012-01-08 23:08:29.1369|DEBUG|OpenStation.MainForm.Form_Load|Initializing BASS
2012-01-08 23:08:29.2489|DEBUG|OpenStation.MainForm.Form_Load|Bass SetConfig, buffer = 200
2012-01-08 23:08:29.2489|DEBUG|OpenStation.MainForm.Form_Load|Bass SetConfig, updateperiod = 20
2012-01-08 23:08:29.2489|DEBUG|OpenStation.MainForm.Form_Load|Bass StreamCreate: Sample rate 44100, 2 channels, 32bit floating point output
2012-01-08 23:08:29.2639|DEBUG|OpenStation.MainForm.Form_Load|Bass ChannelSetSync (setting a synchronizer): default mixer, Sync on stall, default user instance
2012-01-08 23:08:29.2639|DEBUG|OpenStation.MainForm.Form_Load|timerUpdate started
2012-01-08 23:08:29.2639|DEBUG|OpenStation.MainForm.Form_Load|EditorTimer started
2012-01-08 23:08:29.2639|DEBUG|OpenStation.MainForm.Form_Load|Bass ChannelPlay started, don't restart playback from beginning
2012-01-08 23:08:29.2749|DEBUG|OpenStation.MainForm.Form_Load|Load song library from songs.xml
2012-01-08 23:08:29.2999|DEBUG|OpenStation.MainForm.LoadTodaySchedule|Today Schedule (\Schedules\20120108.log) not found, do nothing
2012-01-08 23:08:29.3110|DEBUG|OpenStation.MainForm.InitializeCrons|Creating trigger for AddNextDaySchedule
2012-01-08 23:08:29.3110|DEBUG|OpenStation.MainForm.InitializeCrons|Created trigger: ComLib.Scheduling.Trigger
2012-01-08 23:08:29.3110|DEBUG|OpenStation.MainForm.InitializeCrons|Task summary: ComLib.Scheduling.TaskSummary
2012-01-08 23:08:29.3110|DEBUG|OpenStation.MainForm.InitializeCrons|Check if scheduler is started: True
2012-01-08 23:08:29.3240|DEBUG|OpenStation.MainForm+<>c__DisplayClass1.<OnMixerStall>b__0|Mixer stalled
2012-01-08 23:08:29.3240|DEBUG|OpenStation.MainForm+<>c__DisplayClass1.<OnMixerStall>b__0|Stopping timerUpdate
2012-01-08 23:08:29.3240|DEBUG|OpenStation.MainForm+<>c__DisplayClass1.<OnMixerStall>b__0|Stopping EditorTimer
2012-01-08 23:08:29.3240|DEBUG|OpenStation.MainForm+<>c__DisplayClass1.<OnMixerStall>b__0|Setting progress Bars to 0
