2012-01-09 00:29:58.6376|DEBUG|OpenStation.MainForm.Form_Load|************************Starting OpenPlayout ************************
2012-01-09 00:29:58.6916|DEBUG|OpenStation.MainForm.Form_Load|Initializing BASS
2012-01-09 00:29:58.8876|DEBUG|OpenStation.MainForm.Form_Load|Bass SetConfig, buffer = 200
2012-01-09 00:29:58.8876|DEBUG|OpenStation.MainForm.Form_Load|Bass SetConfig, updateperiod = 20
2012-01-09 00:29:58.8876|DEBUG|OpenStation.MainForm.Form_Load|Bass StreamCreate: Sample rate 44100, 2 channels, 32bit floating point output
2012-01-09 00:29:58.9016|DEBUG|OpenStation.MainForm.Form_Load|Bass ChannelSetSync (setting a synchronizer): default mixer, Sync on stall, default user instance
2012-01-09 00:29:58.9016|DEBUG|OpenStation.MainForm.Form_Load|timerUpdate started
2012-01-09 00:29:58.9016|DEBUG|OpenStation.MainForm.Form_Load|EditorTimer started
2012-01-09 00:29:58.9096|DEBUG|OpenStation.MainForm.Form_Load|Bass ChannelPlay started, don't restart playback from beginning
2012-01-09 00:29:58.9096|DEBUG|OpenStation.MainForm.Form_Load|Load song library from songs.xml
2012-01-09 00:29:58.9366|DEBUG|OpenStation.MainForm.LoadTodaySchedule|Today Schedule (\Schedules\20120109.log) not found, do nothing
2012-01-09 00:29:58.9526|DEBUG|OpenStation.MainForm.InitializeCrons|Creating trigger for AddNextDaySchedule
2012-01-09 00:29:58.9526|DEBUG|OpenStation.MainForm.InitializeCrons|Created trigger: ComLib.Scheduling.Trigger
2012-01-09 00:29:58.9566|DEBUG|OpenStation.MainForm.InitializeCrons|Task summary: ComLib.Scheduling.TaskSummary
2012-01-09 00:29:58.9566|DEBUG|OpenStation.MainForm.InitializeCrons|Check if scheduler is started: True
2012-01-09 00:29:58.9566|DEBUG|OpenStation.MainForm+<>c__DisplayClass1.<OnMixerStall>b__0|Mixer stalled
2012-01-09 00:29:58.9566|DEBUG|OpenStation.MainForm+<>c__DisplayClass1.<OnMixerStall>b__0|Stopping timerUpdate
2012-01-09 00:29:58.9696|DEBUG|OpenStation.MainForm+<>c__DisplayClass1.<OnMixerStall>b__0|Stopping EditorTimer
2012-01-09 00:29:58.9696|DEBUG|OpenStation.MainForm+<>c__DisplayClass1.<OnMixerStall>b__0|Setting progress Bars to 0
2012-01-09 00:30:22.7140|DEBUG|OpenStation.MainForm.Simple_Closing|Closing Bass
2012-01-09 00:30:22.7140|DEBUG|OpenStation.MainForm.MainForm_FormClosing|Quitting OpenPlayout
2012-01-09 00:30:43.0901|DEBUG|OpenStation.MainForm.Form_Load|************************Starting OpenPlayout ************************
2012-01-09 00:30:43.1201|DEBUG|OpenStation.MainForm.Form_Load|Initializing BASS
2012-01-09 00:30:43.2592|DEBUG|OpenStation.MainForm.Form_Load|Bass SetConfig, buffer = 200
2012-01-09 00:30:43.2592|DEBUG|OpenStation.MainForm.Form_Load|Bass SetConfig, updateperiod = 20
2012-01-09 00:30:43.2592|DEBUG|OpenStation.MainForm.Form_Load|Bass StreamCreate: Sample rate 44100, 2 channels, 32bit floating point output
2012-01-09 00:30:43.2592|DEBUG|OpenStation.MainForm.Form_Load|Bass ChannelSetSync (setting a synchronizer): default mixer, Sync on stall, default user instance
2012-01-09 00:30:43.2742|DEBUG|OpenStation.MainForm.Form_Load|timerUpdate started
2012-01-09 00:30:43.2742|DEBUG|OpenStation.MainForm.Form_Load|EditorTimer started
2012-01-09 00:30:43.2742|DEBUG|OpenStation.MainForm.Form_Load|Bass ChannelPlay started, don't restart playback from beginning
2012-01-09 00:30:43.2742|DEBUG|OpenStation.MainForm.Form_Load|Load song library from songs.xml
2012-01-09 00:30:43.3142|DEBUG|OpenStation.MainForm.LoadTodaySchedule|Loading Today Schedule
2012-01-09 00:30:43.3492|DEBUG|OpenStation.MainForm.LoadSchedule|Loading schedule for 09/01/2012 00:00:00 from file \Schedules\20120109.log
2012-01-09 00:30:43.5582|DEBUG|OpenStation.MainForm.LoadSchedule|Schedule for 09/01/2012 00:00:00 loaded successfully
2012-01-09 00:30:43.5582|DEBUG|OpenStation.MainForm.InitializePlayerFromSchedule|Loading next 2 events to play from current schedule at current time
2012-01-09 00:30:43.5582|DEBUG|OpenStation.MainForm.InitializePlayerFromSchedule|Adding ScheduleItem OpenStation.OpenStationDS+ScheduleRow to Player
2012-01-09 00:30:43.5582|DEBUG|OpenStation.MainForm.AddToPlayer|Adding new ScheduleItem to Player internal playlist
2012-01-09 00:30:43.6912|DEBUG|OpenStation.MainForm.AddToPlayer|Locking player internal playlist
2012-01-09 00:30:43.6962|DEBUG|OpenStation.MainForm.AddToPlayer|Adding track Chic - My Forbidden Lover [00:04:36]to player playlist
2012-01-09 00:30:43.6962|DEBUG|OpenStation.MainForm.AddToPlayer|Bass StreamAddChannel: adding the track to the mixer in PAUSED mode, downmix to stereo, auto free the stream resource when ended
2012-01-09 00:30:43.6962|DEBUG|OpenStation.MainForm.AddToPlayer|Detecting start and end of current track
2012-01-09 00:30:43.6962|DEBUG|OpenStation.MainForm.SetTrackCuePoints|Rendering waveform for C:\DATI\SONGS\Nuovo Archivio\Chic - My Forbidden Lover.mp3
2012-01-09 00:30:45.3343|DEBUG|OpenStation.MainForm.SetTrackCuePoints|Synchronizing waveform position with playback channel
2012-01-09 00:30:45.3343|DEBUG|OpenStation.MainForm.SetTrackCuePoints|Bass GetCuePoints on current waveform: calculating Start and Mix point using default Db thresholds: -24.0 on start, -12.0 on end
2012-01-09 00:30:45.3343|DEBUG|OpenStation.MainForm.SetTrackCuePoints|Setting current track channel position to the calculated start position (21168)
2012-01-09 00:30:45.3343|DEBUG|OpenStation.MainForm.SetTrackToPosition|Bass ChannelLock: locking mixer
2012-01-09 00:30:45.3343|DEBUG|OpenStation.MainForm.SetTrackToPosition|Bass Mixer ChannelSetPosition: setting mixer or channel to the given position
2012-01-09 00:30:45.3343|DEBUG|OpenStation.MainForm.SetTrackToPosition|Calculating mixer position from source position
2012-01-09 00:30:45.3343|DEBUG|OpenStation.MainForm.SetTrackToPosition|Bass Mixer ChannelSetEnvelopePos: calculating envelope (it's a part of the playback volume)
2012-01-09 00:30:45.3493|DEBUG|OpenStation.MainForm.SetTrackToPosition|Bass ChannelLock: unlocking mixer
2012-01-09 00:30:45.3493|DEBUG|OpenStation.MainForm.AddToPlayer|Bass Mixer ChannelSetSync: setting a sync on end position of current track, calling TrackSync() method when it happens
2012-01-09 00:30:45.3493|DEBUG|OpenStation.MainForm.InitializePlayerFromSchedule|Adding ScheduleItem OpenStation.OpenStationDS+ScheduleRow to Player
2012-01-09 00:30:45.3493|DEBUG|OpenStation.MainForm.AddToPlayer|Adding new ScheduleItem to Player internal playlist
2012-01-09 00:30:45.4623|DEBUG|OpenStation.MainForm.AddToPlayer|Locking player internal playlist
2012-01-09 00:30:45.4623|DEBUG|OpenStation.MainForm.AddToPlayer|Adding track Chicago - Street Player [00:04:37]to player playlist
2012-01-09 00:30:45.4623|DEBUG|OpenStation.MainForm.AddToPlayer|Bass StreamAddChannel: adding the track to the mixer in PAUSED mode, downmix to stereo, auto free the stream resource when ended
2012-01-09 00:30:45.4623|DEBUG|OpenStation.MainForm.AddToPlayer|Detecting start and end of current track
2012-01-09 00:30:45.4623|DEBUG|OpenStation.MainForm.SetTrackCuePoints|Rendering waveform for C:\DATI\SONGS\Nuovo Archivio\Chicago - Street Player.mp3
2012-01-09 00:30:46.9494|DEBUG|OpenStation.MainForm.SetTrackCuePoints|Synchronizing waveform position with playback channel
2012-01-09 00:30:46.9494|DEBUG|OpenStation.MainForm.SetTrackCuePoints|Bass GetCuePoints on current waveform: calculating Start and Mix point using default Db thresholds: -24.0 on start, -12.0 on end
2012-01-09 00:30:46.9494|DEBUG|OpenStation.MainForm.SetTrackCuePoints|Setting current track channel position to the calculated start position (218736)
2012-01-09 00:30:46.9494|DEBUG|OpenStation.MainForm.SetTrackToPosition|Bass ChannelLock: locking mixer
2012-01-09 00:30:46.9494|DEBUG|OpenStation.MainForm.SetTrackToPosition|Bass Mixer ChannelSetPosition: setting mixer or channel to the given position
2012-01-09 00:30:46.9564|DEBUG|OpenStation.MainForm.SetTrackToPosition|Calculating mixer position from source position
2012-01-09 00:30:46.9564|DEBUG|OpenStation.MainForm.SetTrackToPosition|Bass Mixer ChannelSetEnvelopePos: calculating envelope (it's a part of the playback volume)
2012-01-09 00:30:46.9564|DEBUG|OpenStation.MainForm.SetTrackToPosition|Bass ChannelLock: unlocking mixer
2012-01-09 00:30:46.9564|DEBUG|OpenStation.MainForm.AddToPlayer|Bass Mixer ChannelSetSync: setting a sync on end position of current track, calling TrackSync() method when it happens
2012-01-09 00:30:46.9564|DEBUG|OpenStation.MainForm.InitializePlayerFromSchedule|Start player
2012-01-09 00:30:46.9564|DEBUG|OpenStation.MainForm.StartPlayer|Current track is null
2012-01-09 00:30:46.9564|DEBUG|OpenStation.MainForm.PlayTrack|Locking playlist
2012-01-09 00:30:46.9564|DEBUG|OpenStation.MainForm.PlayTrack|Getting next track to play
2012-01-09 00:30:46.9564|DEBUG|OpenStation.MainForm.PlayTrack|START PLAYING: My Forbidden Lover - Chic
2012-01-09 00:30:46.9564|DEBUG|OpenStation.MainForm.PlayTrack|Updating schedule
2012-01-09 00:30:46.9724|DEBUG|OpenStation.MainForm.UpdateSchedule|Finding ScheduleItem from CurrentTrack.ScheduleID (=17)
2012-01-09 00:30:46.9724|DEBUG|OpenStation.MainForm.UpdateSchedule|Coloring Row CHIC - MY FORBIDDEN LOVER to Green background
2012-01-09 00:30:46.9724|DEBUG|OpenStation.MainForm.UpdateSchedule|Coloring Row CHICAGO - STREET PLAYER to Yellow background
2012-01-09 00:30:46.9724|DEBUG|OpenStation.MainForm.UpdateSchedule|Coloring Row CHRIS BROWN FT. BENNY BENASSI - BEAUTIFUL PEOPLE to Yellow background
2012-01-09 00:30:46.9724|DEBUG|OpenStation.MainForm.UpdateSchedule|Uncoloring Row DataGridViewTextBoxCell { ColumnIndex=1, RowIndex=15 }
2012-01-09 00:30:46.9724|DEBUG|OpenStation.MainForm.AddToPlayer|Adding new ScheduleItem to Player internal playlist
2012-01-09 00:30:47.1424|DEBUG|OpenStation.MainForm.AddToPlayer|Locking player internal playlist
2012-01-09 00:30:47.1434|DEBUG|OpenStation.MainForm.AddToPlayer|Adding track Chris Brown ft. Benny Benassi - Beautiful People [00:03:46]to player playlist
2012-01-09 00:30:47.1434|DEBUG|OpenStation.MainForm.AddToPlayer|Bass StreamAddChannel: adding the track to the mixer in PAUSED mode, downmix to stereo, auto free the stream resource when ended
2012-01-09 00:30:47.1434|DEBUG|OpenStation.MainForm.AddToPlayer|Detecting start and end of current track
2012-01-09 00:30:47.1434|DEBUG|OpenStation.MainForm.SetTrackCuePoints|Rendering waveform for C:\DATI\SONGS\Nuovo Archivio\Chris Brown ft. Benny Benassi - Beautiful People.mp3
2012-01-09 00:30:48.5485|DEBUG|OpenStation.MainForm.SetTrackCuePoints|Synchronizing waveform position with playback channel
2012-01-09 00:30:48.5485|DEBUG|OpenStation.MainForm.SetTrackCuePoints|Bass GetCuePoints on current waveform: calculating Start and Mix point using default Db thresholds: -24.0 on start, -12.0 on end
2012-01-09 00:30:48.5485|DEBUG|OpenStation.MainForm.SetTrackCuePoints|Setting current track channel position to the calculated start position (211680)
2012-01-09 00:30:48.5485|DEBUG|OpenStation.MainForm.SetTrackToPosition|Bass ChannelLock: locking mixer
2012-01-09 00:30:48.5485|DEBUG|OpenStation.MainForm.SetTrackToPosition|Bass Mixer ChannelSetPosition: setting mixer or channel to the given position
2012-01-09 00:30:48.5485|DEBUG|OpenStation.MainForm.SetTrackToPosition|Calculating mixer position from source position
2012-01-09 00:30:48.5485|DEBUG|OpenStation.MainForm.SetTrackToPosition|Bass Mixer ChannelSetEnvelopePos: calculating envelope (it's a part of the playback volume)
2012-01-09 00:30:48.5485|DEBUG|OpenStation.MainForm.SetTrackToPosition|Bass ChannelLock: unlocking mixer
2012-01-09 00:30:48.5485|DEBUG|OpenStation.MainForm.AddToPlayer|Bass Mixer ChannelSetSync: setting a sync on end position of current track, calling TrackSync() method when it happens
2012-01-09 00:30:48.5625|DEBUG|OpenStation.MainForm.PlayTrack|Getting the waveform for current track
2012-01-09 00:30:48.5625|DEBUG|OpenStation.MainForm.GetWaveForm|Unzooming (display the whole wave form)
2012-01-09 00:30:48.5625|DEBUG|OpenStation.MainForm.GetWaveForm|Rendering the wave form for C:\DATI\SONGS\Nuovo Archivio\Chic - My Forbidden Lover.mp3
2012-01-09 00:30:48.6245|DEBUG|OpenStation.MainForm.InitializeCrons|Creating trigger for AddNextDaySchedule
2012-01-09 00:30:48.6255|DEBUG|OpenStation.MainForm.InitializeCrons|Created trigger: ComLib.Scheduling.Trigger
2012-01-09 00:30:48.6255|DEBUG|OpenStation.MainForm.InitializeCrons|Task summary: ComLib.Scheduling.TaskSummary
2012-01-09 00:30:48.6255|DEBUG|OpenStation.MainForm.InitializeCrons|Check if scheduler is started: True
2012-01-09 00:30:48.6255|DEBUG|OpenStation.MainForm+<>c__DisplayClass1.<OnMixerStall>b__0|Mixer stalled
2012-01-09 00:30:48.6255|DEBUG|OpenStation.MainForm+<>c__DisplayClass1.<OnMixerStall>b__0|Stopping timerUpdate
2012-01-09 00:30:48.6405|DEBUG|OpenStation.MainForm+<>c__DisplayClass1.<OnMixerStall>b__0|Stopping EditorTimer
2012-01-09 00:30:48.6405|DEBUG|OpenStation.MainForm+<>c__DisplayClass1.<OnMixerStall>b__0|Setting progress Bars to 0
2012-01-09 00:30:48.6405|DEBUG|OpenStation.MainForm+<>c__DisplayClass1.<OnMixerStall>b__0|Mixer resumed
2012-01-09 00:30:48.6405|DEBUG|OpenStation.MainForm+<>c__DisplayClass1.<OnMixerStall>b__0|Re-starting timerUpdate
2012-01-09 00:30:48.6405|DEBUG|OpenStation.MainForm+<>c__DisplayClass1.<OnMixerStall>b__0|Re-starting EditorTimer
2012-01-09 00:31:12.5988|DEBUG|OpenStation.MainForm.MyWaveFormCallback|Waveform is finished
2012-01-09 00:31:12.5988|DEBUG|OpenStation.MainForm.MyWaveFormCallback|Syncing UI Waveform to currentTrack channel
2012-01-09 00:31:12.5988|DEBUG|OpenStation.MainForm.MyWaveFormCallback|Getting Cue Points on track loaded on UI waveform
2012-01-09 00:31:12.5988|DEBUG|OpenStation.MainForm.MyWaveFormCallback|Setting currentTrack.NextTrackPos to calculated end position
2012-01-09 00:31:12.6028|DEBUG|OpenStation.MainForm.MyWaveFormCallback|Setting a sync with next track on the current track channel, sync on position or on mixtime
2012-01-09 00:31:12.6028|DEBUG|OpenStation.MainForm.MyWaveFormCallback|UI Waveform: adding Next marker at position 95735808
2012-01-09 00:31:12.6028|DEBUG|OpenStation.MainForm.MyWaveFormCallback|UI Waveform: adding Start marker at position 21168
2012-01-09 00:31:12.6028|DEBUG|OpenStation.MainForm.MyWaveFormCallback|Drawing Waveform
2012-01-09 00:31:53.9302|DEBUG|OpenStation.MainForm.Simple_Closing|Closing Bass
2012-01-09 00:31:53.9602|DEBUG|OpenStation.MainForm.MainForm_FormClosing|Quitting OpenPlayout
2012-01-09 00:32:07.8630|DEBUG|OpenStation.MainForm.Form_Load|************************Starting OpenPlayout ************************
2012-01-09 00:32:07.8890|DEBUG|OpenStation.MainForm.Form_Load|Initializing BASS
2012-01-09 00:32:08.0230|DEBUG|OpenStation.MainForm.Form_Load|Bass SetConfig, buffer = 200
2012-01-09 00:32:08.0230|DEBUG|OpenStation.MainForm.Form_Load|Bass SetConfig, updateperiod = 20
2012-01-09 00:32:08.0230|DEBUG|OpenStation.MainForm.Form_Load|Bass StreamCreate: Sample rate 44100, 2 channels, 32bit floating point output
2012-01-09 00:32:08.0370|DEBUG|OpenStation.MainForm.Form_Load|Bass ChannelSetSync (setting a synchronizer): default mixer, Sync on stall, default user instance
2012-01-09 00:32:08.0370|DEBUG|OpenStation.MainForm.Form_Load|timerUpdate started
2012-01-09 00:32:08.0370|DEBUG|OpenStation.MainForm.Form_Load|EditorTimer started
2012-01-09 00:32:08.0370|DEBUG|OpenStation.MainForm.Form_Load|Bass ChannelPlay started, don't restart playback from beginning
2012-01-09 00:32:08.0370|DEBUG|OpenStation.MainForm.Form_Load|Load song library from songs.xml
2012-01-09 00:32:08.0700|DEBUG|OpenStation.MainForm.LoadTodaySchedule|Loading Today Schedule
2012-01-09 00:32:08.1010|DEBUG|OpenStation.MainForm.LoadSchedule|Loading schedule for 09/01/2012 00:00:00 from file \Schedules\20120109.log
2012-01-09 00:32:08.3010|DEBUG|OpenStation.MainForm.LoadSchedule|Schedule for 09/01/2012 00:00:00 loaded successfully
2012-01-09 00:32:08.3010|DEBUG|OpenStation.MainForm.InitializePlayerFromSchedule|Loading next 2 events to play from current schedule at current time
2012-01-09 00:32:08.3010|DEBUG|OpenStation.MainForm.InitializePlayerFromSchedule|Adding ScheduleItem OpenStation.OpenStationDS+ScheduleRow to Player
2012-01-09 00:32:08.3010|DEBUG|OpenStation.MainForm.AddToPlayer|Adding new ScheduleItem to Player internal playlist
2012-01-09 00:32:08.3650|DEBUG|OpenStation.MainForm.AddToPlayer|Locking player internal playlist
2012-01-09 00:32:08.3650|DEBUG|OpenStation.MainForm.AddToPlayer|Adding track Chic - My Forbidden Lover [00:04:36]to player playlist
2012-01-09 00:32:08.3650|DEBUG|OpenStation.MainForm.AddToPlayer|Bass StreamAddChannel: adding the track to the mixer in PAUSED mode, downmix to stereo, auto free the stream resource when ended
2012-01-09 00:32:08.3730|DEBUG|OpenStation.MainForm.AddToPlayer|Detecting start and end of current track
2012-01-09 00:32:08.3730|DEBUG|OpenStation.MainForm.SetTrackCuePoints|Rendering waveform for C:\DATI\SONGS\Nuovo Archivio\Chic - My Forbidden Lover.mp3
2012-01-09 00:32:09.9581|DEBUG|OpenStation.MainForm.SetTrackCuePoints|Synchronizing waveform position with playback channel
2012-01-09 00:32:09.9581|DEBUG|OpenStation.MainForm.SetTrackCuePoints|Bass GetCuePoints on current waveform: calculating Start and Mix point using default Db thresholds: -24.0 on start, -12.0 on end
2012-01-09 00:32:09.9581|DEBUG|OpenStation.MainForm.SetTrackCuePoints|Setting current track channel position to the calculated start position (21168)
2012-01-09 00:32:09.9641|DEBUG|OpenStation.MainForm.SetTrackToPosition|Bass ChannelLock: locking mixer
2012-01-09 00:32:09.9641|DEBUG|OpenStation.MainForm.SetTrackToPosition|Bass Mixer ChannelSetPosition: setting mixer or channel to the given position
2012-01-09 00:32:09.9641|DEBUG|OpenStation.MainForm.SetTrackToPosition|Calculating mixer position from source position
2012-01-09 00:32:09.9641|DEBUG|OpenStation.MainForm.SetTrackToPosition|Bass Mixer ChannelSetEnvelopePos: calculating envelope (it's a part of the playback volume)
2012-01-09 00:32:09.9641|DEBUG|OpenStation.MainForm.SetTrackToPosition|Bass ChannelLock: unlocking mixer
2012-01-09 00:32:09.9641|DEBUG|OpenStation.MainForm.AddToPlayer|Bass Mixer ChannelSetSync: setting a sync on end position of current track, calling TrackSync() method when it happens
2012-01-09 00:32:09.9641|DEBUG|OpenStation.MainForm.InitializePlayerFromSchedule|Adding ScheduleItem OpenStation.OpenStationDS+ScheduleRow to Player
2012-01-09 00:32:09.9641|DEBUG|OpenStation.MainForm.AddToPlayer|Adding new ScheduleItem to Player internal playlist
2012-01-09 00:32:10.0061|DEBUG|OpenStation.MainForm.AddToPlayer|Locking player internal playlist
2012-01-09 00:32:10.0061|DEBUG|OpenStation.MainForm.AddToPlayer|Adding track Chicago - Street Player [00:04:37]to player playlist
2012-01-09 00:32:10.0061|DEBUG|OpenStation.MainForm.AddToPlayer|Bass StreamAddChannel: adding the track to the mixer in PAUSED mode, downmix to stereo, auto free the stream resource when ended
2012-01-09 00:32:10.0061|DEBUG|OpenStation.MainForm.AddToPlayer|Detecting start and end of current track
2012-01-09 00:32:10.0061|DEBUG|OpenStation.MainForm.SetTrackCuePoints|Rendering waveform for C:\DATI\SONGS\Nuovo Archivio\Chicago - Street Player.mp3
2012-01-09 00:32:11.4912|DEBUG|OpenStation.MainForm.SetTrackCuePoints|Synchronizing waveform position with playback channel
2012-01-09 00:32:11.4912|DEBUG|OpenStation.MainForm.SetTrackCuePoints|Bass GetCuePoints on current waveform: calculating Start and Mix point using default Db thresholds: -24.0 on start, -12.0 on end
2012-01-09 00:32:11.4932|DEBUG|OpenStation.MainForm.SetTrackCuePoints|Setting current track channel position to the calculated start position (218736)
2012-01-09 00:32:11.4932|DEBUG|OpenStation.MainForm.SetTrackToPosition|Bass ChannelLock: locking mixer
2012-01-09 00:32:11.4932|DEBUG|OpenStation.MainForm.SetTrackToPosition|Bass Mixer ChannelSetPosition: setting mixer or channel to the given position
2012-01-09 00:32:11.4932|DEBUG|OpenStation.MainForm.SetTrackToPosition|Calculating mixer position from source position
2012-01-09 00:32:11.4932|DEBUG|OpenStation.MainForm.SetTrackToPosition|Bass Mixer ChannelSetEnvelopePos: calculating envelope (it's a part of the playback volume)
2012-01-09 00:32:11.4932|DEBUG|OpenStation.MainForm.SetTrackToPosition|Bass ChannelLock: unlocking mixer
2012-01-09 00:32:11.4932|DEBUG|OpenStation.MainForm.AddToPlayer|Bass Mixer ChannelSetSync: setting a sync on end position of current track, calling TrackSync() method when it happens
2012-01-09 00:32:11.4932|DEBUG|OpenStation.MainForm.InitializePlayerFromSchedule|Start player
2012-01-09 00:32:11.4932|DEBUG|OpenStation.MainForm.StartPlayer|Current track is null
2012-01-09 00:32:11.4932|DEBUG|OpenStation.MainForm.PlayTrack|Locking playlist
2012-01-09 00:32:11.4932|DEBUG|OpenStation.MainForm.PlayTrack|Getting next track to play
2012-01-09 00:32:11.4932|DEBUG|OpenStation.MainForm.PlayTrack|START PLAYING: My Forbidden Lover - Chic
2012-01-09 00:32:11.5082|DEBUG|OpenStation.MainForm.PlayTrack|Updating schedule
2012-01-09 00:32:11.5082|DEBUG|OpenStation.MainForm.UpdateSchedule|Finding ScheduleItem from CurrentTrack.ScheduleID (=17)
2012-01-09 00:32:11.5082|DEBUG|OpenStation.MainForm.UpdateSchedule|Coloring Row CHIC - MY FORBIDDEN LOVER to Green background
2012-01-09 00:32:11.5082|DEBUG|OpenStation.MainForm.UpdateSchedule|Coloring Row CHICAGO - STREET PLAYER to Yellow background
2012-01-09 00:32:11.5082|DEBUG|OpenStation.MainForm.UpdateSchedule|Coloring Row CHRIS BROWN FT. BENNY BENASSI - BEAUTIFUL PEOPLE to Yellow background
2012-01-09 00:32:11.5082|DEBUG|OpenStation.MainForm.UpdateSchedule|Uncoloring Row DataGridViewTextBoxCell { ColumnIndex=1, RowIndex=15 }
2012-01-09 00:32:11.5252|DEBUG|OpenStation.MainForm.AddToPlayer|Adding new ScheduleItem to Player internal playlist
2012-01-09 00:32:11.5572|DEBUG|OpenStation.MainForm.AddToPlayer|Locking player internal playlist
2012-01-09 00:32:11.5572|DEBUG|OpenStation.MainForm.AddToPlayer|Adding track Chris Brown ft. Benny Benassi - Beautiful People [00:03:46]to player playlist
2012-01-09 00:32:11.5572|DEBUG|OpenStation.MainForm.AddToPlayer|Bass StreamAddChannel: adding the track to the mixer in PAUSED mode, downmix to stereo, auto free the stream resource when ended
2012-01-09 00:32:11.6122|DEBUG|OpenStation.MainForm.AddToPlayer|Detecting start and end of current track
2012-01-09 00:32:11.6122|DEBUG|OpenStation.MainForm.SetTrackCuePoints|Rendering waveform for C:\DATI\SONGS\Nuovo Archivio\Chris Brown ft. Benny Benassi - Beautiful People.mp3
2012-01-09 00:32:13.0203|DEBUG|OpenStation.MainForm.SetTrackCuePoints|Synchronizing waveform position with playback channel
2012-01-09 00:32:13.0213|DEBUG|OpenStation.MainForm.SetTrackCuePoints|Bass GetCuePoints on current waveform: calculating Start and Mix point using default Db thresholds: -24.0 on start, -12.0 on end
2012-01-09 00:32:13.0213|DEBUG|OpenStation.MainForm.SetTrackCuePoints|Setting current track channel position to the calculated start position (211680)
2012-01-09 00:32:13.0213|DEBUG|OpenStation.MainForm.SetTrackToPosition|Bass ChannelLock: locking mixer
2012-01-09 00:32:13.0213|DEBUG|OpenStation.MainForm.SetTrackToPosition|Bass Mixer ChannelSetPosition: setting mixer or channel to the given position
2012-01-09 00:32:13.0213|DEBUG|OpenStation.MainForm.SetTrackToPosition|Calculating mixer position from source position
2012-01-09 00:32:13.0213|DEBUG|OpenStation.MainForm.SetTrackToPosition|Bass Mixer ChannelSetEnvelopePos: calculating envelope (it's a part of the playback volume)
2012-01-09 00:32:13.0213|DEBUG|OpenStation.MainForm.SetTrackToPosition|Bass ChannelLock: unlocking mixer
2012-01-09 00:32:13.0213|DEBUG|OpenStation.MainForm.AddToPlayer|Bass Mixer ChannelSetSync: setting a sync on end position of current track, calling TrackSync() method when it happens
2012-01-09 00:32:13.0213|DEBUG|OpenStation.MainForm.PlayTrack|Getting the waveform for current track
2012-01-09 00:32:13.0213|DEBUG|OpenStation.MainForm.GetWaveForm|Unzooming (display the whole wave form)
2012-01-09 00:32:13.0373|DEBUG|OpenStation.MainForm.GetWaveForm|Rendering the wave form for C:\DATI\SONGS\Nuovo Archivio\Chic - My Forbidden Lover.mp3
2012-01-09 00:32:13.0653|DEBUG|OpenStation.MainForm.InitializeCrons|Creating trigger for AddNextDaySchedule
2012-01-09 00:32:13.0653|DEBUG|OpenStation.MainForm.InitializeCrons|Created trigger: ComLib.Scheduling.Trigger
2012-01-09 00:32:13.0713|DEBUG|OpenStation.MainForm.InitializeCrons|Task summary: ComLib.Scheduling.TaskSummary
2012-01-09 00:32:13.0713|DEBUG|OpenStation.MainForm.InitializeCrons|Check if scheduler is started: True
2012-01-09 00:32:13.0713|DEBUG|OpenStation.MainForm+<>c__DisplayClass1.<OnMixerStall>b__0|Mixer stalled
2012-01-09 00:32:13.0713|DEBUG|OpenStation.MainForm+<>c__DisplayClass1.<OnMixerStall>b__0|Stopping timerUpdate
2012-01-09 00:32:13.0713|DEBUG|OpenStation.MainForm+<>c__DisplayClass1.<OnMixerStall>b__0|Stopping EditorTimer
2012-01-09 00:32:13.0713|DEBUG|OpenStation.MainForm+<>c__DisplayClass1.<OnMixerStall>b__0|Setting progress Bars to 0
2012-01-09 00:32:13.0713|DEBUG|OpenStation.MainForm+<>c__DisplayClass1.<OnMixerStall>b__0|Mixer resumed
2012-01-09 00:32:13.0713|DEBUG|OpenStation.MainForm+<>c__DisplayClass1.<OnMixerStall>b__0|Re-starting timerUpdate
2012-01-09 00:32:13.0713|DEBUG|OpenStation.MainForm+<>c__DisplayClass1.<OnMixerStall>b__0|Re-starting EditorTimer
2012-01-09 00:32:14.5234|DEBUG|OpenStation.MainForm.MyWaveFormCallback|Waveform is finished
2012-01-09 00:32:14.5234|DEBUG|OpenStation.MainForm.MyWaveFormCallback|Syncing UI Waveform to currentTrack channel
2012-01-09 00:32:14.5234|DEBUG|OpenStation.MainForm.MyWaveFormCallback|Getting Cue Points on track loaded on UI waveform
2012-01-09 00:32:14.5234|DEBUG|OpenStation.MainForm.MyWaveFormCallback|Setting currentTrack.NextTrackPos to calculated end position
2012-01-09 00:32:14.5234|DEBUG|OpenStation.MainForm.MyWaveFormCallback|Setting a sync with next track on the current track channel, sync on position or on mixtime
2012-01-09 00:32:14.5234|DEBUG|OpenStation.MainForm.MyWaveFormCallback|UI Waveform: adding Next marker at position 95735808
2012-01-09 00:32:14.5234|DEBUG|OpenStation.MainForm.MyWaveFormCallback|UI Waveform: adding Start marker at position 21168
2012-01-09 00:32:14.5234|DEBUG|OpenStation.MainForm.MyWaveFormCallback|Drawing Waveform
2012-01-09 00:32:47.9353|DEBUG|OpenStation.MainForm.Form_Load|************************Starting OpenPlayout ************************
2012-01-09 00:32:47.9533|DEBUG|OpenStation.MainForm.Form_Load|Initializing BASS
2012-01-09 00:32:48.0613|DEBUG|OpenStation.MainForm.Form_Load|Bass SetConfig, buffer = 200
2012-01-09 00:32:48.0613|DEBUG|OpenStation.MainForm.Form_Load|Bass SetConfig, updateperiod = 20
2012-01-09 00:32:48.0613|DEBUG|OpenStation.MainForm.Form_Load|Bass StreamCreate: Sample rate 44100, 2 channels, 32bit floating point output
2012-01-09 00:32:48.0613|DEBUG|OpenStation.MainForm.Form_Load|Bass ChannelSetSync (setting a synchronizer): default mixer, Sync on stall, default user instance
2012-01-09 00:32:48.0753|DEBUG|OpenStation.MainForm.Form_Load|timerUpdate started
2012-01-09 00:32:48.0753|DEBUG|OpenStation.MainForm.Form_Load|EditorTimer started
2012-01-09 00:32:48.0753|DEBUG|OpenStation.MainForm.Form_Load|Bass ChannelPlay started, don't restart playback from beginning
2012-01-09 00:32:48.0753|DEBUG|OpenStation.MainForm.Form_Load|Load song library from songs.xml
2012-01-09 00:32:48.1093|DEBUG|OpenStation.MainForm.LoadTodaySchedule|Loading Today Schedule
2012-01-09 00:32:48.1353|DEBUG|OpenStation.MainForm.LoadSchedule|Loading schedule for 09/01/2012 00:00:00 from file \Schedules\20120109.log
2012-01-09 00:32:48.2993|DEBUG|OpenStation.MainForm.LoadSchedule|Schedule for 09/01/2012 00:00:00 loaded successfully
2012-01-09 00:32:48.2993|DEBUG|OpenStation.MainForm.InitializePlayerFromSchedule|Loading next 2 events to play from current schedule at current time
2012-01-09 00:32:48.2993|DEBUG|OpenStation.MainForm.InitializePlayerFromSchedule|Adding ScheduleItem OpenStation.OpenStationDS+ScheduleRow to Player
2012-01-09 00:32:48.2993|DEBUG|OpenStation.MainForm.AddToPlayer|Adding new ScheduleItem to Player internal playlist
2012-01-09 00:32:48.3633|DEBUG|OpenStation.MainForm.AddToPlayer|Locking player internal playlist
2012-01-09 00:32:48.3633|DEBUG|OpenStation.MainForm.AddToPlayer|Adding track Chic - My Forbidden Lover [00:04:36]to player playlist
2012-01-09 00:32:48.3633|DEBUG|OpenStation.MainForm.AddToPlayer|Bass StreamAddChannel: adding the track to the mixer in PAUSED mode, downmix to stereo, auto free the stream resource when ended
2012-01-09 00:32:48.3633|DEBUG|OpenStation.MainForm.AddToPlayer|Detecting start and end of current track
2012-01-09 00:32:48.3713|DEBUG|OpenStation.MainForm.SetTrackCuePoints|Rendering waveform for C:\DATI\SONGS\Nuovo Archivio\Chic - My Forbidden Lover.mp3
2012-01-09 00:32:49.9294|DEBUG|OpenStation.MainForm.SetTrackCuePoints|Synchronizing waveform position with playback channel
2012-01-09 00:32:49.9314|DEBUG|OpenStation.MainForm.SetTrackCuePoints|Bass GetCuePoints on current waveform: calculating Start and Mix point using default Db thresholds: -24.0 on start, -12.0 on end
2012-01-09 00:32:49.9314|DEBUG|OpenStation.MainForm.SetTrackCuePoints|Setting current track channel position to the calculated start position (21168)
2012-01-09 00:32:49.9314|DEBUG|OpenStation.MainForm.SetTrackToPosition|Bass ChannelLock: locking mixer
2012-01-09 00:32:49.9314|DEBUG|OpenStation.MainForm.SetTrackToPosition|Bass Mixer ChannelSetPosition: setting mixer or channel to the given position
2012-01-09 00:32:49.9314|DEBUG|OpenStation.MainForm.SetTrackToPosition|Calculating mixer position from source position
2012-01-09 00:32:49.9314|DEBUG|OpenStation.MainForm.SetTrackToPosition|Bass Mixer ChannelSetEnvelopePos: calculating envelope (it's a part of the playback volume)
2012-01-09 00:32:49.9314|DEBUG|OpenStation.MainForm.SetTrackToPosition|Bass ChannelLock: unlocking mixer
2012-01-09 00:32:49.9314|DEBUG|OpenStation.MainForm.AddToPlayer|Bass Mixer ChannelSetSync: setting a sync on end position of current track, calling TrackSync() method when it happens
2012-01-09 00:32:49.9314|DEBUG|OpenStation.MainForm.InitializePlayerFromSchedule|Adding ScheduleItem OpenStation.OpenStationDS+ScheduleRow to Player
2012-01-09 00:32:49.9314|DEBUG|OpenStation.MainForm.AddToPlayer|Adding new ScheduleItem to Player internal playlist
2012-01-09 00:32:49.9744|DEBUG|OpenStation.MainForm.AddToPlayer|Locking player internal playlist
2012-01-09 00:32:49.9744|DEBUG|OpenStation.MainForm.AddToPlayer|Adding track Chicago - Street Player [00:04:37]to player playlist
2012-01-09 00:32:49.9744|DEBUG|OpenStation.MainForm.AddToPlayer|Bass StreamAddChannel: adding the track to the mixer in PAUSED mode, downmix to stereo, auto free the stream resource when ended
2012-01-09 00:32:49.9744|DEBUG|OpenStation.MainForm.AddToPlayer|Detecting start and end of current track
2012-01-09 00:32:49.9784|DEBUG|OpenStation.MainForm.SetTrackCuePoints|Rendering waveform for C:\DATI\SONGS\Nuovo Archivio\Chicago - Street Player.mp3
2012-01-09 00:32:51.4645|DEBUG|OpenStation.MainForm.SetTrackCuePoints|Synchronizing waveform position with playback channel
2012-01-09 00:32:51.4645|DEBUG|OpenStation.MainForm.SetTrackCuePoints|Bass GetCuePoints on current waveform: calculating Start and Mix point using default Db thresholds: -24.0 on start, -12.0 on end
2012-01-09 00:32:51.4645|DEBUG|OpenStation.MainForm.SetTrackCuePoints|Setting current track channel position to the calculated start position (218736)
2012-01-09 00:32:51.4645|DEBUG|OpenStation.MainForm.SetTrackToPosition|Bass ChannelLock: locking mixer
2012-01-09 00:32:51.4645|DEBUG|OpenStation.MainForm.SetTrackToPosition|Bass Mixer ChannelSetPosition: setting mixer or channel to the given position
2012-01-09 00:32:51.4645|DEBUG|OpenStation.MainForm.SetTrackToPosition|Calculating mixer position from source position
2012-01-09 00:32:51.4645|DEBUG|OpenStation.MainForm.SetTrackToPosition|Bass Mixer ChannelSetEnvelopePos: calculating envelope (it's a part of the playback volume)
2012-01-09 00:32:51.4645|DEBUG|OpenStation.MainForm.SetTrackToPosition|Bass ChannelLock: unlocking mixer
2012-01-09 00:32:51.4645|DEBUG|OpenStation.MainForm.AddToPlayer|Bass Mixer ChannelSetSync: setting a sync on end position of current track, calling TrackSync() method when it happens
2012-01-09 00:32:51.4765|DEBUG|OpenStation.MainForm.InitializePlayerFromSchedule|Start player
2012-01-09 00:32:51.4765|DEBUG|OpenStation.MainForm.StartPlayer|Current track is null
2012-01-09 00:32:51.4765|DEBUG|OpenStation.MainForm.PlayTrack|Locking playlist
2012-01-09 00:32:51.4765|DEBUG|OpenStation.MainForm.PlayTrack|Getting next track to play
2012-01-09 00:32:51.4765|DEBUG|OpenStation.MainForm.PlayTrack|START PLAYING: My Forbidden Lover - Chic
2012-01-09 00:32:51.4765|DEBUG|OpenStation.MainForm.PlayTrack|Updating schedule
2012-01-09 00:32:51.4765|DEBUG|OpenStation.MainForm.UpdateSchedule|Finding ScheduleItem from CurrentTrack.ScheduleID (=17)
2012-01-09 00:32:51.4765|DEBUG|OpenStation.MainForm.UpdateSchedule|Coloring Row CHIC - MY FORBIDDEN LOVER to Green background
2012-01-09 00:32:51.4915|DEBUG|OpenStation.MainForm.UpdateSchedule|Coloring Row CHICAGO - STREET PLAYER to Yellow background
2012-01-09 00:32:51.4915|DEBUG|OpenStation.MainForm.UpdateSchedule|Coloring Row CHRIS BROWN FT. BENNY BENASSI - BEAUTIFUL PEOPLE to Yellow background
2012-01-09 00:32:51.4915|DEBUG|OpenStation.MainForm.UpdateSchedule|Uncoloring Row DataGridViewTextBoxCell { ColumnIndex=1, RowIndex=15 }
2012-01-09 00:32:51.4915|DEBUG|OpenStation.MainForm.AddToPlayer|Adding new ScheduleItem to Player internal playlist
2012-01-09 00:32:51.5265|DEBUG|OpenStation.MainForm.AddToPlayer|Locking player internal playlist
2012-01-09 00:32:51.5265|DEBUG|OpenStation.MainForm.AddToPlayer|Adding track Chris Brown ft. Benny Benassi - Beautiful People [00:03:46]to player playlist
2012-01-09 00:32:51.5265|DEBUG|OpenStation.MainForm.AddToPlayer|Bass StreamAddChannel: adding the track to the mixer in PAUSED mode, downmix to stereo, auto free the stream resource when ended
2012-01-09 00:32:51.5905|DEBUG|OpenStation.MainForm.AddToPlayer|Detecting start and end of current track
2012-01-09 00:32:51.5905|DEBUG|OpenStation.MainForm.SetTrackCuePoints|Rendering waveform for C:\DATI\SONGS\Nuovo Archivio\Chris Brown ft. Benny Benassi - Beautiful People.mp3
2012-01-09 00:32:52.9886|DEBUG|OpenStation.MainForm.SetTrackCuePoints|Synchronizing waveform position with playback channel
2012-01-09 00:32:52.9896|DEBUG|OpenStation.MainForm.SetTrackCuePoints|Bass GetCuePoints on current waveform: calculating Start and Mix point using default Db thresholds: -24.0 on start, -12.0 on end
2012-01-09 00:32:52.9896|DEBUG|OpenStation.MainForm.SetTrackCuePoints|Setting current track channel position to the calculated start position (211680)
2012-01-09 00:32:52.9896|DEBUG|OpenStation.MainForm.SetTrackToPosition|Bass ChannelLock: locking mixer
2012-01-09 00:32:52.9896|DEBUG|OpenStation.MainForm.SetTrackToPosition|Bass Mixer ChannelSetPosition: setting mixer or channel to the given position
2012-01-09 00:32:52.9896|DEBUG|OpenStation.MainForm.SetTrackToPosition|Calculating mixer position from source position
2012-01-09 00:32:52.9896|DEBUG|OpenStation.MainForm.SetTrackToPosition|Bass Mixer ChannelSetEnvelopePos: calculating envelope (it's a part of the playback volume)
2012-01-09 00:32:52.9896|DEBUG|OpenStation.MainForm.SetTrackToPosition|Bass ChannelLock: unlocking mixer
2012-01-09 00:32:52.9896|DEBUG|OpenStation.MainForm.AddToPlayer|Bass Mixer ChannelSetSync: setting a sync on end position of current track, calling TrackSync() method when it happens
2012-01-09 00:32:52.9896|DEBUG|OpenStation.MainForm.PlayTrack|Getting the waveform for current track
2012-01-09 00:32:52.9896|DEBUG|OpenStation.MainForm.GetWaveForm|Unzooming (display the whole wave form)
2012-01-09 00:32:53.0056|DEBUG|OpenStation.MainForm.GetWaveForm|Rendering the wave form for C:\DATI\SONGS\Nuovo Archivio\Chic - My Forbidden Lover.mp3
2012-01-09 00:32:53.0356|DEBUG|OpenStation.MainForm.InitializeCrons|Creating trigger for AddNextDaySchedule
2012-01-09 00:32:53.0356|DEBUG|OpenStation.MainForm.InitializeCrons|Created trigger: ComLib.Scheduling.Trigger
2012-01-09 00:32:53.0356|DEBUG|OpenStation.MainForm.InitializeCrons|Task summary: ComLib.Scheduling.TaskSummary
2012-01-09 00:32:53.0356|DEBUG|OpenStation.MainForm.InitializeCrons|Check if scheduler is started: True
2012-01-09 00:32:53.0356|DEBUG|OpenStation.MainForm+<>c__DisplayClass1.<OnMixerStall>b__0|Mixer stalled
2012-01-09 00:32:53.0356|DEBUG|OpenStation.MainForm+<>c__DisplayClass1.<OnMixerStall>b__0|Stopping timerUpdate
2012-01-09 00:32:53.0356|DEBUG|OpenStation.MainForm+<>c__DisplayClass1.<OnMixerStall>b__0|Stopping EditorTimer
2012-01-09 00:32:53.0356|DEBUG|OpenStation.MainForm+<>c__DisplayClass1.<OnMixerStall>b__0|Setting progress Bars to 0
2012-01-09 00:32:53.0516|DEBUG|OpenStation.MainForm+<>c__DisplayClass1.<OnMixerStall>b__0|Mixer resumed
2012-01-09 00:32:53.0516|DEBUG|OpenStation.MainForm+<>c__DisplayClass1.<OnMixerStall>b__0|Re-starting timerUpdate
2012-01-09 00:32:53.0516|DEBUG|OpenStation.MainForm+<>c__DisplayClass1.<OnMixerStall>b__0|Re-starting EditorTimer
2012-01-09 00:34:23.4197|DEBUG|OpenStation.MainForm.Form_Load|************************Starting OpenPlayout ************************
2012-01-09 00:34:23.4458|DEBUG|OpenStation.MainForm.Form_Load|Initializing BASS
2012-01-09 00:34:23.5548|DEBUG|OpenStation.MainForm.Form_Load|Bass SetConfig, buffer = 200
2012-01-09 00:34:23.5548|DEBUG|OpenStation.MainForm.Form_Load|Bass SetConfig, updateperiod = 20
2012-01-09 00:34:23.5548|DEBUG|OpenStation.MainForm.Form_Load|Bass StreamCreate: Sample rate 44100, 2 channels, 32bit floating point output
2012-01-09 00:34:23.5658|DEBUG|OpenStation.MainForm.Form_Load|Bass ChannelSetSync (setting a synchronizer): default mixer, Sync on stall, default user instance
2012-01-09 00:34:23.5658|DEBUG|OpenStation.MainForm.Form_Load|timerUpdate started
2012-01-09 00:34:23.5658|DEBUG|OpenStation.MainForm.Form_Load|EditorTimer started
2012-01-09 00:34:23.5658|DEBUG|OpenStation.MainForm.Form_Load|Bass ChannelPlay started, don't restart playback from beginning
2012-01-09 00:34:23.5658|DEBUG|OpenStation.MainForm.Form_Load|Load song library from songs.xml
2012-01-09 00:34:23.5968|DEBUG|OpenStation.MainForm.LoadTodaySchedule|Loading Today Schedule
2012-01-09 00:34:23.6628|DEBUG|OpenStation.MainForm.LoadSchedule|Loading schedule for 09/01/2012 00:00:00 from file \Schedules\20120109.log
2012-01-09 00:34:23.8218|DEBUG|OpenStation.MainForm.LoadSchedule|Schedule for 09/01/2012 00:00:00 loaded successfully
2012-01-09 00:34:23.8218|DEBUG|OpenStation.MainForm.InitializePlayerFromSchedule|Loading next 2 events to play from current schedule at current time
2012-01-09 00:34:23.8218|DEBUG|OpenStation.MainForm.InitializePlayerFromSchedule|Adding ScheduleItem OpenStation.OpenStationDS+ScheduleRow to Player
2012-01-09 00:34:23.8218|DEBUG|OpenStation.MainForm.AddToPlayer|Adding new ScheduleItem to Player internal playlist
2012-01-09 00:34:23.8828|DEBUG|OpenStation.MainForm.AddToPlayer|Locking player internal playlist
2012-01-09 00:34:23.8828|DEBUG|OpenStation.MainForm.AddToPlayer|Adding track Chic - My Forbidden Lover [00:04:36]to player playlist
2012-01-09 00:34:23.8828|DEBUG|OpenStation.MainForm.AddToPlayer|Bass StreamAddChannel: adding the track to the mixer in PAUSED mode, downmix to stereo, auto free the stream resource when ended
2012-01-09 00:34:23.8828|DEBUG|OpenStation.MainForm.AddToPlayer|Detecting start and end of current track
2012-01-09 00:34:23.8908|DEBUG|OpenStation.MainForm.SetTrackCuePoints|Rendering waveform for C:\DATI\SONGS\Nuovo Archivio\Chic - My Forbidden Lover.mp3
2012-01-09 00:34:25.3889|DEBUG|OpenStation.MainForm.SetTrackCuePoints|Synchronizing waveform position with playback channel
2012-01-09 00:34:25.3889|DEBUG|OpenStation.MainForm.SetTrackCuePoints|Bass GetCuePoints on current waveform: calculating Start and Mix point using default Db thresholds: -24.0 on start, -12.0 on end
2012-01-09 00:34:25.3889|DEBUG|OpenStation.MainForm.SetTrackCuePoints|Setting current track channel position to the calculated start position (21168)
2012-01-09 00:34:25.3889|DEBUG|OpenStation.MainForm.SetTrackToPosition|Bass ChannelLock: locking mixer
2012-01-09 00:34:25.3889|DEBUG|OpenStation.MainForm.SetTrackToPosition|Bass Mixer ChannelSetPosition: setting mixer or channel to the given position
2012-01-09 00:34:25.3889|DEBUG|OpenStation.MainForm.SetTrackToPosition|Calculating mixer position from source position
2012-01-09 00:34:25.3889|DEBUG|OpenStation.MainForm.SetTrackToPosition|Bass Mixer ChannelSetEnvelopePos: calculating envelope (it's a part of the playback volume)
2012-01-09 00:34:25.3889|DEBUG|OpenStation.MainForm.SetTrackToPosition|Bass ChannelLock: unlocking mixer
2012-01-09 00:34:25.4039|DEBUG|OpenStation.MainForm.AddToPlayer|Bass Mixer ChannelSetSync: setting a sync on end position of current track, calling TrackSync() method when it happens
2012-01-09 00:34:25.4039|DEBUG|OpenStation.MainForm.InitializePlayerFromSchedule|Adding ScheduleItem OpenStation.OpenStationDS+ScheduleRow to Player
2012-01-09 00:34:25.4039|DEBUG|OpenStation.MainForm.AddToPlayer|Adding new ScheduleItem to Player internal playlist
2012-01-09 00:34:25.4379|DEBUG|OpenStation.MainForm.AddToPlayer|Locking player internal playlist
2012-01-09 00:34:25.4379|DEBUG|OpenStation.MainForm.AddToPlayer|Adding track Chicago - Street Player [00:04:37]to player playlist
2012-01-09 00:34:25.4379|DEBUG|OpenStation.MainForm.AddToPlayer|Bass StreamAddChannel: adding the track to the mixer in PAUSED mode, downmix to stereo, auto free the stream resource when ended
2012-01-09 00:34:25.4379|DEBUG|OpenStation.MainForm.AddToPlayer|Detecting start and end of current track
2012-01-09 00:34:25.4379|DEBUG|OpenStation.MainForm.SetTrackCuePoints|Rendering waveform for C:\DATI\SONGS\Nuovo Archivio\Chicago - Street Player.mp3
2012-01-09 00:34:26.9179|DEBUG|OpenStation.MainForm.SetTrackCuePoints|Synchronizing waveform position with playback channel
2012-01-09 00:34:26.9179|DEBUG|OpenStation.MainForm.SetTrackCuePoints|Bass GetCuePoints on current waveform: calculating Start and Mix point using default Db thresholds: -24.0 on start, -12.0 on end
2012-01-09 00:34:26.9179|DEBUG|OpenStation.MainForm.SetTrackCuePoints|Setting current track channel position to the calculated start position (218736)
2012-01-09 00:34:26.9179|DEBUG|OpenStation.MainForm.SetTrackToPosition|Bass ChannelLock: locking mixer
2012-01-09 00:34:26.9179|DEBUG|OpenStation.MainForm.SetTrackToPosition|Bass Mixer ChannelSetPosition: setting mixer or channel to the given position
2012-01-09 00:34:26.9179|DEBUG|OpenStation.MainForm.SetTrackToPosition|Calculating mixer position from source position
2012-01-09 00:34:26.9179|DEBUG|OpenStation.MainForm.SetTrackToPosition|Bass Mixer ChannelSetEnvelopePos: calculating envelope (it's a part of the playback volume)
2012-01-09 00:34:26.9179|DEBUG|OpenStation.MainForm.SetTrackToPosition|Bass ChannelLock: unlocking mixer
2012-01-09 00:34:26.9179|DEBUG|OpenStation.MainForm.AddToPlayer|Bass Mixer ChannelSetSync: setting a sync on end position of current track, calling TrackSync() method when it happens
2012-01-09 00:34:26.9179|DEBUG|OpenStation.MainForm.InitializePlayerFromSchedule|Start player
2012-01-09 00:34:26.9179|DEBUG|OpenStation.MainForm.StartPlayer|Current track is null
2012-01-09 00:34:26.9179|DEBUG|OpenStation.MainForm.PlayTrack|Locking playlist
2012-01-09 00:34:26.9179|DEBUG|OpenStation.MainForm.PlayTrack|Getting next track to play
2012-01-09 00:34:26.9329|DEBUG|OpenStation.MainForm.PlayTrack|START PLAYING: My Forbidden Lover - Chic
2012-01-09 00:34:26.9329|DEBUG|OpenStation.MainForm.PlayTrack|Updating schedule
2012-01-09 00:34:26.9329|DEBUG|OpenStation.MainForm.UpdateSchedule|Finding ScheduleItem from CurrentTrack.ScheduleID (=17)
2012-01-09 00:34:26.9329|DEBUG|OpenStation.MainForm.UpdateSchedule|Coloring Row CHIC - MY FORBIDDEN LOVER to Green background
2012-01-09 00:34:26.9329|DEBUG|OpenStation.MainForm.UpdateSchedule|Coloring Row CHICAGO - STREET PLAYER to Yellow background
2012-01-09 00:34:26.9329|DEBUG|OpenStation.MainForm.UpdateSchedule|Coloring Row CHRIS BROWN FT. BENNY BENASSI - BEAUTIFUL PEOPLE to Yellow background
2012-01-09 00:34:26.9329|DEBUG|OpenStation.MainForm.UpdateSchedule|Uncoloring Row DataGridViewTextBoxCell { ColumnIndex=1, RowIndex=15 }
2012-01-09 00:34:26.9329|DEBUG|OpenStation.MainForm.AddToPlayer|Adding new ScheduleItem to Player internal playlist
2012-01-09 00:34:26.9770|DEBUG|OpenStation.MainForm.AddToPlayer|Locking player internal playlist
2012-01-09 00:34:26.9770|DEBUG|OpenStation.MainForm.AddToPlayer|Adding track Chris Brown ft. Benny Benassi - Beautiful People [00:03:46]to player playlist
2012-01-09 00:34:26.9800|DEBUG|OpenStation.MainForm.AddToPlayer|Bass StreamAddChannel: adding the track to the mixer in PAUSED mode, downmix to stereo, auto free the stream resource when ended
2012-01-09 00:34:27.0400|DEBUG|OpenStation.MainForm.AddToPlayer|Detecting start and end of current track
2012-01-09 00:34:27.0400|DEBUG|OpenStation.MainForm.SetTrackCuePoints|Rendering waveform for C:\DATI\SONGS\Nuovo Archivio\Chris Brown ft. Benny Benassi - Beautiful People.mp3
2012-01-09 00:34:28.4530|DEBUG|OpenStation.MainForm.SetTrackCuePoints|Synchronizing waveform position with playback channel
2012-01-09 00:34:28.4530|DEBUG|OpenStation.MainForm.SetTrackCuePoints|Bass GetCuePoints on current waveform: calculating Start and Mix point using default Db thresholds: -24.0 on start, -12.0 on end
2012-01-09 00:34:28.4530|DEBUG|OpenStation.MainForm.SetTrackCuePoints|Setting current track channel position to the calculated start position (211680)
2012-01-09 00:34:28.4530|DEBUG|OpenStation.MainForm.SetTrackToPosition|Bass ChannelLock: locking mixer
2012-01-09 00:34:28.4530|DEBUG|OpenStation.MainForm.SetTrackToPosition|Bass Mixer ChannelSetPosition: setting mixer or channel to the given position
2012-01-09 00:34:28.4530|DEBUG|OpenStation.MainForm.SetTrackToPosition|Calculating mixer position from source position
2012-01-09 00:34:28.4620|DEBUG|OpenStation.MainForm.SetTrackToPosition|Bass Mixer ChannelSetEnvelopePos: calculating envelope (it's a part of the playback volume)
2012-01-09 00:34:28.4620|DEBUG|OpenStation.MainForm.SetTrackToPosition|Bass ChannelLock: unlocking mixer
2012-01-09 00:34:28.4620|DEBUG|OpenStation.MainForm.AddToPlayer|Bass Mixer ChannelSetSync: setting a sync on end position of current track, calling TrackSync() method when it happens
2012-01-09 00:34:28.4620|DEBUG|OpenStation.MainForm.PlayTrack|Getting the waveform for current track
2012-01-09 00:34:28.4620|DEBUG|OpenStation.MainForm.GetWaveForm|Unzooming (display the whole wave form)
2012-01-09 00:34:28.4620|DEBUG|OpenStation.MainForm.GetWaveForm|Rendering the wave form for C:\DATI\SONGS\Nuovo Archivio\Chic - My Forbidden Lover.mp3
2012-01-09 00:34:28.4940|DEBUG|OpenStation.MainForm.InitializeCrons|Creating trigger for AddNextDaySchedule
2012-01-09 00:34:28.4940|DEBUG|OpenStation.MainForm.InitializeCrons|Created trigger: ComLib.Scheduling.Trigger
2012-01-09 00:34:28.4940|DEBUG|OpenStation.MainForm.InitializeCrons|Task summary: ComLib.Scheduling.TaskSummary
2012-01-09 00:34:28.4940|DEBUG|OpenStation.MainForm.InitializeCrons|Check if scheduler is started: True
2012-01-09 00:34:28.4940|DEBUG|OpenStation.MainForm+<>c__DisplayClass1.<OnMixerStall>b__0|Mixer stalled
2012-01-09 00:34:28.4940|DEBUG|OpenStation.MainForm+<>c__DisplayClass1.<OnMixerStall>b__0|Stopping timerUpdate
2012-01-09 00:34:28.4940|DEBUG|OpenStation.MainForm+<>c__DisplayClass1.<OnMixerStall>b__0|Stopping EditorTimer
2012-01-09 00:34:28.4940|DEBUG|OpenStation.MainForm+<>c__DisplayClass1.<OnMixerStall>b__0|Setting progress Bars to 0
2012-01-09 00:34:28.4940|DEBUG|OpenStation.MainForm+<>c__DisplayClass1.<OnMixerStall>b__0|Mixer resumed
2012-01-09 00:34:28.5090|DEBUG|OpenStation.MainForm+<>c__DisplayClass1.<OnMixerStall>b__0|Re-starting timerUpdate
2012-01-09 00:34:28.5090|DEBUG|OpenStation.MainForm+<>c__DisplayClass1.<OnMixerStall>b__0|Re-starting EditorTimer
2012-01-09 00:34:29.9501|DEBUG|OpenStation.MainForm.MyWaveFormCallback|Waveform is finished
2012-01-09 00:34:29.9501|DEBUG|OpenStation.MainForm.MyWaveFormCallback|Syncing UI Waveform to currentTrack channel
2012-01-09 00:34:29.9501|DEBUG|OpenStation.MainForm.MyWaveFormCallback|Getting Cue Points on track loaded on UI waveform
2012-01-09 00:34:29.9501|DEBUG|OpenStation.MainForm.MyWaveFormCallback|Setting currentTrack.NextTrackPos to calculated end position
2012-01-09 00:34:29.9501|DEBUG|OpenStation.MainForm.MyWaveFormCallback|Setting a sync with next track on the current track channel, sync on position or on mixtime
2012-01-09 00:34:29.9501|DEBUG|OpenStation.MainForm.MyWaveFormCallback|UI Waveform: adding Next marker at position 95735808
2012-01-09 00:34:29.9501|DEBUG|OpenStation.MainForm.MyWaveFormCallback|UI Waveform: adding Start marker at position 21168
2012-01-09 00:34:29.9501|DEBUG|OpenStation.MainForm.MyWaveFormCallback|Drawing Waveform
2012-01-09 00:35:35.2939|DEBUG|OpenStation.MainForm.Form_Load|************************Starting OpenPlayout ************************
2012-01-09 00:35:35.3109|DEBUG|OpenStation.MainForm.Form_Load|Initializing BASS
2012-01-09 00:35:35.4169|DEBUG|OpenStation.MainForm.Form_Load|Bass SetConfig, buffer = 200
2012-01-09 00:35:35.4189|DEBUG|OpenStation.MainForm.Form_Load|Bass SetConfig, updateperiod = 20
2012-01-09 00:35:35.4189|DEBUG|OpenStation.MainForm.Form_Load|Bass StreamCreate: Sample rate 44100, 2 channels, 32bit floating point output
2012-01-09 00:35:35.4189|DEBUG|OpenStation.MainForm.Form_Load|Bass ChannelSetSync (setting a synchronizer): default mixer, Sync on stall, default user instance
2012-01-09 00:35:35.4189|DEBUG|OpenStation.MainForm.Form_Load|timerUpdate started
2012-01-09 00:35:35.4329|DEBUG|OpenStation.MainForm.Form_Load|EditorTimer started
2012-01-09 00:35:35.4329|DEBUG|OpenStation.MainForm.Form_Load|Bass ChannelPlay started, don't restart playback from beginning
2012-01-09 00:35:35.4329|DEBUG|OpenStation.MainForm.Form_Load|Load song library from songs.xml
2012-01-09 00:35:35.4619|DEBUG|OpenStation.MainForm.LoadTodaySchedule|Loading Today Schedule
2012-01-09 00:35:35.4869|DEBUG|OpenStation.MainForm.LoadSchedule|Loading schedule for 09/01/2012 00:00:00 from file \Schedules\20120109.log
2012-01-09 00:35:35.6549|DEBUG|OpenStation.MainForm.LoadSchedule|Schedule for 09/01/2012 00:00:00 loaded successfully
2012-01-09 00:35:35.6549|DEBUG|OpenStation.MainForm.InitializePlayerFromSchedule|Loading next 2 events to play from current schedule at current time
2012-01-09 00:35:35.6549|DEBUG|OpenStation.MainForm.InitializePlayerFromSchedule|Adding ScheduleItem OpenStation.OpenStationDS+ScheduleRow to Player
2012-01-09 00:35:35.6549|DEBUG|OpenStation.MainForm.AddToPlayer|Adding new ScheduleItem to Player internal playlist
2012-01-09 00:35:35.7159|DEBUG|OpenStation.MainForm.AddToPlayer|Locking player internal playlist
2012-01-09 00:35:35.7159|DEBUG|OpenStation.MainForm.AddToPlayer|Adding track Chic - My Forbidden Lover [00:04:36]to player playlist
2012-01-09 00:35:35.7159|DEBUG|OpenStation.MainForm.AddToPlayer|Bass StreamAddChannel: adding the track to the mixer in PAUSED mode, downmix to stereo, auto free the stream resource when ended
2012-01-09 00:35:35.7159|DEBUG|OpenStation.MainForm.AddToPlayer|Detecting start and end of current track
2012-01-09 00:35:35.7159|DEBUG|OpenStation.MainForm.SetTrackCuePoints|Rendering waveform for C:\DATI\SONGS\Nuovo Archivio\Chic - My Forbidden Lover.mp3
2012-01-09 00:35:37.2220|DEBUG|OpenStation.MainForm.SetTrackCuePoints|Synchronizing waveform position with playback channel
2012-01-09 00:35:37.2220|DEBUG|OpenStation.MainForm.SetTrackCuePoints|Bass GetCuePoints on current waveform: calculating Start and Mix point using default Db thresholds: -24.0 on start, -12.0 on end
2012-01-09 00:35:37.2270|DEBUG|OpenStation.MainForm.SetTrackCuePoints|Setting current track channel position to the calculated start position (21168)
2012-01-09 00:35:37.2270|DEBUG|OpenStation.MainForm.SetTrackToPosition|Bass ChannelLock: locking mixer
2012-01-09 00:35:37.2270|DEBUG|OpenStation.MainForm.SetTrackToPosition|Bass Mixer ChannelSetPosition: setting mixer or channel to the given position
2012-01-09 00:35:37.2270|DEBUG|OpenStation.MainForm.SetTrackToPosition|Calculating mixer position from source position
2012-01-09 00:35:37.2270|DEBUG|OpenStation.MainForm.SetTrackToPosition|Bass Mixer ChannelSetEnvelopePos: calculating envelope (it's a part of the playback volume)
2012-01-09 00:35:37.2270|DEBUG|OpenStation.MainForm.SetTrackToPosition|Bass ChannelLock: unlocking mixer
2012-01-09 00:35:37.2270|DEBUG|OpenStation.MainForm.AddToPlayer|Bass Mixer ChannelSetSync: setting a sync on end position of current track, calling TrackSync() method when it happens
2012-01-09 00:35:37.2270|DEBUG|OpenStation.MainForm.InitializePlayerFromSchedule|Adding ScheduleItem OpenStation.OpenStationDS+ScheduleRow to Player
2012-01-09 00:35:37.2440|DEBUG|OpenStation.MainForm.AddToPlayer|Adding new ScheduleItem to Player internal playlist
2012-01-09 00:35:37.2720|DEBUG|OpenStation.MainForm.AddToPlayer|Locking player internal playlist
2012-01-09 00:35:37.2720|DEBUG|OpenStation.MainForm.AddToPlayer|Adding track Chicago - Street Player [00:04:37]to player playlist
2012-01-09 00:35:37.2740|DEBUG|OpenStation.MainForm.AddToPlayer|Bass StreamAddChannel: adding the track to the mixer in PAUSED mode, downmix to stereo, auto free the stream resource when ended
2012-01-09 00:35:37.2740|DEBUG|OpenStation.MainForm.AddToPlayer|Detecting start and end of current track
2012-01-09 00:35:37.2740|DEBUG|OpenStation.MainForm.SetTrackCuePoints|Rendering waveform for C:\DATI\SONGS\Nuovo Archivio\Chicago - Street Player.mp3
2012-01-09 00:35:38.7551|DEBUG|OpenStation.MainForm.SetTrackCuePoints|Synchronizing waveform position with playback channel
2012-01-09 00:35:38.7561|DEBUG|OpenStation.MainForm.SetTrackCuePoints|Bass GetCuePoints on current waveform: calculating Start and Mix point using default Db thresholds: -24.0 on start, -12.0 on end
2012-01-09 00:35:38.7561|DEBUG|OpenStation.MainForm.SetTrackCuePoints|Setting current track channel position to the calculated start position (218736)
2012-01-09 00:35:38.7561|DEBUG|OpenStation.MainForm.SetTrackToPosition|Bass ChannelLock: locking mixer
2012-01-09 00:35:38.7561|DEBUG|OpenStation.MainForm.SetTrackToPosition|Bass Mixer ChannelSetPosition: setting mixer or channel to the given position
2012-01-09 00:35:38.7561|DEBUG|OpenStation.MainForm.SetTrackToPosition|Calculating mixer position from source position
2012-01-09 00:35:38.7561|DEBUG|OpenStation.MainForm.SetTrackToPosition|Bass Mixer ChannelSetEnvelopePos: calculating envelope (it's a part of the playback volume)
2012-01-09 00:35:38.7561|DEBUG|OpenStation.MainForm.SetTrackToPosition|Bass ChannelLock: unlocking mixer
2012-01-09 00:35:38.7561|DEBUG|OpenStation.MainForm.AddToPlayer|Bass Mixer ChannelSetSync: setting a sync on end position of current track, calling TrackSync() method when it happens
2012-01-09 00:35:38.7561|DEBUG|OpenStation.MainForm.InitializePlayerFromSchedule|Start player
2012-01-09 00:35:38.7561|DEBUG|OpenStation.MainForm.StartPlayer|Current track is null
2012-01-09 00:35:38.7711|DEBUG|OpenStation.MainForm.PlayTrack|Locking playlist
2012-01-09 00:35:38.7711|DEBUG|OpenStation.MainForm.PlayTrack|Getting next track to play
2012-01-09 00:35:38.7711|DEBUG|OpenStation.MainForm.PlayTrack|START PLAYING: My Forbidden Lover - Chic
2012-01-09 00:35:38.7711|DEBUG|OpenStation.MainForm.PlayTrack|Updating schedule
2012-01-09 00:35:38.7711|DEBUG|OpenStation.MainForm.UpdateSchedule|Finding ScheduleItem from CurrentTrack.ScheduleID (=17)
2012-01-09 00:35:38.7711|DEBUG|OpenStation.MainForm.UpdateSchedule|Coloring Row CHIC - MY FORBIDDEN LOVER to Green background
2012-01-09 00:35:38.7711|DEBUG|OpenStation.MainForm.UpdateSchedule|Coloring Row CHICAGO - STREET PLAYER to Yellow background
2012-01-09 00:35:38.7711|DEBUG|OpenStation.MainForm.UpdateSchedule|Coloring Row CHRIS BROWN FT. BENNY BENASSI - BEAUTIFUL PEOPLE to Yellow background
2012-01-09 00:35:38.7711|DEBUG|OpenStation.MainForm.UpdateSchedule|Uncoloring Row DataGridViewTextBoxCell { ColumnIndex=1, RowIndex=15 }
2012-01-09 00:35:38.7711|DEBUG|OpenStation.MainForm.AddToPlayer|Adding new ScheduleItem to Player internal playlist
2012-01-09 00:35:38.8141|DEBUG|OpenStation.MainForm.AddToPlayer|Locking player internal playlist
2012-01-09 00:35:38.8141|DEBUG|OpenStation.MainForm.AddToPlayer|Adding track Chris Brown ft. Benny Benassi - Beautiful People [00:03:46]to player playlist
2012-01-09 00:35:38.8141|DEBUG|OpenStation.MainForm.AddToPlayer|Bass StreamAddChannel: adding the track to the mixer in PAUSED mode, downmix to stereo, auto free the stream resource when ended
2012-01-09 00:35:38.8651|DEBUG|OpenStation.MainForm.AddToPlayer|Detecting start and end of current track
2012-01-09 00:35:38.8651|DEBUG|OpenStation.MainForm.SetTrackCuePoints|Rendering waveform for C:\DATI\SONGS\Nuovo Archivio\Chris Brown ft. Benny Benassi - Beautiful People.mp3
2012-01-09 00:35:40.2971|DEBUG|OpenStation.MainForm.SetTrackCuePoints|Synchronizing waveform position with playback channel
2012-01-09 00:35:40.2971|DEBUG|OpenStation.MainForm.SetTrackCuePoints|Bass GetCuePoints on current waveform: calculating Start and Mix point using default Db thresholds: -24.0 on start, -12.0 on end
2012-01-09 00:35:40.3001|DEBUG|OpenStation.MainForm.SetTrackCuePoints|Setting current track channel position to the calculated start position (211680)
2012-01-09 00:35:40.3001|DEBUG|OpenStation.MainForm.SetTrackToPosition|Bass ChannelLock: locking mixer
2012-01-09 00:35:40.3001|DEBUG|OpenStation.MainForm.SetTrackToPosition|Bass Mixer ChannelSetPosition: setting mixer or channel to the given position
2012-01-09 00:35:40.3001|DEBUG|OpenStation.MainForm.SetTrackToPosition|Calculating mixer position from source position
2012-01-09 00:35:40.3001|DEBUG|OpenStation.MainForm.SetTrackToPosition|Bass Mixer ChannelSetEnvelopePos: calculating envelope (it's a part of the playback volume)
2012-01-09 00:35:40.3001|DEBUG|OpenStation.MainForm.SetTrackToPosition|Bass ChannelLock: unlocking mixer
2012-01-09 00:35:40.3001|DEBUG|OpenStation.MainForm.AddToPlayer|Bass Mixer ChannelSetSync: setting a sync on end position of current track, calling TrackSync() method when it happens
2012-01-09 00:35:40.3001|DEBUG|OpenStation.MainForm.PlayTrack|Getting the waveform for current track
2012-01-09 00:35:40.3001|DEBUG|OpenStation.MainForm.GetWaveForm|Unzooming (display the whole wave form)
2012-01-09 00:35:40.3001|DEBUG|OpenStation.MainForm.GetWaveForm|Rendering the wave form for C:\DATI\SONGS\Nuovo Archivio\Chic - My Forbidden Lover.mp3
2012-01-09 00:35:40.3411|DEBUG|OpenStation.MainForm.InitializeCrons|Creating trigger for AddNextDaySchedule
2012-01-09 00:35:40.3411|DEBUG|OpenStation.MainForm.InitializeCrons|Created trigger: ComLib.Scheduling.Trigger
2012-01-09 00:35:40.3471|DEBUG|OpenStation.MainForm.InitializeCrons|Task summary: ComLib.Scheduling.TaskSummary
2012-01-09 00:35:40.3471|DEBUG|OpenStation.MainForm.InitializeCrons|Check if scheduler is started: True
2012-01-09 00:35:40.3471|DEBUG|OpenStation.MainForm+<>c__DisplayClass1.<OnMixerStall>b__0|Mixer stalled
2012-01-09 00:35:40.3471|DEBUG|OpenStation.MainForm+<>c__DisplayClass1.<OnMixerStall>b__0|Stopping timerUpdate
2012-01-09 00:35:40.3471|DEBUG|OpenStation.MainForm+<>c__DisplayClass1.<OnMixerStall>b__0|Stopping EditorTimer
2012-01-09 00:35:40.3471|DEBUG|OpenStation.MainForm+<>c__DisplayClass1.<OnMixerStall>b__0|Setting progress Bars to 0
2012-01-09 00:35:40.3471|DEBUG|OpenStation.MainForm+<>c__DisplayClass1.<OnMixerStall>b__0|Mixer resumed
2012-01-09 00:35:40.3471|DEBUG|OpenStation.MainForm+<>c__DisplayClass1.<OnMixerStall>b__0|Re-starting timerUpdate
2012-01-09 00:35:40.3471|DEBUG|OpenStation.MainForm+<>c__DisplayClass1.<OnMixerStall>b__0|Re-starting EditorTimer
2012-01-09 00:35:45.3244|DEBUG|OpenStation.MainForm.timerUpdate_Tick|Playback at time position: 00:00:01
2012-01-09 00:35:46.6585|DEBUG|OpenStation.MainForm.MyWaveFormCallback|Waveform is finished
2012-01-09 00:35:46.6585|DEBUG|OpenStation.MainForm.MyWaveFormCallback|Syncing UI Waveform to currentTrack channel
2012-01-09 00:35:46.6585|DEBUG|OpenStation.MainForm.MyWaveFormCallback|Getting Cue Points on track loaded on UI waveform
2012-01-09 00:35:46.6585|DEBUG|OpenStation.MainForm.MyWaveFormCallback|Setting currentTrack.NextTrackPos to calculated end position
2012-01-09 00:35:46.6585|DEBUG|OpenStation.MainForm.MyWaveFormCallback|Setting a sync with next track on the current track channel, sync on position or on mixtime
2012-01-09 00:35:46.6585|DEBUG|OpenStation.MainForm.MyWaveFormCallback|UI Waveform: adding Next marker at position 95735808
2012-01-09 00:35:46.6655|DEBUG|OpenStation.MainForm.MyWaveFormCallback|UI Waveform: adding Start marker at position 21168
2012-01-09 00:35:46.6655|DEBUG|OpenStation.MainForm.MyWaveFormCallback|Drawing Waveform
