2012-01-07 17:57:56.6556|DEBUG|OpenStation.MainForm.Form_Load|************************Starting OpenPlayout ************************
2012-01-07 17:58:03.8461|DEBUG|OpenStation.MainForm.Form_Load|Initializing BASS
2012-01-07 17:58:03.9709|DEBUG|OpenStation.MainForm.Form_Load|Bass SetConfig, buffer = 200
2012-01-07 17:58:03.9709|DEBUG|OpenStation.MainForm.Form_Load|Bass SetConfig, updateperiod = 20
2012-01-07 17:58:03.9865|DEBUG|OpenStation.MainForm.Form_Load|Bass StreamCreate: Sample rate 44100, 2 channels, 32bit floating point output
2012-01-07 17:58:03.9865|DEBUG|OpenStation.MainForm.Form_Load|Bass ChannelSetSync (setting a synchronizer): default mixer, Sync on stall, default user instance
2012-01-07 17:58:03.9865|DEBUG|OpenStation.MainForm.Form_Load|timerUpdate started
2012-01-07 17:58:04.0021|DEBUG|OpenStation.MainForm.Form_Load|EditorTimer started
2012-01-07 17:58:04.0021|DEBUG|OpenStation.MainForm.Form_Load|Bass ChannelPlay started, don't restart playback from beginning
2012-01-07 17:58:04.0021|DEBUG|OpenStation.MainForm.Form_Load|Load song library from songs.xml
2012-01-07 17:58:04.0311|DEBUG|OpenStation.MainForm.LoadTodaySchedule|Loading Today Schedule
2012-01-07 17:58:04.0571|DEBUG|OpenStation.MainForm.LoadSchedule|Loading schedule for 07/01/2012 00:00:00 from file \Schedules\20120107.log
2012-01-07 17:58:04.2331|DEBUG|OpenStation.MainForm.LoadSchedule|Schedule for 07/01/2012 00:00:00 loaded successfully
2012-01-07 17:58:04.2351|DEBUG|OpenStation.MainForm.InitializePlayerFromSchedule|Loading next 2 events to play from current schedule at current time
2012-01-07 17:58:04.2351|DEBUG|OpenStation.MainForm.InitializePlayerFromSchedule|Adding ScheduleItem OpenStation.OpenStationDS+ScheduleRow to Player
2012-01-07 17:58:04.2351|DEBUG|OpenStation.MainForm.AddToPlayer|Adding new ScheduleItem to Player internal playlist
2012-01-07 17:58:04.3331|DEBUG|OpenStation.MainForm.AddToPlayer|Locking player internal playlist
2012-01-07 17:58:04.3331|DEBUG|OpenStation.MainForm.AddToPlayer|Adding track Rachid - Pride [00:05:25]to player playlist
2012-01-07 17:58:04.3331|DEBUG|OpenStation.MainForm.AddToPlayer|Bass StreamAddChannel: adding the track to the mixer in PAUSED mode, downmix to stereo, auto free the stream resource when ended
2012-01-07 17:58:04.3331|DEBUG|OpenStation.MainForm.AddToPlayer|Detecting start and end of current track
2012-01-07 17:58:04.3331|DEBUG|OpenStation.MainForm.SetTrackCuePoints|Rendering waveform for C:\DATI\SONGS\Nuovo Archivio\Rachid - Pride.mp3
2012-01-07 17:58:06.0602|DEBUG|OpenStation.MainForm.SetTrackCuePoints|Synchronizing waveform position with playback channel
2012-01-07 17:58:06.0602|DEBUG|OpenStation.MainForm.SetTrackCuePoints|Bass GetCuePoints on current waveform: calculating Start and Mix point using default Db thresholds: -24.0 on start, -12.0 on end
2012-01-07 17:58:06.0602|DEBUG|OpenStation.MainForm.SetTrackCuePoints|Setting current track channel position to the calculated start position (31752)
2012-01-07 17:58:06.0602|DEBUG|OpenStation.MainForm.SetTrackToPosition|Bass ChannelLock: locking mixer
2012-01-07 17:58:06.0602|DEBUG|OpenStation.MainForm.SetTrackToPosition|Bass Mixer ChannelSetPosition: setting mixer or channel to the given position
2012-01-07 17:58:06.0602|DEBUG|OpenStation.MainForm.SetTrackToPosition|Calculating mixer position from source position
2012-01-07 17:58:06.0602|DEBUG|OpenStation.MainForm.SetTrackToPosition|Bass Mixer ChannelSetEnvelopePos: calculating envelope (it's a part of the playback volume)
2012-01-07 17:58:06.0602|DEBUG|OpenStation.MainForm.SetTrackToPosition|Bass ChannelLock: unlocking mixer
2012-01-07 17:58:06.0602|DEBUG|OpenStation.MainForm.AddToPlayer|Bass Mixer ChannelSetSync: setting a sync on end position of current track, calling TrackSync() method when it happens
2012-01-07 17:58:06.0752|DEBUG|OpenStation.MainForm.InitializePlayerFromSchedule|Adding ScheduleItem OpenStation.OpenStationDS+ScheduleRow to Player
2012-01-07 17:58:06.0752|DEBUG|OpenStation.MainForm.AddToPlayer|Adding new ScheduleItem to Player internal playlist
2012-01-07 17:58:06.1232|DEBUG|OpenStation.MainForm.AddToPlayer|Locking player internal playlist
2012-01-07 17:58:06.1232|DEBUG|OpenStation.MainForm.AddToPlayer|Adding track Raf - Oggi Un Dio Non Ho [00:04:08]to player playlist
2012-01-07 17:58:06.1232|DEBUG|OpenStation.MainForm.AddToPlayer|Bass StreamAddChannel: adding the track to the mixer in PAUSED mode, downmix to stereo, auto free the stream resource when ended
2012-01-07 17:58:06.1232|DEBUG|OpenStation.MainForm.AddToPlayer|Detecting start and end of current track
2012-01-07 17:58:06.1232|DEBUG|OpenStation.MainForm.SetTrackCuePoints|Rendering waveform for C:\DATI\SONGS\Nuovo Archivio\Raf - Oggi Un Dio Non Ho.mp3
2012-01-07 17:58:07.4313|DEBUG|OpenStation.MainForm.SetTrackCuePoints|Synchronizing waveform position with playback channel
2012-01-07 17:58:07.4323|DEBUG|OpenStation.MainForm.SetTrackCuePoints|Bass GetCuePoints on current waveform: calculating Start and Mix point using default Db thresholds: -24.0 on start, -12.0 on end
2012-01-07 17:58:07.4323|DEBUG|OpenStation.MainForm.SetTrackCuePoints|Setting current track channel position to the calculated start position (31752)
2012-01-07 17:58:07.4323|DEBUG|OpenStation.MainForm.SetTrackToPosition|Bass ChannelLock: locking mixer
2012-01-07 17:58:07.4323|DEBUG|OpenStation.MainForm.SetTrackToPosition|Bass Mixer ChannelSetPosition: setting mixer or channel to the given position
2012-01-07 17:58:07.4323|DEBUG|OpenStation.MainForm.SetTrackToPosition|Calculating mixer position from source position
2012-01-07 17:58:07.4323|DEBUG|OpenStation.MainForm.SetTrackToPosition|Bass Mixer ChannelSetEnvelopePos: calculating envelope (it's a part of the playback volume)
2012-01-07 17:58:07.4323|DEBUG|OpenStation.MainForm.SetTrackToPosition|Bass ChannelLock: unlocking mixer
2012-01-07 17:58:07.4323|DEBUG|OpenStation.MainForm.AddToPlayer|Bass Mixer ChannelSetSync: setting a sync on end position of current track, calling TrackSync() method when it happens
2012-01-07 17:58:07.4323|DEBUG|OpenStation.MainForm.InitializePlayerFromSchedule|Start player
2012-01-07 17:58:07.4323|DEBUG|OpenStation.MainForm.StartPlayer|Current track is null
2012-01-07 17:58:07.4323|DEBUG|OpenStation.MainForm.PlayTrack|Locking playlist
2012-01-07 17:58:07.4323|DEBUG|OpenStation.MainForm.PlayTrack|Getting next track to play
2012-01-07 17:58:07.4323|DEBUG|OpenStation.MainForm.PlayTrack|Bass Mixer ChannelPlay: start playing current track: Pride - Rachid
2012-01-07 17:58:07.4483|DEBUG|OpenStation.MainForm.PlayTrack|Updating schedule
2012-01-07 17:58:07.4483|DEBUG|OpenStation.MainForm.UpdateSchedule|Finding ScheduleItem from CurrentTrack.ScheduleID (=289)
2012-01-07 17:58:07.4483|DEBUG|OpenStation.MainForm.UpdateSchedule|Coloring Row DataGridViewRow { Index=288 } to Green background
2012-01-07 17:58:07.4483|DEBUG|OpenStation.MainForm.UpdateSchedule|Coloring Row DataGridViewRow { Index=289 } to Yellow background
2012-01-07 17:58:07.4483|DEBUG|OpenStation.MainForm.UpdateSchedule|Coloring Row DataGridViewRow { Index=290 } to Yellow background
2012-01-07 17:58:07.4483|DEBUG|OpenStation.MainForm.UpdateSchedule|Uncoloring Row DataGridViewRow { Index=287 }
2012-01-07 17:58:07.4483|DEBUG|OpenStation.MainForm.AddToPlayer|Adding new ScheduleItem to Player internal playlist
2012-01-07 17:58:07.5133|DEBUG|OpenStation.MainForm.AddToPlayer|Locking player internal playlist
2012-01-07 17:58:07.5133|DEBUG|OpenStation.MainForm.AddToPlayer|Adding track Raf - Siamo Soli Nell'Immenso Vuoto Che C'è [00:05:22]to player playlist
2012-01-07 17:58:07.5133|DEBUG|OpenStation.MainForm.AddToPlayer|Bass StreamAddChannel: adding the track to the mixer in PAUSED mode, downmix to stereo, auto free the stream resource when ended
2012-01-07 17:58:07.5373|DEBUG|OpenStation.MainForm.AddToPlayer|Detecting start and end of current track
2012-01-07 17:58:07.5373|DEBUG|OpenStation.MainForm.SetTrackCuePoints|Rendering waveform for C:\DATI\SONGS\Nuovo Archivio\Raf - Siamo Soli Nell'Immenso Vuoto Che C'è.mp3
2012-01-07 17:58:09.3044|DEBUG|OpenStation.MainForm.SetTrackCuePoints|Synchronizing waveform position with playback channel
2012-01-07 17:58:09.3044|DEBUG|OpenStation.MainForm.SetTrackCuePoints|Bass GetCuePoints on current waveform: calculating Start and Mix point using default Db thresholds: -24.0 on start, -12.0 on end
2012-01-07 17:58:09.3044|DEBUG|OpenStation.MainForm.SetTrackCuePoints|Setting current track channel position to the calculated start position (17640)
2012-01-07 17:58:09.3044|DEBUG|OpenStation.MainForm.SetTrackToPosition|Bass ChannelLock: locking mixer
2012-01-07 17:58:09.3044|DEBUG|OpenStation.MainForm.SetTrackToPosition|Bass Mixer ChannelSetPosition: setting mixer or channel to the given position
2012-01-07 17:58:09.3044|DEBUG|OpenStation.MainForm.SetTrackToPosition|Calculating mixer position from source position
2012-01-07 17:58:09.3044|DEBUG|OpenStation.MainForm.SetTrackToPosition|Bass Mixer ChannelSetEnvelopePos: calculating envelope (it's a part of the playback volume)
2012-01-07 17:58:09.3044|DEBUG|OpenStation.MainForm.SetTrackToPosition|Bass ChannelLock: unlocking mixer
2012-01-07 17:58:09.3044|DEBUG|OpenStation.MainForm.AddToPlayer|Bass Mixer ChannelSetSync: setting a sync on end position of current track, calling TrackSync() method when it happens
2012-01-07 17:58:09.3204|DEBUG|OpenStation.MainForm.PlayTrack|Getting the waveform for current track
2012-01-07 17:58:09.3204|DEBUG|OpenStation.MainForm.GetWaveForm|Unzooming (display the whole wave form)
2012-01-07 17:58:09.3204|DEBUG|OpenStation.MainForm.GetWaveForm|Rendering the wave form for C:\DATI\SONGS\Nuovo Archivio\Rachid - Pride.mp3
2012-01-07 17:58:09.3554|DEBUG|OpenStation.MainForm.InitializeCrons|Creating trigger for AddNextDaySchedule
2012-01-07 17:58:09.3554|DEBUG|OpenStation.MainForm.InitializeCrons|Created trigger: ComLib.Scheduling.Trigger
2012-01-07 17:58:09.3554|DEBUG|OpenStation.MainForm.InitializeCrons|Task summary: ComLib.Scheduling.TaskSummary
2012-01-07 17:58:09.3554|DEBUG|OpenStation.MainForm.InitializeCrons|Check if scheduler is started: True
2012-01-07 17:58:09.3684|DEBUG|OpenStation.MainForm+<>c__DisplayClass1.<OnMixerStall>b__0|Mixer stalled
2012-01-07 17:58:09.3684|DEBUG|OpenStation.MainForm+<>c__DisplayClass1.<OnMixerStall>b__0|Stopping timerUpdate
2012-01-07 17:58:09.3684|DEBUG|OpenStation.MainForm+<>c__DisplayClass1.<OnMixerStall>b__0|Stopping EditorTimer
2012-01-07 17:58:09.3684|DEBUG|OpenStation.MainForm+<>c__DisplayClass1.<OnMixerStall>b__0|Setting progress Bars to 0
2012-01-07 17:58:09.3684|DEBUG|OpenStation.MainForm+<>c__DisplayClass1.<OnMixerStall>b__0|Mixer resumed
2012-01-07 17:58:09.3684|DEBUG|OpenStation.MainForm+<>c__DisplayClass1.<OnMixerStall>b__0|Re-starting timerUpdate
2012-01-07 17:58:09.3684|DEBUG|OpenStation.MainForm+<>c__DisplayClass1.<OnMixerStall>b__0|Re-starting EditorTimer
2012-01-07 17:58:10.9345|DEBUG|OpenStation.MainForm.MyWaveFormCallback|Drawing Waveform
2012-01-07 17:58:11.0665|DEBUG|OpenStation.MainForm.MyWaveFormCallback|Waveform is finished
2012-01-07 17:58:11.0665|DEBUG|OpenStation.MainForm.MyWaveFormCallback|Syncing UI Waveform to currentTrack channel
2012-01-07 17:58:11.0675|DEBUG|OpenStation.MainForm.MyWaveFormCallback|Getting Cue Points on track loaded on UI waveform
2012-01-07 17:58:11.0675|DEBUG|OpenStation.MainForm.MyWaveFormCallback|Setting currentTrack.NextTrackPos to calculated end position
2012-01-07 17:58:11.0675|DEBUG|OpenStation.MainForm.MyWaveFormCallback|Setting a sync with next track on the current track channel, sync on position or on mixtime
2012-01-07 17:58:11.0675|DEBUG|OpenStation.MainForm.MyWaveFormCallback|UI Waveform: adding Next marker at position 113128848
2012-01-07 17:58:11.0675|DEBUG|OpenStation.MainForm.MyWaveFormCallback|UI Waveform: adding Start marker at position 31752
2012-01-07 17:58:11.0675|DEBUG|OpenStation.MainForm.MyWaveFormCallback|Drawing Waveform
2012-01-07 18:03:27.9376|DEBUG|OpenStation.MainForm.OnTrackSync|Called a sync on track position
2012-01-07 18:03:27.9376|DEBUG|OpenStation.MainForm.PlayTrack|Locking playlist
2012-01-07 18:03:27.9376|DEBUG|OpenStation.MainForm.PlayTrack|Getting next track to play
2012-01-07 18:03:27.9376|DEBUG|OpenStation.MainForm.PlayTrack|Bass Mixer ChannelPlay: start playing current track: Oggi Un Dio Non Ho - Raf
2012-01-07 18:03:27.9376|DEBUG|OpenStation.MainForm.PlayTrack|Updating schedule
2012-01-07 18:03:27.9376|DEBUG|OpenStation.MainForm.UpdateSchedule|Finding ScheduleItem from CurrentTrack.ScheduleID (=290)
2012-01-07 18:03:27.9376|DEBUG|OpenStation.MainForm.UpdateSchedule|Coloring Row DataGridViewRow { Index=289 } to Green background
2012-01-07 18:03:27.9376|DEBUG|OpenStation.MainForm.UpdateSchedule|Coloring Row DataGridViewRow { Index=290 } to Yellow background
2012-01-07 18:03:27.9376|DEBUG|OpenStation.MainForm.UpdateSchedule|Coloring Row DataGridViewRow { Index=291 } to Yellow background
2012-01-07 18:03:27.9526|DEBUG|OpenStation.MainForm.UpdateSchedule|Uncoloring Row DataGridViewRow { Index=288 }
2012-01-07 18:03:27.9526|DEBUG|OpenStation.MainForm.AddToPlayer|Adding new ScheduleItem to Player internal playlist
2012-01-07 18:03:28.1456|DEBUG|OpenStation.MainForm.AddToPlayer|Locking player internal playlist
2012-01-07 18:03:28.1966|DEBUG|OpenStation.MainForm.AddToPlayer|Adding track Raf - Vita, Storie E Pensieri Di Un Alieno [00:04:36]to player playlist
2012-01-07 18:03:28.1966|DEBUG|OpenStation.MainForm.AddToPlayer|Bass StreamAddChannel: adding the track to the mixer in PAUSED mode, downmix to stereo, auto free the stream resource when ended
2012-01-07 18:03:28.1966|DEBUG|OpenStation.MainForm.AddToPlayer|Detecting start and end of current track
2012-01-07 18:03:28.2016|DEBUG|OpenStation.MainForm.SetTrackCuePoints|Rendering waveform for C:\DATI\SONGS\Nuovo Archivio\Raf - Vita, Storie E Pensieri Di Un Alieno.mp3
2012-01-07 18:03:29.8567|DEBUG|OpenStation.MainForm.SetTrackCuePoints|Synchronizing waveform position with playback channel
2012-01-07 18:03:29.8567|DEBUG|OpenStation.MainForm.SetTrackCuePoints|Bass GetCuePoints on current waveform: calculating Start and Mix point using default Db thresholds: -24.0 on start, -12.0 on end
2012-01-07 18:03:29.8567|DEBUG|OpenStation.MainForm.SetTrackCuePoints|Setting current track channel position to the calculated start position (10584)
2012-01-07 18:03:29.8567|DEBUG|OpenStation.MainForm.SetTrackToPosition|Bass ChannelLock: locking mixer
2012-01-07 18:03:29.8567|DEBUG|OpenStation.MainForm.SetTrackToPosition|Bass Mixer ChannelSetPosition: setting mixer or channel to the given position
2012-01-07 18:03:29.8567|DEBUG|OpenStation.MainForm.SetTrackToPosition|Calculating mixer position from source position
2012-01-07 18:03:29.8567|DEBUG|OpenStation.MainForm.SetTrackToPosition|Bass Mixer ChannelSetEnvelopePos: calculating envelope (it's a part of the playback volume)
2012-01-07 18:03:29.8567|DEBUG|OpenStation.MainForm.SetTrackToPosition|Bass ChannelLock: unlocking mixer
2012-01-07 18:03:29.8567|DEBUG|OpenStation.MainForm.AddToPlayer|Bass Mixer ChannelSetSync: setting a sync on end position of current track, calling TrackSync() method when it happens
2012-01-07 18:03:29.8567|DEBUG|OpenStation.MainForm.PlayTrack|Getting the waveform for current track
2012-01-07 18:03:29.8567|DEBUG|OpenStation.MainForm.GetWaveForm|Unzooming (display the whole wave form)
2012-01-07 18:03:29.8567|DEBUG|OpenStation.MainForm.GetWaveForm|Rendering the wave form for C:\DATI\SONGS\Nuovo Archivio\Raf - Oggi Un Dio Non Ho.mp3
2012-01-07 18:03:29.8817|DEBUG|OpenStation.MainForm.<OnTrackSync>b__4|Bass ChannelSlideAttributeFading out and stopping the 'previous' track (for 2 seconds)
2012-01-07 18:03:31.1968|DEBUG|OpenStation.MainForm.MyWaveFormCallback|Waveform is finished
2012-01-07 18:03:31.1968|DEBUG|OpenStation.MainForm.MyWaveFormCallback|Syncing UI Waveform to currentTrack channel
2012-01-07 18:03:31.1968|DEBUG|OpenStation.MainForm.MyWaveFormCallback|Getting Cue Points on track loaded on UI waveform
2012-01-07 18:03:31.1968|DEBUG|OpenStation.MainForm.MyWaveFormCallback|Setting currentTrack.NextTrackPos to calculated end position
2012-01-07 18:03:31.1968|DEBUG|OpenStation.MainForm.MyWaveFormCallback|Setting a sync with next track on the current track channel, sync on position or on mixtime
2012-01-07 18:03:31.1968|DEBUG|OpenStation.MainForm.MyWaveFormCallback|UI Waveform: adding Next marker at position 84135744
2012-01-07 18:03:31.1968|DEBUG|OpenStation.MainForm.MyWaveFormCallback|UI Waveform: adding Start marker at position 31752
2012-01-07 18:03:31.1968|DEBUG|OpenStation.MainForm.MyWaveFormCallback|Drawing Waveform
2012-01-07 18:06:53.3873|DEBUG|OpenStation.MainForm.<StopPlayer>b__9|Bass ChannelSlideAttribute: fade out and stop the current track - Raf - Oggi Un Dio Non Ho [00:04:08] - (for 2 seconds)
2012-01-07 18:06:55.6175|DEBUG|OpenStation.MainForm+<>c__DisplayClass1.<OnMixerStall>b__0|Mixer stalled
2012-01-07 18:06:55.6175|DEBUG|OpenStation.MainForm+<>c__DisplayClass1.<OnMixerStall>b__0|Stopping timerUpdate
2012-01-07 18:06:55.6175|DEBUG|OpenStation.MainForm+<>c__DisplayClass1.<OnMixerStall>b__0|Stopping EditorTimer
2012-01-07 18:06:55.6205|DEBUG|OpenStation.MainForm+<>c__DisplayClass1.<OnMixerStall>b__0|Setting progress Bars to 0
2012-01-07 18:10:17.1371|DEBUG|OpenStation.MainForm.Form_Load|************************Starting OpenPlayout ************************
2012-01-07 18:10:18.9155|DEBUG|OpenStation.MainForm.Form_Load|Initializing BASS
2012-01-07 18:10:19.0403|DEBUG|OpenStation.MainForm.Form_Load|Bass SetConfig, buffer = 200
2012-01-07 18:10:19.0403|DEBUG|OpenStation.MainForm.Form_Load|Bass SetConfig, updateperiod = 20
2012-01-07 18:10:19.0403|DEBUG|OpenStation.MainForm.Form_Load|Bass StreamCreate: Sample rate 44100, 2 channels, 32bit floating point output
2012-01-07 18:10:19.0559|DEBUG|OpenStation.MainForm.Form_Load|Bass ChannelSetSync (setting a synchronizer): default mixer, Sync on stall, default user instance
2012-01-07 18:10:19.0559|DEBUG|OpenStation.MainForm.Form_Load|timerUpdate started
2012-01-07 18:10:19.0559|DEBUG|OpenStation.MainForm.Form_Load|EditorTimer started
2012-01-07 18:10:19.0559|DEBUG|OpenStation.MainForm.Form_Load|Bass ChannelPlay started, don't restart playback from beginning
2012-01-07 18:10:19.0559|DEBUG|OpenStation.MainForm.Form_Load|Load song library from songs.xml
2012-01-07 18:10:19.0905|DEBUG|OpenStation.MainForm.LoadTodaySchedule|Loading Today Schedule
2012-01-07 18:10:19.1155|DEBUG|OpenStation.MainForm.LoadSchedule|Loading schedule for 07/01/2012 00:00:00 from file \Schedules\20120107.log
2012-01-07 18:10:19.2755|DEBUG|OpenStation.MainForm.LoadSchedule|Schedule for 07/01/2012 00:00:00 loaded successfully
2012-01-07 18:10:19.2755|DEBUG|OpenStation.MainForm.InitializePlayerFromSchedule|Loading next 2 events to play from current schedule at current time
2012-01-07 18:10:19.2805|DEBUG|OpenStation.MainForm.InitializePlayerFromSchedule|Adding ScheduleItem OpenStation.OpenStationDS+ScheduleRow to Player
2012-01-07 18:10:19.2805|DEBUG|OpenStation.MainForm.AddToPlayer|Adding new ScheduleItem to Player internal playlist
2012-01-07 18:10:19.3695|DEBUG|OpenStation.MainForm.AddToPlayer|Locking player internal playlist
2012-01-07 18:10:19.3735|DEBUG|OpenStation.MainForm.AddToPlayer|Adding track Renato Zero - Spiagge [00:04:16]to player playlist
2012-01-07 18:10:19.3735|DEBUG|OpenStation.MainForm.AddToPlayer|Bass StreamAddChannel: adding the track to the mixer in PAUSED mode, downmix to stereo, auto free the stream resource when ended
2012-01-07 18:10:19.3735|DEBUG|OpenStation.MainForm.AddToPlayer|Detecting start and end of current track
2012-01-07 18:10:19.3735|DEBUG|OpenStation.MainForm.SetTrackCuePoints|Rendering waveform for C:\DATI\SONGS\Nuovo Archivio\Renato Zero - Spiagge.mp3
2012-01-07 18:10:20.7836|DEBUG|OpenStation.MainForm.SetTrackCuePoints|Synchronizing waveform position with playback channel
2012-01-07 18:10:20.7836|DEBUG|OpenStation.MainForm.SetTrackCuePoints|Bass GetCuePoints on current waveform: calculating Start and Mix point using default Db thresholds: -24.0 on start, -12.0 on end
2012-01-07 18:10:20.7836|DEBUG|OpenStation.MainForm.SetTrackCuePoints|Setting current track channel position to the calculated start position (112896)
2012-01-07 18:10:20.7836|DEBUG|OpenStation.MainForm.SetTrackToPosition|Bass ChannelLock: locking mixer
2012-01-07 18:10:20.7836|DEBUG|OpenStation.MainForm.SetTrackToPosition|Bass Mixer ChannelSetPosition: setting mixer or channel to the given position
2012-01-07 18:10:20.7946|DEBUG|OpenStation.MainForm.SetTrackToPosition|Calculating mixer position from source position
2012-01-07 18:10:20.7946|DEBUG|OpenStation.MainForm.SetTrackToPosition|Bass Mixer ChannelSetEnvelopePos: calculating envelope (it's a part of the playback volume)
2012-01-07 18:10:20.7946|DEBUG|OpenStation.MainForm.SetTrackToPosition|Bass ChannelLock: unlocking mixer
2012-01-07 18:10:20.7946|DEBUG|OpenStation.MainForm.AddToPlayer|Bass Mixer ChannelSetSync: setting a sync on end position of current track, calling TrackSync() method when it happens
2012-01-07 18:10:20.7946|DEBUG|OpenStation.MainForm.InitializePlayerFromSchedule|Adding ScheduleItem OpenStation.OpenStationDS+ScheduleRow to Player
2012-01-07 18:10:20.7946|DEBUG|OpenStation.MainForm.AddToPlayer|Adding new ScheduleItem to Player internal playlist
2012-01-07 18:10:20.8336|DEBUG|OpenStation.MainForm.AddToPlayer|Locking player internal playlist
2012-01-07 18:10:20.8336|DEBUG|OpenStation.MainForm.AddToPlayer|Adding track Rihanna - Only Girl (In The World) [00:03:55]to player playlist
2012-01-07 18:10:20.8336|DEBUG|OpenStation.MainForm.AddToPlayer|Bass StreamAddChannel: adding the track to the mixer in PAUSED mode, downmix to stereo, auto free the stream resource when ended
2012-01-07 18:10:20.8336|DEBUG|OpenStation.MainForm.AddToPlayer|Detecting start and end of current track
2012-01-07 18:10:20.8336|DEBUG|OpenStation.MainForm.SetTrackCuePoints|Rendering waveform for C:\DATI\SONGS\Nuovo Archivio\Rihanna - Only Girl (In The World).mp3
2012-01-07 18:10:22.3487|DEBUG|OpenStation.MainForm.SetTrackCuePoints|Synchronizing waveform position with playback channel
2012-01-07 18:10:22.4597|DEBUG|OpenStation.MainForm.SetTrackCuePoints|Bass GetCuePoints on current waveform: calculating Start and Mix point using default Db thresholds: -24.0 on start, -12.0 on end
2012-01-07 18:10:22.4647|DEBUG|OpenStation.MainForm.SetTrackCuePoints|Setting current track channel position to the calculated start position (84672)
2012-01-07 18:10:22.4647|DEBUG|OpenStation.MainForm.SetTrackToPosition|Bass ChannelLock: locking mixer
2012-01-07 18:10:22.4807|DEBUG|OpenStation.MainForm.SetTrackToPosition|Bass Mixer ChannelSetPosition: setting mixer or channel to the given position
2012-01-07 18:10:22.4807|DEBUG|OpenStation.MainForm.SetTrackToPosition|Calculating mixer position from source position
2012-01-07 18:10:22.4807|DEBUG|OpenStation.MainForm.SetTrackToPosition|Bass Mixer ChannelSetEnvelopePos: calculating envelope (it's a part of the playback volume)
2012-01-07 18:10:22.4807|DEBUG|OpenStation.MainForm.SetTrackToPosition|Bass ChannelLock: unlocking mixer
2012-01-07 18:10:22.4947|DEBUG|OpenStation.MainForm.AddToPlayer|Bass Mixer ChannelSetSync: setting a sync on end position of current track, calling TrackSync() method when it happens
2012-01-07 18:10:22.4947|DEBUG|OpenStation.MainForm.InitializePlayerFromSchedule|Start player
2012-01-07 18:10:22.4947|DEBUG|OpenStation.MainForm.StartPlayer|Current track is null
2012-01-07 18:10:22.4947|DEBUG|OpenStation.MainForm.PlayTrack|Locking playlist
2012-01-07 18:10:22.4947|DEBUG|OpenStation.MainForm.PlayTrack|Getting next track to play
2012-01-07 18:10:22.4947|DEBUG|OpenStation.MainForm.PlayTrack|START PLAYING: Spiagge - Renato Zero
2012-01-07 18:10:22.4947|DEBUG|OpenStation.MainForm.PlayTrack|Updating schedule
2012-01-07 18:10:22.5097|DEBUG|OpenStation.MainForm.UpdateSchedule|Finding ScheduleItem from CurrentTrack.ScheduleID (=295)
2012-01-07 18:10:22.5097|DEBUG|OpenStation.MainForm.UpdateSchedule|Coloring Row DataGridViewTextBoxCell { ColumnIndex=1, RowIndex=294 } to Green background
2012-01-07 18:10:22.5097|DEBUG|OpenStation.MainForm.UpdateSchedule|Coloring Row DataGridViewTextBoxCell { ColumnIndex=1, RowIndex=295 } to Yellow background
2012-01-07 18:10:22.5097|DEBUG|OpenStation.MainForm.UpdateSchedule|Coloring Row DataGridViewTextBoxCell { ColumnIndex=1, RowIndex=296 } to Yellow background
2012-01-07 18:10:22.5097|DEBUG|OpenStation.MainForm.UpdateSchedule|Uncoloring Row DataGridViewTextBoxCell { ColumnIndex=1, RowIndex=293 }
2012-01-07 18:10:22.5097|DEBUG|OpenStation.MainForm.AddToPlayer|Adding new ScheduleItem to Player internal playlist
2012-01-07 18:10:22.6597|DEBUG|OpenStation.MainForm.AddToPlayer|Locking player internal playlist
2012-01-07 18:10:22.6597|DEBUG|OpenStation.MainForm.AddToPlayer|Adding track Rihanna feat. Drake - What's My Name [00:04:24]to player playlist
2012-01-07 18:10:22.6597|DEBUG|OpenStation.MainForm.AddToPlayer|Bass StreamAddChannel: adding the track to the mixer in PAUSED mode, downmix to stereo, auto free the stream resource when ended
2012-01-07 18:10:22.6597|DEBUG|OpenStation.MainForm.AddToPlayer|Detecting start and end of current track
2012-01-07 18:10:22.6597|DEBUG|OpenStation.MainForm.SetTrackCuePoints|Rendering waveform for C:\DATI\SONGS\Nuovo Archivio\Rihanna feat. Drake - What's My Name.mp3
2012-01-07 18:10:24.3408|DEBUG|OpenStation.MainForm.SetTrackCuePoints|Synchronizing waveform position with playback channel
2012-01-07 18:10:24.3408|DEBUG|OpenStation.MainForm.SetTrackCuePoints|Bass GetCuePoints on current waveform: calculating Start and Mix point using default Db thresholds: -24.0 on start, -12.0 on end
2012-01-07 18:10:24.3408|DEBUG|OpenStation.MainForm.SetTrackCuePoints|Setting current track channel position to the calculated start position (155232)
2012-01-07 18:10:24.3408|DEBUG|OpenStation.MainForm.SetTrackToPosition|Bass ChannelLock: locking mixer
2012-01-07 18:10:24.3408|DEBUG|OpenStation.MainForm.SetTrackToPosition|Bass Mixer ChannelSetPosition: setting mixer or channel to the given position
2012-01-07 18:10:24.3408|DEBUG|OpenStation.MainForm.SetTrackToPosition|Calculating mixer position from source position
2012-01-07 18:10:24.3498|DEBUG|OpenStation.MainForm.SetTrackToPosition|Bass Mixer ChannelSetEnvelopePos: calculating envelope (it's a part of the playback volume)
2012-01-07 18:10:24.3498|DEBUG|OpenStation.MainForm.SetTrackToPosition|Bass ChannelLock: unlocking mixer
2012-01-07 18:10:24.3498|DEBUG|OpenStation.MainForm.AddToPlayer|Bass Mixer ChannelSetSync: setting a sync on end position of current track, calling TrackSync() method when it happens
2012-01-07 18:10:24.3498|DEBUG|OpenStation.MainForm.PlayTrack|Getting the waveform for current track
2012-01-07 18:10:24.3498|DEBUG|OpenStation.MainForm.GetWaveForm|Unzooming (display the whole wave form)
2012-01-07 18:10:24.3498|DEBUG|OpenStation.MainForm.GetWaveForm|Rendering the wave form for C:\DATI\SONGS\Nuovo Archivio\Renato Zero - Spiagge.mp3
2012-01-07 18:10:24.3818|DEBUG|OpenStation.MainForm.InitializeCrons|Creating trigger for AddNextDaySchedule
2012-01-07 18:10:24.3818|DEBUG|OpenStation.MainForm.InitializeCrons|Created trigger: ComLib.Scheduling.Trigger
2012-01-07 18:10:24.3818|DEBUG|OpenStation.MainForm.InitializeCrons|Task summary: ComLib.Scheduling.TaskSummary
2012-01-07 18:10:24.3818|DEBUG|OpenStation.MainForm.InitializeCrons|Check if scheduler is started: True
2012-01-07 18:10:24.3818|DEBUG|OpenStation.MainForm+<>c__DisplayClass1.<OnMixerStall>b__0|Mixer stalled
2012-01-07 18:10:24.3968|DEBUG|OpenStation.MainForm+<>c__DisplayClass1.<OnMixerStall>b__0|Stopping timerUpdate
2012-01-07 18:10:24.3968|DEBUG|OpenStation.MainForm+<>c__DisplayClass1.<OnMixerStall>b__0|Stopping EditorTimer
2012-01-07 18:10:24.3968|DEBUG|OpenStation.MainForm+<>c__DisplayClass1.<OnMixerStall>b__0|Setting progress Bars to 0
2012-01-07 18:10:24.3968|DEBUG|OpenStation.MainForm+<>c__DisplayClass1.<OnMixerStall>b__0|Mixer resumed
2012-01-07 18:10:24.3968|DEBUG|OpenStation.MainForm+<>c__DisplayClass1.<OnMixerStall>b__0|Re-starting timerUpdate
2012-01-07 18:10:24.3968|DEBUG|OpenStation.MainForm+<>c__DisplayClass1.<OnMixerStall>b__0|Re-starting EditorTimer
2012-01-07 18:10:25.7739|DEBUG|OpenStation.MainForm.MyWaveFormCallback|Waveform is finished
2012-01-07 18:10:25.7739|DEBUG|OpenStation.MainForm.MyWaveFormCallback|Syncing UI Waveform to currentTrack channel
2012-01-07 18:10:25.7739|DEBUG|OpenStation.MainForm.MyWaveFormCallback|Getting Cue Points on track loaded on UI waveform
2012-01-07 18:10:25.7739|DEBUG|OpenStation.MainForm.MyWaveFormCallback|Setting currentTrack.NextTrackPos to calculated end position
2012-01-07 18:10:25.7739|DEBUG|OpenStation.MainForm.MyWaveFormCallback|Setting a sync with next track on the current track channel, sync on position or on mixtime
2012-01-07 18:10:25.7739|DEBUG|OpenStation.MainForm.MyWaveFormCallback|UI Waveform: adding Next marker at position 77725368
2012-01-07 18:10:25.7739|DEBUG|OpenStation.MainForm.MyWaveFormCallback|UI Waveform: adding Start marker at position 112896
2012-01-07 18:10:25.7739|DEBUG|OpenStation.MainForm.MyWaveFormCallback|Drawing Waveform
2012-01-07 18:11:23.3665|DEBUG|OpenStation.MainForm.Form_Load|************************Starting OpenPlayout ************************
2012-01-07 18:11:23.3835|DEBUG|OpenStation.MainForm.Form_Load|Initializing BASS
2012-01-07 18:11:23.4995|DEBUG|OpenStation.MainForm.Form_Load|Bass SetConfig, buffer = 200
2012-01-07 18:11:23.4995|DEBUG|OpenStation.MainForm.Form_Load|Bass SetConfig, updateperiod = 20
2012-01-07 18:11:23.4995|DEBUG|OpenStation.MainForm.Form_Load|Bass StreamCreate: Sample rate 44100, 2 channels, 32bit floating point output
2012-01-07 18:11:23.5115|DEBUG|OpenStation.MainForm.Form_Load|Bass ChannelSetSync (setting a synchronizer): default mixer, Sync on stall, default user instance
2012-01-07 18:11:23.5115|DEBUG|OpenStation.MainForm.Form_Load|timerUpdate started
2012-01-07 18:11:23.5115|DEBUG|OpenStation.MainForm.Form_Load|EditorTimer started
2012-01-07 18:11:23.5115|DEBUG|OpenStation.MainForm.Form_Load|Bass ChannelPlay started, don't restart playback from beginning
2012-01-07 18:11:23.5115|DEBUG|OpenStation.MainForm.Form_Load|Load song library from songs.xml
2012-01-07 18:11:23.5415|DEBUG|OpenStation.MainForm.LoadTodaySchedule|Loading Today Schedule
2012-01-07 18:11:23.5675|DEBUG|OpenStation.MainForm.LoadSchedule|Loading schedule for 07/01/2012 00:00:00 from file \Schedules\20120107.log
2012-01-07 18:11:23.7255|DEBUG|OpenStation.MainForm.LoadSchedule|Schedule for 07/01/2012 00:00:00 loaded successfully
2012-01-07 18:11:23.7255|DEBUG|OpenStation.MainForm.InitializePlayerFromSchedule|Loading next 2 events to play from current schedule at current time
2012-01-07 18:11:23.7255|DEBUG|OpenStation.MainForm.InitializePlayerFromSchedule|Adding ScheduleItem OpenStation.OpenStationDS+ScheduleRow to Player
2012-01-07 18:11:23.7255|DEBUG|OpenStation.MainForm.AddToPlayer|Adding new ScheduleItem to Player internal playlist
2012-01-07 18:11:23.8325|DEBUG|OpenStation.MainForm.AddToPlayer|Locking player internal playlist
2012-01-07 18:11:23.8335|DEBUG|OpenStation.MainForm.AddToPlayer|Adding track Renato Zero - Spiagge [00:04:16]to player playlist
2012-01-07 18:11:23.8335|DEBUG|OpenStation.MainForm.AddToPlayer|Bass StreamAddChannel: adding the track to the mixer in PAUSED mode, downmix to stereo, auto free the stream resource when ended
2012-01-07 18:11:23.8335|DEBUG|OpenStation.MainForm.AddToPlayer|Detecting start and end of current track
2012-01-07 18:11:23.8335|DEBUG|OpenStation.MainForm.SetTrackCuePoints|Rendering waveform for C:\DATI\SONGS\Nuovo Archivio\Renato Zero - Spiagge.mp3
2012-01-07 18:11:25.2456|DEBUG|OpenStation.MainForm.SetTrackCuePoints|Synchronizing waveform position with playback channel
2012-01-07 18:11:25.2456|DEBUG|OpenStation.MainForm.SetTrackCuePoints|Bass GetCuePoints on current waveform: calculating Start and Mix point using default Db thresholds: -24.0 on start, -12.0 on end
2012-01-07 18:11:25.2456|DEBUG|OpenStation.MainForm.SetTrackCuePoints|Setting current track channel position to the calculated start position (112896)
2012-01-07 18:11:25.2526|DEBUG|OpenStation.MainForm.SetTrackToPosition|Bass ChannelLock: locking mixer
2012-01-07 18:11:25.2526|DEBUG|OpenStation.MainForm.SetTrackToPosition|Bass Mixer ChannelSetPosition: setting mixer or channel to the given position
2012-01-07 18:11:25.2526|DEBUG|OpenStation.MainForm.SetTrackToPosition|Calculating mixer position from source position
2012-01-07 18:11:25.2526|DEBUG|OpenStation.MainForm.SetTrackToPosition|Bass Mixer ChannelSetEnvelopePos: calculating envelope (it's a part of the playback volume)
2012-01-07 18:11:25.2526|DEBUG|OpenStation.MainForm.SetTrackToPosition|Bass ChannelLock: unlocking mixer
2012-01-07 18:11:25.2526|DEBUG|OpenStation.MainForm.AddToPlayer|Bass Mixer ChannelSetSync: setting a sync on end position of current track, calling TrackSync() method when it happens
2012-01-07 18:11:25.2526|DEBUG|OpenStation.MainForm.InitializePlayerFromSchedule|Adding ScheduleItem OpenStation.OpenStationDS+ScheduleRow to Player
2012-01-07 18:11:25.2526|DEBUG|OpenStation.MainForm.AddToPlayer|Adding new ScheduleItem to Player internal playlist
2012-01-07 18:11:25.2976|DEBUG|OpenStation.MainForm.AddToPlayer|Locking player internal playlist
2012-01-07 18:11:25.2976|DEBUG|OpenStation.MainForm.AddToPlayer|Adding track Rihanna - Only Girl (In The World) [00:03:55]to player playlist
2012-01-07 18:11:25.2996|DEBUG|OpenStation.MainForm.AddToPlayer|Bass StreamAddChannel: adding the track to the mixer in PAUSED mode, downmix to stereo, auto free the stream resource when ended
2012-01-07 18:11:25.2996|DEBUG|OpenStation.MainForm.AddToPlayer|Detecting start and end of current track
2012-01-07 18:11:25.2996|DEBUG|OpenStation.MainForm.SetTrackCuePoints|Rendering waveform for C:\DATI\SONGS\Nuovo Archivio\Rihanna - Only Girl (In The World).mp3
2012-01-07 18:11:26.7887|DEBUG|OpenStation.MainForm.SetTrackCuePoints|Synchronizing waveform position with playback channel
2012-01-07 18:11:26.7887|DEBUG|OpenStation.MainForm.SetTrackCuePoints|Bass GetCuePoints on current waveform: calculating Start and Mix point using default Db thresholds: -24.0 on start, -12.0 on end
2012-01-07 18:11:26.7887|DEBUG|OpenStation.MainForm.SetTrackCuePoints|Setting current track channel position to the calculated start position (84672)
2012-01-07 18:11:26.7887|DEBUG|OpenStation.MainForm.SetTrackToPosition|Bass ChannelLock: locking mixer
2012-01-07 18:11:26.7887|DEBUG|OpenStation.MainForm.SetTrackToPosition|Bass Mixer ChannelSetPosition: setting mixer or channel to the given position
2012-01-07 18:11:26.7887|DEBUG|OpenStation.MainForm.SetTrackToPosition|Calculating mixer position from source position
2012-01-07 18:11:26.7977|DEBUG|OpenStation.MainForm.SetTrackToPosition|Bass Mixer ChannelSetEnvelopePos: calculating envelope (it's a part of the playback volume)
2012-01-07 18:11:26.7977|DEBUG|OpenStation.MainForm.SetTrackToPosition|Bass ChannelLock: unlocking mixer
2012-01-07 18:11:26.7977|DEBUG|OpenStation.MainForm.AddToPlayer|Bass Mixer ChannelSetSync: setting a sync on end position of current track, calling TrackSync() method when it happens
2012-01-07 18:11:26.7977|DEBUG|OpenStation.MainForm.InitializePlayerFromSchedule|Start player
2012-01-07 18:11:26.7977|DEBUG|OpenStation.MainForm.StartPlayer|Current track is null
2012-01-07 18:11:26.7977|DEBUG|OpenStation.MainForm.PlayTrack|Locking playlist
2012-01-07 18:11:26.7977|DEBUG|OpenStation.MainForm.PlayTrack|Getting next track to play
2012-01-07 18:11:26.7977|DEBUG|OpenStation.MainForm.PlayTrack|START PLAYING: Spiagge - Renato Zero
2012-01-07 18:11:26.7977|DEBUG|OpenStation.MainForm.PlayTrack|Updating schedule
2012-01-07 18:11:26.7977|DEBUG|OpenStation.MainForm.UpdateSchedule|Finding ScheduleItem from CurrentTrack.ScheduleID (=295)
2012-01-07 18:12:02.4830|DEBUG|OpenStation.MainForm.Form_Load|************************Starting OpenPlayout ************************
2012-01-07 18:12:02.5142|DEBUG|OpenStation.MainForm.Form_Load|Initializing BASS
2012-01-07 18:12:02.6390|DEBUG|OpenStation.MainForm.Form_Load|Bass SetConfig, buffer = 200
2012-01-07 18:12:02.6390|DEBUG|OpenStation.MainForm.Form_Load|Bass SetConfig, updateperiod = 20
2012-01-07 18:12:02.6546|DEBUG|OpenStation.MainForm.Form_Load|Bass StreamCreate: Sample rate 44100, 2 channels, 32bit floating point output
2012-01-07 18:12:02.6546|DEBUG|OpenStation.MainForm.Form_Load|Bass ChannelSetSync (setting a synchronizer): default mixer, Sync on stall, default user instance
2012-01-07 18:12:02.6546|DEBUG|OpenStation.MainForm.Form_Load|timerUpdate started
2012-01-07 18:12:02.6712|DEBUG|OpenStation.MainForm.Form_Load|EditorTimer started
2012-01-07 18:12:02.6802|DEBUG|OpenStation.MainForm.Form_Load|Bass ChannelPlay started, don't restart playback from beginning
2012-01-07 18:12:02.6802|DEBUG|OpenStation.MainForm.Form_Load|Load song library from songs.xml
2012-01-07 18:12:02.7072|DEBUG|OpenStation.MainForm.LoadTodaySchedule|Loading Today Schedule
2012-01-07 18:12:02.7372|DEBUG|OpenStation.MainForm.LoadSchedule|Loading schedule for 07/01/2012 00:00:00 from file \Schedules\20120107.log
2012-01-07 18:12:02.9512|DEBUG|OpenStation.MainForm.LoadSchedule|Schedule for 07/01/2012 00:00:00 loaded successfully
2012-01-07 18:12:02.9512|DEBUG|OpenStation.MainForm.InitializePlayerFromSchedule|Loading next 2 events to play from current schedule at current time
2012-01-07 18:12:02.9512|DEBUG|OpenStation.MainForm.InitializePlayerFromSchedule|Adding ScheduleItem OpenStation.OpenStationDS+ScheduleRow to Player
2012-01-07 18:12:02.9512|DEBUG|OpenStation.MainForm.AddToPlayer|Adding new ScheduleItem to Player internal playlist
2012-01-07 18:12:03.0202|DEBUG|OpenStation.MainForm.AddToPlayer|Locking player internal playlist
2012-01-07 18:12:03.0212|DEBUG|OpenStation.MainForm.AddToPlayer|Adding track Rihanna feat. Drake - What's My Name [00:04:24]to player playlist
2012-01-07 18:12:03.0212|DEBUG|OpenStation.MainForm.AddToPlayer|Bass StreamAddChannel: adding the track to the mixer in PAUSED mode, downmix to stereo, auto free the stream resource when ended
2012-01-07 18:12:03.0212|DEBUG|OpenStation.MainForm.AddToPlayer|Detecting start and end of current track
2012-01-07 18:12:03.0212|DEBUG|OpenStation.MainForm.SetTrackCuePoints|Rendering waveform for C:\DATI\SONGS\Nuovo Archivio\Rihanna feat. Drake - What's My Name.mp3
2012-01-07 18:12:04.7963|DEBUG|OpenStation.MainForm.SetTrackCuePoints|Synchronizing waveform position with playback channel
2012-01-07 18:12:04.7963|DEBUG|OpenStation.MainForm.SetTrackCuePoints|Bass GetCuePoints on current waveform: calculating Start and Mix point using default Db thresholds: -24.0 on start, -12.0 on end
2012-01-07 18:12:04.7993|DEBUG|OpenStation.MainForm.SetTrackCuePoints|Setting current track channel position to the calculated start position (155232)
2012-01-07 18:12:04.7993|DEBUG|OpenStation.MainForm.SetTrackToPosition|Bass ChannelLock: locking mixer
2012-01-07 18:12:04.7993|DEBUG|OpenStation.MainForm.SetTrackToPosition|Bass Mixer ChannelSetPosition: setting mixer or channel to the given position
2012-01-07 18:12:04.7993|DEBUG|OpenStation.MainForm.SetTrackToPosition|Calculating mixer position from source position
2012-01-07 18:12:04.7993|DEBUG|OpenStation.MainForm.SetTrackToPosition|Bass Mixer ChannelSetEnvelopePos: calculating envelope (it's a part of the playback volume)
2012-01-07 18:12:04.7993|DEBUG|OpenStation.MainForm.SetTrackToPosition|Bass ChannelLock: unlocking mixer
2012-01-07 18:12:04.7993|DEBUG|OpenStation.MainForm.AddToPlayer|Bass Mixer ChannelSetSync: setting a sync on end position of current track, calling TrackSync() method when it happens
2012-01-07 18:12:04.7993|DEBUG|OpenStation.MainForm.InitializePlayerFromSchedule|Adding ScheduleItem OpenStation.OpenStationDS+ScheduleRow to Player
2012-01-07 18:12:04.7993|DEBUG|OpenStation.MainForm.AddToPlayer|Adding new ScheduleItem to Player internal playlist
2012-01-07 18:12:05.0003|DEBUG|OpenStation.MainForm.AddToPlayer|Locking player internal playlist
2012-01-07 18:12:05.0003|DEBUG|OpenStation.MainForm.AddToPlayer|Adding track Samuele Bersani - Cattiva [00:04:23]to player playlist
2012-01-07 18:12:05.0023|DEBUG|OpenStation.MainForm.AddToPlayer|Bass StreamAddChannel: adding the track to the mixer in PAUSED mode, downmix to stereo, auto free the stream resource when ended
2012-01-07 18:12:05.0023|DEBUG|OpenStation.MainForm.AddToPlayer|Detecting start and end of current track
2012-01-07 18:12:05.0023|DEBUG|OpenStation.MainForm.SetTrackCuePoints|Rendering waveform for C:\DATI\SONGS\Nuovo Archivio\Samuele Bersani - Cattiva.mp3
2012-01-07 18:12:06.4044|DEBUG|OpenStation.MainForm.SetTrackCuePoints|Synchronizing waveform position with playback channel
2012-01-07 18:12:06.4064|DEBUG|OpenStation.MainForm.SetTrackCuePoints|Bass GetCuePoints on current waveform: calculating Start and Mix point using default Db thresholds: -24.0 on start, -12.0 on end
2012-01-07 18:12:06.4064|DEBUG|OpenStation.MainForm.SetTrackCuePoints|Setting current track channel position to the calculated start position (21168)
2012-01-07 18:12:06.4064|DEBUG|OpenStation.MainForm.SetTrackToPosition|Bass ChannelLock: locking mixer
2012-01-07 18:12:06.4064|DEBUG|OpenStation.MainForm.SetTrackToPosition|Bass Mixer ChannelSetPosition: setting mixer or channel to the given position
2012-01-07 18:12:06.4064|DEBUG|OpenStation.MainForm.SetTrackToPosition|Calculating mixer position from source position
2012-01-07 18:12:06.4064|DEBUG|OpenStation.MainForm.SetTrackToPosition|Bass Mixer ChannelSetEnvelopePos: calculating envelope (it's a part of the playback volume)
2012-01-07 18:12:06.4064|DEBUG|OpenStation.MainForm.SetTrackToPosition|Bass ChannelLock: unlocking mixer
2012-01-07 18:12:06.4064|DEBUG|OpenStation.MainForm.AddToPlayer|Bass Mixer ChannelSetSync: setting a sync on end position of current track, calling TrackSync() method when it happens
2012-01-07 18:12:06.4064|DEBUG|OpenStation.MainForm.InitializePlayerFromSchedule|Start player
2012-01-07 18:12:06.4064|DEBUG|OpenStation.MainForm.StartPlayer|Current track is null
2012-01-07 18:12:06.4064|DEBUG|OpenStation.MainForm.PlayTrack|Locking playlist
2012-01-07 18:12:06.4064|DEBUG|OpenStation.MainForm.PlayTrack|Getting next track to play
2012-01-07 18:12:06.4064|DEBUG|OpenStation.MainForm.PlayTrack|START PLAYING: What's My Name - Rihanna feat. Drake
2012-01-07 18:12:06.4294|DEBUG|OpenStation.MainForm.PlayTrack|Updating schedule
2012-01-07 18:12:06.4374|DEBUG|OpenStation.MainForm.UpdateSchedule|Finding ScheduleItem from CurrentTrack.ScheduleID (=297)
2012-01-07 18:12:09.6616|DEBUG|OpenStation.MainForm.UpdateSchedule|Coloring Row RIHANNA FEAT. DRAKE - WHAT'S MY NAME to Green background
2012-01-07 18:12:09.6616|DEBUG|OpenStation.MainForm.UpdateSchedule|Coloring Row SAMUELE BERSANI - CATTIVA to Yellow background
2012-01-07 18:12:09.6666|DEBUG|OpenStation.MainForm.UpdateSchedule|Coloring Row SAMUELE BERSANI - CHE VITA to Yellow background
2012-01-07 18:12:09.6666|DEBUG|OpenStation.MainForm.UpdateSchedule|Uncoloring Row DataGridViewTextBoxCell { ColumnIndex=1, RowIndex=295 }
2012-01-07 18:12:09.6666|DEBUG|OpenStation.MainForm.AddToPlayer|Adding new ScheduleItem to Player internal playlist
2012-01-07 18:12:09.7786|DEBUG|OpenStation.MainForm.AddToPlayer|Locking player internal playlist
2012-01-07 18:12:09.7786|DEBUG|OpenStation.MainForm.AddToPlayer|Adding track Samuele Bersani - Che vita [00:04:21]to player playlist
2012-01-07 18:12:09.7786|DEBUG|OpenStation.MainForm.AddToPlayer|Bass StreamAddChannel: adding the track to the mixer in PAUSED mode, downmix to stereo, auto free the stream resource when ended
2012-01-07 18:12:09.7786|DEBUG|OpenStation.MainForm.AddToPlayer|Detecting start and end of current track
2012-01-07 18:12:09.7786|DEBUG|OpenStation.MainForm.SetTrackCuePoints|Rendering waveform for C:\DATI\SONGS\Nuovo Archivio\Samuele Bersani - Che vita.mp3
2012-01-07 18:12:11.1887|DEBUG|OpenStation.MainForm.SetTrackCuePoints|Synchronizing waveform position with playback channel
2012-01-07 18:12:11.1887|DEBUG|OpenStation.MainForm.SetTrackCuePoints|Bass GetCuePoints on current waveform: calculating Start and Mix point using default Db thresholds: -24.0 on start, -12.0 on end
2012-01-07 18:12:11.1887|DEBUG|OpenStation.MainForm.SetTrackCuePoints|Setting current track channel position to the calculated start position (17640)
2012-01-07 18:12:11.1957|DEBUG|OpenStation.MainForm.SetTrackToPosition|Bass ChannelLock: locking mixer
2012-01-07 18:12:11.1957|DEBUG|OpenStation.MainForm.SetTrackToPosition|Bass Mixer ChannelSetPosition: setting mixer or channel to the given position
2012-01-07 18:12:11.1957|DEBUG|OpenStation.MainForm.SetTrackToPosition|Calculating mixer position from source position
2012-01-07 18:12:11.1957|DEBUG|OpenStation.MainForm.SetTrackToPosition|Bass Mixer ChannelSetEnvelopePos: calculating envelope (it's a part of the playback volume)
2012-01-07 18:12:11.1957|DEBUG|OpenStation.MainForm.SetTrackToPosition|Bass ChannelLock: unlocking mixer
2012-01-07 18:12:11.1957|DEBUG|OpenStation.MainForm.AddToPlayer|Bass Mixer ChannelSetSync: setting a sync on end position of current track, calling TrackSync() method when it happens
2012-01-07 18:12:11.1957|DEBUG|OpenStation.MainForm.PlayTrack|Getting the waveform for current track
2012-01-07 18:12:11.1957|DEBUG|OpenStation.MainForm.GetWaveForm|Unzooming (display the whole wave form)
2012-01-07 18:12:11.2127|DEBUG|OpenStation.MainForm.GetWaveForm|Rendering the wave form for C:\DATI\SONGS\Nuovo Archivio\Rihanna feat. Drake - What's My Name.mp3
2012-01-07 18:12:11.2477|DEBUG|OpenStation.MainForm.InitializeCrons|Creating trigger for AddNextDaySchedule
2012-01-07 18:12:11.2477|DEBUG|OpenStation.MainForm.InitializeCrons|Created trigger: ComLib.Scheduling.Trigger
2012-01-07 18:12:11.2477|DEBUG|OpenStation.MainForm.InitializeCrons|Task summary: ComLib.Scheduling.TaskSummary
2012-01-07 18:12:11.2577|DEBUG|OpenStation.MainForm.InitializeCrons|Check if scheduler is started: True
2012-01-07 18:12:11.2577|DEBUG|OpenStation.MainForm+<>c__DisplayClass1.<OnMixerStall>b__0|Mixer stalled
2012-01-07 18:12:11.2577|DEBUG|OpenStation.MainForm+<>c__DisplayClass1.<OnMixerStall>b__0|Stopping timerUpdate
2012-01-07 18:12:11.2577|DEBUG|OpenStation.MainForm+<>c__DisplayClass1.<OnMixerStall>b__0|Stopping EditorTimer
2012-01-07 18:12:11.2577|DEBUG|OpenStation.MainForm+<>c__DisplayClass1.<OnMixerStall>b__0|Setting progress Bars to 0
2012-01-07 18:12:11.2747|DEBUG|OpenStation.MainForm+<>c__DisplayClass1.<OnMixerStall>b__0|Mixer resumed
2012-01-07 18:12:11.2747|DEBUG|OpenStation.MainForm+<>c__DisplayClass1.<OnMixerStall>b__0|Re-starting timerUpdate
2012-01-07 18:12:11.2747|DEBUG|OpenStation.MainForm+<>c__DisplayClass1.<OnMixerStall>b__0|Re-starting EditorTimer
2012-01-07 18:12:11.2747|DEBUG|OpenStation.MainForm+<>c__DisplayClass1.<OnMixerStall>b__0|Mixer stalled
2012-01-07 18:12:11.2747|DEBUG|OpenStation.MainForm+<>c__DisplayClass1.<OnMixerStall>b__0|Stopping timerUpdate
2012-01-07 18:12:11.2887|DEBUG|OpenStation.MainForm+<>c__DisplayClass1.<OnMixerStall>b__0|Stopping EditorTimer
2012-01-07 18:12:11.2887|DEBUG|OpenStation.MainForm+<>c__DisplayClass1.<OnMixerStall>b__0|Setting progress Bars to 0
2012-01-07 18:12:11.2887|DEBUG|OpenStation.MainForm+<>c__DisplayClass1.<OnMixerStall>b__0|Mixer resumed
2012-01-07 18:12:11.2887|DEBUG|OpenStation.MainForm+<>c__DisplayClass1.<OnMixerStall>b__0|Re-starting timerUpdate
2012-01-07 18:12:11.2887|DEBUG|OpenStation.MainForm+<>c__DisplayClass1.<OnMixerStall>b__0|Re-starting EditorTimer
2012-01-07 18:12:12.9038|DEBUG|OpenStation.MainForm.MyWaveFormCallback|Waveform is finished
2012-01-07 18:12:12.9038|DEBUG|OpenStation.MainForm.MyWaveFormCallback|Syncing UI Waveform to currentTrack channel
2012-01-07 18:12:12.9038|DEBUG|OpenStation.MainForm.MyWaveFormCallback|Getting Cue Points on track loaded on UI waveform
2012-01-07 18:12:12.9118|DEBUG|OpenStation.MainForm.MyWaveFormCallback|Setting currentTrack.NextTrackPos to calculated end position
2012-01-07 18:12:12.9118|DEBUG|OpenStation.MainForm.MyWaveFormCallback|Setting a sync with next track on the current track channel, sync on position or on mixtime
2012-01-07 18:12:12.9118|DEBUG|OpenStation.MainForm.MyWaveFormCallback|UI Waveform: adding Next marker at position 91911456
2012-01-07 18:12:12.9118|DEBUG|OpenStation.MainForm.MyWaveFormCallback|UI Waveform: adding Start marker at position 155232
2012-01-07 18:12:12.9118|DEBUG|OpenStation.MainForm.MyWaveFormCallback|Drawing Waveform
