2012-01-15 17:07:22.0153|DEBUG|OpenStation.MainForm.Form_Load|************************Starting OpenPlayout ************************
2012-01-15 17:07:22.1503|DEBUG|OpenStation.MainForm.Form_Load|Initializing BASS
2012-01-15 17:07:23.5984|DEBUG|OpenStation.MainForm.Form_Load|Bass SetConfig, buffer = 200
2012-01-15 17:07:23.5984|DEBUG|OpenStation.MainForm.Form_Load|Bass SetConfig, updateperiod = 20
2012-01-15 17:07:23.6554|DEBUG|OpenStation.MainForm.Form_Load|Bass StreamCreate: Sample rate 44100, 2 channels, 32bit floating point output
2012-01-15 17:07:24.4054|DEBUG|OpenStation.MainForm.Form_Load|Bass ChannelSetSync (setting a synchronizer): default mixer, Sync on stall, default user instance
2012-01-15 17:07:24.4264|DEBUG|OpenStation.MainForm.Form_Load|timerUpdate started
2012-01-15 17:07:24.4264|DEBUG|OpenStation.MainForm.Form_Load|EditorTimer started
2012-01-15 17:07:24.4264|DEBUG|OpenStation.MainForm.Form_Load|Bass ChannelPlay started, don't restart playback from beginning
2012-01-15 17:07:24.4264|DEBUG|OpenStation.MainForm.Form_Load|Load song library from songs.xml
2012-01-15 17:07:24.4704|DEBUG|OpenStation.MainForm.LoadTodaySchedule|Today Schedule (\Schedules\20120115.log) not found, do nothing
2012-01-15 17:07:24.5564|DEBUG|OpenStation.MainForm.InitializeCrons|Creating trigger for AddNextDaySchedule
2012-01-15 17:07:24.5674|DEBUG|OpenStation.MainForm.InitializeCrons|Created trigger: ComLib.Scheduling.Trigger
2012-01-15 17:07:24.5894|DEBUG|OpenStation.MainForm.InitializeCrons|Task summary: ComLib.Scheduling.TaskSummary
2012-01-15 17:07:24.5894|DEBUG|OpenStation.MainForm.InitializeCrons|Check if scheduler is started: True
2012-01-15 17:07:24.6414|DEBUG|OpenStation.MainForm+<>c__DisplayClass1.<OnMixerStall>b__0|Mixer stalled
2012-01-15 17:07:24.6414|DEBUG|OpenStation.MainForm+<>c__DisplayClass1.<OnMixerStall>b__0|Stopping timerUpdate
2012-01-15 17:07:24.6414|DEBUG|OpenStation.MainForm+<>c__DisplayClass1.<OnMixerStall>b__0|Stopping EditorTimer
2012-01-15 17:07:24.6414|DEBUG|OpenStation.MainForm+<>c__DisplayClass1.<OnMixerStall>b__0|Setting progress Bars to 0
2012-01-15 17:07:35.9751|DEBUG|OpenStation.MainForm.Simple_Closing|Closing Bass
2012-01-15 17:07:36.0151|DEBUG|OpenStation.MainForm.MainForm_FormClosing|Quitting OpenPlayout
