00:00:00|AmphiBiox sogg.2|\\support02\Users\Public\ZettaFolder\Media\2\2186~AmphiBiox sogg.2.mp3
00:00:33|Onda Geox jingle 01|\\support02\Users\Public\ZettaFolder\Media\2\2191~Onda Geox jingle 01.mp3
00:00:44|He Is|\\support02\Users\Public\ZettaFolder\Media\0\266~13 He Is.mp3
00:05:05|Onda Geox jingle 07|\\support02\Users\Public\ZettaFolder\Media\2\2197~Onda Geox jingle 07.mp3
00:05:11|Love Ballad|\\support02\Users\Public\ZettaFolder\Media\2\2033~Love Ballad.mp3
00:09:24|Onda Geox jingle 06|\\support02\Users\Public\ZettaFolder\Media\2\2196~Onda Geox jingle 06.mp3
00:09:30|Return Of The Mack|\\support02\Users\Public\ZettaFolder\Media\2\2070~Return Of The Mack.mp3
00:14:02|Onda Geox jingle 07|\\support02\Users\Public\ZettaFolder\Media\2\2197~Onda Geox jingle 07.mp3
00:14:08|Most Beautiful Girl In The World|\\support02\Users\Public\ZettaFolder\Media\0\254~10 Most Beautiful Girl In The World.mp3
00:18:01|Benefeet sogg.1|\\support02\Users\Public\ZettaFolder\Media\2\2189~Benefeet sogg.1.mp3
00:18:41|Onda Geox jingle 02|\\support02\Users\Public\ZettaFolder\Media\2\2192~Onda Geox jingle 02.mp3
00:18:52|Lost|\\support02\Users\Public\ZettaFolder\Media\2\2032~Lost.mp3
00:22:30|Onda Geox jingle 07|\\support02\Users\Public\ZettaFolder\Media\2\2197~Onda Geox jingle 07.mp3
00:22:36|Hold You Tight|\\support02\Users\Public\ZettaFolder\Media\0\258~11 Hold You Tight.mp3
00:26:23|Onda Geox jingle 06|\\support02\Users\Public\ZettaFolder\Media\2\2196~Onda Geox jingle 06.mp3
00:26:29|Do You Want|\\support02\Users\Public\ZettaFolder\Media\2\2159~Co Co Lee - Do you want.mp3
00:30:21|Onda Geox jingle 07|\\support02\Users\Public\ZettaFolder\Media\2\2197~Onda Geox jingle 07.mp3
00:30:27|I Don't Wanna Lose You|\\support02\Users\Public\ZettaFolder\Media\1\1894~I Don't Wanna Lose You.mp3
00:34:45|AmphiBiox sogg.4|\\support02\Users\Public\ZettaFolder\Media\2\2188~AmphiBiox sogg.4.mp3
00:35:23|Onda Geox jingle 03|\\support02\Users\Public\ZettaFolder\Media\2\2193~Onda Geox jingle 03.mp3
00:35:34|You Mean The World To Me|\\support02\Users\Public\ZettaFolder\Media\1\1985~13 You Mean The World To Me.mp3
00:39:29|Onda Geox jingle 07|\\support02\Users\Public\ZettaFolder\Media\2\2197~Onda Geox jingle 07.mp3
00:39:35|Happy People|\\support02\Users\Public\ZettaFolder\Media\1\1889~Happy People.mp3
00:43:56|Onda Geox jingle 06|\\support02\Users\Public\ZettaFolder\Media\2\2196~Onda Geox jingle 06.mp3
00:44:02|Don't You Worry 'Bout A Thing|\\support02\Users\Public\ZettaFolder\Media\1\1875~Don't You Worry 'Bout A Thing.mp3
00:49:19|Onda Geox jingle 07|\\support02\Users\Public\ZettaFolder\Media\2\2197~Onda Geox jingle 07.mp3
00:49:25|Could I Have This Kiss Forever|\\support02\Users\Public\ZettaFolder\Media\2\2181~Whitney Houston [+] Enrique Iglesias - Could I have this kiss forever.mp3
00:53:22|Benefeet sogg.2|\\support02\Users\Public\ZettaFolder\Media\2\2190~Benefeet sogg.2.mp3
00:53:56|Onda Geox jingle 04|\\support02\Users\Public\ZettaFolder\Media\2\2194~Onda Geox jingle 04.mp3
00:54:07|Come Back To Me|\\support02\Users\Public\ZettaFolder\Media\1\1996~Come Back To Me.mp3
00:59:06|Onda Geox jingle 07|\\support02\Users\Public\ZettaFolder\Media\2\2197~Onda Geox jingle 07.mp3
00:59:12|Summer Sun|\\support02\Users\Public\ZettaFolder\Media\2\2100~Summer Sun.mp3
01:00:00|AmphiBiox sogg.3|\\support02\Users\Public\ZettaFolder\Media\2\2187~AmphiBiox sogg.3.mp3
01:00:37|Onda Geox jingle 05|\\support02\Users\Public\ZettaFolder\Media\2\2195~Onda Geox jingle 05.mp3
01:00:50|Sunshine|\\support02\Users\Public\ZettaFolder\Media\2\2102~Sunshine.mp3
01:04:51|Onda Geox jingle 07|\\support02\Users\Public\ZettaFolder\Media\2\2197~Onda Geox jingle 07.mp3
01:04:57|Spiritual Love|\\support02\Users\Public\ZettaFolder\Media\2\2095~Spiritual Love.mp3
01:07:42|Onda Geox jingle 06|\\support02\Users\Public\ZettaFolder\Media\2\2196~Onda Geox jingle 06.mp3
01:07:48|Dance And Shout|\\support02\Users\Public\ZettaFolder\Media\2\2179~Shaggy - Dance and shout.mp3
01:11:01|Onda Geox jingle 07|\\support02\Users\Public\ZettaFolder\Media\2\2197~Onda Geox jingle 07.mp3
01:11:07|Crazy|\\support02\Users\Public\ZettaFolder\Media\1\1998~Crazy.mp3
01:14:05|Benefeet sogg.1|\\support02\Users\Public\ZettaFolder\Media\2\2189~Benefeet sogg.1.mp3
01:14:45|Onda Geox jingle 01|\\support02\Users\Public\ZettaFolder\Media\2\2191~Onda Geox jingle 01.mp3
01:14:56|Float On|\\support02\Users\Public\ZettaFolder\Media\1\1883~Float On.mp3
01:19:03|Onda Geox jingle 07|\\support02\Users\Public\ZettaFolder\Media\2\2197~Onda Geox jingle 07.mp3
01:19:09|I'm Ready|\\support02\Users\Public\ZettaFolder\Media\0\278~15 I'm Ready.mp3
01:23:49|Onda Geox jingle 06|\\support02\Users\Public\ZettaFolder\Media\2\2196~Onda Geox jingle 06.mp3
01:23:55|Cosmic Girl|\\support02\Users\Public\ZettaFolder\Media\1\1997~Cosmic Girl.mp3
01:27:55|Onda Geox jingle 07|\\support02\Users\Public\ZettaFolder\Media\2\2197~Onda Geox jingle 07.mp3
01:28:01|This Is What You Are|\\support02\Users\Public\ZettaFolder\Media\2\2116~This Is What You Are.mp3
01:32:22|AmphiBiox sogg.1|\\support02\Users\Public\ZettaFolder\Media\2\2185~AmphiBiox sogg.1.mp3
01:32:58|Onda Geox jingle 02|\\support02\Users\Public\ZettaFolder\Media\2\2192~Onda Geox jingle 02.mp3
01:33:09|Say You Love Me|\\support02\Users\Public\ZettaFolder\Media\2\2078~Say You Love Me.mp3
01:36:49|Onda Geox jingle 07|\\support02\Users\Public\ZettaFolder\Media\2\2197~Onda Geox jingle 07.mp3
01:36:55|Rock Wit' Cha|\\support02\Users\Public\ZettaFolder\Media\0\217~04 Bobby Brown _ Rock Wit' Cha.mp3
01:41:21|Onda Geox jingle 06|\\support02\Users\Public\ZettaFolder\Media\2\2196~Onda Geox jingle 06.mp3
01:41:27|Onda Geox jingle 07|\\support02\Users\Public\ZettaFolder\Media\2\2197~Onda Geox jingle 07.mp3
01:41:33|Breakout|\\support02\Users\Public\ZettaFolder\Media\1\1992~Breakout.mp3
01:45:15|Benefeet sogg.2|\\support02\Users\Public\ZettaFolder\Media\2\2190~Benefeet sogg.2.mp3
01:45:49|Onda Geox jingle 03|\\support02\Users\Public\ZettaFolder\Media\2\2193~Onda Geox jingle 03.mp3
01:46:00|You Are Not Alone|\\support02\Users\Public\ZettaFolder\Media\1\1981~04 You Are Not Alone.mp3
01:50:32|Onda Geox jingle 07|\\support02\Users\Public\ZettaFolder\Media\2\2197~Onda Geox jingle 07.mp3
01:50:38|Don't Love You No More (I'm Sorry)|\\support02\Users\Public\ZettaFolder\Media\1\1872~Don't Love You No More (I'm Sorry).mp3
01:54:43|Onda Geox jingle 06|\\support02\Users\Public\ZettaFolder\Media\2\2196~Onda Geox jingle 06.mp3
01:54:49|Survivor|\\support02\Users\Public\ZettaFolder\Media\2\2104~Survivor.mp3
01:58:48|Onda Geox jingle 07|\\support02\Users\Public\ZettaFolder\Media\2\2197~Onda Geox jingle 07.mp3
01:58:54|Joy|\\support02\Users\Public\ZettaFolder\Media\2\2019~Joy.mp3
02:00:00|AmphiBiox sogg.2|\\support02\Users\Public\ZettaFolder\Media\2\2186~AmphiBiox sogg.2.mp3
02:00:33|Onda Geox jingle 04|\\support02\Users\Public\ZettaFolder\Media\2\2194~Onda Geox jingle 04.mp3
02:00:44|Anything|\\support02\Users\Public\ZettaFolder\Media\2\2149~3T - Anything.mp3
02:06:05|Onda Geox jingle 07|\\support02\Users\Public\ZettaFolder\Media\2\2197~Onda Geox jingle 07.mp3
02:06:11|World Looking In|\\support02\Users\Public\ZettaFolder\Media\2\2182~Morcheeba -  World Looking In.mp3
02:09:40|Onda Geox jingle 06|\\support02\Users\Public\ZettaFolder\Media\2\2196~Onda Geox jingle 06.mp3
02:09:46|Emotions|\\support02\Users\Public\ZettaFolder\Media\1\1877~Emotions.mp3
02:13:52|Onda Geox jingle 07|\\support02\Users\Public\ZettaFolder\Media\2\2197~Onda Geox jingle 07.mp3
02:13:58|Porcelain|\\support02\Users\Public\ZettaFolder\Media\2\2174~Moby - Porcelain.mp3
02:18:00|Benefeet sogg.1|\\support02\Users\Public\ZettaFolder\Media\2\2189~Benefeet sogg.1.mp3
02:18:40|Onda Geox jingle 05|\\support02\Users\Public\ZettaFolder\Media\2\2195~Onda Geox jingle 05.mp3
02:18:53|Not Gon' Cry|\\support02\Users\Public\ZettaFolder\Media\0\242~07 Not Gon' Cry.mp3
02:23:51|Onda Geox jingle 07|\\support02\Users\Public\ZettaFolder\Media\2\2197~Onda Geox jingle 07.mp3
02:23:57|Get It On Tonight|\\support02\Users\Public\ZettaFolder\Media\2\2176~Montell Jordan - Get it on tonight.mp3
02:27:30|Onda Geox jingle 06|\\support02\Users\Public\ZettaFolder\Media\2\2196~Onda Geox jingle 06.mp3
02:27:36|Control|\\support02\Users\Public\ZettaFolder\Media\0\203~01 Janet Jackson - Control.mp3
02:31:08|Onda Geox jingle 07|\\support02\Users\Public\ZettaFolder\Media\2\2197~Onda Geox jingle 07.mp3
02:31:14|You Gotta Be|\\support02\Users\Public\ZettaFolder\Media\1\1982~05 You Gotta Be.mp3
02:35:17|AmphiBiox sogg.4|\\support02\Users\Public\ZettaFolder\Media\2\2188~AmphiBiox sogg.4.mp3
02:35:55|Onda Geox jingle 01|\\support02\Users\Public\ZettaFolder\Media\2\2191~Onda Geox jingle 01.mp3
02:36:06|If You Asked Me To|\\support02\Users\Public\ZettaFolder\Media\0\271~14 If You Asked Me To.mp3
02:39:56|Onda Geox jingle 07|\\support02\Users\Public\ZettaFolder\Media\2\2197~Onda Geox jingle 07.mp3
02:40:02|Shackless|\\support02\Users\Public\ZettaFolder\Media\2\2171~Mary Mary - Shackless.mp3
02:43:15|Onda Geox jingle 06|\\support02\Users\Public\ZettaFolder\Media\2\2196~Onda Geox jingle 06.mp3
02:43:21|I'll Be Waiting|\\support02\Users\Public\ZettaFolder\Media\1\1899~I'll Be Waiting.mp3
02:47:10|Onda Geox jingle 07|\\support02\Users\Public\ZettaFolder\Media\2\2197~Onda Geox jingle 07.mp3
02:47:16|High|\\support02\Users\Public\ZettaFolder\Media\2\2008~High.mp3
02:51:27|Benefeet sogg.2|\\support02\Users\Public\ZettaFolder\Media\2\2190~Benefeet sogg.2.mp3
02:52:01|Onda Geox jingle 02|\\support02\Users\Public\ZettaFolder\Media\2\2192~Onda Geox jingle 02.mp3
02:52:12|Givin' You The Best That I Got|\\support02\Users\Public\ZettaFolder\Media\1\1886~Givin' You The Best That I Got.mp3
02:56:24|Onda Geox jingle 07|\\support02\Users\Public\ZettaFolder\Media\2\2197~Onda Geox jingle 07.mp3
02:56:30|Livin' It Up|\\support02\Users\Public\ZettaFolder\Media\2\2031~Livin' It Up.mp3
03:00:32|Onda Geox jingle 06|\\support02\Users\Public\ZettaFolder\Media\2\2196~Onda Geox jingle 06.mp3
03:00:38|MEN IN BLACK|\\support02\Users\Public\ZettaFolder\Media\2\2042~Men In Black.mp3
03:00:00|AmphiBiox sogg.3|\\support02\Users\Public\ZettaFolder\Media\2\2187~AmphiBiox sogg.3.mp3
03:00:37|Onda Geox jingle 03|\\support02\Users\Public\ZettaFolder\Media\2\2193~Onda Geox jingle 03.mp3
03:00:48|Foolish|\\support02\Users\Public\ZettaFolder\Media\2\2156~Ashanti - Foolish.mp3
03:04:39|Onda Geox jingle 07|\\support02\Users\Public\ZettaFolder\Media\2\2197~Onda Geox jingle 07.mp3
03:04:45|Love... Thy Will Be Done|\\support02\Users\Public\ZettaFolder\Media\2\2038~Love...Thy Will Be Done.mp3
03:08:54|Onda Geox jingle 06|\\support02\Users\Public\ZettaFolder\Media\2\2196~Onda Geox jingle 06.mp3
03:09:00|Criticize|\\support02\Users\Public\ZettaFolder\Media\1\1999~Criticize.mp3
03:13:04|Onda Geox jingle 07|\\support02\Users\Public\ZettaFolder\Media\2\2197~Onda Geox jingle 07.mp3
03:13:10|Snow on the Sahara|\\support02\Users\Public\ZettaFolder\Media\2\2088~Snow on The Sahara.mp3
03:17:22|Benefeet sogg.1|\\support02\Users\Public\ZettaFolder\Media\2\2189~Benefeet sogg.1.mp3
03:18:02|Onda Geox jingle 04|\\support02\Users\Public\ZettaFolder\Media\2\2194~Onda Geox jingle 04.mp3
03:18:13|I Wish I Wasn't|\\support02\Users\Public\ZettaFolder\Media\0\277~15 I Wish I Wasn't.mp3
03:22:30|Onda Geox jingle 07|\\support02\Users\Public\ZettaFolder\Media\2\2197~Onda Geox jingle 07.mp3
03:22:36|My One Temptation|\\support02\Users\Public\ZettaFolder\Media\2\2049~My One Temptation.mp3
03:26:19|Onda Geox jingle 06|\\support02\Users\Public\ZettaFolder\Media\2\2196~Onda Geox jingle 06.mp3
03:26:25|Love Like This|\\support02\Users\Public\ZettaFolder\Media\2\2164~Faith Evans - Love like this.mp3
03:30:26|Onda Geox jingle 07|\\support02\Users\Public\ZettaFolder\Media\2\2197~Onda Geox jingle 07.mp3
03:30:32|Lovely Day|\\support02\Users\Public\ZettaFolder\Media\2\2039~Lovely Day.mp3
03:34:39|AmphiBiox sogg.1|\\support02\Users\Public\ZettaFolder\Media\2\2185~AmphiBiox sogg.1.mp3
03:35:15|Onda Geox jingle 05|\\support02\Users\Public\ZettaFolder\Media\2\2195~Onda Geox jingle 05.mp3
03:35:28|Beautiful|\\support02\Users\Public\ZettaFolder\Media\1\1989~Beautiful.mp3
03:39:26|Onda Geox jingle 07|\\support02\Users\Public\ZettaFolder\Media\2\2197~Onda Geox jingle 07.mp3
03:39:32|Turn On, Tune In, Cop Oout|\\support02\Users\Public\ZettaFolder\Media\2\2119~Turn On, Tune In, Cop Out.mp3
03:43:50|Onda Geox jingle 06|\\support02\Users\Public\ZettaFolder\Media\2\2196~Onda Geox jingle 06.mp3
03:43:56|If I Told You That|\\support02\Users\Public\ZettaFolder\Media\1\1901~If I Told You That.mp3
03:47:36|Onda Geox jingle 07|\\support02\Users\Public\ZettaFolder\Media\2\2197~Onda Geox jingle 07.mp3
03:47:42|Flashback|\\support02\Users\Public\ZettaFolder\Media\1\1882~Flashback.mp3
03:51:19|Benefeet sogg.2|\\support02\Users\Public\ZettaFolder\Media\2\2190~Benefeet sogg.2.mp3
03:51:53|Onda Geox jingle 01|\\support02\Users\Public\ZettaFolder\Media\2\2191~Onda Geox jingle 01.mp3
03:52:04|Holding Back The Years|\\support02\Users\Public\ZettaFolder\Media\0\219~04 Holding Back The Years.mp3
03:56:25|Onda Geox jingle 07|\\support02\Users\Public\ZettaFolder\Media\2\2197~Onda Geox jingle 07.mp3
03:56:31|Sexy Love|\\support02\Users\Public\ZettaFolder\Media\2\2082~Sexy Love.mp3
04:00:06|Onda Geox jingle 06|\\support02\Users\Public\ZettaFolder\Media\2\2196~Onda Geox jingle 06.mp3
04:00:12|The Real Thing|\\support02\Users\Public\ZettaFolder\Media\2\2114~The Real Thing.mp3
04:00:00|AmphiBiox sogg.2|\\support02\Users\Public\ZettaFolder\Media\2\2186~AmphiBiox sogg.2.mp3
04:00:33|Onda Geox jingle 02|\\support02\Users\Public\ZettaFolder\Media\2\2192~Onda Geox jingle 02.mp3
04:00:44|Heaven Sent You [Album Version]|\\support02\Users\Public\ZettaFolder\Media\0\218~04 Heaven Sent You [Album Version].mp3
04:06:44|Onda Geox jingle 07|\\support02\Users\Public\ZettaFolder\Media\2\2197~Onda Geox jingle 07.mp3
04:06:50|You Remind Me|\\support02\Users\Public\ZettaFolder\Media\2\2135~You Remind Me.mp3
04:11:00|Onda Geox jingle 06|\\support02\Users\Public\ZettaFolder\Media\2\2196~Onda Geox jingle 06.mp3
04:11:06|Love Foolosophy|\\support02\Users\Public\ZettaFolder\Media\2\2034~Love Foolosophy.mp3
04:14:50|Onda Geox jingle 07|\\support02\Users\Public\ZettaFolder\Media\2\2197~Onda Geox jingle 07.mp3
04:14:56|Fantasy|\\support02\Users\Public\ZettaFolder\Media\0\265~13 Fantasy.mp3
04:19:00|Benefeet sogg.1|\\support02\Users\Public\ZettaFolder\Media\2\2189~Benefeet sogg.1.mp3
04:19:40|Onda Geox jingle 03|\\support02\Users\Public\ZettaFolder\Media\2\2193~Onda Geox jingle 03.mp3
04:19:51|On Bended Knee|\\support02\Users\Public\ZettaFolder\Media\0\250~09 On Bended Knee.mp3
04:24:10|Onda Geox jingle 07|\\support02\Users\Public\ZettaFolder\Media\2\2197~Onda Geox jingle 07.mp3
04:24:16|Hangin' On A String (Contemplating)|\\support02\Users\Public\ZettaFolder\Media\1\1888~Hangin' On A String (Contemplating).mp3
04:30:08|Onda Geox jingle 06|\\support02\Users\Public\ZettaFolder\Media\2\2196~Onda Geox jingle 06.mp3
04:30:14|Everyday|\\support02\Users\Public\ZettaFolder\Media\2\2001~Everyday.mp3
04:34:59|Onda Geox jingle 07|\\support02\Users\Public\ZettaFolder\Media\2\2197~Onda Geox jingle 07.mp3
04:35:05|Une Histoire D'Amoure|\\support02\Users\Public\ZettaFolder\Media\2\2121~Une Histoire D'Amoure.mp3
04:39:01|AmphiBiox sogg.4|\\support02\Users\Public\ZettaFolder\Media\2\2188~AmphiBiox sogg.4.mp3
04:39:39|Onda Geox jingle 04|\\support02\Users\Public\ZettaFolder\Media\2\2194~Onda Geox jingle 04.mp3
04:39:50|Stay With Me|\\support02\Users\Public\ZettaFolder\Media\0\282~17 One More Chance _ Stay With Me.mp3
04:44:04|Onda Geox jingle 07|\\support02\Users\Public\ZettaFolder\Media\2\2197~Onda Geox jingle 07.mp3
04:44:10|Love x Love|\\support02\Users\Public\ZettaFolder\Media\2\2037~Love x Love.mp3
04:48:52|Onda Geox jingle 06|\\support02\Users\Public\ZettaFolder\Media\2\2196~Onda Geox jingle 06.mp3
04:48:58|She's Got That Vibe|\\support02\Users\Public\ZettaFolder\Media\0\228~05 She's Got That Vibe.mp3
04:52:53|Onda Geox jingle 07|\\support02\Users\Public\ZettaFolder\Media\2\2197~Onda Geox jingle 07.mp3
04:52:59|No One|\\support02\Users\Public\ZettaFolder\Media\0\222~04 No One.mp3
04:57:12|Benefeet sogg.2|\\support02\Users\Public\ZettaFolder\Media\2\2190~Benefeet sogg.2.mp3
04:57:46|Onda Geox jingle 05|\\support02\Users\Public\ZettaFolder\Media\2\2195~Onda Geox jingle 05.mp3
04:57:59|One More Chance|\\support02\Users\Public\ZettaFolder\Media\2\2058~One More Chance.mp3
05:00:00|AmphiBiox sogg.3|\\support02\Users\Public\ZettaFolder\Media\2\2187~AmphiBiox sogg.3.mp3
05:00:37|Onda Geox jingle 01|\\support02\Users\Public\ZettaFolder\Media\2\2191~Onda Geox jingle 01.mp3
05:00:48|If You Asked Me To|\\support02\Users\Public\ZettaFolder\Media\1\1902~If You Ask Me To.mp3
05:04:41|Onda Geox jingle 07|\\support02\Users\Public\ZettaFolder\Media\2\2197~Onda Geox jingle 07.mp3
05:04:47|Creep|\\support02\Users\Public\ZettaFolder\Media\1\1868~Creep.mp3
05:09:05|Onda Geox jingle 06|\\support02\Users\Public\ZettaFolder\Media\2\2196~Onda Geox jingle 06.mp3
05:09:11|Kiss|\\support02\Users\Public\ZettaFolder\Media\2\2025~Kiss.mp3
05:12:48|Onda Geox jingle 07|\\support02\Users\Public\ZettaFolder\Media\2\2197~Onda Geox jingle 07.mp3
05:12:54|Everything is gonna be allright|\\support02\Users\Public\ZettaFolder\Media\2\2147~Sweetbox - Everything is gonna be allright.mp3
05:16:09|Benefeet sogg.1|\\support02\Users\Public\ZettaFolder\Media\2\2189~Benefeet sogg.1.mp3
05:16:49|Onda Geox jingle 02|\\support02\Users\Public\ZettaFolder\Media\2\2192~Onda Geox jingle 02.mp3
05:17:00|If You Were Here Tonight|\\support02\Users\Public\ZettaFolder\Media\2\2013~If You Were Here Tonight.mp3
05:20:40|Onda Geox jingle 07|\\support02\Users\Public\ZettaFolder\Media\2\2197~Onda Geox jingle 07.mp3
05:20:46|Circle Of One|\\support02\Users\Public\ZettaFolder\Media\1\1862~Circle Of One.mp3
05:24:32|Onda Geox jingle 06|\\support02\Users\Public\ZettaFolder\Media\2\2196~Onda Geox jingle 06.mp3
05:24:38|All For You|\\support02\Users\Public\ZettaFolder\Media\1\1580~All For You.mp3
05:28:32|Onda Geox jingle 07|\\support02\Users\Public\ZettaFolder\Media\2\2197~Onda Geox jingle 07.mp3
05:28:38|I Still haven't Found What I am Looking For|\\support02\Users\Public\ZettaFolder\Media\1\1896~I Still Haven't Found What I'm Looki.mp3
05:34:11|AmphiBiox sogg.1|\\support02\Users\Public\ZettaFolder\Media\2\2185~AmphiBiox sogg.1.mp3
05:34:47|Onda Geox jingle 03|\\support02\Users\Public\ZettaFolder\Media\2\2193~Onda Geox jingle 03.mp3
05:34:58|We Belong Together|\\support02\Users\Public\ZettaFolder\Media\2\2127~We Belong Together.mp3
05:38:18|Onda Geox jingle 07|\\support02\Users\Public\ZettaFolder\Media\2\2197~Onda Geox jingle 07.mp3
05:38:24|Outstanding|\\support02\Users\Public\ZettaFolder\Media\2\2061~Outstanding.mp3
05:43:34|Onda Geox jingle 06|\\support02\Users\Public\ZettaFolder\Media\2\2196~Onda Geox jingle 06.mp3
05:43:40|Work (Freemasons Radio Edit)|\\support02\Users\Public\ZettaFolder\Media\0\207~01 Work (Freemasons Radio Edit).mp3
05:46:52|Onda Geox jingle 07|\\support02\Users\Public\ZettaFolder\Media\2\2197~Onda Geox jingle 07.mp3
05:46:58|Keep On Movin'|\\support02\Users\Public\ZettaFolder\Media\2\2024~Keep On Movin'.mp3
05:50:33|Benefeet sogg.2|\\support02\Users\Public\ZettaFolder\Media\2\2190~Benefeet sogg.2.mp3
05:51:07|Onda Geox jingle 04|\\support02\Users\Public\ZettaFolder\Media\2\2194~Onda Geox jingle 04.mp3
05:51:18|Beauty And The Beast|\\support02\Users\Public\ZettaFolder\Media\0\262~13 Beauty And The Beast.mp3
05:54:51|Onda Geox jingle 07|\\support02\Users\Public\ZettaFolder\Media\2\2197~Onda Geox jingle 07.mp3
05:54:57|U Remind Me|\\support02\Users\Public\ZettaFolder\Media\2\2120~U Remind Me.mp3
06:00:00|AmphiBiox sogg.2|\\support02\Users\Public\ZettaFolder\Media\2\2186~AmphiBiox sogg.2.mp3
06:00:33|Onda Geox jingle 05|\\support02\Users\Public\ZettaFolder\Media\2\2195~Onda Geox jingle 05.mp3
06:00:46|Un-Break My Heart (Album)|\\support02\Users\Public\ZettaFolder\Media\0\223~04 Un-Break My Heart (Album).mp3
06:05:16|Onda Geox jingle 07|\\support02\Users\Public\ZettaFolder\Media\2\2197~Onda Geox jingle 07.mp3
06:05:22|Right To Be Wrong|\\support02\Users\Public\ZettaFolder\Media\2\2073~Right To Be Wrong.mp3
06:09:22|Onda Geox jingle 06|\\support02\Users\Public\ZettaFolder\Media\2\2196~Onda Geox jingle 06.mp3
06:09:28|Romantic|\\support02\Users\Public\ZettaFolder\Media\0\204~01 Romantic.mp3
06:13:34|Onda Geox jingle 07|\\support02\Users\Public\ZettaFolder\Media\2\2197~Onda Geox jingle 07.mp3
06:13:40|Nightshift|\\support02\Users\Public\ZettaFolder\Media\0\235~06 Nightshift.mp3
06:17:59|Benefeet sogg.1|\\support02\Users\Public\ZettaFolder\Media\2\2189~Benefeet sogg.1.mp3
06:18:39|Onda Geox jingle 01|\\support02\Users\Public\ZettaFolder\Media\2\2191~Onda Geox jingle 01.mp3
06:18:50|He Is|\\support02\Users\Public\ZettaFolder\Media\0\266~13 He Is.mp3
06:23:11|Onda Geox jingle 07|\\support02\Users\Public\ZettaFolder\Media\2\2197~Onda Geox jingle 07.mp3
06:23:17|Show Me|\\support02\Users\Public\ZettaFolder\Media\2\2161~Dana Dawson - Show me.mp3
06:27:05|Onda Geox jingle 06|\\support02\Users\Public\ZettaFolder\Media\2\2196~Onda Geox jingle 06.mp3
06:27:11|Remember The Time|\\support02\Users\Public\ZettaFolder\Media\2\2069~Remember The Time.mp3
06:31:09|Onda Geox jingle 07|\\support02\Users\Public\ZettaFolder\Media\2\2197~Onda Geox jingle 07.mp3
06:31:15|Friends|\\support02\Users\Public\ZettaFolder\Media\1\1885~Friends.mp3
06:35:37|AmphiBiox sogg.4|\\support02\Users\Public\ZettaFolder\Media\2\2188~AmphiBiox sogg.4.mp3
06:36:15|Onda Geox jingle 02|\\support02\Users\Public\ZettaFolder\Media\2\2192~Onda Geox jingle 02.mp3
06:36:26|Just Because|\\support02\Users\Public\ZettaFolder\Media\2\2022~Just Because.mp3
06:41:34|Onda Geox jingle 07|\\support02\Users\Public\ZettaFolder\Media\2\2197~Onda Geox jingle 07.mp3
06:41:40|A Foggy Day (In London Town)|\\support02\Users\Public\ZettaFolder\Media\1\1575~A Foggy Day (In London Town).mp3
06:44:12|Onda Geox jingle 06|\\support02\Users\Public\ZettaFolder\Media\2\2196~Onda Geox jingle 06.mp3
06:44:18|Riding On A Train|\\support02\Users\Public\ZettaFolder\Media\2\2072~Riding On A Train.mp3
06:49:35|Onda Geox jingle 07|\\support02\Users\Public\ZettaFolder\Media\2\2197~Onda Geox jingle 07.mp3
06:49:41|Ain't Nobody|\\support02\Users\Public\ZettaFolder\Media\1\1578~Ain't Nobody.mp3
06:54:14|Benefeet sogg.2|\\support02\Users\Public\ZettaFolder\Media\2\2190~Benefeet sogg.2.mp3
06:54:48|Onda Geox jingle 03|\\support02\Users\Public\ZettaFolder\Media\2\2193~Onda Geox jingle 03.mp3
06:54:59|Anything For You|\\support02\Users\Public\ZettaFolder\Media\1\1782~Anything For You.mp3
06:58:31|Onda Geox jingle 07|\\support02\Users\Public\ZettaFolder\Media\2\2197~Onda Geox jingle 07.mp3
06:58:37|Power Of Love|\\support02\Users\Public\ZettaFolder\Media\2\2063~Power Of Love.mp3
07:00:00|AmphiBiox sogg.3|\\support02\Users\Public\ZettaFolder\Media\2\2187~AmphiBiox sogg.3.mp3
07:00:37|Onda Geox jingle 04|\\support02\Users\Public\ZettaFolder\Media\2\2194~Onda Geox jingle 04.mp3
07:00:48|Secret Lovers|\\support02\Users\Public\ZettaFolder\Media\2\2079~Secret Lovers.mp3
07:06:12|Onda Geox jingle 07|\\support02\Users\Public\ZettaFolder\Media\2\2197~Onda Geox jingle 07.mp3
07:06:18|You Don't Miss Your Water ('Til The Well Runs Dry)|\\support02\Users\Public\ZettaFolder\Media\1\1984~06 You Don't Miss Your Water ('Til T.mp3
07:11:38|Onda Geox jingle 06|\\support02\Users\Public\ZettaFolder\Media\2\2196~Onda Geox jingle 06.mp3
07:11:44|I Love Your Smile|\\support02\Users\Public\ZettaFolder\Media\2\2144~Shanice - I love your smile.mp3
07:16:05|Onda Geox jingle 07|\\support02\Users\Public\ZettaFolder\Media\2\2197~Onda Geox jingle 07.mp3
07:16:11|Finally Made Me Happy|\\support02\Users\Public\ZettaFolder\Media\1\1881~Finally Made Me Happy.mp3
07:19:20|Benefeet sogg.1|\\support02\Users\Public\ZettaFolder\Media\2\2189~Benefeet sogg.1.mp3
07:20:00|Onda Geox jingle 05|\\support02\Users\Public\ZettaFolder\Media\2\2195~Onda Geox jingle 05.mp3
07:20:13|Save The Best For Last|\\support02\Users\Public\ZettaFolder\Media\0\251~09 Save The Best For Last.mp3
07:23:53|Onda Geox jingle 07|\\support02\Users\Public\ZettaFolder\Media\2\2197~Onda Geox jingle 07.mp3
07:23:59|Skeletons|\\support02\Users\Public\ZettaFolder\Media\2\2086~Skeletons.mp3
07:29:22|Onda Geox jingle 06|\\support02\Users\Public\ZettaFolder\Media\2\2196~Onda Geox jingle 06.mp3
07:29:28|Don't Stop The Music|\\support02\Users\Public\ZettaFolder\Media\1\1873~Don't Stop The Music.mp3
07:33:31|Onda Geox jingle 07|\\support02\Users\Public\ZettaFolder\Media\2\2197~Onda Geox jingle 07.mp3
07:33:37|Feel So High|\\support02\Users\Public\ZettaFolder\Media\2\2002~Feel So High.mp3
07:37:28|AmphiBiox sogg.1|\\support02\Users\Public\ZettaFolder\Media\2\2185~AmphiBiox sogg.1.mp3
07:38:04|Onda Geox jingle 01|\\support02\Users\Public\ZettaFolder\Media\2\2191~Onda Geox jingle 01.mp3
07:38:15|Against All Odds|\\support02\Users\Public\ZettaFolder\Media\1\1577~Against All Odds.mp3
07:41:37|Onda Geox jingle 07|\\support02\Users\Public\ZettaFolder\Media\2\2197~Onda Geox jingle 07.mp3
07:41:43|Thank You|\\support02\Users\Public\ZettaFolder\Media\0\205~01 Thank You.mp3
07:46:18|Onda Geox jingle 06|\\support02\Users\Public\ZettaFolder\Media\2\2196~Onda Geox jingle 06.mp3
07:46:24|If You Had My Love|\\support02\Users\Public\ZettaFolder\Media\2\2012~If You Had My Love.mp3
07:50:10|Onda Geox jingle 07|\\support02\Users\Public\ZettaFolder\Media\2\2197~Onda Geox jingle 07.mp3
07:50:16|It's Not Right But It's Okay|\\support02\Users\Public\ZettaFolder\Media\2\2139~It's Not Right But It's Okay_1.mp3
07:54:52|Benefeet sogg.2|\\support02\Users\Public\ZettaFolder\Media\2\2190~Benefeet sogg.2.mp3
07:55:26|Onda Geox jingle 02|\\support02\Users\Public\ZettaFolder\Media\2\2192~Onda Geox jingle 02.mp3
07:55:37|A Broken Heart Can Mend|\\support02\Users\Public\ZettaFolder\Media\1\1573~A Broken Heart Can Mend.mp3
07:59:15|Onda Geox jingle 07|\\support02\Users\Public\ZettaFolder\Media\2\2197~Onda Geox jingle 07.mp3
07:59:21|Jump To It|\\support02\Users\Public\ZettaFolder\Media\2\2020~Jump To It.mp3
08:00:00|AmphiBiox sogg.2|\\support02\Users\Public\ZettaFolder\Media\2\2186~AmphiBiox sogg.2.mp3
08:00:33|Onda Geox jingle 03|\\support02\Users\Public\ZettaFolder\Media\2\2193~Onda Geox jingle 03.mp3
08:00:44|Foolish|\\support02\Users\Public\ZettaFolder\Media\2\2156~Ashanti - Foolish.mp3
08:04:35|Onda Geox jingle 07|\\support02\Users\Public\ZettaFolder\Media\2\2197~Onda Geox jingle 07.mp3
08:04:41|Inside Love|\\support02\Users\Public\ZettaFolder\Media\2\2015~Inside Love.mp3
08:09:52|Onda Geox jingle 06|\\support02\Users\Public\ZettaFolder\Media\2\2196~Onda Geox jingle 06.mp3
08:09:58|Home Alone|\\support02\Users\Public\ZettaFolder\Media\1\1893~Home Alone.mp3
08:14:12|Onda Geox jingle 07|\\support02\Users\Public\ZettaFolder\Media\2\2197~Onda Geox jingle 07.mp3
08:14:18|Pure Shores|\\support02\Users\Public\ZettaFolder\Media\2\2064~Pure Shores.mp3
08:18:47|Benefeet sogg.1|\\support02\Users\Public\ZettaFolder\Media\2\2189~Benefeet sogg.1.mp3
08:19:27|Onda Geox jingle 04|\\support02\Users\Public\ZettaFolder\Media\2\2194~Onda Geox jingle 04.mp3
08:19:38|Apple Tree|\\support02\Users\Public\ZettaFolder\Media\1\1783~Apple Tree.mp3
08:23:56|Onda Geox jingle 07|\\support02\Users\Public\ZettaFolder\Media\2\2197~Onda Geox jingle 07.mp3
08:24:02|Even When You Sleep|\\support02\Users\Public\ZettaFolder\Media\1\1878~Even When You Sleep.mp3
08:27:58|Onda Geox jingle 06|\\support02\Users\Public\ZettaFolder\Media\2\2196~Onda Geox jingle 06.mp3
08:28:04|I Would Die 4 U|\\support02\Users\Public\ZettaFolder\Media\1\1897~I Would Die 4 U.mp3
08:30:52|Onda Geox jingle 07|\\support02\Users\Public\ZettaFolder\Media\2\2197~Onda Geox jingle 07.mp3
08:30:58|We Don't Need Another Hero|\\support02\Users\Public\ZettaFolder\Media\0\213~02 Tina Turner _ We Don't Need Anoth.mp3
08:35:15|AmphiBiox sogg.4|\\support02\Users\Public\ZettaFolder\Media\2\2188~AmphiBiox sogg.4.mp3
08:35:53|Onda Geox jingle 05|\\support02\Users\Public\ZettaFolder\Media\2\2195~Onda Geox jingle 05.mp3
08:36:06|You Don't Know My Name|\\support02\Users\Public\ZettaFolder\Media\2\2133~You Don't Know My Name.mp3
08:39:00|Onda Geox jingle 07|\\support02\Users\Public\ZettaFolder\Media\2\2197~Onda Geox jingle 07.mp3
08:39:06|Never As Good As The First Time|\\support02\Users\Public\ZettaFolder\Media\2\2050~Never As Good As The First Time.mp3
08:42:59|Onda Geox jingle 06|\\support02\Users\Public\ZettaFolder\Media\2\2196~Onda Geox jingle 06.mp3
08:43:05|I'll Be Missing You|\\support02\Users\Public\ZettaFolder\Media\1\1898~I'll Be Missing You.mp3
08:47:02|Onda Geox jingle 07|\\support02\Users\Public\ZettaFolder\Media\2\2197~Onda Geox jingle 07.mp3
08:47:08|It's Only Love|\\support02\Users\Public\ZettaFolder\Media\2\2018~It's Only Love.mp3
08:50:54|Benefeet sogg.2|\\support02\Users\Public\ZettaFolder\Media\2\2190~Benefeet sogg.2.mp3
08:51:28|Onda Geox jingle 01|\\support02\Users\Public\ZettaFolder\Media\2\2191~Onda Geox jingle 01.mp3
08:51:39|Lost|\\support02\Users\Public\ZettaFolder\Media\2\2032~Lost.mp3
08:55:17|Onda Geox jingle 07|\\support02\Users\Public\ZettaFolder\Media\2\2197~Onda Geox jingle 07.mp3
08:55:23|Full Moon|\\support02\Users\Public\ZettaFolder\Media\0\209~02 Full Moon.mp3
08:59:32|Onda Geox jingle 06|\\support02\Users\Public\ZettaFolder\Media\2\2196~Onda Geox jingle 06.mp3
08:59:38|Love Can Move Mountains|\\support02\Users\Public\ZettaFolder\Media\0\279~15 Love Can Move Mountains.mp3
09:00:00|AmphiBiox sogg.3|\\support02\Users\Public\ZettaFolder\Media\2\2187~AmphiBiox sogg.3.mp3
09:00:37|Onda Geox jingle 02|\\support02\Users\Public\ZettaFolder\Media\2\2192~Onda Geox jingle 02.mp3
09:00:48|Float On|\\support02\Users\Public\ZettaFolder\Media\1\1883~Float On.mp3
09:04:55|Onda Geox jingle 07|\\support02\Users\Public\ZettaFolder\Media\2\2197~Onda Geox jingle 07.mp3
09:05:01|Still A Friend Of Mine|\\support02\Users\Public\ZettaFolder\Media\2\2097~Still A Friend Of Mine.mp3
09:10:39|Onda Geox jingle 06|\\support02\Users\Public\ZettaFolder\Media\2\2196~Onda Geox jingle 06.mp3
09:10:45|You Give Me Something|\\support02\Users\Public\ZettaFolder\Media\2\2134~You Give Me Something.mp3
09:13:57|Onda Geox jingle 07|\\support02\Users\Public\ZettaFolder\Media\2\2197~Onda Geox jingle 07.mp3
09:14:03|Dreamlover|\\support02\Users\Public\ZettaFolder\Media\0\270~14 Dreamlover.mp3
09:17:58|Benefeet sogg.1|\\support02\Users\Public\ZettaFolder\Media\2\2189~Benefeet sogg.1.mp3
09:18:38|Onda Geox jingle 03|\\support02\Users\Public\ZettaFolder\Media\2\2193~Onda Geox jingle 03.mp3
09:18:49|One Fine Day|\\support02\Users\Public\ZettaFolder\Media\2\2057~One Fine Day.mp3
09:23:35|Onda Geox jingle 07|\\support02\Users\Public\ZettaFolder\Media\2\2197~Onda Geox jingle 07.mp3
09:23:41|Always In My heart|\\support02\Users\Public\ZettaFolder\Media\2\2180~Tevin Campbell - Always in my heart.mp3
09:29:19|Onda Geox jingle 06|\\support02\Users\Public\ZettaFolder\Media\2\2196~Onda Geox jingle 06.mp3
09:29:25|What's Your Flava?|\\support02\Users\Public\ZettaFolder\Media\0\214~02 What's Your Flava_.mp3
09:33:00|Onda Geox jingle 07|\\support02\Users\Public\ZettaFolder\Media\2\2197~Onda Geox jingle 07.mp3
09:33:06|Back To Life|\\support02\Users\Public\ZettaFolder\Media\1\1988~Back To Life.mp3
09:36:46|AmphiBiox sogg.1|\\support02\Users\Public\ZettaFolder\Media\2\2185~AmphiBiox sogg.1.mp3
09:37:22|Onda Geox jingle 04|\\support02\Users\Public\ZettaFolder\Media\2\2194~Onda Geox jingle 04.mp3
09:37:33|Beautiful|\\support02\Users\Public\ZettaFolder\Media\1\1989~Beautiful.mp3
09:41:31|Onda Geox jingle 07|\\support02\Users\Public\ZettaFolder\Media\2\2197~Onda Geox jingle 07.mp3
09:41:37|Daylight|\\support02\Users\Public\ZettaFolder\Media\0\208~02 Daylight.mp3
09:45:06|Onda Geox jingle 06|\\support02\Users\Public\ZettaFolder\Media\2\2196~Onda Geox jingle 06.mp3
09:45:12|What Did I Do To You|\\support02\Users\Public\ZettaFolder\Media\2\2128~What Did I Do To You.mp3
09:49:59|Onda Geox jingle 07|\\support02\Users\Public\ZettaFolder\Media\2\2197~Onda Geox jingle 07.mp3
09:50:05|One|\\support02\Users\Public\ZettaFolder\Media\2\2060~One.mp3
09:54:26|Benefeet sogg.2|\\support02\Users\Public\ZettaFolder\Media\2\2190~Benefeet sogg.2.mp3
09:55:00|Onda Geox jingle 05|\\support02\Users\Public\ZettaFolder\Media\2\2195~Onda Geox jingle 05.mp3
09:55:13|Sweet Love|\\support02\Users\Public\ZettaFolder\Media\2\2107~Sweet Love.mp3
10:00:00|AmphiBiox sogg.2|\\support02\Users\Public\ZettaFolder\Media\2\2186~AmphiBiox sogg.2.mp3
10:00:33|Onda Geox jingle 01|\\support02\Users\Public\ZettaFolder\Media\2\2191~Onda Geox jingle 01.mp3
10:00:44|Half On A Baby|\\support02\Users\Public\ZettaFolder\Media\1\1887~Half on a baby.mp3
10:05:33|Onda Geox jingle 07|\\support02\Users\Public\ZettaFolder\Media\2\2197~Onda Geox jingle 07.mp3
10:05:39|Ain't No Man|\\support02\Users\Public\ZettaFolder\Media\2\2143~Dina Carroll - Ain't no man.mp3
10:09:32|Onda Geox jingle 06|\\support02\Users\Public\ZettaFolder\Media\2\2196~Onda Geox jingle 06.mp3
10:09:38|Forget About The World|\\support02\Users\Public\ZettaFolder\Media\0\201~01 Forget About The World.mp3
10:13:55|Onda Geox jingle 07|\\support02\Users\Public\ZettaFolder\Media\2\2197~Onda Geox jingle 07.mp3
10:14:01|Dilemma|\\support02\Users\Public\ZettaFolder\Media\1\1869~Dilemma.mp3
10:18:41|Benefeet sogg.1|\\support02\Users\Public\ZettaFolder\Media\2\2189~Benefeet sogg.1.mp3
10:19:21|Onda Geox jingle 02|\\support02\Users\Public\ZettaFolder\Media\2\2192~Onda Geox jingle 02.mp3
10:19:32|Miss You Like Crazy|\\support02\Users\Public\ZettaFolder\Media\0\272~14 Natalie Cole _ Miss You Like Craz.mp3
10:23:30|Onda Geox jingle 07|\\support02\Users\Public\ZettaFolder\Media\2\2197~Onda Geox jingle 07.mp3
10:23:36|Always on time|\\support02\Users\Public\ZettaFolder\Media\2\2184~AudioCD#d50d7c0f-08_2.mp3
10:27:43|Onda Geox jingle 06|\\support02\Users\Public\ZettaFolder\Media\2\2196~Onda Geox jingle 06.mp3
10:27:49|Shy Guy|\\support02\Users\Public\ZettaFolder\Media\2\2084~Shy Guy.mp3
10:31:27|Onda Geox jingle 07|\\support02\Users\Public\ZettaFolder\Media\2\2197~Onda Geox jingle 07.mp3
10:31:33|Hit'em Up Style (Ooops)|\\support02\Users\Public\ZettaFolder\Media\1\1892~Hit'em Up Style (Ooops).mp3
10:35:22|AmphiBiox sogg.4|\\support02\Users\Public\ZettaFolder\Media\2\2188~AmphiBiox sogg.4.mp3
10:36:00|Onda Geox jingle 03|\\support02\Users\Public\ZettaFolder\Media\2\2193~Onda Geox jingle 03.mp3
10:36:11|Sunshine|\\support02\Users\Public\ZettaFolder\Media\2\2102~Sunshine.mp3
10:40:12|Onda Geox jingle 07|\\support02\Users\Public\ZettaFolder\Media\2\2197~Onda Geox jingle 07.mp3
10:40:18|That Lady|\\support02\Users\Public\ZettaFolder\Media\2\2109~That Lady.mp3
10:45:43|Onda Geox jingle 06|\\support02\Users\Public\ZettaFolder\Media\2\2196~Onda Geox jingle 06.mp3
10:45:49|Alright|\\support02\Users\Public\ZettaFolder\Media\1\1775~Alright.mp3
10:50:25|Onda Geox jingle 07|\\support02\Users\Public\ZettaFolder\Media\2\2197~Onda Geox jingle 07.mp3
10:50:31|Purple Rain|\\support02\Users\Public\ZettaFolder\Media\0\210~02 Prince _ Purple Rain.mp3
10:54:52|Benefeet sogg.2|\\support02\Users\Public\ZettaFolder\Media\2\2190~Benefeet sogg.2.mp3
10:55:26|Onda Geox jingle 04|\\support02\Users\Public\ZettaFolder\Media\2\2194~Onda Geox jingle 04.mp3
10:55:37|Without You|\\support02\Users\Public\ZettaFolder\Media\0\283~17 Without You.mp3
10:59:04|Onda Geox jingle 07|\\support02\Users\Public\ZettaFolder\Media\2\2197~Onda Geox jingle 07.mp3
10:59:10|Ya Mo B There|\\support02\Users\Public\ZettaFolder\Media\2\2132~Ya Mo B There.mp3
11:00:00|AmphiBiox sogg.3|\\support02\Users\Public\ZettaFolder\Media\2\2187~AmphiBiox sogg.3.mp3
11:00:37|Onda Geox jingle 05|\\support02\Users\Public\ZettaFolder\Media\2\2195~Onda Geox jingle 05.mp3
11:00:50|Anything|\\support02\Users\Public\ZettaFolder\Media\2\2149~3T - Anything.mp3
11:06:11|Onda Geox jingle 07|\\support02\Users\Public\ZettaFolder\Media\2\2197~Onda Geox jingle 07.mp3
11:06:17|Mated|\\support02\Users\Public\ZettaFolder\Media\2\2040~Mated.mp3
11:10:07|Onda Geox jingle 06|\\support02\Users\Public\ZettaFolder\Media\2\2196~Onda Geox jingle 06.mp3
11:10:13|She Ain't Worth It|\\support02\Users\Public\ZettaFolder\Media\0\243~07 She Ain't Worth It _ Glenn Medeir.mp3
11:13:46|Onda Geox jingle 07|\\support02\Users\Public\ZettaFolder\Media\2\2197~Onda Geox jingle 07.mp3
11:13:52|Natural Blues|\\support02\Users\Public\ZettaFolder\Media\2\2173~Moby - Natural Blues.mp3
11:16:54|Benefeet sogg.1|\\support02\Users\Public\ZettaFolder\Media\2\2189~Benefeet sogg.1.mp3
11:17:34|Onda Geox jingle 01|\\support02\Users\Public\ZettaFolder\Media\2\2191~Onda Geox jingle 01.mp3
11:17:45|Stay With Me|\\support02\Users\Public\ZettaFolder\Media\0\282~17 One More Chance _ Stay With Me.mp3
11:21:59|Onda Geox jingle 07|\\support02\Users\Public\ZettaFolder\Media\2\2197~Onda Geox jingle 07.mp3
11:22:05|Rock Steady|\\support02\Users\Public\ZettaFolder\Media\0\245~08 Whispers - Rock Steady.mp3
11:26:05|Onda Geox jingle 06|\\support02\Users\Public\ZettaFolder\Media\2\2196~Onda Geox jingle 06.mp3
11:26:11|AM to PM|\\support02\Users\Public\ZettaFolder\Media\2\2158~Christina Milian - AM to PM.mp3
11:29:46|Onda Geox jingle 07|\\support02\Users\Public\ZettaFolder\Media\2\2197~Onda Geox jingle 07.mp3
11:29:52|Too Young To Die|\\support02\Users\Public\ZettaFolder\Media\2\2118~Too Young To Die.mp3
11:35:56|AmphiBiox sogg.1|\\support02\Users\Public\ZettaFolder\Media\2\2185~AmphiBiox sogg.1.mp3
11:36:32|Onda Geox jingle 02|\\support02\Users\Public\ZettaFolder\Media\2\2192~Onda Geox jingle 02.mp3
11:36:43|Superwoman|\\support02\Users\Public\ZettaFolder\Media\0\212~02 Superwoman.mp3
11:41:14|Onda Geox jingle 07|\\support02\Users\Public\ZettaFolder\Media\2\2197~Onda Geox jingle 07.mp3
11:41:20|Never New Love Like This Before|\\support02\Users\Public\ZettaFolder\Media\0\211~02 Stephanie Mills-Never New Love Li.mp3
11:44:52|Onda Geox jingle 06|\\support02\Users\Public\ZettaFolder\Media\2\2196~Onda Geox jingle 06.mp3
11:44:58|Hidden Agenda|\\support02\Users\Public\ZettaFolder\Media\2\2007~Hidden Agenda.mp3
11:48:28|Onda Geox jingle 07|\\support02\Users\Public\ZettaFolder\Media\2\2197~Onda Geox jingle 07.mp3
11:48:34|I'll Make Love To You|\\support02\Users\Public\ZettaFolder\Media\0\260~11 I'll Make Love To You.mp3
11:52:24|Benefeet sogg.2|\\support02\Users\Public\ZettaFolder\Media\2\2190~Benefeet sogg.2.mp3
11:52:58|Onda Geox jingle 03|\\support02\Users\Public\ZettaFolder\Media\2\2193~Onda Geox jingle 03.mp3
11:53:09|You've Got It|\\support02\Users\Public\ZettaFolder\Media\2\2136~You've Got It.mp3
11:57:03|Onda Geox jingle 07|\\support02\Users\Public\ZettaFolder\Media\2\2197~Onda Geox jingle 07.mp3
11:57:09|Do Something|\\support02\Users\Public\ZettaFolder\Media\1\1871~Do Something.mp3
13:00:00|AmphiBiox sogg.2|\\support02\Users\Public\ZettaFolder\Media\2\2186~AmphiBiox sogg.2.mp3
13:00:33|Onda Geox jingle 04|\\support02\Users\Public\ZettaFolder\Media\2\2194~Onda Geox jingle 04.mp3
13:00:44|Because You Loved Me|\\support02\Users\Public\ZettaFolder\Media\1\1990~Because You Loved Me.mp3
13:05:13|Onda Geox jingle 07|\\support02\Users\Public\ZettaFolder\Media\2\2197~Onda Geox jingle 07.mp3
13:05:19|Broken|\\support02\Users\Public\ZettaFolder\Media\0\233~06 Broken.mp3
13:08:44|Onda Geox jingle 06|\\support02\Users\Public\ZettaFolder\Media\2\2196~Onda Geox jingle 06.mp3
13:08:50|I Hear Your Name|\\support02\Users\Public\ZettaFolder\Media\0\248~09 I Hear Your Name.mp3
13:15:43|Onda Geox jingle 07|\\support02\Users\Public\ZettaFolder\Media\2\2197~Onda Geox jingle 07.mp3
13:15:49|Just For You|\\support02\Users\Public\ZettaFolder\Media\2\2023~Just For You.mp3
13:19:25|Benefeet sogg.1|\\support02\Users\Public\ZettaFolder\Media\2\2189~Benefeet sogg.1.mp3
13:20:05|Onda Geox jingle 05|\\support02\Users\Public\ZettaFolder\Media\2\2195~Onda Geox jingle 05.mp3
13:20:18|Body And Soul|\\support02\Users\Public\ZettaFolder\Media\1\1991~Body And Soul.mp3
13:24:45|Onda Geox jingle 07|\\support02\Users\Public\ZettaFolder\Media\2\2197~Onda Geox jingle 07.mp3
13:24:51|Open your eyes|\\support02\Users\Public\ZettaFolder\Media\2\2151~Alice [+] Skye - Open your eyes.mp3
13:29:10|Onda Geox jingle 06|\\support02\Users\Public\ZettaFolder\Media\2\2196~Onda Geox jingle 06.mp3
13:29:16|Do I Do (Edit)|\\support02\Users\Public\ZettaFolder\Media\1\1870~Do I Do (Edit).mp3
13:34:14|Onda Geox jingle 07|\\support02\Users\Public\ZettaFolder\Media\2\2197~Onda Geox jingle 07.mp3
13:34:20|Raincloud|\\support02\Users\Public\ZettaFolder\Media\2\2066~Raincloud.mp3
13:38:47|AmphiBiox sogg.4|\\support02\Users\Public\ZettaFolder\Media\2\2188~AmphiBiox sogg.4.mp3
13:39:25|Onda Geox jingle 01|\\support02\Users\Public\ZettaFolder\Media\2\2191~Onda Geox jingle 01.mp3
13:39:36|Kisses In The Moonlight|\\support02\Users\Public\ZettaFolder\Media\2\2026~Kisses In The Moonlight.mp3
13:43:58|Onda Geox jingle 07|\\support02\Users\Public\ZettaFolder\Media\2\2197~Onda Geox jingle 07.mp3
13:44:04|One Of Those Days|\\support02\Users\Public\ZettaFolder\Media\2\2059~One Of Those Days.mp3
13:47:57|Onda Geox jingle 06|\\support02\Users\Public\ZettaFolder\Media\2\2196~Onda Geox jingle 06.mp3
13:48:03|Change|\\support02\Users\Public\ZettaFolder\Media\1\1995~Change.mp3
13:51:53|Onda Geox jingle 07|\\support02\Users\Public\ZettaFolder\Media\2\2197~Onda Geox jingle 07.mp3
13:51:59|Sweet Freedom|\\support02\Users\Public\ZettaFolder\Media\0\229~05 Sweet Freedom.mp3
13:56:04|Benefeet sogg.2|\\support02\Users\Public\ZettaFolder\Media\2\2190~Benefeet sogg.2.mp3
13:56:38|Onda Geox jingle 02|\\support02\Users\Public\ZettaFolder\Media\2\2192~Onda Geox jingle 02.mp3
13:56:49|If You Were Here Tonight|\\support02\Users\Public\ZettaFolder\Media\2\2013~If You Were Here Tonight.mp3
14:00:29|Onda Geox jingle 07|\\support02\Users\Public\ZettaFolder\Media\2\2197~Onda Geox jingle 07.mp3
14:00:35|Move Closer|\\support02\Users\Public\ZettaFolder\Media\2\2046~Move Closer.mp3
14:00:00|AmphiBiox sogg.3|\\support02\Users\Public\ZettaFolder\Media\2\2187~AmphiBiox sogg.3.mp3
14:00:37|Onda Geox jingle 03|\\support02\Users\Public\ZettaFolder\Media\2\2193~Onda Geox jingle 03.mp3
14:00:48|One More Chance|\\support02\Users\Public\ZettaFolder\Media\2\2058~One More Chance.mp3
14:05:13|Onda Geox jingle 07|\\support02\Users\Public\ZettaFolder\Media\2\2197~Onda Geox jingle 07.mp3
14:05:19|Onda Geox jingle 06|\\support02\Users\Public\ZettaFolder\Media\2\2196~Onda Geox jingle 06.mp3
14:05:25|Oh Sheilla|\\support02\Users\Public\ZettaFolder\Media\2\2055~Oh Sheilla.mp3
14:09:23|Onda Geox jingle 07|\\support02\Users\Public\ZettaFolder\Media\2\2197~Onda Geox jingle 07.mp3
14:09:29|Unfinished Simpathy|\\support02\Users\Public\ZettaFolder\Media\2\2122~Unfinished Simpathy.mp3
14:14:30|Benefeet sogg.1|\\support02\Users\Public\ZettaFolder\Media\2\2189~Benefeet sogg.1.mp3
14:15:10|Onda Geox jingle 04|\\support02\Users\Public\ZettaFolder\Media\2\2194~Onda Geox jingle 04.mp3
14:15:21|Wish I Didn't Miss You|\\support02\Users\Public\ZettaFolder\Media\2\2131~Wish I Didn't Miss You.mp3
14:19:33|Onda Geox jingle 07|\\support02\Users\Public\ZettaFolder\Media\2\2197~Onda Geox jingle 07.mp3
14:19:39|Got 'Til It's Gone|\\support02\Users\Public\ZettaFolder\Media\2\2004~Got 'Til It's Gone.mp3
14:23:15|Onda Geox jingle 06|\\support02\Users\Public\ZettaFolder\Media\2\2196~Onda Geox jingle 06.mp3
14:23:21|Get It Right|\\support02\Users\Public\ZettaFolder\Media\2\2003~Get it Right.mp3
14:27:30|Onda Geox jingle 07|\\support02\Users\Public\ZettaFolder\Media\2\2197~Onda Geox jingle 07.mp3
14:27:36|Could I Have This Kiss Forever|\\support02\Users\Public\ZettaFolder\Media\2\2181~Whitney Houston [+] Enrique Iglesias - Could I have this kiss forever.mp3
14:31:33|AmphiBiox sogg.1|\\support02\Users\Public\ZettaFolder\Media\2\2185~AmphiBiox sogg.1.mp3
14:32:09|Onda Geox jingle 05|\\support02\Users\Public\ZettaFolder\Media\2\2195~Onda Geox jingle 05.mp3
14:32:22|Hero|\\support02\Users\Public\ZettaFolder\Media\0\276~15 Hero.mp3
14:36:41|Onda Geox jingle 07|\\support02\Users\Public\ZettaFolder\Media\2\2197~Onda Geox jingle 07.mp3
14:36:47|Come Fly With Me|\\support02\Users\Public\ZettaFolder\Media\1\1866~Come Fly With Me.mp3
14:40:03|Onda Geox jingle 06|\\support02\Users\Public\ZettaFolder\Media\2\2196~Onda Geox jingle 06.mp3
14:40:09|Real Love|\\support02\Users\Public\ZettaFolder\Media\2\2067~Real Love_.mp3
14:44:35|Onda Geox jingle 07|\\support02\Users\Public\ZettaFolder\Media\2\2197~Onda Geox jingle 07.mp3
14:44:41|Better Be Good To Me|\\support02\Users\Public\ZettaFolder\Media\0\206~01 Tina Turner _ Better Be Good To M.mp3
14:48:23|Benefeet sogg.2|\\support02\Users\Public\ZettaFolder\Media\2\2190~Benefeet sogg.2.mp3
14:48:57|Onda Geox jingle 01|\\support02\Users\Public\ZettaFolder\Media\2\2191~Onda Geox jingle 01.mp3
14:49:08|Piano In The dark|\\support02\Users\Public\ZettaFolder\Media\2\2062~Piano In The Dark.mp3
14:54:24|Onda Geox jingle 07|\\support02\Users\Public\ZettaFolder\Media\2\2197~Onda Geox jingle 07.mp3
14:54:30|The Bottle|\\support02\Users\Public\ZettaFolder\Media\2\2111~The Bottle.mp3
14:58:46|Onda Geox jingle 06|\\support02\Users\Public\ZettaFolder\Media\2\2196~Onda Geox jingle 06.mp3
14:58:52|Because Of You|\\support02\Users\Public\ZettaFolder\Media\1\1904~Because Of You.mp3
15:00:00|AmphiBiox sogg.2|\\support02\Users\Public\ZettaFolder\Media\2\2186~AmphiBiox sogg.2.mp3
15:00:33|Onda Geox jingle 02|\\support02\Users\Public\ZettaFolder\Media\2\2192~Onda Geox jingle 02.mp3
15:00:44|WALKING AWAY|\\support02\Users\Public\ZettaFolder\Media\2\2126~Walking Away.mp3
15:04:06|Onda Geox jingle 07|\\support02\Users\Public\ZettaFolder\Media\2\2197~Onda Geox jingle 07.mp3
15:04:12|Another Sad Love Song|\\support02\Users\Public\ZettaFolder\Media\0\261~12 Another Sad Love Song.mp3
15:08:22|Onda Geox jingle 06|\\support02\Users\Public\ZettaFolder\Media\2\2196~Onda Geox jingle 06.mp3
15:08:28|3 Is Family|\\support02\Users\Public\ZettaFolder\Media\2\2160~Dana Dawson - 3 is family.mp3
15:12:07|Onda Geox jingle 07|\\support02\Users\Public\ZettaFolder\Media\2\2197~Onda Geox jingle 07.mp3
15:12:13|Most Beautiful Girl In The World|\\support02\Users\Public\ZettaFolder\Media\0\254~10 Most Beautiful Girl In The World.mp3
15:16:06|Benefeet sogg.1|\\support02\Users\Public\ZettaFolder\Media\2\2189~Benefeet sogg.1.mp3
15:16:46|Onda Geox jingle 03|\\support02\Users\Public\ZettaFolder\Media\2\2193~Onda Geox jingle 03.mp3
15:16:57|Say You Love Me|\\support02\Users\Public\ZettaFolder\Media\2\2078~Say You Love Me.mp3
15:20:37|Onda Geox jingle 07|\\support02\Users\Public\ZettaFolder\Media\2\2197~Onda Geox jingle 07.mp3
15:20:43|Close To You|\\support02\Users\Public\ZettaFolder\Media\1\1863~Close To You.mp3
15:25:01|Onda Geox jingle 06|\\support02\Users\Public\ZettaFolder\Media\2\2196~Onda Geox jingle 06.mp3
15:25:07|Return Of The Mack|\\support02\Users\Public\ZettaFolder\Media\2\2070~Return Of The Mack.mp3
15:29:39|Onda Geox jingle 07|\\support02\Users\Public\ZettaFolder\Media\2\2197~Onda Geox jingle 07.mp3
15:29:45|Independent Woman|\\support02\Users\Public\ZettaFolder\Media\2\2162~Destiny's Child - Independent Woman.mp3
15:33:26|AmphiBiox sogg.4|\\support02\Users\Public\ZettaFolder\Media\2\2188~AmphiBiox sogg.4.mp3
15:34:04|Onda Geox jingle 04|\\support02\Users\Public\ZettaFolder\Media\2\2194~Onda Geox jingle 04.mp3
15:34:15|Empire State Of Mind (Part II)|\\support02\Users\Public\ZettaFolder\Media\2\2154~Alicia Keys - Empire State Of Mind (Part II).mp3
15:37:51|Onda Geox jingle 07|\\support02\Users\Public\ZettaFolder\Media\2\2197~Onda Geox jingle 07.mp3
15:37:57|Candy Rain|\\support02\Users\Public\ZettaFolder\Media\0\264~13 Candy Rain.mp3
15:41:24|Onda Geox jingle 06|\\support02\Users\Public\ZettaFolder\Media\2\2196~Onda Geox jingle 06.mp3
15:41:30|What's That You're Doing|\\support02\Users\Public\ZettaFolder\Media\2\2130~What's That You're Doing.mp3
15:47:27|Onda Geox jingle 07|\\support02\Users\Public\ZettaFolder\Media\2\2197~Onda Geox jingle 07.mp3
15:47:33|Something In Common|\\support02\Users\Public\ZettaFolder\Media\2\2093~Something In Common.mp3
15:52:15|Benefeet sogg.2|\\support02\Users\Public\ZettaFolder\Media\2\2190~Benefeet sogg.2.mp3
15:52:49|Onda Geox jingle 05|\\support02\Users\Public\ZettaFolder\Media\2\2195~Onda Geox jingle 05.mp3
15:53:02|There'll Be Sad Song (To Make You Cry)|\\support02\Users\Public\ZettaFolder\Media\2\2115~There'll Be Sad Song (To Make You Cr.mp3
15:57:15|Onda Geox jingle 07|\\support02\Users\Public\ZettaFolder\Media\2\2197~Onda Geox jingle 07.mp3
15:57:21|Can We Talk|\\support02\Users\Public\ZettaFolder\Media\0\269~14 Can We Talk.mp3
16:00:00|AmphiBiox sogg.3|\\support02\Users\Public\ZettaFolder\Media\2\2187~AmphiBiox sogg.3.mp3
16:00:37|Onda Geox jingle 01|\\support02\Users\Public\ZettaFolder\Media\2\2191~Onda Geox jingle 01.mp3
16:00:48|Human nature|\\support02\Users\Public\ZettaFolder\Media\0\249~09 Michael Jackson _ Human Nature.mp3
16:04:56|Onda Geox jingle 07|\\support02\Users\Public\ZettaFolder\Media\2\2197~Onda Geox jingle 07.mp3
16:05:02|Love Is A House|\\support02\Users\Public\ZettaFolder\Media\2\2035~Love Is A House.mp3
16:09:18|Onda Geox jingle 06|\\support02\Users\Public\ZettaFolder\Media\2\2196~Onda Geox jingle 06.mp3
16:09:24|Don't You Worry 'Bout A Thing|\\support02\Users\Public\ZettaFolder\Media\1\1875~Don't You Worry 'Bout A Thing.mp3
16:14:41|Onda Geox jingle 07|\\support02\Users\Public\ZettaFolder\Media\2\2197~Onda Geox jingle 07.mp3
16:14:47|Turn Off The Light|\\support02\Users\Public\ZettaFolder\Media\2\2177~Nelly Furtado - Turn off the light.mp3
16:19:25|Benefeet sogg.1|\\support02\Users\Public\ZettaFolder\Media\2\2189~Benefeet sogg.1.mp3
16:20:05|Onda Geox jingle 02|\\support02\Users\Public\ZettaFolder\Media\2\2192~Onda Geox jingle 02.mp3
16:20:16|Not Gon' Cry|\\support02\Users\Public\ZettaFolder\Media\0\242~07 Not Gon' Cry.mp3
16:25:14|Onda Geox jingle 07|\\support02\Users\Public\ZettaFolder\Media\2\2197~Onda Geox jingle 07.mp3
16:25:20|Caught Up In The Rapture|\\support02\Users\Public\ZettaFolder\Media\1\1861~Caught Up In The Rapture.mp3
16:30:31|Onda Geox jingle 06|\\support02\Users\Public\ZettaFolder\Media\2\2196~Onda Geox jingle 06.mp3
16:30:37|If|\\support02\Users\Public\ZettaFolder\Media\2\2014~If.mp3
16:34:18|Onda Geox jingle 07|\\support02\Users\Public\ZettaFolder\Media\2\2197~Onda Geox jingle 07.mp3
16:34:24|As|\\support02\Users\Public\ZettaFolder\Media\1\1784~As.mp3
16:38:43|AmphiBiox sogg.1|\\support02\Users\Public\ZettaFolder\Media\2\2185~AmphiBiox sogg.1.mp3
16:39:19|Onda Geox jingle 03|\\support02\Users\Public\ZettaFolder\Media\2\2193~Onda Geox jingle 03.mp3
16:39:30|No Ordinary Love|\\support02\Users\Public\ZettaFolder\Media\0\241~07 No Ordinary Love.mp3
16:43:29|Onda Geox jingle 07|\\support02\Users\Public\ZettaFolder\Media\2\2197~Onda Geox jingle 07.mp3
16:43:35|I Swear|\\support02\Users\Public\ZettaFolder\Media\0\220~04 I Swear.mp3
16:47:55|Onda Geox jingle 06|\\support02\Users\Public\ZettaFolder\Media\2\2196~Onda Geox jingle 06.mp3
16:48:01|Slave To The Rhythm|\\support02\Users\Public\ZettaFolder\Media\2\2087~Slave To The Rhythm.mp3
16:52:17|Onda Geox jingle 07|\\support02\Users\Public\ZettaFolder\Media\2\2197~Onda Geox jingle 07.mp3
16:52:23|I Believe|\\support02\Users\Public\ZettaFolder\Media\0\227~05 I Believe.mp3
16:56:13|Benefeet sogg.2|\\support02\Users\Public\ZettaFolder\Media\2\2190~Benefeet sogg.2.mp3
16:56:47|Onda Geox jingle 04|\\support02\Users\Public\ZettaFolder\Media\2\2194~Onda Geox jingle 04.mp3
16:56:58|Save The Best For Last|\\support02\Users\Public\ZettaFolder\Media\0\251~09 Save The Best For Last.mp3
17:00:38|Onda Geox jingle 07|\\support02\Users\Public\ZettaFolder\Media\2\2197~Onda Geox jingle 07.mp3
17:00:44|Everything|\\support02\Users\Public\ZettaFolder\Media\1\1879~Everything.mp3
17:04:44|Onda Geox jingle 06|\\support02\Users\Public\ZettaFolder\Media\2\2196~Onda Geox jingle 06.mp3
17:04:50|Cosmic Girl|\\support02\Users\Public\ZettaFolder\Media\1\1997~Cosmic Girl.mp3
17:08:50|Onda Geox jingle 07|\\support02\Users\Public\ZettaFolder\Media\2\2197~Onda Geox jingle 07.mp3
17:08:56|Mornin'|\\support02\Users\Public\ZettaFolder\Media\2\2045~Mornin'.mp3
17:00:00|AmphiBiox sogg.2|\\support02\Users\Public\ZettaFolder\Media\2\2186~AmphiBiox sogg.2.mp3
17:00:33|Onda Geox jingle 05|\\support02\Users\Public\ZettaFolder\Media\2\2195~Onda Geox jingle 05.mp3
17:00:43|He Is|\\support02\Users\Public\ZettaFolder\Media\0\266~13 He Is.mp3
17:04:58|Onda Geox jingle 07|\\support02\Users\Public\ZettaFolder\Media\2\2197~Onda Geox jingle 07.mp3
17:05:01|I Can't Tell You Why|\\support02\Users\Public\ZettaFolder\Media\0\234~06 I Can't Tell You Why.mp3
17:08:01|Onda Geox jingle 06|\\support02\Users\Public\ZettaFolder\Media\2\2196~Onda Geox jingle 06.mp3
17:08:05|I'm Every Woman|C:\Geox\MediaImport\ok\I'm Every Woman.mp3
17:12:48|Onda Geox jingle 07|\\support02\Users\Public\ZettaFolder\Media\2\2197~Onda Geox jingle 07.mp3
17:12:51|Ain't It Funny|\\support02\Users\Public\ZettaFolder\Media\2\2166~Jennifer Lopez - Ain't it funny.mp3
17:16:36|Benefeet sogg.1|\\support02\Users\Public\ZettaFolder\Media\2\2189~Benefeet sogg.1.mp3
17:17:15|Onda Geox jingle 01|\\support02\Users\Public\ZettaFolder\Media\2\2191~Onda Geox jingle 01.mp3
17:17:25|A Broken Heart Can Mend|\\support02\Users\Public\ZettaFolder\Media\1\1573~A Broken Heart Can Mend.mp3
17:20:53|Onda Geox jingle 07|\\support02\Users\Public\ZettaFolder\Media\2\2197~Onda Geox jingle 07.mp3
17:20:56|Love Ballad|\\support02\Users\Public\ZettaFolder\Media\2\2033~Love Ballad.mp3
17:25:05|Onda Geox jingle 06|\\support02\Users\Public\ZettaFolder\Media\2\2196~Onda Geox jingle 06.mp3
17:25:09|Dance And Shout|\\support02\Users\Public\ZettaFolder\Media\2\2179~Shaggy - Dance and shout.mp3
17:28:09|Onda Geox jingle 07|\\support02\Users\Public\ZettaFolder\Media\2\2197~Onda Geox jingle 07.mp3
17:28:12|Right Here|\\support02\Users\Public\ZettaFolder\Media\0\256~10 Right Here.mp3
17:31:49|AmphiBiox sogg.4|\\support02\Users\Public\ZettaFolder\Media\2\2188~AmphiBiox sogg.4.mp3
17:32:28|Onda Geox jingle 02|\\support02\Users\Public\ZettaFolder\Media\2\2192~Onda Geox jingle 02.mp3
17:32:38|End Of The Road|\\support02\Users\Public\ZettaFolder\Media\0\252~10 End Of The Road.mp3
17:36:11|Onda Geox jingle 07|\\support02\Users\Public\ZettaFolder\Media\2\2197~Onda Geox jingle 07.mp3
17:36:14|Happy People|\\support02\Users\Public\ZettaFolder\Media\1\1889~Happy People.mp3
17:40:28|Onda Geox jingle 06|\\support02\Users\Public\ZettaFolder\Media\2\2196~Onda Geox jingle 06.mp3
17:40:33|Move On Up|\\support02\Users\Public\ZettaFolder\Media\2\2047~Move On Up.mp3
17:44:26|Onda Geox jingle 07|\\support02\Users\Public\ZettaFolder\Media\2\2197~Onda Geox jingle 07.mp3
17:44:29|Why Does My Heart Feel So Bad|\\support02\Users\Public\ZettaFolder\Media\2\2175~Moby - Why does my heart feel so bad.mp3
17:48:45|Benefeet sogg.2|\\support02\Users\Public\ZettaFolder\Media\2\2190~Benefeet sogg.2.mp3
17:49:19|Onda Geox jingle 03|\\support02\Users\Public\ZettaFolder\Media\2\2193~Onda Geox jingle 03.mp3
17:49:30|Just For You|\\support02\Users\Public\ZettaFolder\Media\2\2169~M People - Just for you.mp3
17:55:14|Onda Geox jingle 07|\\support02\Users\Public\ZettaFolder\Media\2\2197~Onda Geox jingle 07.mp3
17:55:17|Stole|\\support02\Users\Public\ZettaFolder\Media\2\2098~Stole.mp3
17:59:10|Onda Geox jingle 06|\\support02\Users\Public\ZettaFolder\Media\2\2196~Onda Geox jingle 06.mp3
17:59:15|Emotions|\\support02\Users\Public\ZettaFolder\Media\1\1877~Emotions.mp3
18:03:19|Onda Geox jingle 07|\\support02\Users\Public\ZettaFolder\Media\2\2197~Onda Geox jingle 07.mp3
18:03:22|Une Histoire D'Amoure|\\support02\Users\Public\ZettaFolder\Media\2\2121~Une Histoire D'Amoure.mp3
18:00:00|AmphiBiox sogg.3|\\support02\Users\Public\ZettaFolder\Media\2\2187~AmphiBiox sogg.3.mp3
18:00:37|Onda Geox jingle 04|\\support02\Users\Public\ZettaFolder\Media\2\2194~Onda Geox jingle 04.mp3
18:00:48|Heaven Sent You [Album Version]|\\support02\Users\Public\ZettaFolder\Media\0\218~04 Heaven Sent You [Album Version].mp3
18:06:37|Onda Geox jingle 07|\\support02\Users\Public\ZettaFolder\Media\2\2197~Onda Geox jingle 07.mp3
18:06:40|Save The Last Dance For Me|\\support02\Users\Public\ZettaFolder\Media\2\2077~Save The Last Dance For Me.mp3
18:10:14|Onda Geox jingle 06|\\support02\Users\Public\ZettaFolder\Media\2\2196~Onda Geox jingle 06.mp3
18:10:18|Control|\\support02\Users\Public\ZettaFolder\Media\0\203~01 Janet Jackson - Control.mp3
18:13:44|Onda Geox jingle 07|\\support02\Users\Public\ZettaFolder\Media\2\2197~Onda Geox jingle 07.mp3
18:13:47|Angel (New Version)|\\support02\Users\Public\ZettaFolder\Media\1\1781~Angel (New Version).mp3
18:18:28|Benefeet sogg.1|\\support02\Users\Public\ZettaFolder\Media\2\2189~Benefeet sogg.1.mp3
18:19:07|Onda Geox jingle 05|\\support02\Users\Public\ZettaFolder\Media\2\2195~Onda Geox jingle 05.mp3
18:19:17|If You Asked Me To|\\support02\Users\Public\ZettaFolder\Media\0\271~14 If You Asked Me To.mp3
18:22:54|Onda Geox jingle 07|\\support02\Users\Public\ZettaFolder\Media\2\2197~Onda Geox jingle 07.mp3
18:22:57|Summer Sun|\\support02\Users\Public\ZettaFolder\Media\2\2100~Summer Sun.mp3
18:26:40|Onda Geox jingle 06|\\support02\Users\Public\ZettaFolder\Media\2\2196~Onda Geox jingle 06.mp3
18:26:45|MEN IN BLACK|\\support02\Users\Public\ZettaFolder\Media\2\2042~Men In Black.mp3
18:30:12|Onda Geox jingle 07|\\support02\Users\Public\ZettaFolder\Media\2\2197~Onda Geox jingle 07.mp3
18:30:15|Tell Me What We're Gonna Do Now (No Rap)|\\support02\Users\Public\ZettaFolder\Media\2\2108~Tell me What We're Gonna Do Now (No.mp3
18:33:53|AmphiBiox sogg.1|\\support02\Users\Public\ZettaFolder\Media\2\2185~AmphiBiox sogg.1.mp3
18:34:30|Onda Geox jingle 01|\\support02\Users\Public\ZettaFolder\Media\2\2191~Onda Geox jingle 01.mp3
18:34:40|Holding Back The Years|\\support02\Users\Public\ZettaFolder\Media\0\219~04 Holding Back The Years.mp3
18:38:44|Onda Geox jingle 07|\\support02\Users\Public\ZettaFolder\Media\2\2197~Onda Geox jingle 07.mp3
18:38:47|Spiritual Love|\\support02\Users\Public\ZettaFolder\Media\2\2095~Spiritual Love.mp3
18:41:31|Onda Geox jingle 06|\\support02\Users\Public\ZettaFolder\Media\2\2196~Onda Geox jingle 06.mp3
18:41:35|If I Told You That|\\support02\Users\Public\ZettaFolder\Media\1\1901~If I Told You That.mp3
18:45:14|Onda Geox jingle 07|\\support02\Users\Public\ZettaFolder\Media\2\2197~Onda Geox jingle 07.mp3
18:45:17|Raspberry Beret|\\support02\Users\Public\ZettaFolder\Media\0\236~06 Prince _ Rasberry Beret.mp3
18:48:37|Benefeet sogg.2|\\support02\Users\Public\ZettaFolder\Media\2\2190~Benefeet sogg.2.mp3
18:49:11|Onda Geox jingle 02|\\support02\Users\Public\ZettaFolder\Media\2\2192~Onda Geox jingle 02.mp3
18:49:22|Foolish|\\support02\Users\Public\ZettaFolder\Media\2\2156~Ashanti - Foolish.mp3
18:52:44|Onda Geox jingle 07|\\support02\Users\Public\ZettaFolder\Media\2\2197~Onda Geox jingle 07.mp3
18:52:47|Don't Love You No More (I'm Sorry)|\\support02\Users\Public\ZettaFolder\Media\1\1872~Don't Love You No More (I'm Sorry).mp3
18:56:33|Onda Geox jingle 06|\\support02\Users\Public\ZettaFolder\Media\2\2196~Onda Geox jingle 06.mp3
18:56:37|All Around The World|\\support02\Users\Public\ZettaFolder\Media\1\1579~All Around The World.mp3
19:00:54|Onda Geox jingle 07|\\support02\Users\Public\ZettaFolder\Media\2\2197~Onda Geox jingle 07.mp3
19:00:57|I Don't Wanna Fight|\\support02\Users\Public\ZettaFolder\Media\0\259~11 I Don't Wanna Fight.mp3
19:00:00|AmphiBiox sogg.2|\\support02\Users\Public\ZettaFolder\Media\2\2186~AmphiBiox sogg.2.mp3
19:00:33|Onda Geox jingle 03|\\support02\Users\Public\ZettaFolder\Media\2\2193~Onda Geox jingle 03.mp3
19:00:43|Take A Message|\\support02\Users\Public\ZettaFolder\Media\2\2178~Remy Shand - Take a message.mp3
19:04:31|Onda Geox jingle 07|\\support02\Users\Public\ZettaFolder\Media\2\2197~Onda Geox jingle 07.mp3
19:04:34|Forget Me Nots|\\support02\Users\Public\ZettaFolder\Media\1\1884~Forget Me Nots.mp3
19:09:05|Onda Geox jingle 06|\\support02\Users\Public\ZettaFolder\Media\2\2196~Onda Geox jingle 06.mp3
19:09:09|Come Away With Me|\\support02\Users\Public\ZettaFolder\Media\1\1865~Come Away With Me.mp3
19:13:20|Onda Geox jingle 07|\\support02\Users\Public\ZettaFolder\Media\2\2197~Onda Geox jingle 07.mp3
19:13:23|Don't Wanna Lose You|\\support02\Users\Public\ZettaFolder\Media\1\1874~Don't Wanna Lose You.mp3
19:17:16|Benefeet sogg.1|\\support02\Users\Public\ZettaFolder\Media\2\2189~Benefeet sogg.1.mp3
19:17:55|Onda Geox jingle 04|\\support02\Users\Public\ZettaFolder\Media\2\2194~Onda Geox jingle 04.mp3
19:18:05|Fallin'|\\support02\Users\Public\ZettaFolder\Media\1\1880~Fallin'.mp3
19:21:16|Onda Geox jingle 07|\\support02\Users\Public\ZettaFolder\Media\2\2197~Onda Geox jingle 07.mp3
19:21:19|Come Into My Life|\\support02\Users\Public\ZettaFolder\Media\1\1867~Come Into My Life.mp3
19:24:55|Onda Geox jingle 06|\\support02\Users\Public\ZettaFolder\Media\2\2196~Onda Geox jingle 06.mp3
19:25:00|Canned Heat|\\support02\Users\Public\ZettaFolder\Media\1\1993~Canned Heat.mp3
19:28:11|Onda Geox jingle 07|\\support02\Users\Public\ZettaFolder\Media\2\2197~Onda Geox jingle 07.mp3
19:28:14|Rhthm Of Life|\\support02\Users\Public\ZettaFolder\Media\2\2071~Rhythm Of Life.mp3
19:32:15|AmphiBiox sogg.4|\\support02\Users\Public\ZettaFolder\Media\2\2188~AmphiBiox sogg.4.mp3
19:32:53|Onda Geox jingle 05|\\support02\Users\Public\ZettaFolder\Media\2\2195~Onda Geox jingle 05.mp3
19:33:04|Let's Wait Awhile|\\support02\Users\Public\ZettaFolder\Media\2\2028~Let's Wait Awhile.mp3
19:37:34|Onda Geox jingle 07|\\support02\Users\Public\ZettaFolder\Media\2\2197~Onda Geox jingle 07.mp3
19:37:37|Girl On TV|\\support02\Users\Public\ZettaFolder\Media\2\2168~LFO - Girl On TV.mp3
19:41:43|Onda Geox jingle 06|\\support02\Users\Public\ZettaFolder\Media\2\2196~Onda Geox jingle 06.mp3
19:41:47|The Way You make Me Feel|\\support02\Users\Public\ZettaFolder\Media\1\1980~03 The Way You Make Me Feel.mp3
19:46:02|Onda Geox jingle 07|\\support02\Users\Public\ZettaFolder\Media\2\2197~Onda Geox jingle 07.mp3
19:46:05|No Scrubs|\\support02\Users\Public\ZettaFolder\Media\2\2054~No Scrubs.mp3
19:49:29|Benefeet sogg.2|\\support02\Users\Public\ZettaFolder\Media\2\2190~Benefeet sogg.2.mp3
19:50:03|Onda Geox jingle 01|\\support02\Users\Public\ZettaFolder\Media\2\2191~Onda Geox jingle 01.mp3
19:50:14|No One In The World|\\support02\Users\Public\ZettaFolder\Media\2\2053~No One In The World.mp3
19:54:07|Onda Geox jingle 07|\\support02\Users\Public\ZettaFolder\Media\2\2197~Onda Geox jingle 07.mp3
19:54:10|Saturday Love|\\support02\Users\Public\ZettaFolder\Media\2\2076~Saturday Love.mp3
19:58:25|Onda Geox jingle 06|\\support02\Users\Public\ZettaFolder\Media\2\2196~Onda Geox jingle 06.mp3
19:58:30|Surrender|\\support02\Users\Public\ZettaFolder\Media\2\2103~Surrender.mp3
20:02:12|Onda Geox jingle 07|\\support02\Users\Public\ZettaFolder\Media\2\2197~Onda Geox jingle 07.mp3
20:02:15|One Sweet Day|\\support02\Users\Public\ZettaFolder\Media\0\273~14 One Sweet Day.mp3
20:00:00|AmphiBiox sogg.3|\\support02\Users\Public\ZettaFolder\Media\2\2187~AmphiBiox sogg.3.mp3
20:00:37|Onda Geox jingle 02|\\support02\Users\Public\ZettaFolder\Media\2\2192~Onda Geox jingle 02.mp3
20:00:48|Float On|\\support02\Users\Public\ZettaFolder\Media\1\1883~Float On.mp3
20:04:52|Onda Geox jingle 07|\\support02\Users\Public\ZettaFolder\Media\2\2197~Onda Geox jingle 07.mp3
20:04:55|U Know What's Up|\\support02\Users\Public\ZettaFolder\Media\2\2163~Donell Jones - U know what's up.mp3
20:08:46|Onda Geox jingle 06|\\support02\Users\Public\ZettaFolder\Media\2\2196~Onda Geox jingle 06.mp3
20:08:50|Heartbreaker|\\support02\Users\Public\ZettaFolder\Media\2\2006~Heartbreaker.mp3
20:12:53|Onda Geox jingle 07|\\support02\Users\Public\ZettaFolder\Media\2\2197~Onda Geox jingle 07.mp3
20:12:57|Dreams|\\support02\Users\Public\ZettaFolder\Media\2\2000~Dreams.mp3
20:16:28|Benefeet sogg.1|\\support02\Users\Public\ZettaFolder\Media\2\2189~Benefeet sogg.1.mp3
20:17:06|Onda Geox jingle 03|\\support02\Users\Public\ZettaFolder\Media\2\2193~Onda Geox jingle 03.mp3
20:17:17|Let It Flow|\\support02\Users\Public\ZettaFolder\Media\0\244~08 Let It Flow.mp3
20:21:24|Onda Geox jingle 07|\\support02\Users\Public\ZettaFolder\Media\2\2197~Onda Geox jingle 07.mp3
20:21:27|Try again|\\support02\Users\Public\ZettaFolder\Media\2\2150~Aaliyah - Try again.mp3
20:26:04|Onda Geox jingle 06|\\support02\Users\Public\ZettaFolder\Media\2\2196~Onda Geox jingle 06.mp3
20:26:09|Never Knew Love Like This|\\support02\Users\Public\ZettaFolder\Media\2\2052~Never Knew Love Like This.mp3
20:29:26|Onda Geox jingle 07|\\support02\Users\Public\ZettaFolder\Media\2\2197~Onda Geox jingle 07.mp3
20:29:29|7 Seconds|\\support02\Users\Public\ZettaFolder\Media\1\1572~7 Seconds.mp3
20:33:26|AmphiBiox sogg.1|\\support02\Users\Public\ZettaFolder\Media\2\2185~AmphiBiox sogg.1.mp3
20:34:03|Onda Geox jingle 04|\\support02\Users\Public\ZettaFolder\Media\2\2194~Onda Geox jingle 04.mp3
20:34:13|I Wish I Wasn't|\\support02\Users\Public\ZettaFolder\Media\0\277~15 I Wish I Wasn't.mp3
20:38:24|Onda Geox jingle 07|\\support02\Users\Public\ZettaFolder\Media\2\2197~Onda Geox jingle 07.mp3
20:38:27|Question Of Faith|\\support02\Users\Public\ZettaFolder\Media\2\2065~Question Of Faith.mp3
20:42:03|Onda Geox jingle 06|\\support02\Users\Public\ZettaFolder\Media\2\2196~Onda Geox jingle 06.mp3
20:42:07|She's Got That Vibe|\\support02\Users\Public\ZettaFolder\Media\0\228~05 She's Got That Vibe.mp3
20:45:52|Onda Geox jingle 07|\\support02\Users\Public\ZettaFolder\Media\2\2197~Onda Geox jingle 07.mp3
20:45:55|Crazy|\\support02\Users\Public\ZettaFolder\Media\1\1998~Crazy.mp3
20:48:49|Benefeet sogg.2|\\support02\Users\Public\ZettaFolder\Media\2\2190~Benefeet sogg.2.mp3
20:49:23|Onda Geox jingle 05|\\support02\Users\Public\ZettaFolder\Media\2\2195~Onda Geox jingle 05.mp3
20:49:34|One Fine Day|\\support02\Users\Public\ZettaFolder\Media\2\2057~One Fine Day.mp3
20:54:18|Onda Geox jingle 07|\\support02\Users\Public\ZettaFolder\Media\2\2197~Onda Geox jingle 07.mp3
20:54:21|Dream On Dreamer|\\support02\Users\Public\ZettaFolder\Media\1\1876~Dream On Dreamer.mp3
20:57:39|Onda Geox jingle 06|\\support02\Users\Public\ZettaFolder\Media\2\2196~Onda Geox jingle 06.mp3
20:57:43|Survivor|\\support02\Users\Public\ZettaFolder\Media\2\2104~Survivor.mp3
21:01:41|Onda Geox jingle 07|\\support02\Users\Public\ZettaFolder\Media\2\2197~Onda Geox jingle 07.mp3
21:01:44|Joy|\\support02\Users\Public\ZettaFolder\Media\2\2019~Joy.mp3
21:00:00|AmphiBiox sogg.2|\\support02\Users\Public\ZettaFolder\Media\2\2186~AmphiBiox sogg.2.mp3
21:00:33|Onda Geox jingle 01|\\support02\Users\Public\ZettaFolder\Media\2\2191~Onda Geox jingle 01.mp3
21:00:43|Lost|\\support02\Users\Public\ZettaFolder\Media\2\2032~Lost.mp3
21:04:15|Onda Geox jingle 07|\\support02\Users\Public\ZettaFolder\Media\2\2197~Onda Geox jingle 07.mp3
21:04:18|caravan Of Love|\\support02\Users\Public\ZettaFolder\Media\1\1994~Caravan Of Love.mp3
21:08:33|Onda Geox jingle 06|\\support02\Users\Public\ZettaFolder\Media\2\2196~Onda Geox jingle 06.mp3
21:08:38|Because Of Love|\\support02\Users\Public\ZettaFolder\Media\0\263~13 Because Of Love.mp3
21:12:05|Onda Geox jingle 07|\\support02\Users\Public\ZettaFolder\Media\2\2197~Onda Geox jingle 07.mp3
21:12:08|Harvest For The World|\\support02\Users\Public\ZettaFolder\Media\1\1890~Harvest For The World.mp3
21:15:59|Benefeet sogg.1|\\support02\Users\Public\ZettaFolder\Media\2\2189~Benefeet sogg.1.mp3
21:16:38|Onda Geox jingle 02|\\support02\Users\Public\ZettaFolder\Media\2\2192~Onda Geox jingle 02.mp3
21:16:49|Beauty And The Beast|\\support02\Users\Public\ZettaFolder\Media\0\262~13 Beauty And The Beast.mp3
21:20:11|Onda Geox jingle 07|\\support02\Users\Public\ZettaFolder\Media\2\2197~Onda Geox jingle 07.mp3
21:20:14|Turn Your Love Around|\\support02\Users\Public\ZettaFolder\Media\1\1986~15 George Benson-Turn Your Love Arou.mp3
21:23:50|Onda Geox jingle 06|\\support02\Users\Public\ZettaFolder\Media\2\2196~Onda Geox jingle 06.mp3
21:23:55|Through The Storm|\\support02\Users\Public\ZettaFolder\Media\2\2117~Through The Storm.mp3
21:27:46|Onda Geox jingle 07|\\support02\Users\Public\ZettaFolder\Media\2\2197~Onda Geox jingle 07.mp3
21:27:49|Lovely Day|\\support02\Users\Public\ZettaFolder\Media\2\2039~Lovely Day.mp3
21:31:47|AmphiBiox sogg.4|\\support02\Users\Public\ZettaFolder\Media\2\2188~AmphiBiox sogg.4.mp3
21:32:25|Onda Geox jingle 03|\\support02\Users\Public\ZettaFolder\Media\2\2193~Onda Geox jingle 03.mp3
21:32:36|Beautiful|\\support02\Users\Public\ZettaFolder\Media\1\1989~Beautiful.mp3
21:36:31|Onda Geox jingle 07|\\support02\Users\Public\ZettaFolder\Media\2\2197~Onda Geox jingle 07.mp3
21:36:34|Never Die|\\support02\Users\Public\ZettaFolder\Media\2\2051~Never Die.mp3
21:40:58|Onda Geox jingle 06|\\support02\Users\Public\ZettaFolder\Media\2\2196~Onda Geox jingle 06.mp3
21:41:02|Criticize|\\support02\Users\Public\ZettaFolder\Media\1\1999~Criticize.mp3
21:45:01|Onda Geox jingle 07|\\support02\Users\Public\ZettaFolder\Media\2\2197~Onda Geox jingle 07.mp3
21:45:04|Into My Soul|\\support02\Users\Public\ZettaFolder\Media\2\2140~Into My Soul_2_1_1_1.mp3
21:49:34|Benefeet sogg.2|\\support02\Users\Public\ZettaFolder\Media\2\2190~Benefeet sogg.2.mp3
21:50:08|Onda Geox jingle 04|\\support02\Users\Public\ZettaFolder\Media\2\2194~Onda Geox jingle 04.mp3
21:50:18|Without You|\\support02\Users\Public\ZettaFolder\Media\0\283~17 Without You.mp3
21:53:38|Onda Geox jingle 07|\\support02\Users\Public\ZettaFolder\Media\2\2197~Onda Geox jingle 07.mp3
21:53:41|Twentyfourseven|\\support02\Users\Public\ZettaFolder\Media\2\2204~AudioCD#f60f4412-06.mp3
21:57:23|Onda Geox jingle 06|\\support02\Users\Public\ZettaFolder\Media\2\2196~Onda Geox jingle 06.mp3
21:57:28|Seven Days In Sunny June|\\support02\Users\Public\ZettaFolder\Media\2\2081~Seven Days In Sunny June.mp3
22:01:22|Onda Geox jingle 07|\\support02\Users\Public\ZettaFolder\Media\2\2197~Onda Geox jingle 07.mp3
22:01:25|Flashback|\\support02\Users\Public\ZettaFolder\Media\1\1882~Flashback.mp3
22:00:00|AmphiBiox sogg.3|\\support02\Users\Public\ZettaFolder\Media\2\2187~AmphiBiox sogg.3.mp3
22:00:37|Onda Geox jingle 05|\\support02\Users\Public\ZettaFolder\Media\2\2195~Onda Geox jingle 05.mp3
22:00:48|If You Don't Know Me By Now|\\support02\Users\Public\ZettaFolder\Media\1\1903~If You Don't Know Me By Now.mp3
22:04:05|Onda Geox jingle 07|\\support02\Users\Public\ZettaFolder\Media\2\2197~Onda Geox jingle 07.mp3
22:04:08|You Used To Love Me|\\support02\Users\Public\ZettaFolder\Media\1\1987~18 You Used To Love Me.mp3
22:08:02|Onda Geox jingle 06|\\support02\Users\Public\ZettaFolder\Media\2\2196~Onda Geox jingle 06.mp3
22:08:07|So Emotional|\\support02\Users\Public\ZettaFolder\Media\2\2089~So Emotional.mp3
22:12:27|Onda Geox jingle 07|\\support02\Users\Public\ZettaFolder\Media\2\2197~Onda Geox jingle 07.mp3
22:12:30|Everything is gonna be allright|\\support02\Users\Public\ZettaFolder\Media\2\2147~Sweetbox - Everything is gonna be allright.mp3
22:15:38|Benefeet sogg.1|\\support02\Users\Public\ZettaFolder\Media\2\2189~Benefeet sogg.1.mp3
22:16:16|Onda Geox jingle 01|\\support02\Users\Public\ZettaFolder\Media\2\2191~Onda Geox jingle 01.mp3
22:16:27|Show Me The Way|\\support02\Users\Public\ZettaFolder\Media\2\2083~Show Me The Way.mp3
22:20:22|Onda Geox jingle 07|\\support02\Users\Public\ZettaFolder\Media\2\2197~Onda Geox jingle 07.mp3
22:20:25|All The Way|\\support02\Users\Public\ZettaFolder\Media\1\1639~All The Way.mp3
22:23:48|Onda Geox jingle 06|\\support02\Users\Public\ZettaFolder\Media\2\2196~Onda Geox jingle 06.mp3
22:23:52|Jump To My Love|\\support02\Users\Public\ZettaFolder\Media\2\2021~Jump To My Love.mp3
22:27:51|Onda Geox jingle 07|\\support02\Users\Public\ZettaFolder\Media\2\2197~Onda Geox jingle 07.mp3
22:27:54|Rise & Fall|\\support02\Users\Public\ZettaFolder\Media\2\2074~Rise & Fall.mp3
22:31:47|AmphiBiox sogg.1|\\support02\Users\Public\ZettaFolder\Media\2\2185~AmphiBiox sogg.1.mp3
22:32:23|Onda Geox jingle 02|\\support02\Users\Public\ZettaFolder\Media\2\2192~Onda Geox jingle 02.mp3
22:32:34|Again|\\support02\Users\Public\ZettaFolder\Media\0\225~05 Again.mp3
22:36:18|Onda Geox jingle 07|\\support02\Users\Public\ZettaFolder\Media\2\2197~Onda Geox jingle 07.mp3
22:36:21|Get It On Tonight|\\support02\Users\Public\ZettaFolder\Media\2\2176~Montell Jordan - Get it on tonight.mp3
22:39:42|Onda Geox jingle 06|\\support02\Users\Public\ZettaFolder\Media\2\2196~Onda Geox jingle 06.mp3
22:39:47|Remember The Time|\\support02\Users\Public\ZettaFolder\Media\2\2069~Remember The Time.mp3
22:43:42|Onda Geox jingle 07|\\support02\Users\Public\ZettaFolder\Media\2\2197~Onda Geox jingle 07.mp3
22:43:45|That Girl|\\support02\Users\Public\ZettaFolder\Media\0\257~10-14 That Girl.mp3
22:45:56|Benefeet sogg.2|\\support02\Users\Public\ZettaFolder\Media\2\2190~Benefeet sogg.2.mp3
22:46:30|Onda Geox jingle 03|\\support02\Users\Public\ZettaFolder\Media\2\2193~Onda Geox jingle 03.mp3
22:46:41|Half On A Baby|\\support02\Users\Public\ZettaFolder\Media\1\1887~Half on a baby.mp3
22:51:14|Onda Geox jingle 07|\\support02\Users\Public\ZettaFolder\Media\2\2197~Onda Geox jingle 07.mp3
22:51:17|World Looking In|\\support02\Users\Public\ZettaFolder\Media\2\2182~Morcheeba -  World Looking In.mp3
22:54:37|Onda Geox jingle 06|\\support02\Users\Public\ZettaFolder\Media\2\2196~Onda Geox jingle 06.mp3
22:54:41|Kiss|\\support02\Users\Public\ZettaFolder\Media\2\2025~Kiss.mp3
22:58:19|Onda Geox jingle 07|\\support02\Users\Public\ZettaFolder\Media\2\2197~Onda Geox jingle 07.mp3
22:58:22|Ain't Nobody|\\support02\Users\Public\ZettaFolder\Media\1\1578~Ain't Nobody.mp3
23:00:00|AmphiBiox sogg.2|\\support02\Users\Public\ZettaFolder\Media\2\2186~AmphiBiox sogg.2.mp3
23:00:33|Onda Geox jingle 04|\\support02\Users\Public\ZettaFolder\Media\2\2194~Onda Geox jingle 04.mp3
23:00:43|Always|\\support02\Users\Public\ZettaFolder\Media\1\1780~Always.mp3
23:04:15|Onda Geox jingle 07|\\support02\Users\Public\ZettaFolder\Media\2\2197~Onda Geox jingle 07.mp3
23:04:18|Love Is All We Need|\\support02\Users\Public\ZettaFolder\Media\2\2036~Love Is All We Need.mp3
23:08:27|Onda Geox jingle 06|\\support02\Users\Public\ZettaFolder\Media\2\2196~Onda Geox jingle 06.mp3
23:08:31|The Best Things In Life Are Free|\\support02\Users\Public\ZettaFolder\Media\2\2110~The Best Things In Life Are Free.mp3
23:12:29|Onda Geox jingle 07|\\support02\Users\Public\ZettaFolder\Media\2\2197~Onda Geox jingle 07.mp3
23:12:32|Friends|\\support02\Users\Public\ZettaFolder\Media\1\1885~Friends.mp3
23:16:19|Benefeet sogg.1|\\support02\Users\Public\ZettaFolder\Media\2\2189~Benefeet sogg.1.mp3
23:16:58|Onda Geox jingle 05|\\support02\Users\Public\ZettaFolder\Media\2\2195~Onda Geox jingle 05.mp3
23:17:08|Love Is|\\support02\Users\Public\ZettaFolder\Media\0\280~15 Love Is.mp3
23:21:02|Onda Geox jingle 07|\\support02\Users\Public\ZettaFolder\Media\2\2197~Onda Geox jingle 07.mp3
23:21:05|Shackless|\\support02\Users\Public\ZettaFolder\Media\2\2171~Mary Mary - Shackless.mp3
23:24:02|Onda Geox jingle 06|\\support02\Users\Public\ZettaFolder\Media\2\2196~Onda Geox jingle 06.mp3
23:24:06|I'll Be Waiting|\\support02\Users\Public\ZettaFolder\Media\1\1899~I'll Be Waiting.mp3
23:27:54|Onda Geox jingle 07|\\support02\Users\Public\ZettaFolder\Media\2\2197~Onda Geox jingle 07.mp3
23:27:57|Sway|\\support02\Users\Public\ZettaFolder\Media\2\2105~Sway.mp3
23:31:02|AmphiBiox sogg.4|\\support02\Users\Public\ZettaFolder\Media\2\2188~AmphiBiox sogg.4.mp3
23:31:40|Onda Geox jingle 01|\\support02\Users\Public\ZettaFolder\Media\2\2191~Onda Geox jingle 01.mp3
23:31:51|My Friend|\\support02\Users\Public\ZettaFolder\Media\2\2048~My Friend.mp3
23:36:05|Onda Geox jingle 07|\\support02\Users\Public\ZettaFolder\Media\2\2197~Onda Geox jingle 07.mp3
23:36:08|Hangin' On A String (Contemplating)|\\support02\Users\Public\ZettaFolder\Media\1\1888~Hangin' On A String (Contemplating).mp3
23:41:50|Onda Geox jingle 06|\\support02\Users\Public\ZettaFolder\Media\2\2196~Onda Geox jingle 06.mp3
23:41:55|The Real Thing|\\support02\Users\Public\ZettaFolder\Media\2\2114~The Real Thing.mp3
23:45:59|Onda Geox jingle 07|\\support02\Users\Public\ZettaFolder\Media\2\2197~Onda Geox jingle 07.mp3
23:46:02|Porcelain|\\support02\Users\Public\ZettaFolder\Media\2\2174~Moby - Porcelain.mp3
23:50:00|Benefeet sogg.2|\\support02\Users\Public\ZettaFolder\Media\2\2190~Benefeet sogg.2.mp3
23:50:34|Onda Geox jingle 02|\\support02\Users\Public\ZettaFolder\Media\2\2192~Onda Geox jingle 02.mp3
23:50:44|Rush Rush|\\support02\Users\Public\ZettaFolder\Media\2\2075~Rush rush.mp3
23:54:46|Onda Geox jingle 07|\\support02\Users\Public\ZettaFolder\Media\2\2197~Onda Geox jingle 07.mp3
23:54:49|Sexy Love|\\support02\Users\Public\ZettaFolder\Media\2\2082~Sexy Love.mp3
23:58:22|Onda Geox jingle 06|\\support02\Users\Public\ZettaFolder\Media\2\2196~Onda Geox jingle 06.mp3
23:58:26|Riding On A Train|\\support02\Users\Public\ZettaFolder\Media\2\2072~Riding On A Train.mp3
00:03:43|Onda Geox jingle 07|\\support02\Users\Public\ZettaFolder\Media\2\2197~Onda Geox jingle 07.mp3
00:03:46|Fantasy|\\support02\Users\Public\ZettaFolder\Media\0\265~13 Fantasy.mp3
