00:00:00|AmphiBiox sogg.3|\\support02\Users\Public\ZettaFolder\Media\2\2187~AmphiBiox sogg.3.mp3
00:00:37|Onda Geox jingle 02|\\support02\Users\Public\ZettaFolder\Media\2\2192~Onda Geox jingle 02.mp3
00:00:48|I Still Believe|\\support02\Users\Public\ZettaFolder\Media\1\1895~I Still Believe.mp3
00:04:24|Onda Geox jingle 07|\\support02\Users\Public\ZettaFolder\Media\2\2197~Onda Geox jingle 07.mp3
00:04:27|Daylight|\\support02\Users\Public\ZettaFolder\Media\0\208~02 Daylight.mp3
00:07:47|Onda Geox jingle 06|\\support02\Users\Public\ZettaFolder\Media\2\2196~Onda Geox jingle 06.mp3
00:07:52|Family affair|\\support02\Users\Public\ZettaFolder\Media\2\2170~Mary J Blige - Family affair.mp3
00:11:39|Onda Geox jingle 07|\\support02\Users\Public\ZettaFolder\Media\2\2197~Onda Geox jingle 07.mp3
00:11:42|Back To Life|\\support02\Users\Public\ZettaFolder\Media\1\1988~Back To Life.mp3
00:15:13|Benefeet sogg.1|\\support02\Users\Public\ZettaFolder\Media\2\2189~Benefeet sogg.1.mp3
00:15:52|Onda Geox jingle 03|\\support02\Users\Public\ZettaFolder\Media\2\2193~Onda Geox jingle 03.mp3
00:16:03|Float On|\\support02\Users\Public\ZettaFolder\Media\1\1883~Float On.mp3
00:20:06|Onda Geox jingle 07|\\support02\Users\Public\ZettaFolder\Media\2\2197~Onda Geox jingle 07.mp3
00:20:10|Mated|\\support02\Users\Public\ZettaFolder\Media\2\2040~Mated.mp3
00:23:53|Onda Geox jingle 06|\\support02\Users\Public\ZettaFolder\Media\2\2196~Onda Geox jingle 06.mp3
00:23:57|YOU|\\support02\Users\Public\ZettaFolder\Media\2\2224~AudioCD#e40ec912-11.mp3
00:27:40|Onda Geox jingle 07|\\support02\Users\Public\ZettaFolder\Media\2\2197~Onda Geox jingle 07.mp3
00:27:43|I Don't Wanna Lose You|\\support02\Users\Public\ZettaFolder\Media\1\1894~I Don't Wanna Lose You.mp3
00:31:51|AmphiBiox sogg.1|\\support02\Users\Public\ZettaFolder\Media\2\2185~AmphiBiox sogg.1.mp3
00:32:27|Onda Geox jingle 04|\\support02\Users\Public\ZettaFolder\Media\2\2194~Onda Geox jingle 04.mp3
00:32:38|Un-Break My Heart (Album)|\\support02\Users\Public\ZettaFolder\Media\0\223~04 Un-Break My Heart (Album).mp3
00:36:50|Onda Geox jingle 07|\\support02\Users\Public\ZettaFolder\Media\2\2197~Onda Geox jingle 07.mp3
00:36:54|Never New Love Like This Before|\\support02\Users\Public\ZettaFolder\Media\0\211~02 Stephanie Mills-Never New Love Li.mp3
00:40:15|Onda Geox jingle 06|\\support02\Users\Public\ZettaFolder\Media\2\2196~Onda Geox jingle 06.mp3
00:40:19|Seven Days In Sunny June|\\support02\Users\Public\ZettaFolder\Media\2\2081~Seven Days In Sunny June.mp3
00:44:13|Onda Geox jingle 07|\\support02\Users\Public\ZettaFolder\Media\2\2197~Onda Geox jingle 07.mp3
00:44:16|Lovely Day|\\support02\Users\Public\ZettaFolder\Media\2\2039~Lovely Day.mp3
00:48:14|Benefeet sogg.2|\\support02\Users\Public\ZettaFolder\Media\2\2190~Benefeet sogg.2.mp3
00:48:48|Onda Geox jingle 05|\\support02\Users\Public\ZettaFolder\Media\2\2195~Onda Geox jingle 05.mp3
00:48:58|Come Back To Me|\\support02\Users\Public\ZettaFolder\Media\1\1996~Come Back To Me.mp3
00:53:32|Onda Geox jingle 07|\\support02\Users\Public\ZettaFolder\Media\2\2197~Onda Geox jingle 07.mp3
00:53:35|Rock Steady|\\support02\Users\Public\ZettaFolder\Media\0\245~08 Whispers - Rock Steady.mp3
00:57:27|Onda Geox jingle 06|\\support02\Users\Public\ZettaFolder\Media\2\2196~Onda Geox jingle 06.mp3
00:57:31|If I Told You That|\\support02\Users\Public\ZettaFolder\Media\1\1901~If I Told You That.mp3
01:01:10|Onda Geox jingle 07|\\support02\Users\Public\ZettaFolder\Media\2\2197~Onda Geox jingle 07.mp3
01:01:13|Raincloud|\\support02\Users\Public\ZettaFolder\Media\2\2066~Raincloud.mp3
01:00:00|AmphiBiox sogg.4|\\support02\Users\Public\ZettaFolder\Media\2\2188~AmphiBiox sogg.4.mp3
01:00:38|Onda Geox jingle 01|\\support02\Users\Public\ZettaFolder\Media\2\2191~Onda Geox jingle 01.mp3
01:00:48|He Is|\\support02\Users\Public\ZettaFolder\Media\0\266~13 He Is.mp3
01:05:04|Onda Geox jingle 07|\\support02\Users\Public\ZettaFolder\Media\2\2197~Onda Geox jingle 07.mp3
01:05:07|Move Closer|\\support02\Users\Public\ZettaFolder\Media\2\2046~Move Closer.mp3
01:09:07|Onda Geox jingle 06|\\support02\Users\Public\ZettaFolder\Media\2\2196~Onda Geox jingle 06.mp3
01:09:11|Forget About The World|\\support02\Users\Public\ZettaFolder\Media\0\201~01 Forget About The World.mp3
01:13:10|Onda Geox jingle 07|\\support02\Users\Public\ZettaFolder\Media\2\2197~Onda Geox jingle 07.mp3
01:13:13|Sign 'O' The Times|\\support02\Users\Public\ZettaFolder\Media\2\2085~Sign 'O' The Times.mp3
01:16:46|Benefeet sogg.1|\\support02\Users\Public\ZettaFolder\Media\2\2189~Benefeet sogg.1.mp3
01:17:25|Onda Geox jingle 02|\\support02\Users\Public\ZettaFolder\Media\2\2192~Onda Geox jingle 02.mp3
01:17:35|Lost|\\support02\Users\Public\ZettaFolder\Media\2\2032~Lost.mp3
01:21:07|Onda Geox jingle 07|\\support02\Users\Public\ZettaFolder\Media\2\2197~Onda Geox jingle 07.mp3
01:21:10|Always In My heart|\\support02\Users\Public\ZettaFolder\Media\2\2180~Tevin Campbell - Always in my heart.mp3
01:26:20|Onda Geox jingle 06|\\support02\Users\Public\ZettaFolder\Media\2\2196~Onda Geox jingle 06.mp3
01:26:25|The Real Thing|\\support02\Users\Public\ZettaFolder\Media\2\2114~The Real Thing.mp3
01:30:29|Onda Geox jingle 07|\\support02\Users\Public\ZettaFolder\Media\2\2197~Onda Geox jingle 07.mp3
01:30:32|I?M LIKE A BIRD|\\support02\Users\Public\ZettaFolder\Media\2\2232~AudioCD#070f5f13-12.mp3
01:34:26|AmphiBiox sogg.2|\\support02\Users\Public\ZettaFolder\Media\2\2186~AmphiBiox sogg.2.mp3
01:34:59|Onda Geox jingle 03|\\support02\Users\Public\ZettaFolder\Media\2\2193~Onda Geox jingle 03.mp3
01:35:10|A Broken Heart Can Mend|\\support02\Users\Public\ZettaFolder\Media\1\1573~A Broken Heart Can Mend.mp3
01:38:38|Onda Geox jingle 07|\\support02\Users\Public\ZettaFolder\Media\2\2197~Onda Geox jingle 07.mp3
01:38:41|Get It On Tonight|\\support02\Users\Public\ZettaFolder\Media\2\2176~Montell Jordan - Get it on tonight.mp3
01:42:03|Onda Geox jingle 06|\\support02\Users\Public\ZettaFolder\Media\2\2196~Onda Geox jingle 06.mp3
01:42:07|Don't Be Cruel|\\support02\Users\Public\ZettaFolder\Media\0\232~06 Bobby Brown _ Don't Be Cruel.mp3
01:46:09|Onda Geox jingle 07|\\support02\Users\Public\ZettaFolder\Media\2\2197~Onda Geox jingle 07.mp3
01:46:12|Dreamlover|\\support02\Users\Public\ZettaFolder\Media\0\270~14 Dreamlover.mp3
01:50:03|Benefeet sogg.2|\\support02\Users\Public\ZettaFolder\Media\2\2190~Benefeet sogg.2.mp3
01:50:37|Onda Geox jingle 04|\\support02\Users\Public\ZettaFolder\Media\2\2194~Onda Geox jingle 04.mp3
01:50:47|One More Chance|\\support02\Users\Public\ZettaFolder\Media\2\2058~One More Chance.mp3
01:55:03|Onda Geox jingle 07|\\support02\Users\Public\ZettaFolder\Media\2\2197~Onda Geox jingle 07.mp3
01:55:06|Never Die|\\support02\Users\Public\ZettaFolder\Media\2\2051~Never Die.mp3
01:59:30|Onda Geox jingle 06|\\support02\Users\Public\ZettaFolder\Media\2\2196~Onda Geox jingle 06.mp3
01:59:34|The Glamorous Life|\\support02\Users\Public\ZettaFolder\Media\1\1152~21-08 The Glamorous Life.mp3
02:03:08|Onda Geox jingle 07|\\support02\Users\Public\ZettaFolder\Media\2\2197~Onda Geox jingle 07.mp3
02:03:11|Rehab|\\support02\Users\Public\ZettaFolder\Media\2\2068~Rehab.mp3
02:00:00|AmphiBiox sogg.3|\\support02\Users\Public\ZettaFolder\Media\2\2187~AmphiBiox sogg.3.mp3
02:00:37|Onda Geox jingle 05|\\support02\Users\Public\ZettaFolder\Media\2\2195~Onda Geox jingle 05.mp3
02:00:48|Half On A Baby|\\support02\Users\Public\ZettaFolder\Media\1\1887~Half on a baby.mp3
02:05:20|Onda Geox jingle 07|\\support02\Users\Public\ZettaFolder\Media\2\2197~Onda Geox jingle 07.mp3
02:05:23|Strange Kind Of Love|\\support02\Users\Public\ZettaFolder\Media\2\2099~Strange Kind Of Love.mp3
02:09:39|Onda Geox jingle 06|\\support02\Users\Public\ZettaFolder\Media\2\2196~Onda Geox jingle 06.mp3
02:09:43|The Best Things In Life Are Free|\\support02\Users\Public\ZettaFolder\Media\2\2110~The Best Things In Life Are Free.mp3
02:13:41|Onda Geox jingle 07|\\support02\Users\Public\ZettaFolder\Media\2\2197~Onda Geox jingle 07.mp3
02:13:44|Pure Shores|\\support02\Users\Public\ZettaFolder\Media\2\2064~Pure Shores.mp3
02:17:51|Benefeet sogg.1|\\support02\Users\Public\ZettaFolder\Media\2\2189~Benefeet sogg.1.mp3
02:18:29|Onda Geox jingle 01|\\support02\Users\Public\ZettaFolder\Media\2\2191~Onda Geox jingle 01.mp3
02:18:40|Let's Wait Awhile|\\support02\Users\Public\ZettaFolder\Media\2\2028~Let's Wait Awhile.mp3
02:23:10|Onda Geox jingle 07|\\support02\Users\Public\ZettaFolder\Media\2\2197~Onda Geox jingle 07.mp3
02:23:13|Love... Thy Will Be Done|\\support02\Users\Public\ZettaFolder\Media\2\2038~Love...Thy Will Be Done.mp3
02:27:19|Onda Geox jingle 06|\\support02\Users\Public\ZettaFolder\Media\2\2196~Onda Geox jingle 06.mp3
02:27:23|Love don't cost a thing (Remix)|\\support02\Users\Public\ZettaFolder\Media\2\2231~AudioCD#0f0fdf13-03.mp3
02:31:21|Onda Geox jingle 07|\\support02\Users\Public\ZettaFolder\Media\2\2197~Onda Geox jingle 07.mp3
02:31:24|I Wonder Why|\\support02\Users\Public\ZettaFolder\Media\2\2011~I Wonder Why.mp3
02:35:40|AmphiBiox sogg.1|\\support02\Users\Public\ZettaFolder\Media\2\2185~AmphiBiox sogg.1.mp3
02:36:16|Onda Geox jingle 02|\\support02\Users\Public\ZettaFolder\Media\2\2192~Onda Geox jingle 02.mp3
02:36:27|If You Asked Me To|\\support02\Users\Public\ZettaFolder\Media\0\271~14 If You Asked Me To.mp3
02:40:04|Onda Geox jingle 07|\\support02\Users\Public\ZettaFolder\Media\2\2197~Onda Geox jingle 07.mp3
02:40:07|Sexy Love|\\support02\Users\Public\ZettaFolder\Media\2\2082~Sexy Love.mp3
02:43:41|Onda Geox jingle 06|\\support02\Users\Public\ZettaFolder\Media\2\2196~Onda Geox jingle 06.mp3
02:43:45|What About Us|\\support02\Users\Public\ZettaFolder\Media\0\274~14 What About US.mp3
02:47:39|Onda Geox jingle 07|\\support02\Users\Public\ZettaFolder\Media\2\2197~Onda Geox jingle 07.mp3
02:47:42|Nightshift|\\support02\Users\Public\ZettaFolder\Media\0\235~06 Nightshift.mp3
02:51:55|Benefeet sogg.2|\\support02\Users\Public\ZettaFolder\Media\2\2190~Benefeet sogg.2.mp3
02:52:29|Onda Geox jingle 03|\\support02\Users\Public\ZettaFolder\Media\2\2193~Onda Geox jingle 03.mp3
02:52:39|If You Don't Know Me By Now|\\support02\Users\Public\ZettaFolder\Media\1\1903~If You Don't Know Me By Now.mp3
02:55:56|Onda Geox jingle 07|\\support02\Users\Public\ZettaFolder\Media\2\2197~Onda Geox jingle 07.mp3
02:55:59|Spiritual Love|\\support02\Users\Public\ZettaFolder\Media\2\2095~Spiritual Love.mp3
02:58:43|Onda Geox jingle 06|\\support02\Users\Public\ZettaFolder\Media\2\2196~Onda Geox jingle 06.mp3
02:58:47|You Rock My World|\\support02\Users\Public\ZettaFolder\Media\2\2172~Michael Jackson - You rock my world.mp3
03:03:13|Onda Geox jingle 07|\\support02\Users\Public\ZettaFolder\Media\2\2197~Onda Geox jingle 07.mp3
03:03:16|No One|\\support02\Users\Public\ZettaFolder\Media\0\222~04 No One.mp3
03:00:00|AmphiBiox sogg.4|\\support02\Users\Public\ZettaFolder\Media\2\2188~AmphiBiox sogg.4.mp3
03:00:38|Onda Geox jingle 04|\\support02\Users\Public\ZettaFolder\Media\2\2194~Onda Geox jingle 04.mp3
03:00:48|Stay With Me|\\support02\Users\Public\ZettaFolder\Media\0\282~17 One More Chance _ Stay With Me.mp3
03:04:50|Onda Geox jingle 07|\\support02\Users\Public\ZettaFolder\Media\2\2197~Onda Geox jingle 07.mp3
03:04:53|Summer Sun|\\support02\Users\Public\ZettaFolder\Media\2\2100~Summer Sun.mp3
03:08:37|Onda Geox jingle 06|\\support02\Users\Public\ZettaFolder\Media\2\2196~Onda Geox jingle 06.mp3
03:08:41|Real Love|\\support02\Users\Public\ZettaFolder\Media\2\2067~Real Love_.mp3
03:13:07|Onda Geox jingle 07|\\support02\Users\Public\ZettaFolder\Media\2\2197~Onda Geox jingle 07.mp3
03:13:10|It's Not Right But It's Okay|\\support02\Users\Public\ZettaFolder\Media\2\2139~It's Not Right But It's Okay_1.mp3
03:17:39|Benefeet sogg.1|\\support02\Users\Public\ZettaFolder\Media\2\2189~Benefeet sogg.1.mp3
03:18:17|Onda Geox jingle 05|\\support02\Users\Public\ZettaFolder\Media\2\2195~Onda Geox jingle 05.mp3
03:18:28|Without You|\\support02\Users\Public\ZettaFolder\Media\0\283~17 Without You.mp3
03:21:48|Onda Geox jingle 07|\\support02\Users\Public\ZettaFolder\Media\2\2197~Onda Geox jingle 07.mp3
03:21:51|Love Ballad|\\support02\Users\Public\ZettaFolder\Media\2\2033~Love Ballad.mp3
03:25:59|Onda Geox jingle 06|\\support02\Users\Public\ZettaFolder\Media\2\2196~Onda Geox jingle 06.mp3
03:26:04|Hidden Agenda|\\support02\Users\Public\ZettaFolder\Media\2\2007~Hidden Agenda.mp3
03:29:30|Onda Geox jingle 07|\\support02\Users\Public\ZettaFolder\Media\2\2197~Onda Geox jingle 07.mp3
03:29:33|Breakout|\\support02\Users\Public\ZettaFolder\Media\1\1992~Breakout.mp3
03:33:08|AmphiBiox sogg.2|\\support02\Users\Public\ZettaFolder\Media\2\2186~AmphiBiox sogg.2.mp3
03:33:41|Onda Geox jingle 01|\\support02\Users\Public\ZettaFolder\Media\2\2191~Onda Geox jingle 01.mp3
03:33:52|End Of The Road|\\support02\Users\Public\ZettaFolder\Media\0\252~10 End Of The Road.mp3
03:37:25|Onda Geox jingle 07|\\support02\Users\Public\ZettaFolder\Media\2\2197~Onda Geox jingle 07.mp3
03:37:28|Never As Good As The First Time|\\support02\Users\Public\ZettaFolder\Media\2\2050~Never As Good As The First Time.mp3
03:41:17|Onda Geox jingle 06|\\support02\Users\Public\ZettaFolder\Media\2\2196~Onda Geox jingle 06.mp3
03:41:21|Allright|\\support02\Users\Public\ZettaFolder\Media\2\2209~AudioCD#e80ee811-09.mp3
03:44:50|Onda Geox jingle 07|\\support02\Users\Public\ZettaFolder\Media\2\2197~Onda Geox jingle 07.mp3
03:44:53|Ain't Nobody|\\support02\Users\Public\ZettaFolder\Media\1\1578~Ain't Nobody.mp3
03:49:13|Benefeet sogg.2|\\support02\Users\Public\ZettaFolder\Media\2\2190~Benefeet sogg.2.mp3
03:49:47|Onda Geox jingle 02|\\support02\Users\Public\ZettaFolder\Media\2\2192~Onda Geox jingle 02.mp3
03:49:58|Miss You Like Crazy|\\support02\Users\Public\ZettaFolder\Media\0\272~14 Natalie Cole _ Miss You Like Craz.mp3
03:53:44|Onda Geox jingle 07|\\support02\Users\Public\ZettaFolder\Media\2\2197~Onda Geox jingle 07.mp3
03:53:47|Rapper's delight|\\support02\Users\Public\ZettaFolder\Media\2\2221~AudioCD#e00e9610-15.mp3
03:58:07|Onda Geox jingle 06|\\support02\Users\Public\ZettaFolder\Media\2\2196~Onda Geox jingle 06.mp3
03:58:11|I Would Die 4 U|\\support02\Users\Public\ZettaFolder\Media\1\1897~I Would Die 4 U.mp3
04:01:00|Onda Geox jingle 07|\\support02\Users\Public\ZettaFolder\Media\2\2197~Onda Geox jingle 07.mp3
04:01:03|That's The Way Love Goes|\\support02\Users\Public\ZettaFolder\Media\0\237~06 That's The Way Love Goes.mp3
04:00:00|AmphiBiox sogg.3|\\support02\Users\Public\ZettaFolder\Media\2\2187~AmphiBiox sogg.3.mp3
04:00:37|Onda Geox jingle 03|\\support02\Users\Public\ZettaFolder\Media\2\2193~Onda Geox jingle 03.mp3
04:00:48|One Fine Day|\\support02\Users\Public\ZettaFolder\Media\2\2057~One Fine Day.mp3
04:05:33|Onda Geox jingle 07|\\support02\Users\Public\ZettaFolder\Media\2\2197~Onda Geox jingle 07.mp3
04:05:36|Do Something|\\support02\Users\Public\ZettaFolder\Media\1\1871~Do Something.mp3
04:09:41|Onda Geox jingle 06|\\support02\Users\Public\ZettaFolder\Media\2\2196~Onda Geox jingle 06.mp3
04:09:45|Lose Yourself|\\support02\Users\Public\ZettaFolder\Media\0\221~04 Lose Yourself.mp3
04:14:00|Onda Geox jingle 07|\\support02\Users\Public\ZettaFolder\Media\2\2197~Onda Geox jingle 07.mp3
04:14:04|Moondance|\\support02\Users\Public\ZettaFolder\Media\2\2044~Moondance.mp3
04:18:10|Benefeet sogg.1|\\support02\Users\Public\ZettaFolder\Media\2\2189~Benefeet sogg.1.mp3
04:18:49|Onda Geox jingle 04|\\support02\Users\Public\ZettaFolder\Media\2\2194~Onda Geox jingle 04.mp3
04:18:59|Superwoman|\\support02\Users\Public\ZettaFolder\Media\0\212~02 Superwoman.mp3
04:23:22|Onda Geox jingle 07|\\support02\Users\Public\ZettaFolder\Media\2\2197~Onda Geox jingle 07.mp3
04:23:25|Still A Friend Of Mine|\\support02\Users\Public\ZettaFolder\Media\2\2097~Still A Friend Of Mine.mp3
04:28:51|Onda Geox jingle 06|\\support02\Users\Public\ZettaFolder\Media\2\2196~Onda Geox jingle 06.mp3
04:28:55|Survivor|\\support02\Users\Public\ZettaFolder\Media\2\2104~Survivor.mp3
04:32:54|Onda Geox jingle 07|\\support02\Users\Public\ZettaFolder\Media\2\2197~Onda Geox jingle 07.mp3
04:32:57|Keep On Movin'|\\support02\Users\Public\ZettaFolder\Media\2\2024~Keep On Movin'.mp3
04:36:23|AmphiBiox sogg.1|\\support02\Users\Public\ZettaFolder\Media\2\2185~AmphiBiox sogg.1.mp3
04:36:59|Onda Geox jingle 05|\\support02\Users\Public\ZettaFolder\Media\2\2195~Onda Geox jingle 05.mp3
04:37:10|I Wish I Wasn't|\\support02\Users\Public\ZettaFolder\Media\0\277~15 I Wish I Wasn't.mp3
04:41:20|Onda Geox jingle 07|\\support02\Users\Public\ZettaFolder\Media\2\2197~Onda Geox jingle 07.mp3
04:41:24|Circle Of One|\\support02\Users\Public\ZettaFolder\Media\1\1862~Circle Of One.mp3
04:45:04|Onda Geox jingle 06|\\support02\Users\Public\ZettaFolder\Media\2\2196~Onda Geox jingle 06.mp3
04:45:09|Criticize|\\support02\Users\Public\ZettaFolder\Media\1\1999~Criticize.mp3
04:49:08|Onda Geox jingle 07|\\support02\Users\Public\ZettaFolder\Media\2\2197~Onda Geox jingle 07.mp3
04:49:11|O Divina|\\support02\Users\Public\ZettaFolder\Media\2\2226~AudioCD#f60f4412-11.mp3
04:52:59|Benefeet sogg.2|\\support02\Users\Public\ZettaFolder\Media\2\2190~Benefeet sogg.2.mp3
04:53:33|Onda Geox jingle 01|\\support02\Users\Public\ZettaFolder\Media\2\2191~Onda Geox jingle 01.mp3
04:53:43|One More Chance|\\support02\Users\Public\ZettaFolder\Media\2\2058~One More Chance.mp3
04:57:59|Onda Geox jingle 07|\\support02\Users\Public\ZettaFolder\Media\2\2197~Onda Geox jingle 07.mp3
04:58:02|Open your eyes|\\support02\Users\Public\ZettaFolder\Media\2\2151~Alice [+] Skye - Open your eyes.mp3
05:01:52|Onda Geox jingle 06|\\support02\Users\Public\ZettaFolder\Media\2\2196~Onda Geox jingle 06.mp3
05:01:57|Get It Right|\\support02\Users\Public\ZettaFolder\Media\2\2003~Get it Right.mp3
05:06:00|Onda Geox jingle 07|\\support02\Users\Public\ZettaFolder\Media\2\2197~Onda Geox jingle 07.mp3
05:06:03|Just For You|\\support02\Users\Public\ZettaFolder\Media\2\2023~Just For You.mp3
05:00:00|AmphiBiox sogg.2|\\support02\Users\Public\ZettaFolder\Media\2\2186~AmphiBiox sogg.2.mp3
05:00:33|Onda Geox jingle 02|\\support02\Users\Public\ZettaFolder\Media\2\2192~Onda Geox jingle 02.mp3
05:00:43|There'll Be Sad Song (To Make You Cry)|\\support02\Users\Public\ZettaFolder\Media\2\2115~There'll Be Sad Song (To Make You Cr.mp3
05:04:51|Onda Geox jingle 07|\\support02\Users\Public\ZettaFolder\Media\2\2197~Onda Geox jingle 07.mp3
05:04:54|The Bottle|\\support02\Users\Public\ZettaFolder\Media\2\2111~The Bottle.mp3
05:08:58|Onda Geox jingle 06|\\support02\Users\Public\ZettaFolder\Media\2\2196~Onda Geox jingle 06.mp3
05:09:02|Gettin' jiggy with it|\\support02\Users\Public\ZettaFolder\Media\2\2215~AudioCD#17107712-11.mp3
05:12:46|Onda Geox jingle 07|\\support02\Users\Public\ZettaFolder\Media\2\2197~Onda Geox jingle 07.mp3
05:12:49|Why Does My Heart Feel So Bad|\\support02\Users\Public\ZettaFolder\Media\2\2175~Moby - Why does my heart feel so bad.mp3
05:17:06|Benefeet sogg.1|\\support02\Users\Public\ZettaFolder\Media\2\2189~Benefeet sogg.1.mp3
05:17:44|Onda Geox jingle 03|\\support02\Users\Public\ZettaFolder\Media\2\2193~Onda Geox jingle 03.mp3
05:17:55|Not Gon' Cry|\\support02\Users\Public\ZettaFolder\Media\0\242~07 Not Gon' Cry.mp3
05:22:24|Onda Geox jingle 07|\\support02\Users\Public\ZettaFolder\Media\2\2197~Onda Geox jingle 07.mp3
05:22:27|Ain't No Man|\\support02\Users\Public\ZettaFolder\Media\2\2143~Dina Carroll - Ain't no man.mp3
05:26:08|Onda Geox jingle 06|\\support02\Users\Public\ZettaFolder\Media\2\2196~Onda Geox jingle 06.mp3
05:26:12|Dance And Shout|\\support02\Users\Public\ZettaFolder\Media\2\2179~Shaggy - Dance and shout.mp3
05:29:12|Onda Geox jingle 07|\\support02\Users\Public\ZettaFolder\Media\2\2197~Onda Geox jingle 07.mp3
05:29:15|Tell Me What We're Gonna Do Now (No Rap)|\\support02\Users\Public\ZettaFolder\Media\2\2108~Tell me What We're Gonna Do Now (No.mp3
05:32:53|AmphiBiox sogg.4|\\support02\Users\Public\ZettaFolder\Media\2\2188~AmphiBiox sogg.4.mp3
05:33:31|Onda Geox jingle 04|\\support02\Users\Public\ZettaFolder\Media\2\2194~Onda Geox jingle 04.mp3
05:33:42|Say You Love Me|\\support02\Users\Public\ZettaFolder\Media\2\2078~Say You Love Me.mp3
05:37:18|Onda Geox jingle 07|\\support02\Users\Public\ZettaFolder\Media\2\2197~Onda Geox jingle 07.mp3
05:37:21|Always on time|\\support02\Users\Public\ZettaFolder\Media\2\2184~AudioCD#d50d7c0f-08_2.mp3
05:41:20|Onda Geox jingle 06|\\support02\Users\Public\ZettaFolder\Media\2\2196~Onda Geox jingle 06.mp3
05:41:24|I Love Your Smile|\\support02\Users\Public\ZettaFolder\Media\2\2144~Shanice - I love your smile.mp3
05:45:38|Onda Geox jingle 07|\\support02\Users\Public\ZettaFolder\Media\2\2197~Onda Geox jingle 07.mp3
05:45:41|Life|\\support02\Users\Public\ZettaFolder\Media\2\2029~Life.mp3
05:48:55|Benefeet sogg.2|\\support02\Users\Public\ZettaFolder\Media\2\2190~Benefeet sogg.2.mp3
05:49:29|Onda Geox jingle 05|\\support02\Users\Public\ZettaFolder\Media\2\2195~Onda Geox jingle 05.mp3
05:49:39|Anything For You|\\support02\Users\Public\ZettaFolder\Media\1\1782~Anything For You.mp3
05:53:04|Onda Geox jingle 07|\\support02\Users\Public\ZettaFolder\Media\2\2197~Onda Geox jingle 07.mp3
05:53:07|U Know What's Up|\\support02\Users\Public\ZettaFolder\Media\2\2163~Donell Jones - U know what's up.mp3
05:56:58|Onda Geox jingle 06|\\support02\Users\Public\ZettaFolder\Media\2\2196~Onda Geox jingle 06.mp3
05:57:02|Heartbreaker|\\support02\Users\Public\ZettaFolder\Media\2\2006~Heartbreaker.mp3
06:01:05|Onda Geox jingle 07|\\support02\Users\Public\ZettaFolder\Media\2\2197~Onda Geox jingle 07.mp3
06:01:09|Better Be Good To Me|\\support02\Users\Public\ZettaFolder\Media\0\206~01 Tina Turner _ Better Be Good To M.mp3
06:00:00|AmphiBiox sogg.3|\\support02\Users\Public\ZettaFolder\Media\2\2187~AmphiBiox sogg.3.mp3
06:00:37|Onda Geox jingle 01|\\support02\Users\Public\ZettaFolder\Media\2\2191~Onda Geox jingle 01.mp3
06:00:48|I Believe I Can Fly|\\support02\Users\Public\ZettaFolder\Media\2\2009~I Believe I Can Fly.mp3
06:05:27|Onda Geox jingle 07|\\support02\Users\Public\ZettaFolder\Media\2\2197~Onda Geox jingle 07.mp3
06:05:30|Love Is A House|\\support02\Users\Public\ZettaFolder\Media\2\2035~Love Is A House.mp3
06:09:44|Onda Geox jingle 06|\\support02\Users\Public\ZettaFolder\Media\2\2196~Onda Geox jingle 06.mp3
06:09:48|Canned Heat|\\support02\Users\Public\ZettaFolder\Media\1\1993~Canned Heat.mp3
06:13:00|Onda Geox jingle 07|\\support02\Users\Public\ZettaFolder\Media\2\2197~Onda Geox jingle 07.mp3
06:13:03|That Girl|\\support02\Users\Public\ZettaFolder\Media\0\257~10-14 That Girl.mp3
06:15:14|Benefeet sogg.1|\\support02\Users\Public\ZettaFolder\Media\2\2189~Benefeet sogg.1.mp3
06:15:53|Onda Geox jingle 02|\\support02\Users\Public\ZettaFolder\Media\2\2192~Onda Geox jingle 02.mp3
06:16:03|Because You Loved Me|\\support02\Users\Public\ZettaFolder\Media\1\1990~Because You Loved Me.mp3
06:20:31|Onda Geox jingle 07|\\support02\Users\Public\ZettaFolder\Media\2\2197~Onda Geox jingle 07.mp3
06:20:34|Dream On Dreamer|\\support02\Users\Public\ZettaFolder\Media\1\1876~Dream On Dreamer.mp3
06:23:51|Onda Geox jingle 06|\\support02\Users\Public\ZettaFolder\Media\2\2196~Onda Geox jingle 06.mp3
06:23:55|Because Of You|\\support02\Users\Public\ZettaFolder\Media\1\1904~Because Of You.mp3
06:27:38|Onda Geox jingle 07|\\support02\Users\Public\ZettaFolder\Media\2\2197~Onda Geox jingle 07.mp3
06:27:41|Flashback|\\support02\Users\Public\ZettaFolder\Media\1\1882~Flashback.mp3
06:31:16|AmphiBiox sogg.1|\\support02\Users\Public\ZettaFolder\Media\2\2185~AmphiBiox sogg.1.mp3
06:31:53|Onda Geox jingle 03|\\support02\Users\Public\ZettaFolder\Media\2\2193~Onda Geox jingle 03.mp3
06:32:04|Anything|\\support02\Users\Public\ZettaFolder\Media\2\2149~3T - Anything.mp3
06:36:38|Onda Geox jingle 07|\\support02\Users\Public\ZettaFolder\Media\2\2197~Onda Geox jingle 07.mp3
06:36:41|caravan Of Love|\\support02\Users\Public\ZettaFolder\Media\1\1994~Caravan Of Love.mp3
06:40:56|Onda Geox jingle 06|\\support02\Users\Public\ZettaFolder\Media\2\2196~Onda Geox jingle 06.mp3
06:41:01|Alright|\\support02\Users\Public\ZettaFolder\Media\1\1775~Alright.mp3
06:45:34|Onda Geox jingle 07|\\support02\Users\Public\ZettaFolder\Media\2\2197~Onda Geox jingle 07.mp3
06:45:37|Ain't It Funny|\\support02\Users\Public\ZettaFolder\Media\2\2166~Jennifer Lopez - Ain't it funny.mp3
06:49:22|Benefeet sogg.2|\\support02\Users\Public\ZettaFolder\Media\2\2190~Benefeet sogg.2.mp3
06:49:56|Onda Geox jingle 04|\\support02\Users\Public\ZettaFolder\Media\2\2194~Onda Geox jingle 04.mp3
06:50:06|Un-Break My Heart (Album)|\\support02\Users\Public\ZettaFolder\Media\0\223~04 Un-Break My Heart (Album).mp3
06:54:19|Onda Geox jingle 07|\\support02\Users\Public\ZettaFolder\Media\2\2197~Onda Geox jingle 07.mp3
06:54:22|Caught Up In The Rapture|\\support02\Users\Public\ZettaFolder\Media\1\1861~Caught Up In The Rapture.mp3
06:59:26|Onda Geox jingle 06|\\support02\Users\Public\ZettaFolder\Media\2\2196~Onda Geox jingle 06.mp3
06:59:30|Remember The Time|\\support02\Users\Public\ZettaFolder\Media\2\2069~Remember The Time.mp3
07:03:26|Onda Geox jingle 07|\\support02\Users\Public\ZettaFolder\Media\2\2197~Onda Geox jingle 07.mp3
07:03:29|Harvest For The World|\\support02\Users\Public\ZettaFolder\Media\1\1890~Harvest For The World.mp3
08:00:00|AmphiBiox sogg.2|\\support02\Users\Public\ZettaFolder\Media\2\2186~AmphiBiox sogg.2.mp3
08:00:33|Onda Geox jingle 05|\\support02\Users\Public\ZettaFolder\Media\2\2195~Onda Geox jingle 05.mp3
08:00:43|We Belong Together|\\support02\Users\Public\ZettaFolder\Media\2\2127~We Belong Together.mp3
08:03:56|Onda Geox jingle 07|\\support02\Users\Public\ZettaFolder\Media\2\2197~Onda Geox jingle 07.mp3
08:03:59|I Can't Tell You Why|\\support02\Users\Public\ZettaFolder\Media\0\234~06 I Can't Tell You Why.mp3
08:06:58|Onda Geox jingle 06|\\support02\Users\Public\ZettaFolder\Media\2\2196~Onda Geox jingle 06.mp3
08:07:03|I Hear Your Name|\\support02\Users\Public\ZettaFolder\Media\0\248~09 I Hear Your Name.mp3
08:13:52|Onda Geox jingle 07|\\support02\Users\Public\ZettaFolder\Media\2\2197~Onda Geox jingle 07.mp3
08:13:55|Something In Common|\\support02\Users\Public\ZettaFolder\Media\2\2093~Something In Common.mp3
08:18:13|Benefeet sogg.1|\\support02\Users\Public\ZettaFolder\Media\2\2189~Benefeet sogg.1.mp3
08:18:52|Onda Geox jingle 01|\\support02\Users\Public\ZettaFolder\Media\2\2191~Onda Geox jingle 01.mp3
08:19:02|Just For You|\\support02\Users\Public\ZettaFolder\Media\2\2169~M People - Just for you.mp3
08:24:47|Onda Geox jingle 07|\\support02\Users\Public\ZettaFolder\Media\2\2197~Onda Geox jingle 07.mp3
08:24:50|(Damn These) Hungry Times|\\support02\Users\Public\ZettaFolder\Media\0\199~(Damn These) Hungry Times.mp3
08:28:57|Onda Geox jingle 06|\\support02\Users\Public\ZettaFolder\Media\2\2196~Onda Geox jingle 06.mp3
08:29:01|Oh Sheilla|\\support02\Users\Public\ZettaFolder\Media\2\2055~Oh Sheilla.mp3
08:32:59|Onda Geox jingle 07|\\support02\Users\Public\ZettaFolder\Media\2\2197~Onda Geox jingle 07.mp3
08:33:02|I Still haven't Found What I am Looking For|\\support02\Users\Public\ZettaFolder\Media\1\1896~I Still Haven't Found What I'm Looki.mp3
08:38:11|AmphiBiox sogg.4|\\support02\Users\Public\ZettaFolder\Media\2\2188~AmphiBiox sogg.4.mp3
08:38:50|Onda Geox jingle 02|\\support02\Users\Public\ZettaFolder\Media\2\2192~Onda Geox jingle 02.mp3
08:39:01|Empire State Of Mind (Part II)|\\support02\Users\Public\ZettaFolder\Media\2\2154~Alicia Keys - Empire State Of Mind (Part II).mp3
08:42:29|Onda Geox jingle 07|\\support02\Users\Public\ZettaFolder\Media\2\2197~Onda Geox jingle 07.mp3
08:42:32|Stole|\\support02\Users\Public\ZettaFolder\Media\2\2098~Stole.mp3
08:46:25|Onda Geox jingle 06|\\support02\Users\Public\ZettaFolder\Media\2\2196~Onda Geox jingle 06.mp3
08:46:29|3 Is Family|\\support02\Users\Public\ZettaFolder\Media\2\2160~Dana Dawson - 3 is family.mp3
08:49:52|Onda Geox jingle 07|\\support02\Users\Public\ZettaFolder\Media\2\2197~Onda Geox jingle 07.mp3
08:49:55|Mornin'|\\support02\Users\Public\ZettaFolder\Media\2\2045~Mornin'.mp3
08:53:58|Benefeet sogg.2|\\support02\Users\Public\ZettaFolder\Media\2\2190~Benefeet sogg.2.mp3
08:54:32|Onda Geox jingle 03|\\support02\Users\Public\ZettaFolder\Media\2\2193~Onda Geox jingle 03.mp3
08:54:43|Holding Back The Years|\\support02\Users\Public\ZettaFolder\Media\0\219~04 Holding Back The Years.mp3
08:58:47|Onda Geox jingle 07|\\support02\Users\Public\ZettaFolder\Media\2\2197~Onda Geox jingle 07.mp3
08:58:50|Close To You|\\support02\Users\Public\ZettaFolder\Media\1\1863~Close To You.mp3
09:03:05|Onda Geox jingle 06|\\support02\Users\Public\ZettaFolder\Media\2\2196~Onda Geox jingle 06.mp3
09:03:10|Little L|\\support02\Users\Public\ZettaFolder\Media\2\2165~Jamiroquai - Little L.mp3
09:06:54|Onda Geox jingle 07|\\support02\Users\Public\ZettaFolder\Media\2\2197~Onda Geox jingle 07.mp3
09:06:57|Ain't Nobody|\\support02\Users\Public\ZettaFolder\Media\1\1578~Ain't Nobody.mp3
09:00:00|AmphiBiox sogg.3|\\support02\Users\Public\ZettaFolder\Media\2\2187~AmphiBiox sogg.3.mp3
09:00:37|Onda Geox jingle 04|\\support02\Users\Public\ZettaFolder\Media\2\2194~Onda Geox jingle 04.mp3
09:00:48|WALKING AWAY|\\support02\Users\Public\ZettaFolder\Media\2\2126~Walking Away.mp3
09:04:00|Onda Geox jingle 07|\\support02\Users\Public\ZettaFolder\Media\2\2197~Onda Geox jingle 07.mp3
09:04:03|Another Sad Love Song|\\support02\Users\Public\ZettaFolder\Media\0\261~12 Another Sad Love Song.mp3
09:08:06|Onda Geox jingle 06|\\support02\Users\Public\ZettaFolder\Media\2\2196~Onda Geox jingle 06.mp3
09:08:10|Summer Jam|\\support02\Users\Public\ZettaFolder\Media\2\2228~AudioCD#10103813-19.mp3
09:11:37|Onda Geox jingle 07|\\support02\Users\Public\ZettaFolder\Media\2\2197~Onda Geox jingle 07.mp3
09:11:40|Unfinished Simpathy|\\support02\Users\Public\ZettaFolder\Media\2\2122~Unfinished Simpathy.mp3
09:16:40|Benefeet sogg.1|\\support02\Users\Public\ZettaFolder\Media\2\2189~Benefeet sogg.1.mp3
09:17:18|Onda Geox jingle 05|\\support02\Users\Public\ZettaFolder\Media\2\2195~Onda Geox jingle 05.mp3
09:17:29|Sunshine|\\support02\Users\Public\ZettaFolder\Media\2\2102~Sunshine.mp3
09:21:27|Onda Geox jingle 07|\\support02\Users\Public\ZettaFolder\Media\2\2197~Onda Geox jingle 07.mp3
09:21:30|Inside Love|\\support02\Users\Public\ZettaFolder\Media\2\2015~Inside Love.mp3
09:26:37|Onda Geox jingle 06|\\support02\Users\Public\ZettaFolder\Media\2\2196~Onda Geox jingle 06.mp3
09:26:41|If|\\support02\Users\Public\ZettaFolder\Media\2\2014~If.mp3
09:30:19|Onda Geox jingle 07|\\support02\Users\Public\ZettaFolder\Media\2\2197~Onda Geox jingle 07.mp3
09:30:22|Could I Have This Kiss Forever|\\support02\Users\Public\ZettaFolder\Media\2\2181~Whitney Houston [+] Enrique Iglesias - Could I have this kiss forever.mp3
09:34:13|AmphiBiox sogg.1|\\support02\Users\Public\ZettaFolder\Media\2\2185~AmphiBiox sogg.1.mp3
09:34:50|Onda Geox jingle 01|\\support02\Users\Public\ZettaFolder\Media\2\2191~Onda Geox jingle 01.mp3
09:35:00|Love Is|\\support02\Users\Public\ZettaFolder\Media\0\280~15 Love Is.mp3
09:38:54|Onda Geox jingle 07|\\support02\Users\Public\ZettaFolder\Media\2\2197~Onda Geox jingle 07.mp3
09:38:57|Question Of Faith|\\support02\Users\Public\ZettaFolder\Media\2\2065~Question Of Faith.mp3
09:42:33|Onda Geox jingle 06|\\support02\Users\Public\ZettaFolder\Media\2\2196~Onda Geox jingle 06.mp3
09:42:37|Never Knew Love Like This|\\support02\Users\Public\ZettaFolder\Media\2\2052~Never Knew Love Like This.mp3
09:45:54|Onda Geox jingle 07|\\support02\Users\Public\ZettaFolder\Media\2\2197~Onda Geox jingle 07.mp3
09:45:58|I'll Make Love To You|\\support02\Users\Public\ZettaFolder\Media\0\260~11 I'll Make Love To You.mp3
09:49:40|Benefeet sogg.2|\\support02\Users\Public\ZettaFolder\Media\2\2190~Benefeet sogg.2.mp3
09:50:14|Onda Geox jingle 02|\\support02\Users\Public\ZettaFolder\Media\2\2192~Onda Geox jingle 02.mp3
09:50:25|If You Asked Me To|\\support02\Users\Public\ZettaFolder\Media\0\271~14 If You Asked Me To.mp3
09:54:02|Onda Geox jingle 07|\\support02\Users\Public\ZettaFolder\Media\2\2197~Onda Geox jingle 07.mp3
09:54:05|ANOTHER DAY IN PARADISE|\\support02\Users\Public\ZettaFolder\Media\2\2225~AudioCD#fc0f6213-04.mp3
09:58:18|Onda Geox jingle 06|\\support02\Users\Public\ZettaFolder\Media\2\2196~Onda Geox jingle 06.mp3
09:58:22|What Did I Do To You|\\support02\Users\Public\ZettaFolder\Media\2\2128~What Did I Do To You.mp3
10:02:58|Onda Geox jingle 07|\\support02\Users\Public\ZettaFolder\Media\2\2197~Onda Geox jingle 07.mp3
10:03:01|No Scrubs|\\support02\Users\Public\ZettaFolder\Media\2\2054~No Scrubs.mp3
10:00:00|AmphiBiox sogg.2|\\support02\Users\Public\ZettaFolder\Media\2\2186~AmphiBiox sogg.2.mp3
10:00:33|Onda Geox jingle 03|\\support02\Users\Public\ZettaFolder\Media\2\2193~Onda Geox jingle 03.mp3
10:00:43|Someday|\\support02\Users\Public\ZettaFolder\Media\2\2091~Someday.mp3
10:04:39|Onda Geox jingle 07|\\support02\Users\Public\ZettaFolder\Media\2\2197~Onda Geox jingle 07.mp3
10:04:42|He got game|\\support02\Users\Public\ZettaFolder\Media\2\2212~AudioCD#f310f813-12.mp3
10:07:55|Onda Geox jingle 06|\\support02\Users\Public\ZettaFolder\Media\2\2196~Onda Geox jingle 06.mp3
10:07:59|So Emotional|\\support02\Users\Public\ZettaFolder\Media\2\2089~So Emotional.mp3
10:12:20|Onda Geox jingle 07|\\support02\Users\Public\ZettaFolder\Media\2\2197~Onda Geox jingle 07.mp3
10:12:23|Dreams|\\support02\Users\Public\ZettaFolder\Media\2\2000~Dreams.mp3
10:15:54|Benefeet sogg.1|\\support02\Users\Public\ZettaFolder\Media\2\2189~Benefeet sogg.1.mp3
10:16:33|Onda Geox jingle 04|\\support02\Users\Public\ZettaFolder\Media\2\2194~Onda Geox jingle 04.mp3
10:16:43|No One In The World|\\support02\Users\Public\ZettaFolder\Media\2\2053~No One In The World.mp3
10:20:36|Onda Geox jingle 07|\\support02\Users\Public\ZettaFolder\Media\2\2197~Onda Geox jingle 07.mp3
10:20:39|Candy Rain|\\support02\Users\Public\ZettaFolder\Media\0\264~13 Candy Rain.mp3
10:24:01|Onda Geox jingle 06|\\support02\Users\Public\ZettaFolder\Media\2\2196~Onda Geox jingle 06.mp3
10:24:06|Move On Up|\\support02\Users\Public\ZettaFolder\Media\2\2047~Move On Up.mp3
10:27:59|Onda Geox jingle 07|\\support02\Users\Public\ZettaFolder\Media\2\2197~Onda Geox jingle 07.mp3
10:28:02|Right Here|\\support02\Users\Public\ZettaFolder\Media\0\256~10 Right Here.mp3
10:31:39|AmphiBiox sogg.4|\\support02\Users\Public\ZettaFolder\Media\2\2188~AmphiBiox sogg.4.mp3
10:32:18|Onda Geox jingle 05|\\support02\Users\Public\ZettaFolder\Media\2\2195~Onda Geox jingle 05.mp3
10:32:28|Always|\\support02\Users\Public\ZettaFolder\Media\1\1780~Always.mp3
10:36:00|Onda Geox jingle 07|\\support02\Users\Public\ZettaFolder\Media\2\2197~Onda Geox jingle 07.mp3
10:36:03|Forget Me Nots|\\support02\Users\Public\ZettaFolder\Media\1\1884~Forget Me Nots.mp3
10:40:34|Onda Geox jingle 06|\\support02\Users\Public\ZettaFolder\Media\2\2196~Onda Geox jingle 06.mp3
10:40:39|The Way You make Me Feel|\\support02\Users\Public\ZettaFolder\Media\1\1980~03 The Way You Make Me Feel.mp3
10:44:53|Onda Geox jingle 07|\\support02\Users\Public\ZettaFolder\Media\2\2197~Onda Geox jingle 07.mp3
10:44:56|Turn Off The Light|\\support02\Users\Public\ZettaFolder\Media\2\2177~Nelly Furtado - Turn off the light.mp3
10:49:13|Benefeet sogg.2|\\support02\Users\Public\ZettaFolder\Media\2\2190~Benefeet sogg.2.mp3
10:49:47|Onda Geox jingle 01|\\support02\Users\Public\ZettaFolder\Media\2\2191~Onda Geox jingle 01.mp3
10:49:57|Rush Rush|\\support02\Users\Public\ZettaFolder\Media\2\2075~Rush rush.mp3
10:53:59|Onda Geox jingle 07|\\support02\Users\Public\ZettaFolder\Media\2\2197~Onda Geox jingle 07.mp3
10:54:02|Come Fly With Me|\\support02\Users\Public\ZettaFolder\Media\1\1866~Come Fly With Me.mp3
10:57:17|Onda Geox jingle 06|\\support02\Users\Public\ZettaFolder\Media\2\2196~Onda Geox jingle 06.mp3
10:57:22|Jump To My Love|\\support02\Users\Public\ZettaFolder\Media\2\2021~Jump To My Love.mp3
11:01:21|Onda Geox jingle 07|\\support02\Users\Public\ZettaFolder\Media\2\2197~Onda Geox jingle 07.mp3
11:01:24|Friends|\\support02\Users\Public\ZettaFolder\Media\1\1885~Friends.mp3
11:00:00|AmphiBiox sogg.3|\\support02\Users\Public\ZettaFolder\Media\2\2187~AmphiBiox sogg.3.mp3
11:00:37|Onda Geox jingle 02|\\support02\Users\Public\ZettaFolder\Media\2\2192~Onda Geox jingle 02.mp3
11:00:48|When Can I See You|\\support02\Users\Public\ZettaFolder\Media\0\238~06 When Can I See You.mp3
11:05:04|Onda Geox jingle 07|\\support02\Users\Public\ZettaFolder\Media\2\2197~Onda Geox jingle 07.mp3
11:05:07|Everything|\\support02\Users\Public\ZettaFolder\Media\1\1879~Everything.mp3
11:09:06|Onda Geox jingle 06|\\support02\Users\Public\ZettaFolder\Media\2\2196~Onda Geox jingle 06.mp3
11:09:10|Love Foolosophy|\\support02\Users\Public\ZettaFolder\Media\2\2034~Love Foolosophy.mp3
11:12:53|Onda Geox jingle 07|\\support02\Users\Public\ZettaFolder\Media\2\2197~Onda Geox jingle 07.mp3
11:12:56|As|\\support02\Users\Public\ZettaFolder\Media\1\1784~As.mp3
11:17:01|Benefeet sogg.1|\\support02\Users\Public\ZettaFolder\Media\2\2189~Benefeet sogg.1.mp3
11:17:40|Onda Geox jingle 03|\\support02\Users\Public\ZettaFolder\Media\2\2193~Onda Geox jingle 03.mp3
11:17:51|You've Got It|\\support02\Users\Public\ZettaFolder\Media\2\2136~You've Got It.mp3
11:21:37|Onda Geox jingle 07|\\support02\Users\Public\ZettaFolder\Media\2\2197~Onda Geox jingle 07.mp3
11:21:40|Can We Talk|\\support02\Users\Public\ZettaFolder\Media\0\269~14 Can We Talk.mp3
11:25:53|Onda Geox jingle 06|\\support02\Users\Public\ZettaFolder\Media\2\2196~Onda Geox jingle 06.mp3
11:25:57|Kiss|\\support02\Users\Public\ZettaFolder\Media\2\2025~Kiss.mp3
11:29:35|Onda Geox jingle 07|\\support02\Users\Public\ZettaFolder\Media\2\2197~Onda Geox jingle 07.mp3
11:29:38|MAD ABOUT YOU|\\support02\Users\Public\ZettaFolder\Media\2\2230~AudioCD#ed100312-18.mp3
11:33:18|AmphiBiox sogg.1|\\support02\Users\Public\ZettaFolder\Media\2\2185~AmphiBiox sogg.1.mp3
11:33:54|Onda Geox jingle 04|\\support02\Users\Public\ZettaFolder\Media\2\2194~Onda Geox jingle 04.mp3
11:34:04|Heaven Sent You [Album Version]|\\support02\Users\Public\ZettaFolder\Media\0\218~04 Heaven Sent You [Album Version].mp3
11:39:53|Onda Geox jingle 07|\\support02\Users\Public\ZettaFolder\Media\2\2197~Onda Geox jingle 07.mp3
11:39:57|I SAY A LITTLE PRAYER|\\support02\Users\Public\ZettaFolder\Media\2\2217~AudioCD#ca0e1910-08.mp3
11:43:22|Onda Geox jingle 06|\\support02\Users\Public\ZettaFolder\Media\2\2196~Onda Geox jingle 06.mp3
11:43:26|Control|\\support02\Users\Public\ZettaFolder\Media\0\203~01 Janet Jackson - Control.mp3
11:46:52|Onda Geox jingle 07|\\support02\Users\Public\ZettaFolder\Media\2\2197~Onda Geox jingle 07.mp3
11:46:55|This Is What You Are|\\support02\Users\Public\ZettaFolder\Media\2\2116~This Is What You Are.mp3
11:51:10|Benefeet sogg.2|\\support02\Users\Public\ZettaFolder\Media\2\2190~Benefeet sogg.2.mp3
11:51:44|Onda Geox jingle 05|\\support02\Users\Public\ZettaFolder\Media\2\2195~Onda Geox jingle 05.mp3
11:51:54|Save The Best For Last|\\support02\Users\Public\ZettaFolder\Media\0\251~09 Save The Best For Last.mp3
11:55:30|Onda Geox jingle 07|\\support02\Users\Public\ZettaFolder\Media\2\2197~Onda Geox jingle 07.mp3
11:55:33|Happy People|\\support02\Users\Public\ZettaFolder\Media\1\1889~Happy People.mp3
11:59:47|Onda Geox jingle 06|\\support02\Users\Public\ZettaFolder\Media\2\2196~Onda Geox jingle 06.mp3
11:59:52|I'll Be Waiting|\\support02\Users\Public\ZettaFolder\Media\1\1899~I'll Be Waiting.mp3
12:03:40|Onda Geox jingle 07|\\support02\Users\Public\ZettaFolder\Media\2\2197~Onda Geox jingle 07.mp3
12:03:43|Rise & Fall|\\support02\Users\Public\ZettaFolder\Media\2\2074~Rise & Fall.mp3
12:00:00|AmphiBiox sogg.2|\\support02\Users\Public\ZettaFolder\Media\2\2186~AmphiBiox sogg.2.mp3
12:00:33|Onda Geox jingle 01|\\support02\Users\Public\ZettaFolder\Media\2\2191~Onda Geox jingle 01.mp3
12:00:43|Piano In The dark|\\support02\Users\Public\ZettaFolder\Media\2\2062~Piano In The Dark.mp3
12:05:55|Onda Geox jingle 07|\\support02\Users\Public\ZettaFolder\Media\2\2197~Onda Geox jingle 07.mp3
12:05:58|Love Is All We Need|\\support02\Users\Public\ZettaFolder\Media\2\2036~Love Is All We Need.mp3
12:10:07|Onda Geox jingle 06|\\support02\Users\Public\ZettaFolder\Media\2\2196~Onda Geox jingle 06.mp3
12:10:11|Mo money mo problems|\\support02\Users\Public\ZettaFolder\Media\2\2216~AudioCD#2410f913-13.mp3
12:14:12|Onda Geox jingle 07|\\support02\Users\Public\ZettaFolder\Media\2\2197~Onda Geox jingle 07.mp3
12:14:15|You Gotta Be|\\support02\Users\Public\ZettaFolder\Media\1\1982~05 You Gotta Be.mp3
12:18:04|Benefeet sogg.1|\\support02\Users\Public\ZettaFolder\Media\2\2189~Benefeet sogg.1.mp3
12:18:43|Onda Geox jingle 02|\\support02\Users\Public\ZettaFolder\Media\2\2192~Onda Geox jingle 02.mp3
12:18:54|Beautiful|\\support02\Users\Public\ZettaFolder\Media\1\1989~Beautiful.mp3
12:22:49|Onda Geox jingle 07|\\support02\Users\Public\ZettaFolder\Media\2\2197~Onda Geox jingle 07.mp3
12:22:52|You Used To Love Me|\\support02\Users\Public\ZettaFolder\Media\1\1987~18 You Used To Love Me.mp3
12:26:46|Onda Geox jingle 06|\\support02\Users\Public\ZettaFolder\Media\2\2196~Onda Geox jingle 06.mp3
12:26:51|Crazy In Love|\\support02\Users\Public\ZettaFolder\Media\0\198~01 Crazy In Love.mp3
12:30:18|Onda Geox jingle 07|\\support02\Users\Public\ZettaFolder\Media\2\2197~Onda Geox jingle 07.mp3
12:30:21|I Believe|\\support02\Users\Public\ZettaFolder\Media\0\227~05 I Believe.mp3
12:34:03|AmphiBiox sogg.4|\\support02\Users\Public\ZettaFolder\Media\2\2188~AmphiBiox sogg.4.mp3
12:34:42|Onda Geox jingle 03|\\support02\Users\Public\ZettaFolder\Media\2\2193~Onda Geox jingle 03.mp3
12:34:52|Beauty And The Beast|\\support02\Users\Public\ZettaFolder\Media\0\262~13 Beauty And The Beast.mp3
12:38:15|Onda Geox jingle 07|\\support02\Users\Public\ZettaFolder\Media\2\2197~Onda Geox jingle 07.mp3
12:38:18|Broken|\\support02\Users\Public\ZettaFolder\Media\0\233~06 Broken.mp3
12:41:34|Onda Geox jingle 06|\\support02\Users\Public\ZettaFolder\Media\2\2196~Onda Geox jingle 06.mp3
12:41:39|Through The Storm|\\support02\Users\Public\ZettaFolder\Media\2\2117~Through The Storm.mp3
12:45:30|Onda Geox jingle 07|\\support02\Users\Public\ZettaFolder\Media\2\2197~Onda Geox jingle 07.mp3
12:45:33|Crazy|\\support02\Users\Public\ZettaFolder\Media\1\1998~Crazy.mp3
12:48:28|Benefeet sogg.2|\\support02\Users\Public\ZettaFolder\Media\2\2190~Benefeet sogg.2.mp3
12:49:02|Onda Geox jingle 04|\\support02\Users\Public\ZettaFolder\Media\2\2194~Onda Geox jingle 04.mp3
12:49:12|No Ordinary Love|\\support02\Users\Public\ZettaFolder\Media\0\241~07 No Ordinary Love.mp3
12:53:04|Onda Geox jingle 07|\\support02\Users\Public\ZettaFolder\Media\2\2197~Onda Geox jingle 07.mp3
12:53:07|All The Way|\\support02\Users\Public\ZettaFolder\Media\1\1639~All The Way.mp3
12:56:30|Onda Geox jingle 06|\\support02\Users\Public\ZettaFolder\Media\2\2196~Onda Geox jingle 06.mp3
12:56:35|Surrender|\\support02\Users\Public\ZettaFolder\Media\2\2103~Surrender.mp3
13:00:17|Onda Geox jingle 07|\\support02\Users\Public\ZettaFolder\Media\2\2197~Onda Geox jingle 07.mp3
13:00:20|One Sweet Day|\\support02\Users\Public\ZettaFolder\Media\0\273~14 One Sweet Day.mp3
13:00:00|AmphiBiox sogg.3|\\support02\Users\Public\ZettaFolder\Media\2\2187~AmphiBiox sogg.3.mp3
13:00:37|Onda Geox jingle 05|\\support02\Users\Public\ZettaFolder\Media\2\2195~Onda Geox jingle 05.mp3
13:00:48|A Broken Heart Can Mend|\\support02\Users\Public\ZettaFolder\Media\1\1573~A Broken Heart Can Mend.mp3
13:04:16|Onda Geox jingle 07|\\support02\Users\Public\ZettaFolder\Media\2\2197~Onda Geox jingle 07.mp3
13:04:19|Turn Your Love Around|\\support02\Users\Public\ZettaFolder\Media\1\1986~15 George Benson-Turn Your Love Arou.mp3
13:07:55|Onda Geox jingle 06|\\support02\Users\Public\ZettaFolder\Media\2\2196~Onda Geox jingle 06.mp3
13:08:00|Closer|\\support02\Users\Public\ZettaFolder\Media\1\1864~Closer.mp3
13:11:49|Onda Geox jingle 07|\\support02\Users\Public\ZettaFolder\Media\2\2197~Onda Geox jingle 07.mp3
13:11:52|A Dreams A Dream|\\support02\Users\Public\ZettaFolder\Media\1\1574~A Dreams A Dream.mp3
13:15:47|Benefeet sogg.1|\\support02\Users\Public\ZettaFolder\Media\2\2189~Benefeet sogg.1.mp3
13:16:25|Onda Geox jingle 01|\\support02\Users\Public\ZettaFolder\Media\2\2191~Onda Geox jingle 01.mp3
13:16:36|One Fine Day|\\support02\Users\Public\ZettaFolder\Media\2\2057~One Fine Day.mp3
13:21:21|Onda Geox jingle 07|\\support02\Users\Public\ZettaFolder\Media\2\2197~Onda Geox jingle 07.mp3
13:21:24|Freak Like Me|\\support02\Users\Public\ZettaFolder\Media\0\253~10 Freak Like Me.mp3
13:25:20|Onda Geox jingle 06|\\support02\Users\Public\ZettaFolder\Media\2\2196~Onda Geox jingle 06.mp3
13:25:24|Emotions|\\support02\Users\Public\ZettaFolder\Media\1\1877~Emotions.mp3
13:29:29|Onda Geox jingle 07|\\support02\Users\Public\ZettaFolder\Media\2\2197~Onda Geox jingle 07.mp3
13:29:32|Porcelain|\\support02\Users\Public\ZettaFolder\Media\2\2174~Moby - Porcelain.mp3
13:33:29|AmphiBiox sogg.1|\\support02\Users\Public\ZettaFolder\Media\2\2185~AmphiBiox sogg.1.mp3
13:34:05|Onda Geox jingle 02|\\support02\Users\Public\ZettaFolder\Media\2\2192~Onda Geox jingle 02.mp3
13:34:16|Sweet Love|\\support02\Users\Public\ZettaFolder\Media\2\2107~Sweet Love.mp3
13:38:24|Onda Geox jingle 07|\\support02\Users\Public\ZettaFolder\Media\2\2197~Onda Geox jingle 07.mp3
13:38:27|Saturday Love|\\support02\Users\Public\ZettaFolder\Media\2\2076~Saturday Love.mp3
13:42:42|Onda Geox jingle 06|\\support02\Users\Public\ZettaFolder\Media\2\2196~Onda Geox jingle 06.mp3
13:42:46|LET ME BLOW YA MIND|\\support02\Users\Public\ZettaFolder\Media\2\2222~AudioCD#3e10e115-05.mp3
13:46:22|Onda Geox jingle 07|\\support02\Users\Public\ZettaFolder\Media\2\2197~Onda Geox jingle 07.mp3
13:46:25|Man In The Mirror|\\support02\Users\Public\ZettaFolder\Media\0\240~07 Michael Jackson _ Man In The Mirr.mp3
13:51:22|Benefeet sogg.2|\\support02\Users\Public\ZettaFolder\Media\2\2190~Benefeet sogg.2.mp3
13:51:56|Onda Geox jingle 03|\\support02\Users\Public\ZettaFolder\Media\2\2193~Onda Geox jingle 03.mp3
13:52:07|Because You Loved Me|\\support02\Users\Public\ZettaFolder\Media\1\1990~Because You Loved Me.mp3
13:56:34|Onda Geox jingle 07|\\support02\Users\Public\ZettaFolder\Media\2\2197~Onda Geox jingle 07.mp3
13:56:37|Come Into My Life|\\support02\Users\Public\ZettaFolder\Media\1\1867~Come Into My Life.mp3
14:00:14|Onda Geox jingle 06|\\support02\Users\Public\ZettaFolder\Media\2\2196~Onda Geox jingle 06.mp3
14:00:18|Cosmic Girl|\\support02\Users\Public\ZettaFolder\Media\1\1997~Cosmic Girl.mp3
14:04:14|Onda Geox jingle 07|\\support02\Users\Public\ZettaFolder\Media\2\2197~Onda Geox jingle 07.mp3
14:04:17|Sunrise|\\support02\Users\Public\ZettaFolder\Media\2\2101~Sunrise.mp3
14:00:00|AmphiBiox sogg.2|\\support02\Users\Public\ZettaFolder\Media\2\2186~AmphiBiox sogg.2.mp3
14:00:33|Onda Geox jingle 05|\\support02\Users\Public\ZettaFolder\Media\2\2195~Onda Geox jingle 05.mp3
14:00:43|Me And Mrs. Jones|\\support02\Users\Public\ZettaFolder\Media\2\2041~Me And Mrs. Jones.mp3
14:04:59|Onda Geox jingle 07|\\support02\Users\Public\ZettaFolder\Media\2\2197~Onda Geox jingle 07.mp3
14:05:02|U Remind Me|\\support02\Users\Public\ZettaFolder\Media\2\2120~U Remind Me.mp3
14:09:27|Onda Geox jingle 06|\\support02\Users\Public\ZettaFolder\Media\2\2196~Onda Geox jingle 06.mp3
14:09:32|LET'S DANCE|\\support02\Users\Public\ZettaFolder\Media\2\2223~AudioCD#08108b13-05.mp3
14:13:05|Onda Geox jingle 07|\\support02\Users\Public\ZettaFolder\Media\2\2197~Onda Geox jingle 07.mp3
14:13:08|Someone To Call My Lover|\\support02\Users\Public\ZettaFolder\Media\2\2092~Someone To Call My Lover.mp3
14:16:36|Benefeet sogg.1|\\support02\Users\Public\ZettaFolder\Media\2\2189~Benefeet sogg.1.mp3
14:17:15|Onda Geox jingle 01|\\support02\Users\Public\ZettaFolder\Media\2\2191~Onda Geox jingle 01.mp3
14:17:25|I Can Love You Like That|\\support02\Users\Public\ZettaFolder\Media\2\2155~All 4 One - I can love you like that.mp3
14:21:21|Onda Geox jingle 07|\\support02\Users\Public\ZettaFolder\Media\2\2197~Onda Geox jingle 07.mp3
14:21:24|The Finest|\\support02\Users\Public\ZettaFolder\Media\2\2113~The Finest.mp3
14:27:12|Onda Geox jingle 06|\\support02\Users\Public\ZettaFolder\Media\2\2196~Onda Geox jingle 06.mp3
14:27:16|Come Away With Me|\\support02\Users\Public\ZettaFolder\Media\1\1865~Come Away With Me.mp3
14:31:26|Onda Geox jingle 07|\\support02\Users\Public\ZettaFolder\Media\2\2197~Onda Geox jingle 07.mp3
14:31:29|What's In A Word|\\support02\Users\Public\ZettaFolder\Media\2\2129~What's In A Word.mp3
14:35:54|AmphiBiox sogg.4|\\support02\Users\Public\ZettaFolder\Media\2\2188~AmphiBiox sogg.4.mp3
14:36:32|Onda Geox jingle 04|\\support02\Users\Public\ZettaFolder\Media\2\2194~Onda Geox jingle 04.mp3
14:36:42|A Whole New World|\\support02\Users\Public\ZettaFolder\Media\1\1576~A Whole New World.mp3
14:40:40|Onda Geox jingle 07|\\support02\Users\Public\ZettaFolder\Media\2\2197~Onda Geox jingle 07.mp3
14:40:43|We just wanna party with you|\\support02\Users\Public\ZettaFolder\Media\2\2211~AudioCD#cd0ed110-12.mp3
14:44:37|Onda Geox jingle 06|\\support02\Users\Public\ZettaFolder\Media\2\2196~Onda Geox jingle 06.mp3
14:44:42|All Around The World|\\support02\Users\Public\ZettaFolder\Media\1\1579~All Around The World.mp3
14:48:59|Onda Geox jingle 07|\\support02\Users\Public\ZettaFolder\Media\2\2197~Onda Geox jingle 07.mp3
14:49:02|Snow on the Sahara|\\support02\Users\Public\ZettaFolder\Media\2\2088~Snow on The Sahara.mp3
14:52:58|Benefeet sogg.2|\\support02\Users\Public\ZettaFolder\Media\2\2190~Benefeet sogg.2.mp3
14:53:32|Onda Geox jingle 02|\\support02\Users\Public\ZettaFolder\Media\2\2192~Onda Geox jingle 02.mp3
14:53:43|One More Chance|\\support02\Users\Public\ZettaFolder\Media\2\2058~One More Chance.mp3
14:57:58|Onda Geox jingle 07|\\support02\Users\Public\ZettaFolder\Media\2\2197~Onda Geox jingle 07.mp3
14:58:01|Sensitivity|\\support02\Users\Public\ZettaFolder\Media\2\2080~Sensitivity.mp3
15:02:37|Onda Geox jingle 06|\\support02\Users\Public\ZettaFolder\Media\2\2196~Onda Geox jingle 06.mp3
15:02:42|The Boy Is Mine|\\support02\Users\Public\ZettaFolder\Media\2\2112~The Boy Is Mine.mp3
15:07:31|Onda Geox jingle 07|\\support02\Users\Public\ZettaFolder\Media\2\2197~Onda Geox jingle 07.mp3
15:07:34|Don't Wanna Lose You|\\support02\Users\Public\ZettaFolder\Media\1\1874~Don't Wanna Lose You.mp3
15:00:00|AmphiBiox sogg.3|\\support02\Users\Public\ZettaFolder\Media\2\2187~AmphiBiox sogg.3.mp3
15:00:37|Onda Geox jingle 03|\\support02\Users\Public\ZettaFolder\Media\2\2193~Onda Geox jingle 03.mp3
15:00:48|Foolish|\\support02\Users\Public\ZettaFolder\Media\2\2156~Ashanti - Foolish.mp3
15:04:11|Onda Geox jingle 07|\\support02\Users\Public\ZettaFolder\Media\2\2197~Onda Geox jingle 07.mp3
15:04:14|I Swear|\\support02\Users\Public\ZettaFolder\Media\0\220~04 I Swear.mp3
15:08:27|Onda Geox jingle 06|\\support02\Users\Public\ZettaFolder\Media\2\2196~Onda Geox jingle 06.mp3
15:08:32|AM to PM|\\support02\Users\Public\ZettaFolder\Media\2\2158~Christina Milian - AM to PM.mp3
15:12:04|Onda Geox jingle 07|\\support02\Users\Public\ZettaFolder\Media\2\2197~Onda Geox jingle 07.mp3
15:12:07|Everything is gonna be allright|\\support02\Users\Public\ZettaFolder\Media\2\2147~Sweetbox - Everything is gonna be allright.mp3
15:15:14|Benefeet sogg.1|\\support02\Users\Public\ZettaFolder\Media\2\2189~Benefeet sogg.1.mp3
15:15:53|Onda Geox jingle 05|\\support02\Users\Public\ZettaFolder\Media\2\2195~Onda Geox jingle 05.mp3
15:16:03|Hero|\\support02\Users\Public\ZettaFolder\Media\0\276~15 Hero.mp3
15:20:18|Onda Geox jingle 07|\\support02\Users\Public\ZettaFolder\Media\2\2197~Onda Geox jingle 07.mp3
15:20:21|Try again|\\support02\Users\Public\ZettaFolder\Media\2\2150~Aaliyah - Try again.mp3
15:24:58|Onda Geox jingle 06|\\support02\Users\Public\ZettaFolder\Media\2\2196~Onda Geox jingle 06.mp3
15:25:03|What's That You're Doing|\\support02\Users\Public\ZettaFolder\Media\2\2130~What's That You're Doing.mp3
15:30:53|Onda Geox jingle 07|\\support02\Users\Public\ZettaFolder\Media\2\2197~Onda Geox jingle 07.mp3
15:30:56|Une Histoire D'Amoure|\\support02\Users\Public\ZettaFolder\Media\2\2121~Une Histoire D'Amoure.mp3
15:34:51|AmphiBiox sogg.1|\\support02\Users\Public\ZettaFolder\Media\2\2185~AmphiBiox sogg.1.mp3
15:35:27|Onda Geox jingle 01|\\support02\Users\Public\ZettaFolder\Media\2\2191~Onda Geox jingle 01.mp3
15:35:38|Show Me The Way|\\support02\Users\Public\ZettaFolder\Media\2\2083~Show Me The Way.mp3
15:39:33|Onda Geox jingle 07|\\support02\Users\Public\ZettaFolder\Media\2\2197~Onda Geox jingle 07.mp3
15:39:36|You Remind Me Of Something|\\support02\Users\Public\ZettaFolder\Media\1\1983~05 You Remind Me Of Something.mp3
15:43:22|Onda Geox jingle 06|\\support02\Users\Public\ZettaFolder\Media\2\2196~Onda Geox jingle 06.mp3
15:43:26|Don't Stop The Music|\\support02\Users\Public\ZettaFolder\Media\1\1873~Don't Stop The Music.mp3
15:47:12|Onda Geox jingle 07|\\support02\Users\Public\ZettaFolder\Media\2\2197~Onda Geox jingle 07.mp3
15:47:15|Rhthm Of Life|\\support02\Users\Public\ZettaFolder\Media\2\2071~Rhythm Of Life.mp3
15:51:16|Benefeet sogg.2|\\support02\Users\Public\ZettaFolder\Media\2\2190~Benefeet sogg.2.mp3
15:51:50|Onda Geox jingle 04|\\support02\Users\Public\ZettaFolder\Media\2\2194~Onda Geox jingle 04.mp3
15:52:00|Float On|\\support02\Users\Public\ZettaFolder\Media\1\1883~Float On.mp3
15:56:04|Onda Geox jingle 07|\\support02\Users\Public\ZettaFolder\Media\2\2197~Onda Geox jingle 07.mp3
15:56:07|You Don't Miss Your Water ('Til The Well Runs Dry)|\\support02\Users\Public\ZettaFolder\Media\1\1984~06 You Don't Miss Your Water ('Til T.mp3
16:01:18|Onda Geox jingle 06|\\support02\Users\Public\ZettaFolder\Media\2\2196~Onda Geox jingle 06.mp3
16:01:22|Slave To The Rhythm|\\support02\Users\Public\ZettaFolder\Media\2\2087~Slave To The Rhythm.mp3
16:05:36|Onda Geox jingle 07|\\support02\Users\Public\ZettaFolder\Media\2\2197~Onda Geox jingle 07.mp3
16:05:39|7 Seconds|\\support02\Users\Public\ZettaFolder\Media\1\1572~7 Seconds.mp3
16:00:00|AmphiBiox sogg.2|\\support02\Users\Public\ZettaFolder\Media\2\2186~AmphiBiox sogg.2.mp3
16:00:33|Onda Geox jingle 02|\\support02\Users\Public\ZettaFolder\Media\2\2192~Onda Geox jingle 02.mp3
16:00:43|If You Were Here Tonight|\\support02\Users\Public\ZettaFolder\Media\2\2013~If You Were Here Tonight.mp3
16:04:18|Onda Geox jingle 07|\\support02\Users\Public\ZettaFolder\Media\2\2197~Onda Geox jingle 07.mp3
16:04:21|That Lady|\\support02\Users\Public\ZettaFolder\Media\2\2109~That Lady.mp3
16:09:46|Onda Geox jingle 06|\\support02\Users\Public\ZettaFolder\Media\2\2196~Onda Geox jingle 06.mp3
16:09:50|Play|\\support02\Users\Public\ZettaFolder\Media\2\2205~AudioCD#fd0ff112-02.mp3
16:13:20|Onda Geox jingle 07|\\support02\Users\Public\ZettaFolder\Media\2\2197~Onda Geox jingle 07.mp3
16:13:23|Too Young To Die|\\support02\Users\Public\ZettaFolder\Media\2\2118~Too Young To Die.mp3
16:19:17|Benefeet sogg.1|\\support02\Users\Public\ZettaFolder\Media\2\2189~Benefeet sogg.1.mp3
16:19:55|Onda Geox jingle 03|\\support02\Users\Public\ZettaFolder\Media\2\2193~Onda Geox jingle 03.mp3
16:20:06|Take A Message|\\support02\Users\Public\ZettaFolder\Media\2\2178~Remy Shand - Take a message.mp3
16:23:53|Onda Geox jingle 07|\\support02\Users\Public\ZettaFolder\Media\2\2197~Onda Geox jingle 07.mp3
16:23:56|JUST THE TWO OF US|\\support02\Users\Public\ZettaFolder\Media\2\2206~AudioCD#f810f913-14.mp3
16:27:58|Onda Geox jingle 06|\\support02\Users\Public\ZettaFolder\Media\2\2196~Onda Geox jingle 06.mp3
16:28:03|Love Can Move Mountains|\\support02\Users\Public\ZettaFolder\Media\0\279~15 Love Can Move Mountains.mp3
16:31:55|Onda Geox jingle 07|\\support02\Users\Public\ZettaFolder\Media\2\2197~Onda Geox jingle 07.mp3
16:31:58|Raspberry Beret|\\support02\Users\Public\ZettaFolder\Media\0\236~06 Prince _ Rasberry Beret.mp3
16:35:18|AmphiBiox sogg.4|\\support02\Users\Public\ZettaFolder\Media\2\2188~AmphiBiox sogg.4.mp3
16:35:57|Onda Geox jingle 05|\\support02\Users\Public\ZettaFolder\Media\2\2195~Onda Geox jingle 05.mp3
16:36:07|Say You Love Me|\\support02\Users\Public\ZettaFolder\Media\2\2078~Say You Love Me.mp3
16:39:43|Onda Geox jingle 07|\\support02\Users\Public\ZettaFolder\Media\2\2197~Onda Geox jingle 07.mp3
16:39:46|Ya Mo B There|\\support02\Users\Public\ZettaFolder\Media\2\2132~Ya Mo B There.mp3
16:43:52|Onda Geox jingle 06|\\support02\Users\Public\ZettaFolder\Media\2\2196~Onda Geox jingle 06.mp3
16:43:57|She Ain't Worth It|\\support02\Users\Public\ZettaFolder\Media\0\243~07 She Ain't Worth It _ Glenn Medeir.mp3
16:47:25|Onda Geox jingle 07|\\support02\Users\Public\ZettaFolder\Media\2\2197~Onda Geox jingle 07.mp3
16:47:28|Sweet Freedom|\\support02\Users\Public\ZettaFolder\Media\0\229~05 Sweet Freedom.mp3
16:51:19|Benefeet sogg.2|\\support02\Users\Public\ZettaFolder\Media\2\2190~Benefeet sogg.2.mp3
16:51:53|Onda Geox jingle 01|\\support02\Users\Public\ZettaFolder\Media\2\2191~Onda Geox jingle 01.mp3
16:52:03|I Apologize|\\support02\Users\Public\ZettaFolder\Media\0\226~05 I Apologize.mp3
16:57:08|Onda Geox jingle 07|\\support02\Users\Public\ZettaFolder\Media\2\2197~Onda Geox jingle 07.mp3
16:57:11|Twentyfourseven|\\support02\Users\Public\ZettaFolder\Media\2\2204~AudioCD#f60f4412-06.mp3
17:00:53|Onda Geox jingle 06|\\support02\Users\Public\ZettaFolder\Media\2\2196~Onda Geox jingle 06.mp3
17:00:58|Do I Do (Edit)|\\support02\Users\Public\ZettaFolder\Media\1\1870~Do I Do (Edit).mp3
17:05:32|Onda Geox jingle 07|\\support02\Users\Public\ZettaFolder\Media\2\2197~Onda Geox jingle 07.mp3
17:05:35|Dilemma|\\support02\Users\Public\ZettaFolder\Media\1\1869~Dilemma.mp3
17:00:00|AmphiBiox sogg.3|\\support02\Users\Public\ZettaFolder\Media\2\2187~AmphiBiox sogg.3.mp3
17:00:37|Onda Geox jingle 04|\\support02\Users\Public\ZettaFolder\Media\2\2194~Onda Geox jingle 04.mp3
17:00:48|You Mean The World To Me|\\support02\Users\Public\ZettaFolder\Media\1\1985~13 You Mean The World To Me.mp3
17:04:37|Onda Geox jingle 07|\\support02\Users\Public\ZettaFolder\Media\2\2197~Onda Geox jingle 07.mp3
17:04:40|One Of Those Days|\\support02\Users\Public\ZettaFolder\Media\2\2059~One Of Those Days.mp3
17:08:25|Onda Geox jingle 06|\\support02\Users\Public\ZettaFolder\Media\2\2196~Onda Geox jingle 06.mp3
17:08:30|Riding On A Train|\\support02\Users\Public\ZettaFolder\Media\2\2072~Riding On A Train.mp3
17:13:46|Onda Geox jingle 07|\\support02\Users\Public\ZettaFolder\Media\2\2197~Onda Geox jingle 07.mp3
17:13:50|Honey|\\support02\Users\Public\ZettaFolder\Media\2\2208~AudioCD#d50f6511-14.mp3
17:19:09|Benefeet sogg.1|\\support02\Users\Public\ZettaFolder\Media\2\2189~Benefeet sogg.1.mp3
17:19:47|Onda Geox jingle 02|\\support02\Users\Public\ZettaFolder\Media\2\2192~Onda Geox jingle 02.mp3
17:19:58|You Don't Know My Name|\\support02\Users\Public\ZettaFolder\Media\2\2133~You Don't Know My Name.mp3
17:22:50|Onda Geox jingle 07|\\support02\Users\Public\ZettaFolder\Media\2\2197~Onda Geox jingle 07.mp3
17:22:53|Got 'Til It's Gone|\\support02\Users\Public\ZettaFolder\Media\2\2004~Got 'Til It's Gone.mp3
17:26:23|Onda Geox jingle 06|\\support02\Users\Public\ZettaFolder\Media\2\2196~Onda Geox jingle 06.mp3
17:26:28|Family affair|\\support02\Users\Public\ZettaFolder\Media\2\2170~Mary J Blige - Family affair.mp3
17:30:15|Onda Geox jingle 07|\\support02\Users\Public\ZettaFolder\Media\2\2197~Onda Geox jingle 07.mp3
17:30:18|I Try|\\support02\Users\Public\ZettaFolder\Media\2\2010~I Try.mp3
17:33:55|AmphiBiox sogg.1|\\support02\Users\Public\ZettaFolder\Media\2\2185~AmphiBiox sogg.1.mp3
17:34:31|Onda Geox jingle 03|\\support02\Users\Public\ZettaFolder\Media\2\2193~Onda Geox jingle 03.mp3
17:34:42|Save The Best For Last|\\support02\Users\Public\ZettaFolder\Media\0\251~09 Save The Best For Last.mp3
17:38:18|Onda Geox jingle 07|\\support02\Users\Public\ZettaFolder\Media\2\2197~Onda Geox jingle 07.mp3
17:38:21|So Sick|\\support02\Users\Public\ZettaFolder\Media\2\2090~So Sick.mp3
17:41:46|Onda Geox jingle 06|\\support02\Users\Public\ZettaFolder\Media\2\2196~Onda Geox jingle 06.mp3
17:41:50|Forget About The World|\\support02\Users\Public\ZettaFolder\Media\0\201~01 Forget About The World.mp3
17:45:49|Onda Geox jingle 07|\\support02\Users\Public\ZettaFolder\Media\2\2197~Onda Geox jingle 07.mp3
17:45:52|Finally Made Me Happy|\\support02\Users\Public\ZettaFolder\Media\1\1881~Finally Made Me Happy.mp3
17:48:59|Benefeet sogg.2|\\support02\Users\Public\ZettaFolder\Media\2\2190~Benefeet sogg.2.mp3
17:49:33|Onda Geox jingle 05|\\support02\Users\Public\ZettaFolder\Media\2\2195~Onda Geox jingle 05.mp3
17:49:43|Half On A Baby|\\support02\Users\Public\ZettaFolder\Media\1\1887~Half on a baby.mp3
17:54:16|Onda Geox jingle 07|\\support02\Users\Public\ZettaFolder\Media\2\2197~Onda Geox jingle 07.mp3
17:54:19|Save The Last Dance For Me|\\support02\Users\Public\ZettaFolder\Media\2\2077~Save The Last Dance For Me.mp3
17:57:53|Onda Geox jingle 06|\\support02\Users\Public\ZettaFolder\Media\2\2196~Onda Geox jingle 06.mp3
17:57:57|Return Of The Mack|\\support02\Users\Public\ZettaFolder\Media\2\2070~Return Of The Mack.mp3
18:02:18|Onda Geox jingle 07|\\support02\Users\Public\ZettaFolder\Media\2\2197~Onda Geox jingle 07.mp3
18:02:21|Will You Be There|\\support02\Users\Public\ZettaFolder\Media\0\246~08 Will You Be There.mp3
18:00:00|AmphiBiox sogg.2|\\support02\Users\Public\ZettaFolder\Media\2\2186~AmphiBiox sogg.2.mp3
18:00:33|Onda Geox jingle 01|\\support02\Users\Public\ZettaFolder\Media\2\2191~Onda Geox jingle 01.mp3
18:00:43|If You Asked Me To|\\support02\Users\Public\ZettaFolder\Media\0\271~14 If You Asked Me To.mp3
18:04:20|Onda Geox jingle 07|\\support02\Users\Public\ZettaFolder\Media\2\2197~Onda Geox jingle 07.mp3
18:04:23|Hangin' On A String (Contemplating)|\\support02\Users\Public\ZettaFolder\Media\1\1888~Hangin' On A String (Contemplating).mp3
18:10:05|Onda Geox jingle 06|\\support02\Users\Public\ZettaFolder\Media\2\2196~Onda Geox jingle 06.mp3
18:10:10|The Best Things In Life Are Free|\\support02\Users\Public\ZettaFolder\Media\2\2110~The Best Things In Life Are Free.mp3
18:14:08|Onda Geox jingle 07|\\support02\Users\Public\ZettaFolder\Media\2\2197~Onda Geox jingle 07.mp3
18:14:11|Human|\\support02\Users\Public\ZettaFolder\Media\0\247~09 Human.mp3
18:17:52|Benefeet sogg.1|\\support02\Users\Public\ZettaFolder\Media\2\2189~Benefeet sogg.1.mp3
18:18:30|Onda Geox jingle 04|\\support02\Users\Public\ZettaFolder\Media\2\2194~Onda Geox jingle 04.mp3
18:18:41|Even After All|\\support02\Users\Public\ZettaFolder\Media\2\2148~Finley Quaye - Even after all.mp3
18:22:23|Onda Geox jingle 07|\\support02\Users\Public\ZettaFolder\Media\2\2197~Onda Geox jingle 07.mp3
18:22:26|Shackless|\\support02\Users\Public\ZettaFolder\Media\2\2171~Mary Mary - Shackless.mp3
18:25:23|Onda Geox jingle 06|\\support02\Users\Public\ZettaFolder\Media\2\2196~Onda Geox jingle 06.mp3
18:25:27|Allright|\\support02\Users\Public\ZettaFolder\Media\2\2209~AudioCD#e80ee811-09.mp3
18:28:56|Onda Geox jingle 07|\\support02\Users\Public\ZettaFolder\Media\2\2197~Onda Geox jingle 07.mp3
18:28:59|One|\\support02\Users\Public\ZettaFolder\Media\2\2060~One.mp3
18:33:17|AmphiBiox sogg.4|\\support02\Users\Public\ZettaFolder\Media\2\2188~AmphiBiox sogg.4.mp3
18:33:56|Onda Geox jingle 02|\\support02\Users\Public\ZettaFolder\Media\2\2192~Onda Geox jingle 02.mp3
18:34:06|On Bended Knee|\\support02\Users\Public\ZettaFolder\Media\0\250~09 On Bended Knee.mp3
18:38:20|Onda Geox jingle 07|\\support02\Users\Public\ZettaFolder\Media\2\2197~Onda Geox jingle 07.mp3
18:38:23|7 Days|\\support02\Users\Public\ZettaFolder\Media\1\1571~7 Days.mp3
18:41:59|Onda Geox jingle 06|\\support02\Users\Public\ZettaFolder\Media\2\2196~Onda Geox jingle 06.mp3
18:42:03|The Real Thing|\\support02\Users\Public\ZettaFolder\Media\2\2114~The Real Thing.mp3
18:46:08|Onda Geox jingle 07|\\support02\Users\Public\ZettaFolder\Media\2\2197~Onda Geox jingle 07.mp3
18:46:11|I Don't Wanna Lose You|\\support02\Users\Public\ZettaFolder\Media\1\1894~I Don't Wanna Lose You.mp3
18:50:19|Benefeet sogg.2|\\support02\Users\Public\ZettaFolder\Media\2\2190~Benefeet sogg.2.mp3
18:50:53|Onda Geox jingle 03|\\support02\Users\Public\ZettaFolder\Media\2\2193~Onda Geox jingle 03.mp3
18:51:03|I Still Believe|\\support02\Users\Public\ZettaFolder\Media\1\1895~I Still Believe.mp3
18:54:40|Onda Geox jingle 07|\\support02\Users\Public\ZettaFolder\Media\2\2197~Onda Geox jingle 07.mp3
18:54:43|World Looking In|\\support02\Users\Public\ZettaFolder\Media\2\2182~Morcheeba -  World Looking In.mp3
18:58:03|Onda Geox jingle 06|\\support02\Users\Public\ZettaFolder\Media\2\2196~Onda Geox jingle 06.mp3
18:58:07|Heaven|\\support02\Users\Public\ZettaFolder\Media\1\1891~Heaven.mp3
19:01:47|Onda Geox jingle 07|\\support02\Users\Public\ZettaFolder\Media\2\2197~Onda Geox jingle 07.mp3
19:01:50|Hit'em Up Style (Ooops)|\\support02\Users\Public\ZettaFolder\Media\1\1892~Hit'em Up Style (Ooops).mp3
19:00:00|AmphiBiox sogg.3|\\support02\Users\Public\ZettaFolder\Media\2\2187~AmphiBiox sogg.3.mp3
19:00:37|Onda Geox jingle 05|\\support02\Users\Public\ZettaFolder\Media\2\2195~Onda Geox jingle 05.mp3
19:00:48|Miss You Like Crazy|\\support02\Users\Public\ZettaFolder\Media\0\272~14 Natalie Cole _ Miss You Like Craz.mp3
19:04:33|Onda Geox jingle 07|\\support02\Users\Public\ZettaFolder\Media\2\2197~Onda Geox jingle 07.mp3
19:04:36|IT WASN?T ME|\\support02\Users\Public\ZettaFolder\Media\2\2229~AudioCD#2e105d13-18.mp3
19:08:12|Onda Geox jingle 06|\\support02\Users\Public\ZettaFolder\Media\2\2196~Onda Geox jingle 06.mp3
19:08:17|Love Like This|\\support02\Users\Public\ZettaFolder\Media\2\2164~Faith Evans - Love like this.mp3
19:12:02|Onda Geox jingle 07|\\support02\Users\Public\ZettaFolder\Media\2\2197~Onda Geox jingle 07.mp3
19:12:05|Lovely Day|\\support02\Users\Public\ZettaFolder\Media\2\2039~Lovely Day.mp3
19:16:03|Benefeet sogg.1|\\support02\Users\Public\ZettaFolder\Media\2\2189~Benefeet sogg.1.mp3
19:16:42|Onda Geox jingle 01|\\support02\Users\Public\ZettaFolder\Media\2\2191~Onda Geox jingle 01.mp3
19:16:52|I Wish I Wasn't|\\support02\Users\Public\ZettaFolder\Media\0\277~15 I Wish I Wasn't.mp3
19:21:03|Onda Geox jingle 07|\\support02\Users\Public\ZettaFolder\Media\2\2197~Onda Geox jingle 07.mp3
19:21:06|Power Of Love|\\support02\Users\Public\ZettaFolder\Media\2\2063~Power Of Love.mp3
19:25:15|Onda Geox jingle 06|\\support02\Users\Public\ZettaFolder\Media\2\2196~Onda Geox jingle 06.mp3
19:25:19|I'll Be Missing You|\\support02\Users\Public\ZettaFolder\Media\1\1898~I'll Be Missing You.mp3
19:29:12|Onda Geox jingle 07|\\support02\Users\Public\ZettaFolder\Media\2\2197~Onda Geox jingle 07.mp3
19:29:15|It's Only Love|\\support02\Users\Public\ZettaFolder\Media\2\2018~It's Only Love.mp3
19:32:56|AmphiBiox sogg.1|\\support02\Users\Public\ZettaFolder\Media\2\2185~AmphiBiox sogg.1.mp3
19:33:33|Onda Geox jingle 04|\\support02\Users\Public\ZettaFolder\Media\2\2194~Onda Geox jingle 04.mp3
19:33:43|Beautiful|\\support02\Users\Public\ZettaFolder\Media\1\1989~Beautiful.mp3
19:37:38|Onda Geox jingle 07|\\support02\Users\Public\ZettaFolder\Media\2\2197~Onda Geox jingle 07.mp3
19:37:41|Hold You Tight|\\support02\Users\Public\ZettaFolder\Media\0\258~11 Hold You Tight.mp3
19:41:19|Onda Geox jingle 06|\\support02\Users\Public\ZettaFolder\Media\2\2196~Onda Geox jingle 06.mp3
19:41:23|Do You Want|\\support02\Users\Public\ZettaFolder\Media\2\2159~Co Co Lee - Do you want.mp3
19:45:00|Onda Geox jingle 07|\\support02\Users\Public\ZettaFolder\Media\2\2197~Onda Geox jingle 07.mp3
19:45:03|Lifted|\\support02\Users\Public\ZettaFolder\Media\2\2030~Lifted.mp3
19:49:05|Benefeet sogg.2|\\support02\Users\Public\ZettaFolder\Media\2\2190~Benefeet sogg.2.mp3
19:49:39|Onda Geox jingle 02|\\support02\Users\Public\ZettaFolder\Media\2\2192~Onda Geox jingle 02.mp3
19:49:50|Givin' You The Best That I Got|\\support02\Users\Public\ZettaFolder\Media\1\1886~Givin' You The Best That I Got.mp3
19:53:48|Onda Geox jingle 07|\\support02\Users\Public\ZettaFolder\Media\2\2197~Onda Geox jingle 07.mp3
19:53:51|Livin' It Up|\\support02\Users\Public\ZettaFolder\Media\2\2031~Livin' It Up.mp3
19:57:41|Onda Geox jingle 06|\\support02\Users\Public\ZettaFolder\Media\2\2196~Onda Geox jingle 06.mp3
19:57:46|Because Of Love|\\support02\Users\Public\ZettaFolder\Media\0\263~13 Because Of Love.mp3
20:01:13|Onda Geox jingle 07|\\support02\Users\Public\ZettaFolder\Media\2\2197~Onda Geox jingle 07.mp3
20:01:16|I?M LIKE A BIRD|\\support02\Users\Public\ZettaFolder\Media\2\2232~AudioCD#070f5f13-12.mp3
